-- Found ament_cmake_auto: 0.9.12 (/opt/ros/foxy/share/ament_cmake_auto/cmake)
-- Using PYTHON_EXECUTABLE: /usr/bin/python3
-- Override CMake install command with custom implementation using symlinks instead of copying resources
-- Using all available rosidl_typesupport_c: rosidl_typesupport_fastrtps_c;rosidl_typesupport_introspection_c
-- Found rosidl_adapter: 1.3.1 (/opt/ros/foxy/share/rosidl_adapter/cmake)
-- Using all available rosidl_typesupport_cpp: rosidl_typesupport_fastrtps_cpp;rosidl_typesupport_introspection_cpp
-- Found rmw_implementation_cmake: 1.0.4 (/opt/ros/foxy/share/rmw_implementation_cmake/cmake)
-- Using RMW implementation 'rmw_fastrtps_cpp' as default
-- Found ament_lint_auto: 0.9.8 (/opt/ros/foxy/share/ament_lint_auto/cmake)
-- Added test 'copyright' to check source files copyright and LICENSE
-- Added test 'cppcheck' to perform static code analysis on C / C++ code
-- Configured cppcheck include dirs: /home/choi/marker_ws/src/image_pipeline-foxy/image_proc/include
-- Configured cppcheck exclude dirs and/or files: 
-- Added test 'cpplint' to check C / C++ code against the Google style
-- Configured cpplint exclude dirs and/or files: 
-- Added test 'flake8' to check Python code syntax and style conventions
-- Added test 'lint_cmake' to check CMake code style
-- Added test 'pep257' to check Python code against some of the style conventions in PEP 257
-- Added test 'uncrustify' to check C / C++ code style
-- Configured uncrustify additional arguments: 
-- Added test 'xmllint' to check XML markup files
-- Configuring done (2.0s)
-- Generating done (0.1s)
-- Build files have been written to: /home/choi/marker_ws/build/image_proc
[  6%] [32m[1mLinking CXX shared library libimage_proc.so[0m
[ 13%] Built target image_proc
[ 20%] [32m[1mLinking CXX shared library librectify.so[0m
[ 26%] Built target rectify
[ 33%] [32m[1mLinking CXX shared library libdebayer.so[0m
[ 46%] Built target debayer
[ 53%] [32m[1mLinking CXX shared library libresize.so[0m
[ 60%] Built target resize
[ 66%] [32m[1mLinking CXX shared library libcrop_decimate.so[0m
[ 73%] Built target crop_decimate
[ 80%] [32m[1mLinking CXX shared library libcrop_non_zero.so[0m
[ 86%] Built target crop_non_zero
[ 93%] [32m[1mLinking CXX executable image_proc[0m
[100%] Built target image_proc_exe
-- Install configuration: ""
-- Execute custom install script
-- Symlinking: /home/choi/marker_ws/install/image_proc/bin/image_proc
-- Symlinking: /home/choi/marker_ws/install/image_proc/include/image_proc/crop_decimate.hpp
-- Symlinking: /home/choi/marker_ws/install/image_proc/include/image_proc/crop_non_zero.hpp
-- Symlinking: /home/choi/marker_ws/install/image_proc/include/image_proc/debayer.hpp
-- Symlinking: /home/choi/marker_ws/install/image_proc/include/image_proc/edge_aware.hpp
-- Symlinking: /home/choi/marker_ws/install/image_proc/include/image_proc/processor.hpp
-- Symlinking: /home/choi/marker_ws/install/image_proc/include/image_proc/rectify.hpp
-- Symlinking: /home/choi/marker_ws/install/image_proc/include/image_proc/resize.hpp
-- Symlinking: /home/choi/marker_ws/install/image_proc/share/image_proc/environment/library_path.sh
-- Symlinking: /home/choi/marker_ws/install/image_proc/share/image_proc/environment/library_path.dsv
-- Symlinking: /home/choi/marker_ws/install/image_proc/lib/libimage_proc.so
-- Symlinking: /home/choi/marker_ws/install/image_proc/lib/librectify.so
-- Symlinking: /home/choi/marker_ws/install/image_proc/lib/libdebayer.so
-- Symlinking: /home/choi/marker_ws/install/image_proc/lib/libresize.so
-- Symlinking: /home/choi/marker_ws/install/image_proc/lib/libcrop_decimate.so
-- Symlinking: /home/choi/marker_ws/install/image_proc/lib/libcrop_non_zero.so
-- Symlinking: /home/choi/marker_ws/install/image_proc/lib/image_proc/image_proc
-- Symlinking: /home/choi/marker_ws/install/image_proc/share/image_proc/launch/image_proc.launch.py
-- Symlinking: /home/choi/marker_ws/install/image_proc/share/ament_index/resource_index/package_run_dependencies/image_proc
-- Symlinking: /home/choi/marker_ws/install/image_proc/share/ament_index/resource_index/parent_prefix_path/image_proc
-- Symlinking: /home/choi/marker_ws/install/image_proc/share/image_proc/environment/ament_prefix_path.sh
-- Symlinking: /home/choi/marker_ws/install/image_proc/share/image_proc/environment/ament_prefix_path.dsv
-- Symlinking: /home/choi/marker_ws/install/image_proc/share/image_proc/environment/path.sh
-- Symlinking: /home/choi/marker_ws/install/image_proc/share/image_proc/environment/path.dsv
-- Symlinking: /home/choi/marker_ws/install/image_proc/share/image_proc/local_setup.bash
-- Symlinking: /home/choi/marker_ws/install/image_proc/share/image_proc/local_setup.sh
-- Symlinking: /home/choi/marker_ws/install/image_proc/share/image_proc/local_setup.zsh
-- Symlinking: /home/choi/marker_ws/install/image_proc/share/image_proc/local_setup.dsv
-- Symlinking: /home/choi/marker_ws/install/image_proc/share/image_proc/package.dsv
-- Symlinking: /home/choi/marker_ws/install/image_proc/share/ament_index/resource_index/packages/image_proc
-- Symlinking: /home/choi/marker_ws/install/image_proc/share/ament_index/resource_index/rclcpp_components/image_proc
-- Symlinking: /home/choi/marker_ws/install/image_proc/share/image_proc/cmake/ament_cmake_export_dependencies-extras.cmake
-- Symlinking: /home/choi/marker_ws/install/image_proc/share/image_proc/cmake/ament_cmake_export_include_directories-extras.cmake
-- Symlinking: /home/choi/marker_ws/install/image_proc/share/image_proc/cmake/ament_cmake_export_libraries-extras.cmake
-- Symlinking: /home/choi/marker_ws/install/image_proc/share/image_proc/cmake/image_procConfig.cmake
-- Symlinking: /home/choi/marker_ws/install/image_proc/share/image_proc/cmake/image_procConfig-version.cmake
-- Symlinking: /home/choi/marker_ws/install/image_proc/share/image_proc/package.xml
