[0.076s] Invoking command in '/home/choi/marker_ws/build/image_proc': CMAKE_PREFIX_PATH=/home/choi/marker_ws/install/tracetools_image_pipeline:/home/choi/marker_ws/install/image_pipeline:/home/choi/marker_ws/install/stereo_image_proc:/home/choi/marker_ws/install/image_proc:/home/choi/marker_ws/install/teleop_twist_joy:/home/choi/marker_ws/install/ros2_aruco_interfaces:/home/choi/marker_ws/install/marker_arm:/home/choi/marker_ws/install/robot_localization:/home/choi/marker_ws/install/omo_r1mini:/home/choi/marker_ws/install/omo_r1mini_interfaces:/home/choi/marker_ws/install/omo_r1mini_description:/home/choi/marker_ws/install/omo_r1mini_cartographer:/home/choi/marker_ws/install/image_view:/home/choi/marker_ws/install/image_rotate:/home/choi/marker_ws/install/image_publisher:/home/choi/marker_ws/install/depth_image_proc:/home/choi/marker_ws/install/ros2_aruco:/home/choi/marker_ws/install/omo_r1mini_teleop:/home/choi/marker_ws/install/omo_r1mini_navigation2:/home/choi/marker_ws/install/omo_r1mini_bringup:/home/choi/marker_ws/install/exp_logger:/home/choi/marker_ws/install/camera_calibration:/opt/ros/foxy LD_LIBRARY_PATH=/home/choi/marker_ws/install/tracetools_image_pipeline/lib:/home/choi/marker_ws/install/stereo_image_proc/lib:/home/choi/marker_ws/install/image_proc/lib:/home/choi/marker_ws/install/teleop_twist_joy/lib:/home/choi/marker_ws/install/ros2_aruco_interfaces/lib:/home/choi/marker_ws/install/robot_localization/lib:/home/choi/marker_ws/install/omo_r1mini_interfaces/lib:/home/choi/marker_ws/install/image_view/lib:/home/choi/marker_ws/install/image_rotate/lib:/home/choi/marker_ws/install/image_publisher/lib:/home/choi/marker_ws/install/depth_image_proc/lib:/opt/ros/foxy/opt/yaml_cpp_vendor/lib:/opt/ros/foxy/opt/rviz_ogre_vendor/lib:/opt/ros/foxy/lib/x86_64-linux-gnu:/opt/ros/foxy/lib /home/choi/.local/bin/cmake /home/choi/marker_ws/src/image_pipeline-foxy/image_proc -DAMENT_CMAKE_SYMLINK_INSTALL=1 -DCMAKE_INSTALL_PREFIX=/home/choi/marker_ws/install/image_proc
[0.295s] -- Found ament_cmake_auto: 0.9.12 (/opt/ros/foxy/share/ament_cmake_auto/cmake)
[0.295s] -- Using PYTHON_EXECUTABLE: /usr/bin/python3
[0.609s] -- Override CMake install command with custom implementation using symlinks instead of copying resources
[0.824s] -- Using all available rosidl_typesupport_c: rosidl_typesupport_fastrtps_c;rosidl_typesupport_introspection_c
[0.830s] -- Found rosidl_adapter: 1.3.1 (/opt/ros/foxy/share/rosidl_adapter/cmake)
[1.074s] -- Using all available rosidl_typesupport_cpp: rosidl_typesupport_fastrtps_cpp;rosidl_typesupport_introspection_cpp
[1.366s] -- Found rmw_implementation_cmake: 1.0.4 (/opt/ros/foxy/share/rmw_implementation_cmake/cmake)
[1.369s] -- Using RMW implementation 'rmw_fastrtps_cpp' as default
[2.133s] -- Found ament_lint_auto: 0.9.8 (/opt/ros/foxy/share/ament_lint_auto/cmake)
[2.156s] -- Added test 'copyright' to check source files copyright and LICENSE
[2.159s] -- Added test 'cppcheck' to perform static code analysis on C / C++ code
[2.161s] -- Configured cppcheck include dirs: /home/choi/marker_ws/src/image_pipeline-foxy/image_proc/include
[2.161s] -- Configured cppcheck exclude dirs and/or files: 
[2.163s] -- Added test 'cpplint' to check C / C++ code against the Google style
[2.163s] -- Configured cpplint exclude dirs and/or files: 
[2.164s] -- Added test 'flake8' to check Python code syntax and style conventions
[2.165s] -- Added test 'lint_cmake' to check CMake code style
[2.166s] -- Added test 'pep257' to check Python code against some of the style conventions in PEP 257
[2.168s] -- Added test 'uncrustify' to check C / C++ code style
[2.168s] -- Configured uncrustify additional arguments: 
[2.168s] -- Added test 'xmllint' to check XML markup files
[2.172s] -- Configuring done (2.0s)
[2.355s] -- Generating done (0.1s)
[2.357s] -- Build files have been written to: /home/choi/marker_ws/build/image_proc
[2.479s] Invoked command in '/home/choi/marker_ws/build/image_proc' returned '0': CMAKE_PREFIX_PATH=/home/choi/marker_ws/install/tracetools_image_pipeline:/home/choi/marker_ws/install/image_pipeline:/home/choi/marker_ws/install/stereo_image_proc:/home/choi/marker_ws/install/image_proc:/home/choi/marker_ws/install/teleop_twist_joy:/home/choi/marker_ws/install/ros2_aruco_interfaces:/home/choi/marker_ws/install/marker_arm:/home/choi/marker_ws/install/robot_localization:/home/choi/marker_ws/install/omo_r1mini:/home/choi/marker_ws/install/omo_r1mini_interfaces:/home/choi/marker_ws/install/omo_r1mini_description:/home/choi/marker_ws/install/omo_r1mini_cartographer:/home/choi/marker_ws/install/image_view:/home/choi/marker_ws/install/image_rotate:/home/choi/marker_ws/install/image_publisher:/home/choi/marker_ws/install/depth_image_proc:/home/choi/marker_ws/install/ros2_aruco:/home/choi/marker_ws/install/omo_r1mini_teleop:/home/choi/marker_ws/install/omo_r1mini_navigation2:/home/choi/marker_ws/install/omo_r1mini_bringup:/home/choi/marker_ws/install/exp_logger:/home/choi/marker_ws/install/camera_calibration:/opt/ros/foxy LD_LIBRARY_PATH=/home/choi/marker_ws/install/tracetools_image_pipeline/lib:/home/choi/marker_ws/install/stereo_image_proc/lib:/home/choi/marker_ws/install/image_proc/lib:/home/choi/marker_ws/install/teleop_twist_joy/lib:/home/choi/marker_ws/install/ros2_aruco_interfaces/lib:/home/choi/marker_ws/install/robot_localization/lib:/home/choi/marker_ws/install/omo_r1mini_interfaces/lib:/home/choi/marker_ws/install/image_view/lib:/home/choi/marker_ws/install/image_rotate/lib:/home/choi/marker_ws/install/image_publisher/lib:/home/choi/marker_ws/install/depth_image_proc/lib:/opt/ros/foxy/opt/yaml_cpp_vendor/lib:/opt/ros/foxy/opt/rviz_ogre_vendor/lib:/opt/ros/foxy/lib/x86_64-linux-gnu:/opt/ros/foxy/lib /home/choi/.local/bin/cmake /home/choi/marker_ws/src/image_pipeline-foxy/image_proc -DAMENT_CMAKE_SYMLINK_INSTALL=1 -DCMAKE_INSTALL_PREFIX=/home/choi/marker_ws/install/image_proc
[2.484s] Invoking command in '/home/choi/marker_ws/build/image_proc': CMAKE_PREFIX_PATH=/home/choi/marker_ws/install/tracetools_image_pipeline:/home/choi/marker_ws/install/image_pipeline:/home/choi/marker_ws/install/stereo_image_proc:/home/choi/marker_ws/install/image_proc:/home/choi/marker_ws/install/teleop_twist_joy:/home/choi/marker_ws/install/ros2_aruco_interfaces:/home/choi/marker_ws/install/marker_arm:/home/choi/marker_ws/install/robot_localization:/home/choi/marker_ws/install/omo_r1mini:/home/choi/marker_ws/install/omo_r1mini_interfaces:/home/choi/marker_ws/install/omo_r1mini_description:/home/choi/marker_ws/install/omo_r1mini_cartographer:/home/choi/marker_ws/install/image_view:/home/choi/marker_ws/install/image_rotate:/home/choi/marker_ws/install/image_publisher:/home/choi/marker_ws/install/depth_image_proc:/home/choi/marker_ws/install/ros2_aruco:/home/choi/marker_ws/install/omo_r1mini_teleop:/home/choi/marker_ws/install/omo_r1mini_navigation2:/home/choi/marker_ws/install/omo_r1mini_bringup:/home/choi/marker_ws/install/exp_logger:/home/choi/marker_ws/install/camera_calibration:/opt/ros/foxy LD_LIBRARY_PATH=/home/choi/marker_ws/install/tracetools_image_pipeline/lib:/home/choi/marker_ws/install/stereo_image_proc/lib:/home/choi/marker_ws/install/image_proc/lib:/home/choi/marker_ws/install/teleop_twist_joy/lib:/home/choi/marker_ws/install/ros2_aruco_interfaces/lib:/home/choi/marker_ws/install/robot_localization/lib:/home/choi/marker_ws/install/omo_r1mini_interfaces/lib:/home/choi/marker_ws/install/image_view/lib:/home/choi/marker_ws/install/image_rotate/lib:/home/choi/marker_ws/install/image_publisher/lib:/home/choi/marker_ws/install/depth_image_proc/lib:/opt/ros/foxy/opt/yaml_cpp_vendor/lib:/opt/ros/foxy/opt/rviz_ogre_vendor/lib:/opt/ros/foxy/lib/x86_64-linux-gnu:/opt/ros/foxy/lib /home/choi/.local/bin/cmake --build /home/choi/marker_ws/build/image_proc -- -j12 -l12
[2.635s] [  6%] [32m[1mLinking CXX shared library libimage_proc.so[0m
[3.065s] [ 13%] Built target image_proc
[3.152s] [ 20%] [32m[1mLinking CXX shared library librectify.so[0m
[3.732s] [ 26%] Built target rectify
[3.771s] [ 33%] [32m[1mLinking CXX shared library libdebayer.so[0m
[4.381s] [ 46%] Built target debayer
[4.505s] [ 53%] [32m[1mLinking CXX shared library libresize.so[0m
[5.325s] [ 60%] Built target resize
[5.370s] [ 66%] [32m[1mLinking CXX shared library libcrop_decimate.so[0m
[5.749s] [ 73%] Built target crop_decimate
[5.814s] [ 80%] [32m[1mLinking CXX shared library libcrop_non_zero.so[0m
[6.190s] [ 86%] Built target crop_non_zero
[6.218s] [ 93%] [32m[1mLinking CXX executable image_proc[0m
[6.906s] [100%] Built target image_proc_exe
[6.917s] Invoked command in '/home/choi/marker_ws/build/image_proc' returned '0': CMAKE_PREFIX_PATH=/home/choi/marker_ws/install/tracetools_image_pipeline:/home/choi/marker_ws/install/image_pipeline:/home/choi/marker_ws/install/stereo_image_proc:/home/choi/marker_ws/install/image_proc:/home/choi/marker_ws/install/teleop_twist_joy:/home/choi/marker_ws/install/ros2_aruco_interfaces:/home/choi/marker_ws/install/marker_arm:/home/choi/marker_ws/install/robot_localization:/home/choi/marker_ws/install/omo_r1mini:/home/choi/marker_ws/install/omo_r1mini_interfaces:/home/choi/marker_ws/install/omo_r1mini_description:/home/choi/marker_ws/install/omo_r1mini_cartographer:/home/choi/marker_ws/install/image_view:/home/choi/marker_ws/install/image_rotate:/home/choi/marker_ws/install/image_publisher:/home/choi/marker_ws/install/depth_image_proc:/home/choi/marker_ws/install/ros2_aruco:/home/choi/marker_ws/install/omo_r1mini_teleop:/home/choi/marker_ws/install/omo_r1mini_navigation2:/home/choi/marker_ws/install/omo_r1mini_bringup:/home/choi/marker_ws/install/exp_logger:/home/choi/marker_ws/install/camera_calibration:/opt/ros/foxy LD_LIBRARY_PATH=/home/choi/marker_ws/install/tracetools_image_pipeline/lib:/home/choi/marker_ws/install/stereo_image_proc/lib:/home/choi/marker_ws/install/image_proc/lib:/home/choi/marker_ws/install/teleop_twist_joy/lib:/home/choi/marker_ws/install/ros2_aruco_interfaces/lib:/home/choi/marker_ws/install/robot_localization/lib:/home/choi/marker_ws/install/omo_r1mini_interfaces/lib:/home/choi/marker_ws/install/image_view/lib:/home/choi/marker_ws/install/image_rotate/lib:/home/choi/marker_ws/install/image_publisher/lib:/home/choi/marker_ws/install/depth_image_proc/lib:/opt/ros/foxy/opt/yaml_cpp_vendor/lib:/opt/ros/foxy/opt/rviz_ogre_vendor/lib:/opt/ros/foxy/lib/x86_64-linux-gnu:/opt/ros/foxy/lib /home/choi/.local/bin/cmake --build /home/choi/marker_ws/build/image_proc -- -j12 -l12
[7.036s] Invoking command in '/home/choi/marker_ws/build/image_proc': CMAKE_PREFIX_PATH=/home/choi/marker_ws/install/tracetools_image_pipeline:/home/choi/marker_ws/install/image_pipeline:/home/choi/marker_ws/install/stereo_image_proc:/home/choi/marker_ws/install/image_proc:/home/choi/marker_ws/install/teleop_twist_joy:/home/choi/marker_ws/install/ros2_aruco_interfaces:/home/choi/marker_ws/install/marker_arm:/home/choi/marker_ws/install/robot_localization:/home/choi/marker_ws/install/omo_r1mini:/home/choi/marker_ws/install/omo_r1mini_interfaces:/home/choi/marker_ws/install/omo_r1mini_description:/home/choi/marker_ws/install/omo_r1mini_cartographer:/home/choi/marker_ws/install/image_view:/home/choi/marker_ws/install/image_rotate:/home/choi/marker_ws/install/image_publisher:/home/choi/marker_ws/install/depth_image_proc:/home/choi/marker_ws/install/ros2_aruco:/home/choi/marker_ws/install/omo_r1mini_teleop:/home/choi/marker_ws/install/omo_r1mini_navigation2:/home/choi/marker_ws/install/omo_r1mini_bringup:/home/choi/marker_ws/install/exp_logger:/home/choi/marker_ws/install/camera_calibration:/opt/ros/foxy LD_LIBRARY_PATH=/home/choi/marker_ws/install/tracetools_image_pipeline/lib:/home/choi/marker_ws/install/stereo_image_proc/lib:/home/choi/marker_ws/install/image_proc/lib:/home/choi/marker_ws/install/teleop_twist_joy/lib:/home/choi/marker_ws/install/ros2_aruco_interfaces/lib:/home/choi/marker_ws/install/robot_localization/lib:/home/choi/marker_ws/install/omo_r1mini_interfaces/lib:/home/choi/marker_ws/install/image_view/lib:/home/choi/marker_ws/install/image_rotate/lib:/home/choi/marker_ws/install/image_publisher/lib:/home/choi/marker_ws/install/depth_image_proc/lib:/opt/ros/foxy/opt/yaml_cpp_vendor/lib:/opt/ros/foxy/opt/rviz_ogre_vendor/lib:/opt/ros/foxy/lib/x86_64-linux-gnu:/opt/ros/foxy/lib /home/choi/.local/bin/cmake --install /home/choi/marker_ws/build/image_proc
[7.093s] -- Install configuration: ""
[7.093s] -- Execute custom install script
[7.094s] -- Symlinking: /home/choi/marker_ws/install/image_proc/bin/image_proc
[7.099s] -- Symlinking: /home/choi/marker_ws/install/image_proc/include/image_proc/crop_decimate.hpp
[7.103s] -- Symlinking: /home/choi/marker_ws/install/image_proc/include/image_proc/crop_non_zero.hpp
[7.107s] -- Symlinking: /home/choi/marker_ws/install/image_proc/include/image_proc/debayer.hpp
[7.112s] -- Symlinking: /home/choi/marker_ws/install/image_proc/include/image_proc/edge_aware.hpp
[7.117s] -- Symlinking: /home/choi/marker_ws/install/image_proc/include/image_proc/processor.hpp
[7.121s] -- Symlinking: /home/choi/marker_ws/install/image_proc/include/image_proc/rectify.hpp
[7.125s] -- Symlinking: /home/choi/marker_ws/install/image_proc/include/image_proc/resize.hpp
[7.129s] -- Symlinking: /home/choi/marker_ws/install/image_proc/share/image_proc/environment/library_path.sh
[7.134s] -- Symlinking: /home/choi/marker_ws/install/image_proc/share/image_proc/environment/library_path.dsv
[7.138s] -- Symlinking: /home/choi/marker_ws/install/image_proc/lib/libimage_proc.so
[7.142s] -- Symlinking: /home/choi/marker_ws/install/image_proc/lib/librectify.so
[7.146s] -- Symlinking: /home/choi/marker_ws/install/image_proc/lib/libdebayer.so
[7.151s] -- Symlinking: /home/choi/marker_ws/install/image_proc/lib/libresize.so
[7.155s] -- Symlinking: /home/choi/marker_ws/install/image_proc/lib/libcrop_decimate.so
[7.159s] -- Symlinking: /home/choi/marker_ws/install/image_proc/lib/libcrop_non_zero.so
[7.164s] -- Symlinking: /home/choi/marker_ws/install/image_proc/lib/image_proc/image_proc
[7.168s] -- Symlinking: /home/choi/marker_ws/install/image_proc/share/image_proc/launch/image_proc.launch.py
[7.173s] -- Symlinking: /home/choi/marker_ws/install/image_proc/share/ament_index/resource_index/package_run_dependencies/image_proc
[7.177s] -- Symlinking: /home/choi/marker_ws/install/image_proc/share/ament_index/resource_index/parent_prefix_path/image_proc
[7.182s] -- Symlinking: /home/choi/marker_ws/install/image_proc/share/image_proc/environment/ament_prefix_path.sh
[7.186s] -- Symlinking: /home/choi/marker_ws/install/image_proc/share/image_proc/environment/ament_prefix_path.dsv
[7.191s] -- Symlinking: /home/choi/marker_ws/install/image_proc/share/image_proc/environment/path.sh
[7.195s] -- Symlinking: /home/choi/marker_ws/install/image_proc/share/image_proc/environment/path.dsv
[7.200s] -- Symlinking: /home/choi/marker_ws/install/image_proc/share/image_proc/local_setup.bash
[7.204s] -- Symlinking: /home/choi/marker_ws/install/image_proc/share/image_proc/local_setup.sh
[7.208s] -- Symlinking: /home/choi/marker_ws/install/image_proc/share/image_proc/local_setup.zsh
[7.212s] -- Symlinking: /home/choi/marker_ws/install/image_proc/share/image_proc/local_setup.dsv
[7.216s] -- Symlinking: /home/choi/marker_ws/install/image_proc/share/image_proc/package.dsv
[7.221s] -- Symlinking: /home/choi/marker_ws/install/image_proc/share/ament_index/resource_index/packages/image_proc
[7.225s] -- Symlinking: /home/choi/marker_ws/install/image_proc/share/ament_index/resource_index/rclcpp_components/image_proc
[7.230s] -- Symlinking: /home/choi/marker_ws/install/image_proc/share/image_proc/cmake/ament_cmake_export_dependencies-extras.cmake
[7.234s] -- Symlinking: /home/choi/marker_ws/install/image_proc/share/image_proc/cmake/ament_cmake_export_include_directories-extras.cmake
[7.238s] -- Symlinking: /home/choi/marker_ws/install/image_proc/share/image_proc/cmake/ament_cmake_export_libraries-extras.cmake
[7.243s] -- Symlinking: /home/choi/marker_ws/install/image_proc/share/image_proc/cmake/image_procConfig.cmake
[7.247s] -- Symlinking: /home/choi/marker_ws/install/image_proc/share/image_proc/cmake/image_procConfig-version.cmake
[7.251s] -- Symlinking: /home/choi/marker_ws/install/image_proc/share/image_proc/package.xml
[7.268s] Invoked command in '/home/choi/marker_ws/build/image_proc' returned '0': CMAKE_PREFIX_PATH=/home/choi/marker_ws/install/tracetools_image_pipeline:/home/choi/marker_ws/install/image_pipeline:/home/choi/marker_ws/install/stereo_image_proc:/home/choi/marker_ws/install/image_proc:/home/choi/marker_ws/install/teleop_twist_joy:/home/choi/marker_ws/install/ros2_aruco_interfaces:/home/choi/marker_ws/install/marker_arm:/home/choi/marker_ws/install/robot_localization:/home/choi/marker_ws/install/omo_r1mini:/home/choi/marker_ws/install/omo_r1mini_interfaces:/home/choi/marker_ws/install/omo_r1mini_description:/home/choi/marker_ws/install/omo_r1mini_cartographer:/home/choi/marker_ws/install/image_view:/home/choi/marker_ws/install/image_rotate:/home/choi/marker_ws/install/image_publisher:/home/choi/marker_ws/install/depth_image_proc:/home/choi/marker_ws/install/ros2_aruco:/home/choi/marker_ws/install/omo_r1mini_teleop:/home/choi/marker_ws/install/omo_r1mini_navigation2:/home/choi/marker_ws/install/omo_r1mini_bringup:/home/choi/marker_ws/install/exp_logger:/home/choi/marker_ws/install/camera_calibration:/opt/ros/foxy LD_LIBRARY_PATH=/home/choi/marker_ws/install/tracetools_image_pipeline/lib:/home/choi/marker_ws/install/stereo_image_proc/lib:/home/choi/marker_ws/install/image_proc/lib:/home/choi/marker_ws/install/teleop_twist_joy/lib:/home/choi/marker_ws/install/ros2_aruco_interfaces/lib:/home/choi/marker_ws/install/robot_localization/lib:/home/choi/marker_ws/install/omo_r1mini_interfaces/lib:/home/choi/marker_ws/install/image_view/lib:/home/choi/marker_ws/install/image_rotate/lib:/home/choi/marker_ws/install/image_publisher/lib:/home/choi/marker_ws/install/depth_image_proc/lib:/opt/ros/foxy/opt/yaml_cpp_vendor/lib:/opt/ros/foxy/opt/rviz_ogre_vendor/lib:/opt/ros/foxy/lib/x86_64-linux-gnu:/opt/ros/foxy/lib /home/choi/.local/bin/cmake --install /home/choi/marker_ws/build/image_proc
