[0.027s] Invoking command in '/home/choi/marker_ws/build/marker_arm': CMAKE_PREFIX_PATH=/home/choi/marker_ws/install/robot_localization:/home/choi/marker_ws/install/image_pipeline:/home/choi/marker_ws/install/stereo_image_proc:/home/choi/marker_ws/install/image_proc:/home/choi/marker_ws/install/tracetools_image_pipeline:/home/choi/marker_ws/install/teleop_twist_joy:/home/choi/marker_ws/install/ros2_aruco_interfaces:/home/choi/marker_ws/install/marker_arm:/home/choi/marker_ws/install/omo_r1mini:/home/choi/marker_ws/install/omo_r1mini_interfaces:/home/choi/marker_ws/install/omo_r1mini_description:/home/choi/marker_ws/install/omo_r1mini_cartographer:/home/choi/marker_ws/install/image_view:/home/choi/marker_ws/install/image_rotate:/home/choi/marker_ws/install/image_publisher:/home/choi/marker_ws/install/depth_image_proc:/home/choi/marker_ws/install/ros2_aruco:/home/choi/marker_ws/install/omo_r1mini_teleop:/home/choi/marker_ws/install/omo_r1mini_navigation2:/home/choi/marker_ws/install/omo_r1mini_bringup:/home/choi/marker_ws/install/exp_logger:/home/choi/marker_ws/install/camera_calibration:/opt/ros/foxy LD_LIBRARY_PATH=/home/choi/marker_ws/install/robot_localization/lib:/home/choi/marker_ws/install/stereo_image_proc/lib:/home/choi/marker_ws/install/image_proc/lib:/home/choi/marker_ws/install/tracetools_image_pipeline/lib:/home/choi/marker_ws/install/teleop_twist_joy/lib:/home/choi/marker_ws/install/ros2_aruco_interfaces/lib:/home/choi/marker_ws/install/omo_r1mini_interfaces/lib:/home/choi/marker_ws/install/image_view/lib:/home/choi/marker_ws/install/image_rotate/lib:/home/choi/marker_ws/install/image_publisher/lib:/home/choi/marker_ws/install/depth_image_proc/lib:/opt/ros/foxy/opt/yaml_cpp_vendor/lib:/opt/ros/foxy/opt/rviz_ogre_vendor/lib:/opt/ros/foxy/lib/x86_64-linux-gnu:/opt/ros/foxy/lib PYTHONPATH=/home/choi/marker_ws/install/robot_localization/lib/python3.8/site-packages:/home/choi/marker_ws/install/ros2_aruco_interfaces/lib/python3.8/site-packages:/home/choi/marker_ws/build/ros2_aruco:/home/choi/marker_ws/install/ros2_aruco/lib/python3.8/site-packages:/home/choi/marker_ws/build/omo_r1mini_teleop:/home/choi/marker_ws/install/omo_r1mini_teleop/lib/python3.8/site-packages:/home/choi/marker_ws/build/omo_r1mini_navigation2:/home/choi/marker_ws/install/omo_r1mini_navigation2/lib/python3.8/site-packages:/home/choi/marker_ws/build/omo_r1mini_bringup:/home/choi/marker_ws/install/omo_r1mini_bringup/lib/python3.8/site-packages:/home/choi/marker_ws/install/omo_r1mini_interfaces/lib/python3.8/site-packages:/home/choi/marker_ws/build/exp_logger:/home/choi/marker_ws/install/exp_logger/lib/python3.8/site-packages:/home/choi/marker_ws/build/camera_calibration/src:/home/choi/marker_ws/install/camera_calibration/lib/python3.8/site-packages:/opt/ros/foxy/lib/python3.8/site-packages /home/choi/.local/bin/cmake /home/choi/marker_ws/src/marker_arm -DAMENT_CMAKE_SYMLINK_INSTALL=1 -DCMAKE_INSTALL_PREFIX=/home/choi/marker_ws/install/marker_arm
[0.079s] -- Found ament_cmake: 0.9.12 (/opt/ros/foxy/share/ament_cmake/cmake)
[0.120s] -- Using PYTHON_EXECUTABLE: /usr/bin/python3
[0.371s] -- Override CMake install command with custom implementation using symlinks instead of copying resources
[0.385s] -- Found rclcpp: 2.4.3 (/opt/ros/foxy/share/rclcpp/cmake)
[0.431s] -- Using all available rosidl_typesupport_c: rosidl_typesupport_fastrtps_c;rosidl_typesupport_introspection_c
[0.435s] -- Found rosidl_adapter: 1.3.1 (/opt/ros/foxy/share/rosidl_adapter/cmake)
[0.589s] -- Using all available rosidl_typesupport_cpp: rosidl_typesupport_fastrtps_cpp;rosidl_typesupport_introspection_cpp
[0.642s] -- Found rmw_implementation_cmake: 1.0.4 (/opt/ros/foxy/share/rmw_implementation_cmake/cmake)
[0.644s] -- Using RMW implementation 'rmw_fastrtps_cpp' as default
[0.795s] -- Found dynamixel_sdk: 3.7.40 (/opt/ros/foxy/share/dynamixel_sdk/cmake)
[0.796s] -- Found sensor_msgs: 2.0.5 (/opt/ros/foxy/share/sensor_msgs/cmake)
[0.915s] -- Found tf2: 0.13.14 (/opt/ros/foxy/share/tf2/cmake)
[0.924s] -- Found tf2_geometry_msgs: 0.13.14 (/opt/ros/foxy/share/tf2_geometry_msgs/cmake)
[0.930s] -- Found eigen3_cmake_module: 0.1.1 (/opt/ros/foxy/share/eigen3_cmake_module/cmake)
[1.279s] -- Found nav_msgs: 2.0.5 (/opt/ros/foxy/share/nav_msgs/cmake)
[1.362s] -- Found ament_lint_auto: 0.9.8 (/opt/ros/foxy/share/ament_lint_auto/cmake)
[1.618s] -- Added test 'copyright' to check source files copyright and LICENSE
[1.620s] -- Added test 'cppcheck' to perform static code analysis on C / C++ code
[1.620s] -- Configured cppcheck include dirs: /home/choi/marker_ws/src/marker_arm/include
[1.620s] -- Configured cppcheck exclude dirs and/or files: 
[1.622s] -- Added test 'cpplint' to check C / C++ code against the Google style
[1.622s] -- Configured cpplint exclude dirs and/or files: 
[1.622s] -- Added test 'flake8' to check Python code syntax and style conventions
[1.623s] -- Added test 'lint_cmake' to check CMake code style
[1.623s] -- Added test 'pep257' to check Python code against some of the style conventions in PEP 257
[1.625s] -- Added test 'uncrustify' to check C / C++ code style
[1.625s] -- Configured uncrustify additional arguments: 
[1.625s] -- Added test 'xmllint' to check XML markup files
[1.626s] -- Configuring done (1.6s)
[1.838s] -- Generating done (0.1s)
[1.842s] -- Build files have been written to: /home/choi/marker_ws/build/marker_arm
[1.862s] Invoked command in '/home/choi/marker_ws/build/marker_arm' returned '0': CMAKE_PREFIX_PATH=/home/choi/marker_ws/install/robot_localization:/home/choi/marker_ws/install/image_pipeline:/home/choi/marker_ws/install/stereo_image_proc:/home/choi/marker_ws/install/image_proc:/home/choi/marker_ws/install/tracetools_image_pipeline:/home/choi/marker_ws/install/teleop_twist_joy:/home/choi/marker_ws/install/ros2_aruco_interfaces:/home/choi/marker_ws/install/marker_arm:/home/choi/marker_ws/install/omo_r1mini:/home/choi/marker_ws/install/omo_r1mini_interfaces:/home/choi/marker_ws/install/omo_r1mini_description:/home/choi/marker_ws/install/omo_r1mini_cartographer:/home/choi/marker_ws/install/image_view:/home/choi/marker_ws/install/image_rotate:/home/choi/marker_ws/install/image_publisher:/home/choi/marker_ws/install/depth_image_proc:/home/choi/marker_ws/install/ros2_aruco:/home/choi/marker_ws/install/omo_r1mini_teleop:/home/choi/marker_ws/install/omo_r1mini_navigation2:/home/choi/marker_ws/install/omo_r1mini_bringup:/home/choi/marker_ws/install/exp_logger:/home/choi/marker_ws/install/camera_calibration:/opt/ros/foxy LD_LIBRARY_PATH=/home/choi/marker_ws/install/robot_localization/lib:/home/choi/marker_ws/install/stereo_image_proc/lib:/home/choi/marker_ws/install/image_proc/lib:/home/choi/marker_ws/install/tracetools_image_pipeline/lib:/home/choi/marker_ws/install/teleop_twist_joy/lib:/home/choi/marker_ws/install/ros2_aruco_interfaces/lib:/home/choi/marker_ws/install/omo_r1mini_interfaces/lib:/home/choi/marker_ws/install/image_view/lib:/home/choi/marker_ws/install/image_rotate/lib:/home/choi/marker_ws/install/image_publisher/lib:/home/choi/marker_ws/install/depth_image_proc/lib:/opt/ros/foxy/opt/yaml_cpp_vendor/lib:/opt/ros/foxy/opt/rviz_ogre_vendor/lib:/opt/ros/foxy/lib/x86_64-linux-gnu:/opt/ros/foxy/lib PYTHONPATH=/home/choi/marker_ws/install/robot_localization/lib/python3.8/site-packages:/home/choi/marker_ws/install/ros2_aruco_interfaces/lib/python3.8/site-packages:/home/choi/marker_ws/build/ros2_aruco:/home/choi/marker_ws/install/ros2_aruco/lib/python3.8/site-packages:/home/choi/marker_ws/build/omo_r1mini_teleop:/home/choi/marker_ws/install/omo_r1mini_teleop/lib/python3.8/site-packages:/home/choi/marker_ws/build/omo_r1mini_navigation2:/home/choi/marker_ws/install/omo_r1mini_navigation2/lib/python3.8/site-packages:/home/choi/marker_ws/build/omo_r1mini_bringup:/home/choi/marker_ws/install/omo_r1mini_bringup/lib/python3.8/site-packages:/home/choi/marker_ws/install/omo_r1mini_interfaces/lib/python3.8/site-packages:/home/choi/marker_ws/build/exp_logger:/home/choi/marker_ws/install/exp_logger/lib/python3.8/site-packages:/home/choi/marker_ws/build/camera_calibration/src:/home/choi/marker_ws/install/camera_calibration/lib/python3.8/site-packages:/opt/ros/foxy/lib/python3.8/site-packages /home/choi/.local/bin/cmake /home/choi/marker_ws/src/marker_arm -DAMENT_CMAKE_SYMLINK_INSTALL=1 -DCMAKE_INSTALL_PREFIX=/home/choi/marker_ws/install/marker_arm
[1.868s] Invoking command in '/home/choi/marker_ws/build/marker_arm': CMAKE_PREFIX_PATH=/home/choi/marker_ws/install/robot_localization:/home/choi/marker_ws/install/image_pipeline:/home/choi/marker_ws/install/stereo_image_proc:/home/choi/marker_ws/install/image_proc:/home/choi/marker_ws/install/tracetools_image_pipeline:/home/choi/marker_ws/install/teleop_twist_joy:/home/choi/marker_ws/install/ros2_aruco_interfaces:/home/choi/marker_ws/install/marker_arm:/home/choi/marker_ws/install/omo_r1mini:/home/choi/marker_ws/install/omo_r1mini_interfaces:/home/choi/marker_ws/install/omo_r1mini_description:/home/choi/marker_ws/install/omo_r1mini_cartographer:/home/choi/marker_ws/install/image_view:/home/choi/marker_ws/install/image_rotate:/home/choi/marker_ws/install/image_publisher:/home/choi/marker_ws/install/depth_image_proc:/home/choi/marker_ws/install/ros2_aruco:/home/choi/marker_ws/install/omo_r1mini_teleop:/home/choi/marker_ws/install/omo_r1mini_navigation2:/home/choi/marker_ws/install/omo_r1mini_bringup:/home/choi/marker_ws/install/exp_logger:/home/choi/marker_ws/install/camera_calibration:/opt/ros/foxy LD_LIBRARY_PATH=/home/choi/marker_ws/install/robot_localization/lib:/home/choi/marker_ws/install/stereo_image_proc/lib:/home/choi/marker_ws/install/image_proc/lib:/home/choi/marker_ws/install/tracetools_image_pipeline/lib:/home/choi/marker_ws/install/teleop_twist_joy/lib:/home/choi/marker_ws/install/ros2_aruco_interfaces/lib:/home/choi/marker_ws/install/omo_r1mini_interfaces/lib:/home/choi/marker_ws/install/image_view/lib:/home/choi/marker_ws/install/image_rotate/lib:/home/choi/marker_ws/install/image_publisher/lib:/home/choi/marker_ws/install/depth_image_proc/lib:/opt/ros/foxy/opt/yaml_cpp_vendor/lib:/opt/ros/foxy/opt/rviz_ogre_vendor/lib:/opt/ros/foxy/lib/x86_64-linux-gnu:/opt/ros/foxy/lib PYTHONPATH=/home/choi/marker_ws/install/robot_localization/lib/python3.8/site-packages:/home/choi/marker_ws/install/ros2_aruco_interfaces/lib/python3.8/site-packages:/home/choi/marker_ws/build/ros2_aruco:/home/choi/marker_ws/install/ros2_aruco/lib/python3.8/site-packages:/home/choi/marker_ws/build/omo_r1mini_teleop:/home/choi/marker_ws/install/omo_r1mini_teleop/lib/python3.8/site-packages:/home/choi/marker_ws/build/omo_r1mini_navigation2:/home/choi/marker_ws/install/omo_r1mini_navigation2/lib/python3.8/site-packages:/home/choi/marker_ws/build/omo_r1mini_bringup:/home/choi/marker_ws/install/omo_r1mini_bringup/lib/python3.8/site-packages:/home/choi/marker_ws/install/omo_r1mini_interfaces/lib/python3.8/site-packages:/home/choi/marker_ws/build/exp_logger:/home/choi/marker_ws/install/exp_logger/lib/python3.8/site-packages:/home/choi/marker_ws/build/camera_calibration/src:/home/choi/marker_ws/install/camera_calibration/lib/python3.8/site-packages:/opt/ros/foxy/lib/python3.8/site-packages /home/choi/.local/bin/cmake --build /home/choi/marker_ws/build/marker_arm -- -j12 -l12
[1.957s] [ 25%] [32m[1mLinking CXX executable marker_arm_control_node[0m
[1.964s] [ 50%] [32m[1mLinking CXX executable marker_arm_perception_node[0m
[2.290s] [ 75%] Built target marker_arm_control_node
[2.394s] [100%] Built target marker_arm_perception_node
[2.406s] Invoked command in '/home/choi/marker_ws/build/marker_arm' returned '0': CMAKE_PREFIX_PATH=/home/choi/marker_ws/install/robot_localization:/home/choi/marker_ws/install/image_pipeline:/home/choi/marker_ws/install/stereo_image_proc:/home/choi/marker_ws/install/image_proc:/home/choi/marker_ws/install/tracetools_image_pipeline:/home/choi/marker_ws/install/teleop_twist_joy:/home/choi/marker_ws/install/ros2_aruco_interfaces:/home/choi/marker_ws/install/marker_arm:/home/choi/marker_ws/install/omo_r1mini:/home/choi/marker_ws/install/omo_r1mini_interfaces:/home/choi/marker_ws/install/omo_r1mini_description:/home/choi/marker_ws/install/omo_r1mini_cartographer:/home/choi/marker_ws/install/image_view:/home/choi/marker_ws/install/image_rotate:/home/choi/marker_ws/install/image_publisher:/home/choi/marker_ws/install/depth_image_proc:/home/choi/marker_ws/install/ros2_aruco:/home/choi/marker_ws/install/omo_r1mini_teleop:/home/choi/marker_ws/install/omo_r1mini_navigation2:/home/choi/marker_ws/install/omo_r1mini_bringup:/home/choi/marker_ws/install/exp_logger:/home/choi/marker_ws/install/camera_calibration:/opt/ros/foxy LD_LIBRARY_PATH=/home/choi/marker_ws/install/robot_localization/lib:/home/choi/marker_ws/install/stereo_image_proc/lib:/home/choi/marker_ws/install/image_proc/lib:/home/choi/marker_ws/install/tracetools_image_pipeline/lib:/home/choi/marker_ws/install/teleop_twist_joy/lib:/home/choi/marker_ws/install/ros2_aruco_interfaces/lib:/home/choi/marker_ws/install/omo_r1mini_interfaces/lib:/home/choi/marker_ws/install/image_view/lib:/home/choi/marker_ws/install/image_rotate/lib:/home/choi/marker_ws/install/image_publisher/lib:/home/choi/marker_ws/install/depth_image_proc/lib:/opt/ros/foxy/opt/yaml_cpp_vendor/lib:/opt/ros/foxy/opt/rviz_ogre_vendor/lib:/opt/ros/foxy/lib/x86_64-linux-gnu:/opt/ros/foxy/lib PYTHONPATH=/home/choi/marker_ws/install/robot_localization/lib/python3.8/site-packages:/home/choi/marker_ws/install/ros2_aruco_interfaces/lib/python3.8/site-packages:/home/choi/marker_ws/build/ros2_aruco:/home/choi/marker_ws/install/ros2_aruco/lib/python3.8/site-packages:/home/choi/marker_ws/build/omo_r1mini_teleop:/home/choi/marker_ws/install/omo_r1mini_teleop/lib/python3.8/site-packages:/home/choi/marker_ws/build/omo_r1mini_navigation2:/home/choi/marker_ws/install/omo_r1mini_navigation2/lib/python3.8/site-packages:/home/choi/marker_ws/build/omo_r1mini_bringup:/home/choi/marker_ws/install/omo_r1mini_bringup/lib/python3.8/site-packages:/home/choi/marker_ws/install/omo_r1mini_interfaces/lib/python3.8/site-packages:/home/choi/marker_ws/build/exp_logger:/home/choi/marker_ws/install/exp_logger/lib/python3.8/site-packages:/home/choi/marker_ws/build/camera_calibration/src:/home/choi/marker_ws/install/camera_calibration/lib/python3.8/site-packages:/opt/ros/foxy/lib/python3.8/site-packages /home/choi/.local/bin/cmake --build /home/choi/marker_ws/build/marker_arm -- -j12 -l12
[2.492s] Invoking command in '/home/choi/marker_ws/build/marker_arm': CMAKE_PREFIX_PATH=/home/choi/marker_ws/install/robot_localization:/home/choi/marker_ws/install/image_pipeline:/home/choi/marker_ws/install/stereo_image_proc:/home/choi/marker_ws/install/image_proc:/home/choi/marker_ws/install/tracetools_image_pipeline:/home/choi/marker_ws/install/teleop_twist_joy:/home/choi/marker_ws/install/ros2_aruco_interfaces:/home/choi/marker_ws/install/marker_arm:/home/choi/marker_ws/install/omo_r1mini:/home/choi/marker_ws/install/omo_r1mini_interfaces:/home/choi/marker_ws/install/omo_r1mini_description:/home/choi/marker_ws/install/omo_r1mini_cartographer:/home/choi/marker_ws/install/image_view:/home/choi/marker_ws/install/image_rotate:/home/choi/marker_ws/install/image_publisher:/home/choi/marker_ws/install/depth_image_proc:/home/choi/marker_ws/install/ros2_aruco:/home/choi/marker_ws/install/omo_r1mini_teleop:/home/choi/marker_ws/install/omo_r1mini_navigation2:/home/choi/marker_ws/install/omo_r1mini_bringup:/home/choi/marker_ws/install/exp_logger:/home/choi/marker_ws/install/camera_calibration:/opt/ros/foxy LD_LIBRARY_PATH=/home/choi/marker_ws/install/robot_localization/lib:/home/choi/marker_ws/install/stereo_image_proc/lib:/home/choi/marker_ws/install/image_proc/lib:/home/choi/marker_ws/install/tracetools_image_pipeline/lib:/home/choi/marker_ws/install/teleop_twist_joy/lib:/home/choi/marker_ws/install/ros2_aruco_interfaces/lib:/home/choi/marker_ws/install/omo_r1mini_interfaces/lib:/home/choi/marker_ws/install/image_view/lib:/home/choi/marker_ws/install/image_rotate/lib:/home/choi/marker_ws/install/image_publisher/lib:/home/choi/marker_ws/install/depth_image_proc/lib:/opt/ros/foxy/opt/yaml_cpp_vendor/lib:/opt/ros/foxy/opt/rviz_ogre_vendor/lib:/opt/ros/foxy/lib/x86_64-linux-gnu:/opt/ros/foxy/lib PYTHONPATH=/home/choi/marker_ws/install/robot_localization/lib/python3.8/site-packages:/home/choi/marker_ws/install/ros2_aruco_interfaces/lib/python3.8/site-packages:/home/choi/marker_ws/build/ros2_aruco:/home/choi/marker_ws/install/ros2_aruco/lib/python3.8/site-packages:/home/choi/marker_ws/build/omo_r1mini_teleop:/home/choi/marker_ws/install/omo_r1mini_teleop/lib/python3.8/site-packages:/home/choi/marker_ws/build/omo_r1mini_navigation2:/home/choi/marker_ws/install/omo_r1mini_navigation2/lib/python3.8/site-packages:/home/choi/marker_ws/build/omo_r1mini_bringup:/home/choi/marker_ws/install/omo_r1mini_bringup/lib/python3.8/site-packages:/home/choi/marker_ws/install/omo_r1mini_interfaces/lib/python3.8/site-packages:/home/choi/marker_ws/build/exp_logger:/home/choi/marker_ws/install/exp_logger/lib/python3.8/site-packages:/home/choi/marker_ws/build/camera_calibration/src:/home/choi/marker_ws/install/camera_calibration/lib/python3.8/site-packages:/opt/ros/foxy/lib/python3.8/site-packages /home/choi/.local/bin/cmake --install /home/choi/marker_ws/build/marker_arm
[2.536s] -- Install configuration: ""
[2.537s] -- Execute custom install script
[2.538s] -- Symlinking: /home/choi/marker_ws/install/marker_arm/lib/marker_arm/marker_arm_control_node
[2.542s] -- Symlinking: /home/choi/marker_ws/install/marker_arm/lib/marker_arm/marker_arm_perception_node
[2.546s] -- Symlinking: /home/choi/marker_ws/install/marker_arm/share/marker_arm/launch/fix_bringup.launch.py
[2.549s] -- Symlinking: /home/choi/marker_ws/install/marker_arm/share/marker_arm/launch/marker_nav2.launch.py
[2.552s] -- Symlinking: /home/choi/marker_ws/install/marker_arm/share/marker_arm/launch/mov_bringup.launch.py
[2.557s] -- Symlinking: /home/choi/marker_ws/install/marker_arm/share/marker_arm/urdf/marker_fix.total_station.xacro
[2.561s] -- Symlinking: /home/choi/marker_ws/install/marker_arm/share/marker_arm/urdf/marker_fix.urdf.xacro
[2.565s] -- Symlinking: /home/choi/marker_ws/install/marker_arm/share/marker_arm/urdf/marker_mov.urdf.xacro
[2.569s] -- Symlinking: /home/choi/marker_ws/install/marker_arm/share/marker_arm/params/arducam_params.yaml
[2.571s] -- Symlinking: /home/choi/marker_ws/install/marker_arm/share/marker_arm/params/arducamera_info.yaml
[2.574s] -- Symlinking: /home/choi/marker_ws/install/marker_arm/share/marker_arm/params/fix_aruco_params.yaml
[2.577s] -- Symlinking: /home/choi/marker_ws/install/marker_arm/share/marker_arm/params/fix_cam_params.yaml
[2.580s] -- Symlinking: /home/choi/marker_ws/install/marker_arm/share/marker_arm/params/fix_camera_info.yaml
[2.583s] -- Symlinking: /home/choi/marker_ws/install/marker_arm/share/marker_arm/params/fix_control_params.yaml
[2.586s] -- Symlinking: /home/choi/marker_ws/install/marker_arm/share/marker_arm/params/fix_perception_params.yaml
[2.589s] -- Symlinking: /home/choi/marker_ws/install/marker_arm/share/marker_arm/params/localization.yaml
[2.592s] -- Symlinking: /home/choi/marker_ws/install/marker_arm/share/marker_arm/params/mov_aruco_params.yaml
[2.598s] -- Symlinking: /home/choi/marker_ws/install/marker_arm/share/marker_arm/params/mov_cam_params.yaml
[2.601s] -- Symlinking: /home/choi/marker_ws/install/marker_arm/share/marker_arm/params/mov_camera_info.yaml
[2.606s] -- Symlinking: /home/choi/marker_ws/install/marker_arm/share/marker_arm/params/mov_control_params.yaml
[2.610s] -- Symlinking: /home/choi/marker_ws/install/marker_arm/share/marker_arm/params/mov_perception_params.yaml
[2.613s] -- Symlinking: /home/choi/marker_ws/install/marker_arm/share/marker_arm/params/nav2_params.yaml
[2.619s] -- Symlinking: /home/choi/marker_ws/install/marker_arm/share/marker_arm/rviz/nav2_default_view.rviz
[2.623s] -- Symlinking: /home/choi/marker_ws/install/marker_arm/share/marker_arm/bt/pure_bt.xml
[2.627s] -- Symlinking: /home/choi/marker_ws/install/marker_arm/share/ament_index/resource_index/package_run_dependencies/marker_arm
[2.630s] -- Symlinking: /home/choi/marker_ws/install/marker_arm/share/ament_index/resource_index/parent_prefix_path/marker_arm
[2.634s] -- Symlinking: /home/choi/marker_ws/install/marker_arm/share/marker_arm/environment/ament_prefix_path.sh
[2.637s] -- Symlinking: /home/choi/marker_ws/install/marker_arm/share/marker_arm/environment/ament_prefix_path.dsv
[2.641s] -- Symlinking: /home/choi/marker_ws/install/marker_arm/share/marker_arm/environment/path.sh
[2.644s] -- Symlinking: /home/choi/marker_ws/install/marker_arm/share/marker_arm/environment/path.dsv
[2.647s] -- Symlinking: /home/choi/marker_ws/install/marker_arm/share/marker_arm/local_setup.bash
[2.651s] -- Symlinking: /home/choi/marker_ws/install/marker_arm/share/marker_arm/local_setup.sh
[2.654s] -- Symlinking: /home/choi/marker_ws/install/marker_arm/share/marker_arm/local_setup.zsh
[2.657s] -- Symlinking: /home/choi/marker_ws/install/marker_arm/share/marker_arm/local_setup.dsv
[2.661s] -- Symlinking: /home/choi/marker_ws/install/marker_arm/share/marker_arm/package.dsv
[2.664s] -- Symlinking: /home/choi/marker_ws/install/marker_arm/share/ament_index/resource_index/packages/marker_arm
[2.667s] -- Symlinking: /home/choi/marker_ws/install/marker_arm/share/marker_arm/cmake/marker_armConfig.cmake
[2.670s] -- Symlinking: /home/choi/marker_ws/install/marker_arm/share/marker_arm/cmake/marker_armConfig-version.cmake
[2.674s] -- Symlinking: /home/choi/marker_ws/install/marker_arm/share/marker_arm/package.xml
[2.691s] Invoked command in '/home/choi/marker_ws/build/marker_arm' returned '0': CMAKE_PREFIX_PATH=/home/choi/marker_ws/install/robot_localization:/home/choi/marker_ws/install/image_pipeline:/home/choi/marker_ws/install/stereo_image_proc:/home/choi/marker_ws/install/image_proc:/home/choi/marker_ws/install/tracetools_image_pipeline:/home/choi/marker_ws/install/teleop_twist_joy:/home/choi/marker_ws/install/ros2_aruco_interfaces:/home/choi/marker_ws/install/marker_arm:/home/choi/marker_ws/install/omo_r1mini:/home/choi/marker_ws/install/omo_r1mini_interfaces:/home/choi/marker_ws/install/omo_r1mini_description:/home/choi/marker_ws/install/omo_r1mini_cartographer:/home/choi/marker_ws/install/image_view:/home/choi/marker_ws/install/image_rotate:/home/choi/marker_ws/install/image_publisher:/home/choi/marker_ws/install/depth_image_proc:/home/choi/marker_ws/install/ros2_aruco:/home/choi/marker_ws/install/omo_r1mini_teleop:/home/choi/marker_ws/install/omo_r1mini_navigation2:/home/choi/marker_ws/install/omo_r1mini_bringup:/home/choi/marker_ws/install/exp_logger:/home/choi/marker_ws/install/camera_calibration:/opt/ros/foxy LD_LIBRARY_PATH=/home/choi/marker_ws/install/robot_localization/lib:/home/choi/marker_ws/install/stereo_image_proc/lib:/home/choi/marker_ws/install/image_proc/lib:/home/choi/marker_ws/install/tracetools_image_pipeline/lib:/home/choi/marker_ws/install/teleop_twist_joy/lib:/home/choi/marker_ws/install/ros2_aruco_interfaces/lib:/home/choi/marker_ws/install/omo_r1mini_interfaces/lib:/home/choi/marker_ws/install/image_view/lib:/home/choi/marker_ws/install/image_rotate/lib:/home/choi/marker_ws/install/image_publisher/lib:/home/choi/marker_ws/install/depth_image_proc/lib:/opt/ros/foxy/opt/yaml_cpp_vendor/lib:/opt/ros/foxy/opt/rviz_ogre_vendor/lib:/opt/ros/foxy/lib/x86_64-linux-gnu:/opt/ros/foxy/lib PYTHONPATH=/home/choi/marker_ws/install/robot_localization/lib/python3.8/site-packages:/home/choi/marker_ws/install/ros2_aruco_interfaces/lib/python3.8/site-packages:/home/choi/marker_ws/build/ros2_aruco:/home/choi/marker_ws/install/ros2_aruco/lib/python3.8/site-packages:/home/choi/marker_ws/build/omo_r1mini_teleop:/home/choi/marker_ws/install/omo_r1mini_teleop/lib/python3.8/site-packages:/home/choi/marker_ws/build/omo_r1mini_navigation2:/home/choi/marker_ws/install/omo_r1mini_navigation2/lib/python3.8/site-packages:/home/choi/marker_ws/build/omo_r1mini_bringup:/home/choi/marker_ws/install/omo_r1mini_bringup/lib/python3.8/site-packages:/home/choi/marker_ws/install/omo_r1mini_interfaces/lib/python3.8/site-packages:/home/choi/marker_ws/build/exp_logger:/home/choi/marker_ws/install/exp_logger/lib/python3.8/site-packages:/home/choi/marker_ws/build/camera_calibration/src:/home/choi/marker_ws/install/camera_calibration/lib/python3.8/site-packages:/opt/ros/foxy/lib/python3.8/site-packages /home/choi/.local/bin/cmake --install /home/choi/marker_ws/build/marker_arm
