[0.026s] Invoking command in '/home/choi/marker_ws/build/marker_arm': CMAKE_PREFIX_PATH=/home/choi/marker_ws/install/robot_localization:/home/choi/marker_ws/install/image_pipeline:/home/choi/marker_ws/install/stereo_image_proc:/home/choi/marker_ws/install/image_proc:/home/choi/marker_ws/install/tracetools_image_pipeline:/home/choi/marker_ws/install/teleop_twist_joy:/home/choi/marker_ws/install/ros2_aruco_interfaces:/home/choi/marker_ws/install/marker_arm:/home/choi/marker_ws/install/omo_r1mini:/home/choi/marker_ws/install/omo_r1mini_interfaces:/home/choi/marker_ws/install/omo_r1mini_description:/home/choi/marker_ws/install/omo_r1mini_cartographer:/home/choi/marker_ws/install/image_view:/home/choi/marker_ws/install/image_rotate:/home/choi/marker_ws/install/image_publisher:/home/choi/marker_ws/install/depth_image_proc:/home/choi/marker_ws/install/ros2_aruco:/home/choi/marker_ws/install/omo_r1mini_teleop:/home/choi/marker_ws/install/omo_r1mini_navigation2:/home/choi/marker_ws/install/omo_r1mini_bringup:/home/choi/marker_ws/install/exp_logger:/home/choi/marker_ws/install/camera_calibration:/opt/ros/foxy LD_LIBRARY_PATH=/home/choi/marker_ws/install/robot_localization/lib:/home/choi/marker_ws/install/stereo_image_proc/lib:/home/choi/marker_ws/install/image_proc/lib:/home/choi/marker_ws/install/tracetools_image_pipeline/lib:/home/choi/marker_ws/install/teleop_twist_joy/lib:/home/choi/marker_ws/install/ros2_aruco_interfaces/lib:/home/choi/marker_ws/install/omo_r1mini_interfaces/lib:/home/choi/marker_ws/install/image_view/lib:/home/choi/marker_ws/install/image_rotate/lib:/home/choi/marker_ws/install/image_publisher/lib:/home/choi/marker_ws/install/depth_image_proc/lib:/opt/ros/foxy/opt/yaml_cpp_vendor/lib:/opt/ros/foxy/opt/rviz_ogre_vendor/lib:/opt/ros/foxy/lib/x86_64-linux-gnu:/opt/ros/foxy/lib PYTHONPATH=/home/choi/marker_ws/install/robot_localization/lib/python3.8/site-packages:/home/choi/marker_ws/install/ros2_aruco_interfaces/lib/python3.8/site-packages:/home/choi/marker_ws/build/ros2_aruco:/home/choi/marker_ws/install/ros2_aruco/lib/python3.8/site-packages:/home/choi/marker_ws/build/omo_r1mini_teleop:/home/choi/marker_ws/install/omo_r1mini_teleop/lib/python3.8/site-packages:/home/choi/marker_ws/build/omo_r1mini_navigation2:/home/choi/marker_ws/install/omo_r1mini_navigation2/lib/python3.8/site-packages:/home/choi/marker_ws/build/omo_r1mini_bringup:/home/choi/marker_ws/install/omo_r1mini_bringup/lib/python3.8/site-packages:/home/choi/marker_ws/install/omo_r1mini_interfaces/lib/python3.8/site-packages:/home/choi/marker_ws/build/exp_logger:/home/choi/marker_ws/install/exp_logger/lib/python3.8/site-packages:/home/choi/marker_ws/build/camera_calibration/src:/home/choi/marker_ws/install/camera_calibration/lib/python3.8/site-packages:/opt/ros/foxy/lib/python3.8/site-packages /home/choi/.local/bin/cmake /home/choi/marker_ws/src/marker_arm -DCMAKE_INSTALL_PREFIX=/home/choi/marker_ws/install/marker_arm
[0.144s] -- The C compiler identification is GNU 9.4.0
[0.284s] -- The CXX compiler identification is GNU 9.4.0
[0.299s] -- Detecting C compiler ABI info
[0.558s] -- Detecting C compiler ABI info - done
[0.577s] -- Check for working C compiler: /usr/bin/cc - skipped
[0.577s] -- Detecting C compile features
[0.578s] -- Detecting C compile features - done
[0.582s] -- Detecting CXX compiler ABI info
[0.833s] -- Detecting CXX compiler ABI info - done
[0.845s] -- Check for working CXX compiler: /usr/bin/c++ - skipped
[0.845s] -- Detecting CXX compile features
[0.846s] -- Detecting CXX compile features - done
[0.850s] -- Found ament_cmake: 0.9.12 (/opt/ros/foxy/share/ament_cmake/cmake)
[0.894s] -- Found PythonInterp: /usr/bin/python3 (found suitable version "3.8.10", minimum required is "3") 
[0.894s] -- Using PYTHON_EXECUTABLE: /usr/bin/python3
[1.202s] -- Found rclcpp: 2.4.3 (/opt/ros/foxy/share/rclcpp/cmake)
[1.270s] -- Using all available rosidl_typesupport_c: rosidl_typesupport_fastrtps_c;rosidl_typesupport_introspection_c
[1.282s] -- Found rosidl_adapter: 1.3.1 (/opt/ros/foxy/share/rosidl_adapter/cmake)
[1.396s] -- Found OpenSSL: /usr/lib/x86_64-linux-gnu/libcrypto.so (found version "1.1.1f")  
[1.436s] -- Found FastRTPS: /opt/ros/foxy/include  
[1.540s] -- Using all available rosidl_typesupport_cpp: rosidl_typesupport_fastrtps_cpp;rosidl_typesupport_introspection_cpp
[1.612s] -- Found rmw_implementation_cmake: 1.0.4 (/opt/ros/foxy/share/rmw_implementation_cmake/cmake)
[1.614s] -- Using RMW implementation 'rmw_fastrtps_cpp' as default
[1.615s] -- Performing Test CMAKE_HAVE_LIBC_PTHREAD
[1.724s] -- Performing Test CMAKE_HAVE_LIBC_PTHREAD - Failed
[1.725s] -- Looking for pthread_create in pthreads
[1.810s] -- Looking for pthread_create in pthreads - not found
[1.810s] -- Looking for pthread_create in pthread
[1.907s] -- Looking for pthread_create in pthread - found
[1.909s] -- Found Threads: TRUE  
[2.113s] -- Found dynamixel_sdk: 3.7.40 (/opt/ros/foxy/share/dynamixel_sdk/cmake)
[2.124s] -- Found sensor_msgs: 2.0.5 (/opt/ros/foxy/share/sensor_msgs/cmake)
[2.255s] -- Found tf2: 0.13.14 (/opt/ros/foxy/share/tf2/cmake)
[2.270s] -- Found tf2_geometry_msgs: 0.13.14 (/opt/ros/foxy/share/tf2_geometry_msgs/cmake)
[2.282s] -- Found eigen3_cmake_module: 0.1.1 (/opt/ros/foxy/share/eigen3_cmake_module/cmake)
[2.287s] -- Found Eigen3: TRUE (found version "3.3.7") 
[2.697s] -- Found nav_msgs: 2.0.5 (/opt/ros/foxy/share/nav_msgs/cmake)
[2.775s] -- Found OpenCV: /usr/local (found version "4.6.0") 
[2.786s] -- Found ament_lint_auto: 0.9.8 (/opt/ros/foxy/share/ament_lint_auto/cmake)
[2.901s] -- Added test 'copyright' to check source files copyright and LICENSE
[2.903s] -- Added test 'cppcheck' to perform static code analysis on C / C++ code
[2.903s] -- Configured cppcheck include dirs: /home/choi/marker_ws/src/marker_arm/include
[2.903s] -- Configured cppcheck exclude dirs and/or files: 
[2.905s] -- Added test 'cpplint' to check C / C++ code against the Google style
[2.905s] -- Configured cpplint exclude dirs and/or files: 
[2.906s] -- Added test 'flake8' to check Python code syntax and style conventions
[2.907s] -- Added test 'lint_cmake' to check CMake code style
[2.908s] -- Added test 'pep257' to check Python code against some of the style conventions in PEP 257
[2.910s] -- Added test 'uncrustify' to check C / C++ code style
[2.910s] -- Configured uncrustify additional arguments: 
[2.911s] -- Added test 'xmllint' to check XML markup files
[2.913s] -- Configuring done (2.8s)
[2.949s] -- Generating done (0.0s)
[2.951s] -- Build files have been written to: /home/choi/marker_ws/build/marker_arm
[2.969s] Invoked command in '/home/choi/marker_ws/build/marker_arm' returned '0': CMAKE_PREFIX_PATH=/home/choi/marker_ws/install/robot_localization:/home/choi/marker_ws/install/image_pipeline:/home/choi/marker_ws/install/stereo_image_proc:/home/choi/marker_ws/install/image_proc:/home/choi/marker_ws/install/tracetools_image_pipeline:/home/choi/marker_ws/install/teleop_twist_joy:/home/choi/marker_ws/install/ros2_aruco_interfaces:/home/choi/marker_ws/install/marker_arm:/home/choi/marker_ws/install/omo_r1mini:/home/choi/marker_ws/install/omo_r1mini_interfaces:/home/choi/marker_ws/install/omo_r1mini_description:/home/choi/marker_ws/install/omo_r1mini_cartographer:/home/choi/marker_ws/install/image_view:/home/choi/marker_ws/install/image_rotate:/home/choi/marker_ws/install/image_publisher:/home/choi/marker_ws/install/depth_image_proc:/home/choi/marker_ws/install/ros2_aruco:/home/choi/marker_ws/install/omo_r1mini_teleop:/home/choi/marker_ws/install/omo_r1mini_navigation2:/home/choi/marker_ws/install/omo_r1mini_bringup:/home/choi/marker_ws/install/exp_logger:/home/choi/marker_ws/install/camera_calibration:/opt/ros/foxy LD_LIBRARY_PATH=/home/choi/marker_ws/install/robot_localization/lib:/home/choi/marker_ws/install/stereo_image_proc/lib:/home/choi/marker_ws/install/image_proc/lib:/home/choi/marker_ws/install/tracetools_image_pipeline/lib:/home/choi/marker_ws/install/teleop_twist_joy/lib:/home/choi/marker_ws/install/ros2_aruco_interfaces/lib:/home/choi/marker_ws/install/omo_r1mini_interfaces/lib:/home/choi/marker_ws/install/image_view/lib:/home/choi/marker_ws/install/image_rotate/lib:/home/choi/marker_ws/install/image_publisher/lib:/home/choi/marker_ws/install/depth_image_proc/lib:/opt/ros/foxy/opt/yaml_cpp_vendor/lib:/opt/ros/foxy/opt/rviz_ogre_vendor/lib:/opt/ros/foxy/lib/x86_64-linux-gnu:/opt/ros/foxy/lib PYTHONPATH=/home/choi/marker_ws/install/robot_localization/lib/python3.8/site-packages:/home/choi/marker_ws/install/ros2_aruco_interfaces/lib/python3.8/site-packages:/home/choi/marker_ws/build/ros2_aruco:/home/choi/marker_ws/install/ros2_aruco/lib/python3.8/site-packages:/home/choi/marker_ws/build/omo_r1mini_teleop:/home/choi/marker_ws/install/omo_r1mini_teleop/lib/python3.8/site-packages:/home/choi/marker_ws/build/omo_r1mini_navigation2:/home/choi/marker_ws/install/omo_r1mini_navigation2/lib/python3.8/site-packages:/home/choi/marker_ws/build/omo_r1mini_bringup:/home/choi/marker_ws/install/omo_r1mini_bringup/lib/python3.8/site-packages:/home/choi/marker_ws/install/omo_r1mini_interfaces/lib/python3.8/site-packages:/home/choi/marker_ws/build/exp_logger:/home/choi/marker_ws/install/exp_logger/lib/python3.8/site-packages:/home/choi/marker_ws/build/camera_calibration/src:/home/choi/marker_ws/install/camera_calibration/lib/python3.8/site-packages:/opt/ros/foxy/lib/python3.8/site-packages /home/choi/.local/bin/cmake /home/choi/marker_ws/src/marker_arm -DCMAKE_INSTALL_PREFIX=/home/choi/marker_ws/install/marker_arm
[2.971s] Invoking command in '/home/choi/marker_ws/build/marker_arm': CMAKE_PREFIX_PATH=/home/choi/marker_ws/install/robot_localization:/home/choi/marker_ws/install/image_pipeline:/home/choi/marker_ws/install/stereo_image_proc:/home/choi/marker_ws/install/image_proc:/home/choi/marker_ws/install/tracetools_image_pipeline:/home/choi/marker_ws/install/teleop_twist_joy:/home/choi/marker_ws/install/ros2_aruco_interfaces:/home/choi/marker_ws/install/marker_arm:/home/choi/marker_ws/install/omo_r1mini:/home/choi/marker_ws/install/omo_r1mini_interfaces:/home/choi/marker_ws/install/omo_r1mini_description:/home/choi/marker_ws/install/omo_r1mini_cartographer:/home/choi/marker_ws/install/image_view:/home/choi/marker_ws/install/image_rotate:/home/choi/marker_ws/install/image_publisher:/home/choi/marker_ws/install/depth_image_proc:/home/choi/marker_ws/install/ros2_aruco:/home/choi/marker_ws/install/omo_r1mini_teleop:/home/choi/marker_ws/install/omo_r1mini_navigation2:/home/choi/marker_ws/install/omo_r1mini_bringup:/home/choi/marker_ws/install/exp_logger:/home/choi/marker_ws/install/camera_calibration:/opt/ros/foxy LD_LIBRARY_PATH=/home/choi/marker_ws/install/robot_localization/lib:/home/choi/marker_ws/install/stereo_image_proc/lib:/home/choi/marker_ws/install/image_proc/lib:/home/choi/marker_ws/install/tracetools_image_pipeline/lib:/home/choi/marker_ws/install/teleop_twist_joy/lib:/home/choi/marker_ws/install/ros2_aruco_interfaces/lib:/home/choi/marker_ws/install/omo_r1mini_interfaces/lib:/home/choi/marker_ws/install/image_view/lib:/home/choi/marker_ws/install/image_rotate/lib:/home/choi/marker_ws/install/image_publisher/lib:/home/choi/marker_ws/install/depth_image_proc/lib:/opt/ros/foxy/opt/yaml_cpp_vendor/lib:/opt/ros/foxy/opt/rviz_ogre_vendor/lib:/opt/ros/foxy/lib/x86_64-linux-gnu:/opt/ros/foxy/lib PYTHONPATH=/home/choi/marker_ws/install/robot_localization/lib/python3.8/site-packages:/home/choi/marker_ws/install/ros2_aruco_interfaces/lib/python3.8/site-packages:/home/choi/marker_ws/build/ros2_aruco:/home/choi/marker_ws/install/ros2_aruco/lib/python3.8/site-packages:/home/choi/marker_ws/build/omo_r1mini_teleop:/home/choi/marker_ws/install/omo_r1mini_teleop/lib/python3.8/site-packages:/home/choi/marker_ws/build/omo_r1mini_navigation2:/home/choi/marker_ws/install/omo_r1mini_navigation2/lib/python3.8/site-packages:/home/choi/marker_ws/build/omo_r1mini_bringup:/home/choi/marker_ws/install/omo_r1mini_bringup/lib/python3.8/site-packages:/home/choi/marker_ws/install/omo_r1mini_interfaces/lib/python3.8/site-packages:/home/choi/marker_ws/build/exp_logger:/home/choi/marker_ws/install/exp_logger/lib/python3.8/site-packages:/home/choi/marker_ws/build/camera_calibration/src:/home/choi/marker_ws/install/camera_calibration/lib/python3.8/site-packages:/opt/ros/foxy/lib/python3.8/site-packages /home/choi/.local/bin/cmake --build /home/choi/marker_ws/build/marker_arm -- -j12 -l12
[3.044s] [ 25%] [32mBuilding CXX object CMakeFiles/marker_arm_control_node.dir/src/marker_arm_control_node.cpp.o[0m
[3.047s] [ 50%] [32mBuilding CXX object CMakeFiles/marker_arm_perception_node.dir/src/marker_arm_perception_node.cpp.o[0m
[9.711s] [ 75%] [32m[1mLinking CXX executable marker_arm_control_node[0m
[10.030s] [ 75%] Built target marker_arm_control_node
[10.040s] [100%] [32m[1mLinking CXX executable marker_arm_perception_node[0m
[10.414s] [100%] Built target marker_arm_perception_node
[10.427s] Invoked command in '/home/choi/marker_ws/build/marker_arm' returned '0': CMAKE_PREFIX_PATH=/home/choi/marker_ws/install/robot_localization:/home/choi/marker_ws/install/image_pipeline:/home/choi/marker_ws/install/stereo_image_proc:/home/choi/marker_ws/install/image_proc:/home/choi/marker_ws/install/tracetools_image_pipeline:/home/choi/marker_ws/install/teleop_twist_joy:/home/choi/marker_ws/install/ros2_aruco_interfaces:/home/choi/marker_ws/install/marker_arm:/home/choi/marker_ws/install/omo_r1mini:/home/choi/marker_ws/install/omo_r1mini_interfaces:/home/choi/marker_ws/install/omo_r1mini_description:/home/choi/marker_ws/install/omo_r1mini_cartographer:/home/choi/marker_ws/install/image_view:/home/choi/marker_ws/install/image_rotate:/home/choi/marker_ws/install/image_publisher:/home/choi/marker_ws/install/depth_image_proc:/home/choi/marker_ws/install/ros2_aruco:/home/choi/marker_ws/install/omo_r1mini_teleop:/home/choi/marker_ws/install/omo_r1mini_navigation2:/home/choi/marker_ws/install/omo_r1mini_bringup:/home/choi/marker_ws/install/exp_logger:/home/choi/marker_ws/install/camera_calibration:/opt/ros/foxy LD_LIBRARY_PATH=/home/choi/marker_ws/install/robot_localization/lib:/home/choi/marker_ws/install/stereo_image_proc/lib:/home/choi/marker_ws/install/image_proc/lib:/home/choi/marker_ws/install/tracetools_image_pipeline/lib:/home/choi/marker_ws/install/teleop_twist_joy/lib:/home/choi/marker_ws/install/ros2_aruco_interfaces/lib:/home/choi/marker_ws/install/omo_r1mini_interfaces/lib:/home/choi/marker_ws/install/image_view/lib:/home/choi/marker_ws/install/image_rotate/lib:/home/choi/marker_ws/install/image_publisher/lib:/home/choi/marker_ws/install/depth_image_proc/lib:/opt/ros/foxy/opt/yaml_cpp_vendor/lib:/opt/ros/foxy/opt/rviz_ogre_vendor/lib:/opt/ros/foxy/lib/x86_64-linux-gnu:/opt/ros/foxy/lib PYTHONPATH=/home/choi/marker_ws/install/robot_localization/lib/python3.8/site-packages:/home/choi/marker_ws/install/ros2_aruco_interfaces/lib/python3.8/site-packages:/home/choi/marker_ws/build/ros2_aruco:/home/choi/marker_ws/install/ros2_aruco/lib/python3.8/site-packages:/home/choi/marker_ws/build/omo_r1mini_teleop:/home/choi/marker_ws/install/omo_r1mini_teleop/lib/python3.8/site-packages:/home/choi/marker_ws/build/omo_r1mini_navigation2:/home/choi/marker_ws/install/omo_r1mini_navigation2/lib/python3.8/site-packages:/home/choi/marker_ws/build/omo_r1mini_bringup:/home/choi/marker_ws/install/omo_r1mini_bringup/lib/python3.8/site-packages:/home/choi/marker_ws/install/omo_r1mini_interfaces/lib/python3.8/site-packages:/home/choi/marker_ws/build/exp_logger:/home/choi/marker_ws/install/exp_logger/lib/python3.8/site-packages:/home/choi/marker_ws/build/camera_calibration/src:/home/choi/marker_ws/install/camera_calibration/lib/python3.8/site-packages:/opt/ros/foxy/lib/python3.8/site-packages /home/choi/.local/bin/cmake --build /home/choi/marker_ws/build/marker_arm -- -j12 -l12
[10.508s] Invoking command in '/home/choi/marker_ws/build/marker_arm': CMAKE_PREFIX_PATH=/home/choi/marker_ws/install/robot_localization:/home/choi/marker_ws/install/image_pipeline:/home/choi/marker_ws/install/stereo_image_proc:/home/choi/marker_ws/install/image_proc:/home/choi/marker_ws/install/tracetools_image_pipeline:/home/choi/marker_ws/install/teleop_twist_joy:/home/choi/marker_ws/install/ros2_aruco_interfaces:/home/choi/marker_ws/install/marker_arm:/home/choi/marker_ws/install/omo_r1mini:/home/choi/marker_ws/install/omo_r1mini_interfaces:/home/choi/marker_ws/install/omo_r1mini_description:/home/choi/marker_ws/install/omo_r1mini_cartographer:/home/choi/marker_ws/install/image_view:/home/choi/marker_ws/install/image_rotate:/home/choi/marker_ws/install/image_publisher:/home/choi/marker_ws/install/depth_image_proc:/home/choi/marker_ws/install/ros2_aruco:/home/choi/marker_ws/install/omo_r1mini_teleop:/home/choi/marker_ws/install/omo_r1mini_navigation2:/home/choi/marker_ws/install/omo_r1mini_bringup:/home/choi/marker_ws/install/exp_logger:/home/choi/marker_ws/install/camera_calibration:/opt/ros/foxy LD_LIBRARY_PATH=/home/choi/marker_ws/install/robot_localization/lib:/home/choi/marker_ws/install/stereo_image_proc/lib:/home/choi/marker_ws/install/image_proc/lib:/home/choi/marker_ws/install/tracetools_image_pipeline/lib:/home/choi/marker_ws/install/teleop_twist_joy/lib:/home/choi/marker_ws/install/ros2_aruco_interfaces/lib:/home/choi/marker_ws/install/omo_r1mini_interfaces/lib:/home/choi/marker_ws/install/image_view/lib:/home/choi/marker_ws/install/image_rotate/lib:/home/choi/marker_ws/install/image_publisher/lib:/home/choi/marker_ws/install/depth_image_proc/lib:/opt/ros/foxy/opt/yaml_cpp_vendor/lib:/opt/ros/foxy/opt/rviz_ogre_vendor/lib:/opt/ros/foxy/lib/x86_64-linux-gnu:/opt/ros/foxy/lib PYTHONPATH=/home/choi/marker_ws/install/robot_localization/lib/python3.8/site-packages:/home/choi/marker_ws/install/ros2_aruco_interfaces/lib/python3.8/site-packages:/home/choi/marker_ws/build/ros2_aruco:/home/choi/marker_ws/install/ros2_aruco/lib/python3.8/site-packages:/home/choi/marker_ws/build/omo_r1mini_teleop:/home/choi/marker_ws/install/omo_r1mini_teleop/lib/python3.8/site-packages:/home/choi/marker_ws/build/omo_r1mini_navigation2:/home/choi/marker_ws/install/omo_r1mini_navigation2/lib/python3.8/site-packages:/home/choi/marker_ws/build/omo_r1mini_bringup:/home/choi/marker_ws/install/omo_r1mini_bringup/lib/python3.8/site-packages:/home/choi/marker_ws/install/omo_r1mini_interfaces/lib/python3.8/site-packages:/home/choi/marker_ws/build/exp_logger:/home/choi/marker_ws/install/exp_logger/lib/python3.8/site-packages:/home/choi/marker_ws/build/camera_calibration/src:/home/choi/marker_ws/install/camera_calibration/lib/python3.8/site-packages:/opt/ros/foxy/lib/python3.8/site-packages /home/choi/.local/bin/cmake --install /home/choi/marker_ws/build/marker_arm
[10.548s] -- Install configuration: ""
[10.549s] -- Installing: /home/choi/marker_ws/install/marker_arm/lib/marker_arm/marker_arm_control_node
[10.553s] -- Set runtime path of "/home/choi/marker_ws/install/marker_arm/lib/marker_arm/marker_arm_control_node" to ""
[10.553s] -- Installing: /home/choi/marker_ws/install/marker_arm/lib/marker_arm/marker_arm_perception_node
[10.556s] -- Set runtime path of "/home/choi/marker_ws/install/marker_arm/lib/marker_arm/marker_arm_perception_node" to ""
[10.556s] -- Installing: /home/choi/marker_ws/install/marker_arm/share/marker_arm/launch
[10.556s] -- Installing: /home/choi/marker_ws/install/marker_arm/share/marker_arm/launch/fix_bringup.launch.py
[10.556s] -- Installing: /home/choi/marker_ws/install/marker_arm/share/marker_arm/launch/mov_bringup.launch.py
[10.557s] -- Installing: /home/choi/marker_ws/install/marker_arm/share/marker_arm/launch/marker_nav2.launch.py
[10.557s] -- Installing: /home/choi/marker_ws/install/marker_arm/share/marker_arm/urdf
[10.557s] -- Installing: /home/choi/marker_ws/install/marker_arm/share/marker_arm/urdf/marker_fix.urdf.xacro
[10.557s] -- Installing: /home/choi/marker_ws/install/marker_arm/share/marker_arm/urdf/marker_fix.total_station.xacro
[10.558s] -- Installing: /home/choi/marker_ws/install/marker_arm/share/marker_arm/urdf/marker_mov.urdf.xacro
[10.558s] -- Installing: /home/choi/marker_ws/install/marker_arm/share/marker_arm/params
[10.558s] -- Installing: /home/choi/marker_ws/install/marker_arm/share/marker_arm/params/fix_perception_params.yaml
[10.559s] -- Installing: /home/choi/marker_ws/install/marker_arm/share/marker_arm/params/mov_control_params.yaml
[10.559s] -- Installing: /home/choi/marker_ws/install/marker_arm/share/marker_arm/params/mov_perception_params.yaml
[10.559s] -- Installing: /home/choi/marker_ws/install/marker_arm/share/marker_arm/params/nav2_params.yaml
[10.559s] -- Installing: /home/choi/marker_ws/install/marker_arm/share/marker_arm/params/localization.yaml
[10.559s] -- Installing: /home/choi/marker_ws/install/marker_arm/share/marker_arm/params/arducam_params.yaml
[10.560s] -- Installing: /home/choi/marker_ws/install/marker_arm/share/marker_arm/params/fix_aruco_params.yaml
[10.560s] -- Installing: /home/choi/marker_ws/install/marker_arm/share/marker_arm/params/fix_camera_info.yaml
[10.560s] -- Installing: /home/choi/marker_ws/install/marker_arm/share/marker_arm/params/mov_cam_params.yaml
[10.560s] -- Installing: /home/choi/marker_ws/install/marker_arm/share/marker_arm/params/mov_camera_info.yaml
[10.560s] -- Installing: /home/choi/marker_ws/install/marker_arm/share/marker_arm/params/mov_aruco_params.yaml
[10.560s] -- Installing: /home/choi/marker_ws/install/marker_arm/share/marker_arm/params/arducamera_info.yaml
[10.561s] -- Installing: /home/choi/marker_ws/install/marker_arm/share/marker_arm/params/fix_cam_params.yaml
[10.561s] -- Installing: /home/choi/marker_ws/install/marker_arm/share/marker_arm/params/fix_control_params.yaml
[10.561s] -- Installing: /home/choi/marker_ws/install/marker_arm/share/marker_arm/rviz
[10.561s] -- Installing: /home/choi/marker_ws/install/marker_arm/share/marker_arm/rviz/nav2_default_view.rviz
[10.561s] -- Installing: /home/choi/marker_ws/install/marker_arm/share/marker_arm/bt
[10.561s] -- Installing: /home/choi/marker_ws/install/marker_arm/share/marker_arm/bt/pure_bt.xml
[10.561s] -- Installing: /home/choi/marker_ws/install/marker_arm/share/ament_index/resource_index/package_run_dependencies/marker_arm
[10.562s] -- Installing: /home/choi/marker_ws/install/marker_arm/share/ament_index/resource_index/parent_prefix_path/marker_arm
[10.562s] -- Installing: /home/choi/marker_ws/install/marker_arm/share/marker_arm/environment/ament_prefix_path.sh
[10.562s] -- Installing: /home/choi/marker_ws/install/marker_arm/share/marker_arm/environment/ament_prefix_path.dsv
[10.562s] -- Installing: /home/choi/marker_ws/install/marker_arm/share/marker_arm/environment/path.sh
[10.562s] -- Installing: /home/choi/marker_ws/install/marker_arm/share/marker_arm/environment/path.dsv
[10.562s] -- Installing: /home/choi/marker_ws/install/marker_arm/share/marker_arm/local_setup.bash
[10.563s] -- Installing: /home/choi/marker_ws/install/marker_arm/share/marker_arm/local_setup.sh
[10.563s] -- Installing: /home/choi/marker_ws/install/marker_arm/share/marker_arm/local_setup.zsh
[10.563s] -- Installing: /home/choi/marker_ws/install/marker_arm/share/marker_arm/local_setup.dsv
[10.563s] -- Installing: /home/choi/marker_ws/install/marker_arm/share/marker_arm/package.dsv
[10.563s] -- Installing: /home/choi/marker_ws/install/marker_arm/share/ament_index/resource_index/packages/marker_arm
[10.563s] -- Installing: /home/choi/marker_ws/install/marker_arm/share/marker_arm/cmake/marker_armConfig.cmake
[10.563s] -- Installing: /home/choi/marker_ws/install/marker_arm/share/marker_arm/cmake/marker_armConfig-version.cmake
[10.564s] -- Installing: /home/choi/marker_ws/install/marker_arm/share/marker_arm/package.xml
[10.572s] Invoked command in '/home/choi/marker_ws/build/marker_arm' returned '0': CMAKE_PREFIX_PATH=/home/choi/marker_ws/install/robot_localization:/home/choi/marker_ws/install/image_pipeline:/home/choi/marker_ws/install/stereo_image_proc:/home/choi/marker_ws/install/image_proc:/home/choi/marker_ws/install/tracetools_image_pipeline:/home/choi/marker_ws/install/teleop_twist_joy:/home/choi/marker_ws/install/ros2_aruco_interfaces:/home/choi/marker_ws/install/marker_arm:/home/choi/marker_ws/install/omo_r1mini:/home/choi/marker_ws/install/omo_r1mini_interfaces:/home/choi/marker_ws/install/omo_r1mini_description:/home/choi/marker_ws/install/omo_r1mini_cartographer:/home/choi/marker_ws/install/image_view:/home/choi/marker_ws/install/image_rotate:/home/choi/marker_ws/install/image_publisher:/home/choi/marker_ws/install/depth_image_proc:/home/choi/marker_ws/install/ros2_aruco:/home/choi/marker_ws/install/omo_r1mini_teleop:/home/choi/marker_ws/install/omo_r1mini_navigation2:/home/choi/marker_ws/install/omo_r1mini_bringup:/home/choi/marker_ws/install/exp_logger:/home/choi/marker_ws/install/camera_calibration:/opt/ros/foxy LD_LIBRARY_PATH=/home/choi/marker_ws/install/robot_localization/lib:/home/choi/marker_ws/install/stereo_image_proc/lib:/home/choi/marker_ws/install/image_proc/lib:/home/choi/marker_ws/install/tracetools_image_pipeline/lib:/home/choi/marker_ws/install/teleop_twist_joy/lib:/home/choi/marker_ws/install/ros2_aruco_interfaces/lib:/home/choi/marker_ws/install/omo_r1mini_interfaces/lib:/home/choi/marker_ws/install/image_view/lib:/home/choi/marker_ws/install/image_rotate/lib:/home/choi/marker_ws/install/image_publisher/lib:/home/choi/marker_ws/install/depth_image_proc/lib:/opt/ros/foxy/opt/yaml_cpp_vendor/lib:/opt/ros/foxy/opt/rviz_ogre_vendor/lib:/opt/ros/foxy/lib/x86_64-linux-gnu:/opt/ros/foxy/lib PYTHONPATH=/home/choi/marker_ws/install/robot_localization/lib/python3.8/site-packages:/home/choi/marker_ws/install/ros2_aruco_interfaces/lib/python3.8/site-packages:/home/choi/marker_ws/build/ros2_aruco:/home/choi/marker_ws/install/ros2_aruco/lib/python3.8/site-packages:/home/choi/marker_ws/build/omo_r1mini_teleop:/home/choi/marker_ws/install/omo_r1mini_teleop/lib/python3.8/site-packages:/home/choi/marker_ws/build/omo_r1mini_navigation2:/home/choi/marker_ws/install/omo_r1mini_navigation2/lib/python3.8/site-packages:/home/choi/marker_ws/build/omo_r1mini_bringup:/home/choi/marker_ws/install/omo_r1mini_bringup/lib/python3.8/site-packages:/home/choi/marker_ws/install/omo_r1mini_interfaces/lib/python3.8/site-packages:/home/choi/marker_ws/build/exp_logger:/home/choi/marker_ws/install/exp_logger/lib/python3.8/site-packages:/home/choi/marker_ws/build/camera_calibration/src:/home/choi/marker_ws/install/camera_calibration/lib/python3.8/site-packages:/opt/ros/foxy/lib/python3.8/site-packages /home/choi/.local/bin/cmake --install /home/choi/marker_ws/build/marker_arm
