[0.697s] Invoking command in '/home/choi/marker_ws/build/image_rotate': CMAKE_PREFIX_PATH=${CMAKE_PREFIX_PATH}:/home/choi/marker_ws/install/ros2_aruco:/home/choi/marker_ws/install/omo_r1mini_teleop:/home/choi/marker_ws/install/omo_r1mini_navigation2:/home/choi/marker_ws/install/omo_r1mini_bringup:/home/choi/marker_ws/install/exp_logger:/home/choi/marker_ws/install/camera_calibration:/opt/ros/foxy /home/choi/.local/bin/cmake --build /home/choi/marker_ws/build/image_rotate -- -j12 -l12
[1.141s] [ 50%] Built target image_rotate
[1.141s] [100%] Built target image_rotate_bin
[1.526s] Invoked command in '/home/choi/marker_ws/build/image_rotate' returned '0': CMAKE_PREFIX_PATH=${CMAKE_PREFIX_PATH}:/home/choi/marker_ws/install/ros2_aruco:/home/choi/marker_ws/install/omo_r1mini_teleop:/home/choi/marker_ws/install/omo_r1mini_navigation2:/home/choi/marker_ws/install/omo_r1mini_bringup:/home/choi/marker_ws/install/exp_logger:/home/choi/marker_ws/install/camera_calibration:/opt/ros/foxy /home/choi/.local/bin/cmake --build /home/choi/marker_ws/build/image_rotate -- -j12 -l12
[1.682s] Invoking command in '/home/choi/marker_ws/build/image_rotate': CMAKE_PREFIX_PATH=${CMAKE_PREFIX_PATH}:/home/choi/marker_ws/install/ros2_aruco:/home/choi/marker_ws/install/omo_r1mini_teleop:/home/choi/marker_ws/install/omo_r1mini_navigation2:/home/choi/marker_ws/install/omo_r1mini_bringup:/home/choi/marker_ws/install/exp_logger:/home/choi/marker_ws/install/camera_calibration:/opt/ros/foxy /home/choi/.local/bin/cmake --install /home/choi/marker_ws/build/image_rotate
[1.875s] -- Install configuration: ""
[2.026s] -- Execute custom install script
[2.086s] -- Up-to-date symlink: /home/choi/marker_ws/install/image_rotate/include/image_rotate/image_rotate_node.hpp
[2.088s] -- Up-to-date symlink: /home/choi/marker_ws/install/image_rotate/include/image_rotate/visibility.h
[2.092s] -- Up-to-date symlink: /home/choi/marker_ws/install/image_rotate/share/image_rotate/environment/library_path.sh
[2.092s] -- Up-to-date symlink: /home/choi/marker_ws/install/image_rotate/share/image_rotate/environment/library_path.dsv
[2.157s] -- Up-to-date symlink: /home/choi/marker_ws/install/image_rotate/lib/libimage_rotate.so
[2.158s] -- Up-to-date symlink: /home/choi/marker_ws/install/image_rotate/lib/image_rotate/image_rotate
[2.158s] -- Up-to-date symlink: /home/choi/marker_ws/install/image_rotate/share/image_rotate/launch/image_rotate.launch.py
[2.159s] -- Up-to-date symlink: /home/choi/marker_ws/install/image_rotate/share/ament_index/resource_index/package_run_dependencies/image_rotate
[2.159s] -- Up-to-date symlink: /home/choi/marker_ws/install/image_rotate/share/ament_index/resource_index/parent_prefix_path/image_rotate
[2.159s] -- Up-to-date symlink: /home/choi/marker_ws/install/image_rotate/share/image_rotate/environment/ament_prefix_path.sh
[2.159s] -- Up-to-date symlink: /home/choi/marker_ws/install/image_rotate/share/image_rotate/environment/ament_prefix_path.dsv
[2.159s] -- Up-to-date symlink: /home/choi/marker_ws/install/image_rotate/share/image_rotate/environment/path.sh
[2.159s] -- Up-to-date symlink: /home/choi/marker_ws/install/image_rotate/share/image_rotate/environment/path.dsv
[2.160s] -- Up-to-date symlink: /home/choi/marker_ws/install/image_rotate/share/image_rotate/local_setup.bash
[2.160s] -- Up-to-date symlink: /home/choi/marker_ws/install/image_rotate/share/image_rotate/local_setup.sh
[2.160s] -- Up-to-date symlink: /home/choi/marker_ws/install/image_rotate/share/image_rotate/local_setup.zsh
[2.160s] -- Up-to-date symlink: /home/choi/marker_ws/install/image_rotate/share/image_rotate/local_setup.dsv
[2.160s] -- Symlinking: /home/choi/marker_ws/install/image_rotate/share/image_rotate/package.dsv
[2.165s] -- Up-to-date symlink: /home/choi/marker_ws/install/image_rotate/share/ament_index/resource_index/packages/image_rotate
[2.166s] -- Up-to-date symlink: /home/choi/marker_ws/install/image_rotate/share/ament_index/resource_index/rclcpp_components/image_rotate
[2.166s] -- Up-to-date symlink: /home/choi/marker_ws/install/image_rotate/share/image_rotate/cmake/ament_cmake_export_dependencies-extras.cmake
[2.167s] -- Up-to-date symlink: /home/choi/marker_ws/install/image_rotate/share/image_rotate/cmake/ament_cmake_export_include_directories-extras.cmake
[2.167s] -- Up-to-date symlink: /home/choi/marker_ws/install/image_rotate/share/image_rotate/cmake/ament_cmake_export_libraries-extras.cmake
[2.167s] -- Up-to-date symlink: /home/choi/marker_ws/install/image_rotate/share/image_rotate/cmake/image_rotateConfig.cmake
[2.168s] -- Up-to-date symlink: /home/choi/marker_ws/install/image_rotate/share/image_rotate/cmake/image_rotateConfig-version.cmake
[2.168s] -- Up-to-date symlink: /home/choi/marker_ws/install/image_rotate/share/image_rotate/package.xml
[2.572s] Invoked command in '/home/choi/marker_ws/build/image_rotate' returned '0': CMAKE_PREFIX_PATH=${CMAKE_PREFIX_PATH}:/home/choi/marker_ws/install/ros2_aruco:/home/choi/marker_ws/install/omo_r1mini_teleop:/home/choi/marker_ws/install/omo_r1mini_navigation2:/home/choi/marker_ws/install/omo_r1mini_bringup:/home/choi/marker_ws/install/exp_logger:/home/choi/marker_ws/install/camera_calibration:/opt/ros/foxy /home/choi/.local/bin/cmake --install /home/choi/marker_ws/build/image_rotate
