[1.068s] Invoking command in '/home/choi/marker_ws/build/robot_localization': CMAKE_PREFIX_PATH=${CMAKE_PREFIX_PATH}:/home/choi/marker_ws/install/ros2_aruco:/home/choi/marker_ws/install/omo_r1mini_teleop:/home/choi/marker_ws/install/omo_r1mini_navigation2:/home/choi/marker_ws/install/omo_r1mini_bringup:/home/choi/marker_ws/install/exp_logger:/home/choi/marker_ws/install/camera_calibration:/opt/ros/foxy /home/choi/.local/bin/cmake --build /home/choi/marker_ws/build/robot_localization -- -j12 -l12
[2.034s] [  2%] Built target robot_localization__cpp
[2.034s] [  2%] Built target gtest_main
[2.034s] [  4%] Built target gtest
[2.107s] [ 11%] Built target robot_localization__rosidl_generator_c
[2.117s] [ 18%] Built target robot_localization__rosidl_typesupport_cpp
[2.131s] [ 25%] Built target robot_localization__rosidl_typesupport_introspection_cpp
[2.132s] [ 32%] Built target robot_localization__rosidl_typesupport_c
[2.136s] [ 39%] Built target robot_localization__rosidl_typesupport_introspection_c
[2.201s] [ 46%] Built target robot_localization__rosidl_typesupport_fastrtps_cpp
[2.361s] [ 53%] Built target robot_localization__rosidl_typesupport_fastrtps_c
[2.377s] [ 53%] Built target robot_localization
[2.449s] [ 54%] Built target robot_localization__py
[2.558s] [ 60%] Built target robot_localization__python
[2.649s] [ 61%] Built target robot_localization__rosidl_typesupport_c__pyext
[2.649s] [ 70%] Built target rl_lib
[2.664s] [ 72%] Built target robot_localization__rosidl_typesupport_introspection_c__pyext
[2.776s] [ 74%] Built target navsat_transform_node
[2.877s] [ 76%] Built target test_ukf
[2.885s] [ 78%] Built target ukf_node
[2.900s] [ 79%] Built target ekf_node
[2.909s] [ 80%] Built target robot_localization_listener_node
[2.912s] [ 82%] Built target test_ekf
[2.915s] [ 84%] Built target robot_localization__rosidl_typesupport_fastrtps_c__pyext
[2.917s] [ 85%] Built target test_navsat_conversions
[2.926s] [ 87%] Built target test_navsat_transform
[2.927s] [ 89%] Built target test_ros_robot_localization_listener
[2.936s] [ 91%] Built target filter_base-test
[2.952s] [ 93%] Built target test_robot_localization_estimator
[2.990s] [ 95%] Built target test_filter_base_diagnostics_timestamps
[3.000s] [ 97%] Built target test_ukf_localization_node_interfaces
[3.019s] [ 98%] Built target test_ros_robot_localization_listener_publisher
[3.045s] [100%] Built target test_ekf_localization_node_interfaces
[3.159s] Invoked command in '/home/choi/marker_ws/build/robot_localization' returned '0': CMAKE_PREFIX_PATH=${CMAKE_PREFIX_PATH}:/home/choi/marker_ws/install/ros2_aruco:/home/choi/marker_ws/install/omo_r1mini_teleop:/home/choi/marker_ws/install/omo_r1mini_navigation2:/home/choi/marker_ws/install/omo_r1mini_bringup:/home/choi/marker_ws/install/exp_logger:/home/choi/marker_ws/install/camera_calibration:/opt/ros/foxy /home/choi/.local/bin/cmake --build /home/choi/marker_ws/build/robot_localization -- -j12 -l12
[4.016s] Invoking command in '/home/choi/marker_ws/build/robot_localization': CMAKE_PREFIX_PATH=${CMAKE_PREFIX_PATH}:/home/choi/marker_ws/install/ros2_aruco:/home/choi/marker_ws/install/omo_r1mini_teleop:/home/choi/marker_ws/install/omo_r1mini_navigation2:/home/choi/marker_ws/install/omo_r1mini_bringup:/home/choi/marker_ws/install/exp_logger:/home/choi/marker_ws/install/camera_calibration:/opt/ros/foxy /home/choi/.local/bin/cmake --install /home/choi/marker_ws/build/robot_localization
[4.052s] -- Install configuration: "RelWithDebInfo"
[4.097s] -- Execute custom install script
[4.097s] -- Up-to-date symlink: /home/choi/marker_ws/install/robot_localization/share/ament_index/resource_index/rosidl_interfaces/robot_localization
[4.097s] -- Up-to-date symlink: /home/choi/marker_ws/install/robot_localization/include/robot_localization/msg/rosidl_generator_c__visibility_control.h
[4.098s] -- Up-to-date symlink: /home/choi/marker_ws/install/robot_localization/include/robot_localization/srv/detail/from_ll__functions.h
[4.098s] -- Up-to-date symlink: /home/choi/marker_ws/install/robot_localization/include/robot_localization/srv/detail/from_ll__struct.h
[4.098s] -- Up-to-date symlink: /home/choi/marker_ws/install/robot_localization/include/robot_localization/srv/detail/from_ll__type_support.h
[4.098s] -- Up-to-date symlink: /home/choi/marker_ws/install/robot_localization/include/robot_localization/srv/detail/get_state__functions.h
[4.098s] -- Up-to-date symlink: /home/choi/marker_ws/install/robot_localization/include/robot_localization/srv/detail/get_state__struct.h
[4.098s] -- Up-to-date symlink: /home/choi/marker_ws/install/robot_localization/include/robot_localization/srv/detail/get_state__type_support.h
[4.099s] -- Up-to-date symlink: /home/choi/marker_ws/install/robot_localization/include/robot_localization/srv/detail/set_datum__functions.h
[4.099s] -- Up-to-date symlink: /home/choi/marker_ws/install/robot_localization/include/robot_localization/srv/detail/set_datum__struct.h
[4.099s] -- Up-to-date symlink: /home/choi/marker_ws/install/robot_localization/include/robot_localization/srv/detail/set_datum__type_support.h
[4.099s] -- Up-to-date symlink: /home/choi/marker_ws/install/robot_localization/include/robot_localization/srv/detail/set_pose__functions.h
[4.099s] -- Up-to-date symlink: /home/choi/marker_ws/install/robot_localization/include/robot_localization/srv/detail/set_pose__struct.h
[4.099s] -- Up-to-date symlink: /home/choi/marker_ws/install/robot_localization/include/robot_localization/srv/detail/set_pose__type_support.h
[4.100s] -- Up-to-date symlink: /home/choi/marker_ws/install/robot_localization/include/robot_localization/srv/detail/to_ll__functions.h
[4.100s] -- Up-to-date symlink: /home/choi/marker_ws/install/robot_localization/include/robot_localization/srv/detail/to_ll__struct.h
[4.100s] -- Up-to-date symlink: /home/choi/marker_ws/install/robot_localization/include/robot_localization/srv/detail/to_ll__type_support.h
[4.100s] -- Up-to-date symlink: /home/choi/marker_ws/install/robot_localization/include/robot_localization/srv/detail/toggle_filter_processing__functions.h
[4.100s] -- Up-to-date symlink: /home/choi/marker_ws/install/robot_localization/include/robot_localization/srv/detail/toggle_filter_processing__struct.h
[4.100s] -- Up-to-date symlink: /home/choi/marker_ws/install/robot_localization/include/robot_localization/srv/detail/toggle_filter_processing__type_support.h
[4.100s] -- Up-to-date symlink: /home/choi/marker_ws/install/robot_localization/include/robot_localization/srv/from_ll.h
[4.101s] -- Up-to-date symlink: /home/choi/marker_ws/install/robot_localization/include/robot_localization/srv/get_state.h
[4.101s] -- Up-to-date symlink: /home/choi/marker_ws/install/robot_localization/include/robot_localization/srv/set_datum.h
[4.101s] -- Up-to-date symlink: /home/choi/marker_ws/install/robot_localization/include/robot_localization/srv/set_pose.h
[4.101s] -- Up-to-date symlink: /home/choi/marker_ws/install/robot_localization/include/robot_localization/srv/to_ll.h
[4.101s] -- Up-to-date symlink: /home/choi/marker_ws/install/robot_localization/include/robot_localization/srv/toggle_filter_processing.h
[4.101s] -- Up-to-date symlink: /home/choi/marker_ws/install/robot_localization/share/robot_localization/environment/library_path.sh
[4.101s] -- Up-to-date symlink: /home/choi/marker_ws/install/robot_localization/share/robot_localization/environment/library_path.dsv
[4.102s] -- Up-to-date symlink: /home/choi/marker_ws/install/robot_localization/include/robot_localization/msg/rosidl_typesupport_fastrtps_c__visibility_control.h
[4.102s] -- Up-to-date symlink: /home/choi/marker_ws/install/robot_localization/include/robot_localization/srv/detail/from_ll__rosidl_typesupport_fastrtps_c.h
[4.102s] -- Up-to-date symlink: /home/choi/marker_ws/install/robot_localization/include/robot_localization/srv/detail/get_state__rosidl_typesupport_fastrtps_c.h
[4.102s] -- Up-to-date symlink: /home/choi/marker_ws/install/robot_localization/include/robot_localization/srv/detail/set_datum__rosidl_typesupport_fastrtps_c.h
[4.102s] -- Up-to-date symlink: /home/choi/marker_ws/install/robot_localization/include/robot_localization/srv/detail/set_pose__rosidl_typesupport_fastrtps_c.h
[4.102s] -- Up-to-date symlink: /home/choi/marker_ws/install/robot_localization/include/robot_localization/srv/detail/to_ll__rosidl_typesupport_fastrtps_c.h
[4.103s] -- Up-to-date symlink: /home/choi/marker_ws/install/robot_localization/include/robot_localization/srv/detail/toggle_filter_processing__rosidl_typesupport_fastrtps_c.h
[4.131s] -- Up-to-date symlink: /home/choi/marker_ws/install/robot_localization/lib/librobot_localization__rosidl_typesupport_fastrtps_c.so
[4.132s] -- Up-to-date symlink: /home/choi/marker_ws/install/robot_localization/include/robot_localization/msg/rosidl_typesupport_fastrtps_cpp__visibility_control.h
[4.132s] -- Up-to-date symlink: /home/choi/marker_ws/install/robot_localization/include/robot_localization/srv/detail/from_ll__rosidl_typesupport_fastrtps_cpp.hpp
[4.132s] -- Up-to-date symlink: /home/choi/marker_ws/install/robot_localization/include/robot_localization/srv/detail/get_state__rosidl_typesupport_fastrtps_cpp.hpp
[4.132s] -- Up-to-date symlink: /home/choi/marker_ws/install/robot_localization/include/robot_localization/srv/detail/set_datum__rosidl_typesupport_fastrtps_cpp.hpp
[4.132s] -- Up-to-date symlink: /home/choi/marker_ws/install/robot_localization/include/robot_localization/srv/detail/set_pose__rosidl_typesupport_fastrtps_cpp.hpp
[4.133s] -- Up-to-date symlink: /home/choi/marker_ws/install/robot_localization/include/robot_localization/srv/detail/to_ll__rosidl_typesupport_fastrtps_cpp.hpp
[4.133s] -- Up-to-date symlink: /home/choi/marker_ws/install/robot_localization/include/robot_localization/srv/detail/toggle_filter_processing__rosidl_typesupport_fastrtps_cpp.hpp
[4.133s] -- Up-to-date symlink: /home/choi/marker_ws/install/robot_localization/lib/librobot_localization__rosidl_typesupport_fastrtps_cpp.so
[4.133s] -- Up-to-date symlink: /home/choi/marker_ws/install/robot_localization/include/robot_localization/msg/rosidl_typesupport_introspection_c__visibility_control.h
[4.134s] -- Up-to-date symlink: /home/choi/marker_ws/install/robot_localization/include/robot_localization/srv/detail/from_ll__rosidl_typesupport_introspection_c.h
[4.134s] -- Up-to-date symlink: /home/choi/marker_ws/install/robot_localization/include/robot_localization/srv/detail/get_state__rosidl_typesupport_introspection_c.h
[4.134s] -- Up-to-date symlink: /home/choi/marker_ws/install/robot_localization/include/robot_localization/srv/detail/set_datum__rosidl_typesupport_introspection_c.h
[4.134s] -- Up-to-date symlink: /home/choi/marker_ws/install/robot_localization/include/robot_localization/srv/detail/set_pose__rosidl_typesupport_introspection_c.h
[4.134s] -- Up-to-date symlink: /home/choi/marker_ws/install/robot_localization/include/robot_localization/srv/detail/to_ll__rosidl_typesupport_introspection_c.h
[4.134s] -- Up-to-date symlink: /home/choi/marker_ws/install/robot_localization/include/robot_localization/srv/detail/toggle_filter_processing__rosidl_typesupport_introspection_c.h
[4.135s] -- Up-to-date symlink: /home/choi/marker_ws/install/robot_localization/include/robot_localization/msg/rosidl_generator_cpp__visibility_control.hpp
[4.135s] -- Up-to-date symlink: /home/choi/marker_ws/install/robot_localization/include/robot_localization/srv/detail/from_ll__builder.hpp
[4.135s] -- Up-to-date symlink: /home/choi/marker_ws/install/robot_localization/include/robot_localization/srv/detail/from_ll__struct.hpp
[4.136s] -- Up-to-date symlink: /home/choi/marker_ws/install/robot_localization/include/robot_localization/srv/detail/from_ll__traits.hpp
[4.136s] -- Up-to-date symlink: /home/choi/marker_ws/install/robot_localization/include/robot_localization/srv/detail/from_ll__type_support.hpp
[4.136s] -- Up-to-date symlink: /home/choi/marker_ws/install/robot_localization/include/robot_localization/srv/detail/get_state__builder.hpp
[4.136s] -- Up-to-date symlink: /home/choi/marker_ws/install/robot_localization/include/robot_localization/srv/detail/get_state__struct.hpp
[4.136s] -- Up-to-date symlink: /home/choi/marker_ws/install/robot_localization/include/robot_localization/srv/detail/get_state__traits.hpp
[4.136s] -- Up-to-date symlink: /home/choi/marker_ws/install/robot_localization/include/robot_localization/srv/detail/get_state__type_support.hpp
[4.137s] -- Up-to-date symlink: /home/choi/marker_ws/install/robot_localization/include/robot_localization/srv/detail/set_datum__builder.hpp
[4.137s] -- Up-to-date symlink: /home/choi/marker_ws/install/robot_localization/include/robot_localization/srv/detail/set_datum__struct.hpp
[4.137s] -- Up-to-date symlink: /home/choi/marker_ws/install/robot_localization/include/robot_localization/srv/detail/set_datum__traits.hpp
[4.137s] -- Up-to-date symlink: /home/choi/marker_ws/install/robot_localization/include/robot_localization/srv/detail/set_datum__type_support.hpp
[4.137s] -- Up-to-date symlink: /home/choi/marker_ws/install/robot_localization/include/robot_localization/srv/detail/set_pose__builder.hpp
[4.137s] -- Up-to-date symlink: /home/choi/marker_ws/install/robot_localization/include/robot_localization/srv/detail/set_pose__struct.hpp
[4.138s] -- Up-to-date symlink: /home/choi/marker_ws/install/robot_localization/include/robot_localization/srv/detail/set_pose__traits.hpp
[4.138s] -- Up-to-date symlink: /home/choi/marker_ws/install/robot_localization/include/robot_localization/srv/detail/set_pose__type_support.hpp
[4.138s] -- Up-to-date symlink: /home/choi/marker_ws/install/robot_localization/include/robot_localization/srv/detail/to_ll__builder.hpp
[4.138s] -- Up-to-date symlink: /home/choi/marker_ws/install/robot_localization/include/robot_localization/srv/detail/to_ll__struct.hpp
[4.138s] -- Up-to-date symlink: /home/choi/marker_ws/install/robot_localization/include/robot_localization/srv/detail/to_ll__traits.hpp
[4.139s] -- Up-to-date symlink: /home/choi/marker_ws/install/robot_localization/include/robot_localization/srv/detail/to_ll__type_support.hpp
[4.139s] -- Up-to-date symlink: /home/choi/marker_ws/install/robot_localization/include/robot_localization/srv/detail/toggle_filter_processing__builder.hpp
[4.139s] -- Up-to-date symlink: /home/choi/marker_ws/install/robot_localization/include/robot_localization/srv/detail/toggle_filter_processing__struct.hpp
[4.139s] -- Up-to-date symlink: /home/choi/marker_ws/install/robot_localization/include/robot_localization/srv/detail/toggle_filter_processing__traits.hpp
[4.139s] -- Up-to-date symlink: /home/choi/marker_ws/install/robot_localization/include/robot_localization/srv/detail/toggle_filter_processing__type_support.hpp
[4.139s] -- Up-to-date symlink: /home/choi/marker_ws/install/robot_localization/include/robot_localization/srv/from_ll.hpp
[4.140s] -- Up-to-date symlink: /home/choi/marker_ws/install/robot_localization/include/robot_localization/srv/get_state.hpp
[4.140s] -- Up-to-date symlink: /home/choi/marker_ws/install/robot_localization/include/robot_localization/srv/set_datum.hpp
[4.140s] -- Up-to-date symlink: /home/choi/marker_ws/install/robot_localization/include/robot_localization/srv/set_pose.hpp
[4.140s] -- Up-to-date symlink: /home/choi/marker_ws/install/robot_localization/include/robot_localization/srv/to_ll.hpp
[4.140s] -- Up-to-date symlink: /home/choi/marker_ws/install/robot_localization/include/robot_localization/srv/toggle_filter_processing.hpp
[4.140s] -- Up-to-date symlink: /home/choi/marker_ws/install/robot_localization/include/robot_localization/srv/detail/from_ll__rosidl_typesupport_introspection_cpp.hpp
[4.141s] -- Up-to-date symlink: /home/choi/marker_ws/install/robot_localization/include/robot_localization/srv/detail/get_state__rosidl_typesupport_introspection_cpp.hpp
[4.141s] -- Up-to-date symlink: /home/choi/marker_ws/install/robot_localization/include/robot_localization/srv/detail/set_datum__rosidl_typesupport_introspection_cpp.hpp
[4.141s] -- Up-to-date symlink: /home/choi/marker_ws/install/robot_localization/include/robot_localization/srv/detail/set_pose__rosidl_typesupport_introspection_cpp.hpp
[4.141s] -- Up-to-date symlink: /home/choi/marker_ws/install/robot_localization/include/robot_localization/srv/detail/to_ll__rosidl_typesupport_introspection_cpp.hpp
[4.141s] -- Up-to-date symlink: /home/choi/marker_ws/install/robot_localization/include/robot_localization/srv/detail/toggle_filter_processing__rosidl_typesupport_introspection_cpp.hpp
[4.141s] -- Up-to-date symlink: /home/choi/marker_ws/install/robot_localization/share/robot_localization/environment/pythonpath.sh
[4.142s] -- Up-to-date symlink: /home/choi/marker_ws/install/robot_localization/share/robot_localization/environment/pythonpath.dsv
[4.142s] -- Up-to-date symlink: /home/choi/marker_ws/install/robot_localization/lib/python3.8/site-packages/robot_localization/__init__.py
[4.142s] -- Up-to-date symlink: /home/choi/marker_ws/install/robot_localization/lib/python3.8/site-packages/robot_localization/srv/__init__.py
[4.142s] -- Up-to-date symlink: /home/choi/marker_ws/install/robot_localization/lib/python3.8/site-packages/robot_localization/srv/_from_ll.py
[4.142s] -- Up-to-date symlink: /home/choi/marker_ws/install/robot_localization/lib/python3.8/site-packages/robot_localization/srv/_get_state.py
[4.142s] -- Up-to-date symlink: /home/choi/marker_ws/install/robot_localization/lib/python3.8/site-packages/robot_localization/srv/_set_datum.py
[4.142s] -- Up-to-date symlink: /home/choi/marker_ws/install/robot_localization/lib/python3.8/site-packages/robot_localization/srv/_set_pose.py
[4.143s] -- Up-to-date symlink: /home/choi/marker_ws/install/robot_localization/lib/python3.8/site-packages/robot_localization/srv/_to_ll.py
[4.143s] -- Up-to-date symlink: /home/choi/marker_ws/install/robot_localization/lib/python3.8/site-packages/robot_localization/srv/_toggle_filter_processing.py
[4.143s] -- Up-to-date symlink: /home/choi/marker_ws/install/robot_localization/lib/python3.8/site-packages/robot_localization/robot_localization_s__rosidl_typesupport_fastrtps_c.cpython-38-x86_64-linux-gnu.so
[4.143s] -- Up-to-date symlink: /home/choi/marker_ws/install/robot_localization/lib/python3.8/site-packages/robot_localization/robot_localization_s__rosidl_typesupport_introspection_c.cpython-38-x86_64-linux-gnu.so
[4.143s] -- Up-to-date symlink: /home/choi/marker_ws/install/robot_localization/lib/python3.8/site-packages/robot_localization/robot_localization_s__rosidl_typesupport_c.cpython-38-x86_64-linux-gnu.so
[4.189s] -- Up-to-date symlink: /home/choi/marker_ws/install/robot_localization/lib/librobot_localization__python.so
[4.190s] -- Up-to-date symlink: /home/choi/marker_ws/install/robot_localization/share/robot_localization/srv/FromLL.idl
[4.190s] -- Up-to-date symlink: /home/choi/marker_ws/install/robot_localization/share/robot_localization/srv/GetState.idl
[4.190s] -- Up-to-date symlink: /home/choi/marker_ws/install/robot_localization/share/robot_localization/srv/SetDatum.idl
[4.190s] -- Up-to-date symlink: /home/choi/marker_ws/install/robot_localization/share/robot_localization/srv/SetPose.idl
[4.190s] -- Up-to-date symlink: /home/choi/marker_ws/install/robot_localization/share/robot_localization/srv/ToggleFilterProcessing.idl
[4.191s] -- Up-to-date symlink: /home/choi/marker_ws/install/robot_localization/share/robot_localization/srv/ToLL.idl
[4.191s] -- Up-to-date symlink: /home/choi/marker_ws/install/robot_localization/share/robot_localization/srv/FromLL.srv
[4.191s] -- Up-to-date symlink: /home/choi/marker_ws/install/robot_localization/share/robot_localization/srv/FromLL_Request.msg
[4.191s] -- Up-to-date symlink: /home/choi/marker_ws/install/robot_localization/share/robot_localization/srv/FromLL_Response.msg
[4.191s] -- Up-to-date symlink: /home/choi/marker_ws/install/robot_localization/share/robot_localization/srv/GetState.srv
[4.191s] -- Up-to-date symlink: /home/choi/marker_ws/install/robot_localization/share/robot_localization/srv/GetState_Request.msg
[4.192s] -- Up-to-date symlink: /home/choi/marker_ws/install/robot_localization/share/robot_localization/srv/GetState_Response.msg
[4.192s] -- Up-to-date symlink: /home/choi/marker_ws/install/robot_localization/share/robot_localization/srv/SetDatum.srv
[4.192s] -- Up-to-date symlink: /home/choi/marker_ws/install/robot_localization/share/robot_localization/srv/SetDatum_Request.msg
[4.192s] -- Up-to-date symlink: /home/choi/marker_ws/install/robot_localization/share/robot_localization/srv/SetDatum_Response.msg
[4.192s] -- Up-to-date symlink: /home/choi/marker_ws/install/robot_localization/share/robot_localization/srv/SetPose.srv
[4.192s] -- Up-to-date symlink: /home/choi/marker_ws/install/robot_localization/share/robot_localization/srv/SetPose_Request.msg
[4.193s] -- Up-to-date symlink: /home/choi/marker_ws/install/robot_localization/share/robot_localization/srv/SetPose_Response.msg
[4.193s] -- Up-to-date symlink: /home/choi/marker_ws/install/robot_localization/share/robot_localization/srv/ToggleFilterProcessing.srv
[4.193s] -- Up-to-date symlink: /home/choi/marker_ws/install/robot_localization/share/robot_localization/srv/ToggleFilterProcessing_Request.msg
[4.193s] -- Up-to-date symlink: /home/choi/marker_ws/install/robot_localization/share/robot_localization/srv/ToggleFilterProcessing_Response.msg
[4.193s] -- Up-to-date symlink: /home/choi/marker_ws/install/robot_localization/share/robot_localization/srv/ToLL.srv
[4.193s] -- Up-to-date symlink: /home/choi/marker_ws/install/robot_localization/share/robot_localization/srv/ToLL_Request.msg
[4.194s] -- Up-to-date symlink: /home/choi/marker_ws/install/robot_localization/share/robot_localization/srv/ToLL_Response.msg
[4.194s] -- Up-to-date symlink: /home/choi/marker_ws/install/robot_localization/lib/robot_localization/filter_base-test
[4.194s] -- Up-to-date symlink: /home/choi/marker_ws/install/robot_localization/lib/robot_localization/test_filter_base_diagnostics_timestamps
[4.194s] -- Up-to-date symlink: /home/choi/marker_ws/install/robot_localization/lib/robot_localization/test_ekf
[4.195s] -- Up-to-date symlink: /home/choi/marker_ws/install/robot_localization/lib/robot_localization/test_ekf_localization_node_interfaces
[4.195s] -- Up-to-date symlink: /home/choi/marker_ws/install/robot_localization/lib/robot_localization/test_ukf
[4.195s] -- Up-to-date symlink: /home/choi/marker_ws/install/robot_localization/lib/robot_localization/test_ukf_localization_node_interfaces
[4.195s] -- Up-to-date symlink: /home/choi/marker_ws/install/robot_localization/lib/robot_localization/test_robot_localization_estimator
[4.195s] -- Up-to-date symlink: /home/choi/marker_ws/install/robot_localization/lib/robot_localization/test_navsat_conversions
[4.195s] -- Up-to-date symlink: /home/choi/marker_ws/install/robot_localization/lib/robot_localization/test_navsat_transform
[4.196s] -- Up-to-date symlink: /home/choi/marker_ws/install/robot_localization/lib/robot_localization/test_ros_robot_localization_listener
[4.196s] -- Up-to-date symlink: /home/choi/marker_ws/install/robot_localization/lib/robot_localization/test_ros_robot_localization_listener_publisher
[4.196s] -- Up-to-date symlink: /home/choi/marker_ws/install/robot_localization/lib/robot_localization/navsat_transform_node
[4.197s] -- Up-to-date symlink: /home/choi/marker_ws/install/robot_localization/lib/robot_localization/ekf_node
[4.197s] -- Up-to-date symlink: /home/choi/marker_ws/install/robot_localization/lib/robot_localization/ukf_node
[4.197s] -- Up-to-date symlink: /home/choi/marker_ws/install/robot_localization/lib/robot_localization/robot_localization_listener_node
[4.197s] -- Up-to-date symlink: /home/choi/marker_ws/install/robot_localization/lib/librl_lib.so
[4.197s] -- Up-to-date symlink: /home/choi/marker_ws/install/robot_localization/share/ament_index/resource_index/package_run_dependencies/robot_localization
[4.198s] -- Up-to-date symlink: /home/choi/marker_ws/install/robot_localization/share/ament_index/resource_index/parent_prefix_path/robot_localization
[4.198s] -- Up-to-date symlink: /home/choi/marker_ws/install/robot_localization/share/robot_localization/environment/ament_prefix_path.sh
[4.198s] -- Up-to-date symlink: /home/choi/marker_ws/install/robot_localization/share/robot_localization/environment/ament_prefix_path.dsv
[4.198s] -- Up-to-date symlink: /home/choi/marker_ws/install/robot_localization/share/robot_localization/environment/path.sh
[4.199s] -- Up-to-date symlink: /home/choi/marker_ws/install/robot_localization/share/robot_localization/environment/path.dsv
[4.199s] -- Up-to-date symlink: /home/choi/marker_ws/install/robot_localization/share/robot_localization/local_setup.bash
[4.199s] -- Up-to-date symlink: /home/choi/marker_ws/install/robot_localization/share/robot_localization/local_setup.sh
[4.199s] -- Up-to-date symlink: /home/choi/marker_ws/install/robot_localization/share/robot_localization/local_setup.zsh
[4.199s] -- Up-to-date symlink: /home/choi/marker_ws/install/robot_localization/share/robot_localization/local_setup.dsv
[4.199s] -- Symlinking: /home/choi/marker_ws/install/robot_localization/share/robot_localization/package.dsv
[4.202s] -- Up-to-date symlink: /home/choi/marker_ws/install/robot_localization/share/ament_index/resource_index/packages/robot_localization
[4.202s] -- Up-to-date symlink: /home/choi/marker_ws/install/robot_localization/share/robot_localization/cmake/rosidl_cmake-extras.cmake
[4.203s] -- Up-to-date symlink: /home/choi/marker_ws/install/robot_localization/share/robot_localization/cmake/ament_cmake_export_dependencies-extras.cmake
[4.203s] -- Up-to-date symlink: /home/choi/marker_ws/install/robot_localization/share/robot_localization/cmake/ament_cmake_export_libraries-extras.cmake
[4.203s] -- Up-to-date symlink: /home/choi/marker_ws/install/robot_localization/share/robot_localization/cmake/ament_cmake_export_targets-extras.cmake
[4.203s] -- Up-to-date symlink: /home/choi/marker_ws/install/robot_localization/share/robot_localization/cmake/ament_cmake_export_include_directories-extras.cmake
[4.203s] -- Up-to-date symlink: /home/choi/marker_ws/install/robot_localization/share/robot_localization/cmake/rosidl_cmake_export_typesupport_libraries-extras.cmake
[4.203s] -- Up-to-date symlink: /home/choi/marker_ws/install/robot_localization/share/robot_localization/cmake/rosidl_cmake_export_typesupport_targets-extras.cmake
[4.204s] -- Up-to-date symlink: /home/choi/marker_ws/install/robot_localization/share/robot_localization/cmake/robot_localizationConfig.cmake
[4.204s] -- Up-to-date symlink: /home/choi/marker_ws/install/robot_localization/share/robot_localization/cmake/robot_localizationConfig-version.cmake
[4.204s] -- Up-to-date symlink: /home/choi/marker_ws/install/robot_localization/share/robot_localization/package.xml
[4.287s] -- Up-to-date: /home/choi/marker_ws/install/robot_localization/lib/librobot_localization__rosidl_generator_c.so
[4.302s] -- Up-to-date: /home/choi/marker_ws/install/robot_localization/lib/librobot_localization__rosidl_typesupport_introspection_c.so
[4.364s] -- Up-to-date: /home/choi/marker_ws/install/robot_localization/lib/librobot_localization__rosidl_typesupport_c.so
[4.441s] -- Up-to-date: /home/choi/marker_ws/install/robot_localization/lib/librobot_localization__rosidl_typesupport_introspection_cpp.so
[4.459s] -- Up-to-date: /home/choi/marker_ws/install/robot_localization/lib/librobot_localization__rosidl_typesupport_cpp.so
[4.505s] -- Up-to-date: /home/choi/marker_ws/install/robot_localization/share/robot_localization/test
[4.505s] -- Up-to-date: /home/choi/marker_ws/install/robot_localization/share/robot_localization/test/test_filter_base.cpp
[4.505s] -- Up-to-date: /home/choi/marker_ws/install/robot_localization/share/robot_localization/test/test_ukf_localization_node_bag3.yaml
[4.505s] -- Up-to-date: /home/choi/marker_ws/install/robot_localization/share/robot_localization/test/test_ros_robot_localization_listener.launch.py
[4.505s] -- Up-to-date: /home/choi/marker_ws/install/robot_localization/share/robot_localization/test/test1.bag
[4.506s] -- Up-to-date: /home/choi/marker_ws/install/robot_localization/share/robot_localization/test/test_ukf_localization_node_bag2.yaml
[4.506s] -- Up-to-date: /home/choi/marker_ws/install/robot_localization/share/robot_localization/test/test_filter_base_diagnostics_timestamps.launch.py
[4.506s] -- Up-to-date: /home/choi/marker_ws/install/robot_localization/share/robot_localization/test/test_ekf_localization_node_bag2.sh
[4.506s] -- Up-to-date: /home/choi/marker_ws/install/robot_localization/share/robot_localization/test/test_ekf_localization_node_bag2.launch.py
[4.506s] -- Up-to-date: /home/choi/marker_ws/install/robot_localization/share/robot_localization/test/test_ukf_localization_node_interfaces.yaml
[4.508s] -- Up-to-date: /home/choi/marker_ws/install/robot_localization/share/robot_localization/test/test_ukf_localization_node_interfaces.cpp
[4.508s] -- Up-to-date: /home/choi/marker_ws/install/robot_localization/share/robot_localization/test/test_navsat_transform.cpp
[4.509s] -- Up-to-date: /home/choi/marker_ws/install/robot_localization/share/robot_localization/test/test_ekf_localization_node_interfaces.cpp
[4.509s] -- Up-to-date: /home/choi/marker_ws/install/robot_localization/share/robot_localization/test/test_ekf_localization_node_interfaces.launch.py
[4.509s] -- Up-to-date: /home/choi/marker_ws/install/robot_localization/share/robot_localization/test/test_navsat_conversions.cpp
[4.509s] -- Up-to-date: /home/choi/marker_ws/install/robot_localization/share/robot_localization/test/test_ukf.cpp
[4.509s] -- Up-to-date: /home/choi/marker_ws/install/robot_localization/share/robot_localization/test/test_ukf_localization_node_bag2.sh
[4.510s] -- Up-to-date: /home/choi/marker_ws/install/robot_localization/share/robot_localization/test/test_ekf_localization_node_bag1.yaml
[4.510s] -- Up-to-date: /home/choi/marker_ws/install/robot_localization/share/robot_localization/test/test_ukf_localization_node_bag1.launch.py
[4.510s] -- Up-to-date: /home/choi/marker_ws/install/robot_localization/share/robot_localization/test/test_filter_base_diagnostics_timestamps.cpp
[4.510s] -- Up-to-date: /home/choi/marker_ws/install/robot_localization/share/robot_localization/test/test_ukf_localization_node_bag1.sh
[4.512s] -- Up-to-date: /home/choi/marker_ws/install/robot_localization/share/robot_localization/test/test_ukf_localization_node_bag3.launch.py
[4.512s] -- Up-to-date: /home/choi/marker_ws/install/robot_localization/share/robot_localization/test/test_ukf_localization_node_bag1.yaml
[4.512s] -- Up-to-date: /home/choi/marker_ws/install/robot_localization/share/robot_localization/test/test_ekf.cpp
[4.512s] -- Up-to-date: /home/choi/marker_ws/install/robot_localization/share/robot_localization/test/test_ukf_localization_node_bag2.launch.py
[4.513s] -- Up-to-date: /home/choi/marker_ws/install/robot_localization/share/robot_localization/test/test_ros_robot_localization_listener.cpp
[4.513s] -- Up-to-date: /home/choi/marker_ws/install/robot_localization/share/robot_localization/test/test2.bag
[4.513s] -- Up-to-date: /home/choi/marker_ws/install/robot_localization/share/robot_localization/test/test_ros_robot_localization_listener.yaml
[4.513s] -- Up-to-date: /home/choi/marker_ws/install/robot_localization/share/robot_localization/test/test_ekf_localization_node_interfaces.yaml
[4.513s] -- Up-to-date: /home/choi/marker_ws/install/robot_localization/share/robot_localization/test/test_ekf_localization_node_bag2.yaml
[4.514s] -- Up-to-date: /home/choi/marker_ws/install/robot_localization/share/robot_localization/test/test_ukf_localization_node_interfaces.launch.py
[4.516s] -- Up-to-date: /home/choi/marker_ws/install/robot_localization/share/robot_localization/test/test_ekf_localization_node_bag3.launch.py
[4.516s] -- Up-to-date: /home/choi/marker_ws/install/robot_localization/share/robot_localization/test/test_navsat_transform.launch.py
[4.517s] -- Up-to-date: /home/choi/marker_ws/install/robot_localization/share/robot_localization/test/test_ekf_localization_node_bag3.sh
[4.517s] -- Up-to-date: /home/choi/marker_ws/install/robot_localization/share/robot_localization/test/test_filter_base_diagnostics_timestamps.yaml
[4.517s] -- Up-to-date: /home/choi/marker_ws/install/robot_localization/share/robot_localization/test/test_ros_robot_localization_listener_publisher.cpp
[4.518s] -- Up-to-date: /home/choi/marker_ws/install/robot_localization/share/robot_localization/test/test_ekf_localization_node_bag1.launch.py
[4.518s] -- Up-to-date: /home/choi/marker_ws/install/robot_localization/share/robot_localization/test/test_ekf_localization_node_bag3.yaml
[4.518s] -- Up-to-date: /home/choi/marker_ws/install/robot_localization/share/robot_localization/test/test_localization_node_bag_pose_tester.cpp
[4.520s] -- Up-to-date: /home/choi/marker_ws/install/robot_localization/share/robot_localization/test/test_robot_localization_estimator.launch.py
[4.520s] -- Up-to-date: /home/choi/marker_ws/install/robot_localization/share/robot_localization/test/test3.bag
[4.521s] -- Up-to-date: /home/choi/marker_ws/install/robot_localization/share/robot_localization/test/test_ekf_localization_node_bag1.sh
[4.521s] -- Up-to-date: /home/choi/marker_ws/install/robot_localization/share/robot_localization/test/test_robot_localization_estimator.cpp
[4.521s] -- Up-to-date: /home/choi/marker_ws/install/robot_localization/share/robot_localization/test/test_ukf_localization_node_bag3.sh
[4.521s] -- Up-to-date: /home/choi/marker_ws/install/robot_localization/include
[4.521s] -- Up-to-date: /home/choi/marker_ws/install/robot_localization/include/robot_localization
[4.522s] -- Up-to-date: /home/choi/marker_ws/install/robot_localization/include/robot_localization/ukf.hpp
[4.522s] -- Up-to-date: /home/choi/marker_ws/install/robot_localization/include/robot_localization/measurement.hpp
[4.522s] -- Up-to-date: /home/choi/marker_ws/install/robot_localization/include/robot_localization/navsat_conversions.hpp
[4.522s] -- Up-to-date: /home/choi/marker_ws/install/robot_localization/include/robot_localization/robot_localization_estimator.hpp
[4.523s] -- Up-to-date: /home/choi/marker_ws/install/robot_localization/include/robot_localization/ros_filter_utilities.hpp
[4.523s] -- Up-to-date: /home/choi/marker_ws/install/robot_localization/include/robot_localization/filter_base.hpp
[4.523s] -- Up-to-date: /home/choi/marker_ws/install/robot_localization/include/robot_localization/ros_filter.hpp
[4.523s] -- Up-to-date: /home/choi/marker_ws/install/robot_localization/include/robot_localization/ros_filter_types.hpp
[4.523s] -- Up-to-date: /home/choi/marker_ws/install/robot_localization/include/robot_localization/filter_state.hpp
[4.524s] -- Up-to-date: /home/choi/marker_ws/install/robot_localization/include/robot_localization/filter_utilities.hpp
[4.526s] -- Up-to-date: /home/choi/marker_ws/install/robot_localization/include/robot_localization/filter_common.hpp
[4.528s] -- Up-to-date: /home/choi/marker_ws/install/robot_localization/include/robot_localization/ekf.hpp
[4.528s] -- Up-to-date: /home/choi/marker_ws/install/robot_localization/include/robot_localization/ros_robot_localization_listener.hpp
[4.528s] -- Up-to-date: /home/choi/marker_ws/install/robot_localization/include/robot_localization/navsat_transform.hpp
[4.528s] -- Up-to-date: /home/choi/marker_ws/install/robot_localization/share/robot_localization/params
[4.528s] -- Up-to-date: /home/choi/marker_ws/install/robot_localization/share/robot_localization/params/ukf.yaml
[4.528s] -- Up-to-date: /home/choi/marker_ws/install/robot_localization/share/robot_localization/params/dual_ekf_navsat_example.yaml
[4.528s] -- Up-to-date: /home/choi/marker_ws/install/robot_localization/share/robot_localization/params/navsat_transform.yaml
[4.528s] -- Up-to-date: /home/choi/marker_ws/install/robot_localization/share/robot_localization/params/ekf.yaml
[4.528s] -- Up-to-date: /home/choi/marker_ws/install/robot_localization/share/robot_localization/launch
[4.528s] -- Up-to-date: /home/choi/marker_ws/install/robot_localization/share/robot_localization/launch/navsat_transform.launch.py
[4.529s] -- Up-to-date: /home/choi/marker_ws/install/robot_localization/share/robot_localization/launch/ukf.launch.py
[4.529s] -- Up-to-date: /home/choi/marker_ws/install/robot_localization/share/robot_localization/launch/ekf.launch.py
[4.529s] -- Up-to-date: /home/choi/marker_ws/install/robot_localization/share/robot_localization/launch/dual_ekf_navsat_example.launch.py
[4.546s] -- Up-to-date: /home/choi/marker_ws/install/robot_localization/share/robot_localization/cmake/robot_localization__rosidl_generator_cExport.cmake
[4.546s] -- Up-to-date: /home/choi/marker_ws/install/robot_localization/share/robot_localization/cmake/robot_localization__rosidl_generator_cExport-relwithdebinfo.cmake
[4.558s] -- Up-to-date: /home/choi/marker_ws/install/robot_localization/share/robot_localization/cmake/robot_localization__rosidl_typesupport_introspection_cExport.cmake
[4.558s] -- Up-to-date: /home/choi/marker_ws/install/robot_localization/share/robot_localization/cmake/robot_localization__rosidl_typesupport_introspection_cExport-relwithdebinfo.cmake
[4.559s] -- Up-to-date: /home/choi/marker_ws/install/robot_localization/share/robot_localization/cmake/robot_localization__rosidl_typesupport_cExport.cmake
[4.559s] -- Up-to-date: /home/choi/marker_ws/install/robot_localization/share/robot_localization/cmake/robot_localization__rosidl_typesupport_cExport-relwithdebinfo.cmake
[4.559s] -- Up-to-date: /home/choi/marker_ws/install/robot_localization/share/robot_localization/cmake/robot_localization__rosidl_generator_cppExport.cmake
[4.560s] -- Up-to-date: /home/choi/marker_ws/install/robot_localization/share/robot_localization/cmake/robot_localization__rosidl_typesupport_introspection_cppExport.cmake
[4.560s] -- Up-to-date: /home/choi/marker_ws/install/robot_localization/share/robot_localization/cmake/robot_localization__rosidl_typesupport_introspection_cppExport-relwithdebinfo.cmake
[4.560s] -- Up-to-date: /home/choi/marker_ws/install/robot_localization/share/robot_localization/cmake/robot_localization__rosidl_typesupport_cppExport.cmake
[4.560s] -- Up-to-date: /home/choi/marker_ws/install/robot_localization/share/robot_localization/cmake/robot_localization__rosidl_typesupport_cppExport-relwithdebinfo.cmake
[4.637s] Invoked command in '/home/choi/marker_ws/build/robot_localization' returned '0': CMAKE_PREFIX_PATH=${CMAKE_PREFIX_PATH}:/home/choi/marker_ws/install/ros2_aruco:/home/choi/marker_ws/install/omo_r1mini_teleop:/home/choi/marker_ws/install/omo_r1mini_navigation2:/home/choi/marker_ws/install/omo_r1mini_bringup:/home/choi/marker_ws/install/exp_logger:/home/choi/marker_ws/install/camera_calibration:/opt/ros/foxy /home/choi/.local/bin/cmake --install /home/choi/marker_ws/build/robot_localization
