[0.804s] Invoking command in '/home/choi/marker_ws/build/robot_localization': CMAKE_PREFIX_PATH=${CMAKE_PREFIX_PATH}:/home/choi/marker_ws/install/ros2_aruco:/home/choi/marker_ws/install/omo_r1mini_teleop:/home/choi/marker_ws/install/omo_r1mini_navigation2:/home/choi/marker_ws/install/omo_r1mini_bringup:/home/choi/marker_ws/install/exp_logger:/home/choi/marker_ws/install/camera_calibration:/opt/ros/foxy /home/choi/.local/bin/cmake /home/choi/marker_ws/src/robot_localization-foxy-devel -DAMENT_CMAKE_SYMLINK_INSTALL=1 -DCMAKE_INSTALL_PREFIX=/home/choi/marker_ws/install/robot_localization
[0.862s] -- robot_localization: You did not request a specific build type: selecting 'RelWithDebInfo'.
[0.862s] -- Found ament_cmake: 0.9.12 (/opt/ros/foxy/share/ament_cmake/cmake)
[0.890s] -- Found PythonInterp: /usr/bin/python3 (found suitable version "3.8.10", minimum required is "3") 
[0.890s] -- Using PYTHON_EXECUTABLE: /usr/bin/python3
[1.236s] -- Override CMake install command with custom implementation using symlinks instead of copying resources
[1.248s] -- Found rclcpp: 2.4.3 (/opt/ros/foxy/share/rclcpp/cmake)
[1.317s] -- Using all available rosidl_typesupport_c: rosidl_typesupport_fastrtps_c;rosidl_typesupport_introspection_c
[1.323s] -- Found rosidl_adapter: 1.3.1 (/opt/ros/foxy/share/rosidl_adapter/cmake)
[1.576s] -- Using all available rosidl_typesupport_cpp: rosidl_typesupport_fastrtps_cpp;rosidl_typesupport_introspection_cpp
[1.662s] -- Found rmw_implementation_cmake: 1.0.4 (/opt/ros/foxy/share/rmw_implementation_cmake/cmake)
[1.662s] -- Using RMW implementation 'rmw_fastrtps_cpp' as default
[1.873s] -- Found diagnostic_msgs: 2.0.5 (/opt/ros/foxy/share/diagnostic_msgs/cmake)
[1.908s] -- Found diagnostic_updater: 3.1.2 (/opt/ros/foxy/share/diagnostic_updater/cmake)
[1.927s] -- Found geographic_msgs: 1.0.4 (/opt/ros/foxy/share/geographic_msgs/cmake)
[2.078s] -- Found nav_msgs: 2.0.5 (/opt/ros/foxy/share/nav_msgs/cmake)
[2.157s] -- Found rosidl_default_generators: 1.0.1 (/opt/ros/foxy/share/rosidl_default_generators/cmake)
[2.169s] -- Found sensor_msgs: 2.0.5 (/opt/ros/foxy/share/sensor_msgs/cmake)
[2.243s] -- Found std_srvs: 2.0.5 (/opt/ros/foxy/share/std_srvs/cmake)
[2.261s] -- Found tf2: 0.13.14 (/opt/ros/foxy/share/tf2/cmake)
[2.271s] -- Found tf2_eigen: 0.13.14 (/opt/ros/foxy/share/tf2_eigen/cmake)
[2.865s] -- Found tf2_geometry_msgs: 0.13.14 (/opt/ros/foxy/share/tf2_geometry_msgs/cmake)
[2.935s] -- Found yaml_cpp_vendor: 7.0.3 (/opt/ros/foxy/share/yaml_cpp_vendor/cmake)
[2.935s] -- Setting yaml-cpp_DIR to: '/opt/ros/foxy/share/yaml_cpp_vendor/cmake/../../../opt/yaml_cpp_vendor/lib/cmake/yaml-cpp'
[2.984s] -- Found PythonInterp: /usr/bin/python3 (found version "3.8.10") 
[3.469s] -- Found ament_cmake_cppcheck: 0.9.8 (/opt/ros/foxy/share/ament_cmake_cppcheck/cmake)
[3.470s] -- Found ament_cmake_cpplint: 0.9.8 (/opt/ros/foxy/share/ament_cmake_cpplint/cmake)
[3.473s] -- Found ament_cmake_uncrustify: 0.9.8 (/opt/ros/foxy/share/ament_cmake_uncrustify/cmake)
[3.474s] -- Found ament_cmake_ros: 0.9.2 (/opt/ros/foxy/share/ament_cmake_ros/cmake)
[4.033s] -- Using all available rosidl_typesupport_c: rosidl_typesupport_fastrtps_c;rosidl_typesupport_introspection_c
[4.213s] -- Using all available rosidl_typesupport_cpp: rosidl_typesupport_fastrtps_cpp;rosidl_typesupport_introspection_cpp
[4.270s] -- Found PythonInterp: /usr/bin/python3 (found suitable version "3.8.10", minimum required is "3.5") 
[4.270s] -- Found python_cmake_module: 0.8.1 (/opt/ros/foxy/share/python_cmake_module/cmake)
[4.310s] -- Using PYTHON_EXECUTABLE: /usr/bin/python3
[4.310s] -- Using PYTHON_INCLUDE_DIRS: /usr/include/python3.8
[4.311s] -- Using PYTHON_LIBRARIES: /usr/lib/x86_64-linux-gnu/libpython3.8.so
[4.441s] -- Found ament_cmake_flake8: 0.9.8 (/opt/ros/foxy/share/ament_cmake_flake8/cmake)
[4.441s] -- Found ament_cmake_pep257: 0.9.8 (/opt/ros/foxy/share/ament_cmake_pep257/cmake)
[4.463s] -- Found ament_cmake_lint_cmake: 0.9.8 (/opt/ros/foxy/share/ament_cmake_lint_cmake/cmake)
[4.464s] -- Found launch_testing_ament_cmake: 0.10.10 (/opt/ros/foxy/share/launch_testing_ament_cmake/cmake)
[4.498s] -- Using PYTHON_EXECUTABLE: /usr/bin/python3
[4.498s] -- Using PYTHON_INCLUDE_DIRS: /usr/include/python3.8
[4.498s] -- Using PYTHON_LIBRARIES: /usr/lib/x86_64-linux-gnu/libpython3.8.so
[4.499s] -- Found gtest sources under '/opt/ros/foxy/src/gtest_vendor': C++ tests using 'Google Test' will be built
[4.536s] -- Configuring done (3.7s)
[4.897s] -- Generating done (0.3s)
[4.926s] -- Build files have been written to: /home/choi/marker_ws/build/robot_localization
[4.985s] Invoked command in '/home/choi/marker_ws/build/robot_localization' returned '0': CMAKE_PREFIX_PATH=${CMAKE_PREFIX_PATH}:/home/choi/marker_ws/install/ros2_aruco:/home/choi/marker_ws/install/omo_r1mini_teleop:/home/choi/marker_ws/install/omo_r1mini_navigation2:/home/choi/marker_ws/install/omo_r1mini_bringup:/home/choi/marker_ws/install/exp_logger:/home/choi/marker_ws/install/camera_calibration:/opt/ros/foxy /home/choi/.local/bin/cmake /home/choi/marker_ws/src/robot_localization-foxy-devel -DAMENT_CMAKE_SYMLINK_INSTALL=1 -DCMAKE_INSTALL_PREFIX=/home/choi/marker_ws/install/robot_localization
[4.987s] Invoking command in '/home/choi/marker_ws/build/robot_localization': CMAKE_PREFIX_PATH=${CMAKE_PREFIX_PATH}:/home/choi/marker_ws/install/ros2_aruco:/home/choi/marker_ws/install/omo_r1mini_teleop:/home/choi/marker_ws/install/omo_r1mini_navigation2:/home/choi/marker_ws/install/omo_r1mini_bringup:/home/choi/marker_ws/install/exp_logger:/home/choi/marker_ws/install/camera_calibration:/opt/ros/foxy /home/choi/.local/bin/cmake --build /home/choi/marker_ws/build/robot_localization -- -j12 -l12
[5.246s] [  1%] Built target robot_localization__cpp
[5.249s] [  8%] Built target robot_localization__rosidl_generator_c
[5.254s] [  9%] Built target gtest_main
[5.270s] [ 11%] Built target gtest
[5.359s] [ 18%] Built target robot_localization__rosidl_typesupport_cpp
[5.370s] [ 19%] [32m[1mLinking CXX shared library librobot_localization__rosidl_typesupport_fastrtps_cpp.so[0m
[5.451s] [ 26%] Built target robot_localization__rosidl_typesupport_introspection_c
[5.452s] [ 33%] Built target robot_localization__rosidl_typesupport_introspection_cpp
[5.454s] [ 40%] Built target robot_localization__rosidl_typesupport_c
[5.677s] [ 46%] Built target robot_localization__rosidl_typesupport_fastrtps_cpp
[5.744s] [ 47%] [32m[1mLinking CXX shared library librobot_localization__rosidl_typesupport_fastrtps_c.so[0m
[5.961s] [ 53%] Built target robot_localization__rosidl_typesupport_fastrtps_c
[6.013s] [ 53%] Built target robot_localization
[6.042s] [ 54%] Built target robot_localization__py
[6.075s] [ 55%] [32m[1mLinking C shared library rosidl_generator_py/robot_localization/librobot_localization__python.so[0m
[6.123s] [ 56%] [32mBuilding CXX object CMakeFiles/rl_lib.dir/src/ekf.cpp.o[0m
[6.132s] [ 57%] [32mBuilding CXX object CMakeFiles/rl_lib.dir/src/filter_base.cpp.o[0m
[6.149s] [ 59%] [32mBuilding CXX object CMakeFiles/rl_lib.dir/src/ukf.cpp.o[0m
[6.150s] [ 59%] [32mBuilding CXX object CMakeFiles/rl_lib.dir/src/filter_utilities.cpp.o[0m
[6.154s] [ 64%] Built target robot_localization__python
[6.190s] [ 65%] [32mBuilding CXX object CMakeFiles/rl_lib.dir/src/navsat_transform.cpp.o[0m
[6.202s] [ 65%] [32mBuilding CXX object CMakeFiles/rl_lib.dir/src/robot_localization_estimator.cpp.o[0m
[6.216s] [ 66%] [32mBuilding CXX object CMakeFiles/rl_lib.dir/src/ros_filter.cpp.o[0m
[6.274s] [ 67%] [32m[1mLinking CXX shared library rosidl_generator_py/robot_localization/robot_localization_s__rosidl_typesupport_fastrtps_c.cpython-38-x86_64-linux-gnu.so[0m
[6.274s] [ 68%] [32m[1mLinking C shared library rosidl_generator_py/robot_localization/robot_localization_s__rosidl_typesupport_introspection_c.cpython-38-x86_64-linux-gnu.so[0m
[6.285s] [ 68%] [32m[1mLinking C shared library rosidl_generator_py/robot_localization/robot_localization_s__rosidl_typesupport_c.cpython-38-x86_64-linux-gnu.so[0m
[6.305s] [ 69%] [32mBuilding CXX object CMakeFiles/rl_lib.dir/src/ros_filter_utilities.cpp.o[0m
[6.326s] [ 70%] [32mBuilding CXX object CMakeFiles/rl_lib.dir/src/ros_robot_localization_listener.cpp.o[0m
[6.434s] [ 71%] Built target robot_localization__rosidl_typesupport_introspection_c__pyext
[6.477s] [ 72%] Built target robot_localization__rosidl_typesupport_c__pyext
[6.554s] [ 73%] Built target robot_localization__rosidl_typesupport_fastrtps_c__pyext
[65.836s] [ 74%] [32m[1mLinking CXX shared library librl_lib.so[0m
[67.000s] [ 74%] Built target rl_lib
[67.027s] [ 74%] [32mBuilding CXX object CMakeFiles/ekf_node.dir/src/ekf_node.cpp.o[0m
[67.093s] [ 74%] [32mBuilding CXX object CMakeFiles/test_navsat_conversions.dir/test/test_navsat_conversions.cpp.o[0m
[67.093s] [ 75%] [32mBuilding CXX object CMakeFiles/filter_base-test.dir/test/test_filter_base.cpp.o[0m
[67.093s] [ 76%] [32mBuilding CXX object CMakeFiles/test_navsat_transform.dir/test/test_navsat_transform.cpp.o[0m
[67.094s] [ 77%] [32mBuilding CXX object CMakeFiles/navsat_transform_node.dir/src/navsat_transform_node.cpp.o[0m
[67.095s] [ 78%] [32mBuilding CXX object CMakeFiles/ukf_node.dir/src/ukf_node.cpp.o[0m
[67.096s] [ 79%] [32mBuilding CXX object CMakeFiles/robot_localization_listener_node.dir/src/robot_localization_listener_node.cpp.o[0m
[67.096s] [ 80%] [32mBuilding CXX object CMakeFiles/test_ekf.dir/test/test_ekf.cpp.o[0m
[67.096s] [ 82%] [32mBuilding CXX object CMakeFiles/test_robot_localization_estimator.dir/test/test_robot_localization_estimator.cpp.o[0m
[67.096s] [ 82%] [32mBuilding CXX object CMakeFiles/test_ukf.dir/test/test_ukf.cpp.o[0m
[67.096s] [ 83%] [32mBuilding CXX object CMakeFiles/test_ros_robot_localization_listener.dir/test/test_ros_robot_localization_listener.cpp.o[0m
[67.097s] [ 83%] [32mBuilding CXX object CMakeFiles/test_ros_robot_localization_listener_publisher.dir/test/test_ros_robot_localization_listener_publisher.cpp.o[0m
[68.861s] [ 84%] [32m[1mLinking CXX executable test_navsat_conversions[0m
[69.168s] [ 84%] Built target test_navsat_conversions
[71.639s] [ 85%] [32m[1mLinking CXX executable navsat_transform_node[0m
[71.768s] [ 86%] [32m[1mLinking CXX executable filter_base-test[0m
[71.928s] [ 86%] Built target navsat_transform_node
[72.203s] [ 86%] Built target filter_base-test
[74.114s] [ 86%] [32m[1mLinking CXX executable robot_localization_listener_node[0m
[74.138s] [ 87%] [32m[1mLinking CXX executable test_navsat_transform[0m
[74.433s] [ 87%] Built target robot_localization_listener_node
[74.450s] [ 88%] [32m[1mLinking CXX executable ekf_node[0m
[74.495s] [ 89%] [32m[1mLinking CXX executable test_robot_localization_estimator[0m
[74.527s] [ 89%] Built target test_navsat_transform
[74.662s] [ 89%] Built target ekf_node
[74.692s] [ 90%] [32mBuilding CXX object CMakeFiles/test_ekf_localization_node_interfaces.dir/test/test_ekf_localization_node_interfaces.cpp.o[0m
[74.692s] [ 91%] [32mBuilding CXX object CMakeFiles/test_filter_base_diagnostics_timestamps.dir/test/test_filter_base_diagnostics_timestamps.cpp.o[0m
[74.740s] [ 92%] [32m[1mLinking CXX executable test_ros_robot_localization_listener[0m
[74.924s] [ 92%] Built target test_robot_localization_estimator
[75.058s] [ 93%] [32m[1mLinking CXX executable ukf_node[0m
[75.085s] [ 93%] Built target test_ros_robot_localization_listener
[75.266s] [ 93%] Built target ukf_node
[75.288s] [ 94%] [32mBuilding CXX object CMakeFiles/test_ukf_localization_node_interfaces.dir/test/test_ukf_localization_node_interfaces.cpp.o[0m
[75.621s] [ 95%] [32m[1mLinking CXX executable test_ekf[0m
[75.912s] [ 95%] Built target test_ekf
[76.520s] [ 96%] [32m[1mLinking CXX executable test_ukf[0m
[76.811s] [ 96%] Built target test_ukf
[77.755s] [ 97%] [32m[1mLinking CXX executable test_ros_robot_localization_listener_publisher[0m
[77.950s] [ 97%] Built target test_ros_robot_localization_listener_publisher
[92.102s] [ 98%] [32m[1mLinking CXX executable test_filter_base_diagnostics_timestamps[0m
[92.465s] [ 98%] Built target test_filter_base_diagnostics_timestamps
[95.000s] [ 99%] [32m[1mLinking CXX executable test_ekf_localization_node_interfaces[0m
[95.363s] [ 99%] Built target test_ekf_localization_node_interfaces
[95.367s] [100%] [32m[1mLinking CXX executable test_ukf_localization_node_interfaces[0m
[95.704s] [100%] Built target test_ukf_localization_node_interfaces
[95.726s] Invoked command in '/home/choi/marker_ws/build/robot_localization' returned '0': CMAKE_PREFIX_PATH=${CMAKE_PREFIX_PATH}:/home/choi/marker_ws/install/ros2_aruco:/home/choi/marker_ws/install/omo_r1mini_teleop:/home/choi/marker_ws/install/omo_r1mini_navigation2:/home/choi/marker_ws/install/omo_r1mini_bringup:/home/choi/marker_ws/install/exp_logger:/home/choi/marker_ws/install/camera_calibration:/opt/ros/foxy /home/choi/.local/bin/cmake --build /home/choi/marker_ws/build/robot_localization -- -j12 -l12
[96.020s] Invoking command in '/home/choi/marker_ws/build/robot_localization': CMAKE_PREFIX_PATH=${CMAKE_PREFIX_PATH}:/home/choi/marker_ws/install/ros2_aruco:/home/choi/marker_ws/install/omo_r1mini_teleop:/home/choi/marker_ws/install/omo_r1mini_navigation2:/home/choi/marker_ws/install/omo_r1mini_bringup:/home/choi/marker_ws/install/exp_logger:/home/choi/marker_ws/install/camera_calibration:/opt/ros/foxy /home/choi/.local/bin/cmake --install /home/choi/marker_ws/build/robot_localization
[96.059s] -- Install configuration: "RelWithDebInfo"
[96.060s] -- Execute custom install script
[96.061s] -- Symlinking: /home/choi/marker_ws/install/robot_localization/share/ament_index/resource_index/rosidl_interfaces/robot_localization
[96.067s] -- Symlinking: /home/choi/marker_ws/install/robot_localization/include/robot_localization/msg/rosidl_generator_c__visibility_control.h
[96.072s] -- Symlinking: /home/choi/marker_ws/install/robot_localization/include/robot_localization/srv/detail/from_ll__functions.h
[96.077s] -- Symlinking: /home/choi/marker_ws/install/robot_localization/include/robot_localization/srv/detail/from_ll__struct.h
[96.080s] -- Symlinking: /home/choi/marker_ws/install/robot_localization/include/robot_localization/srv/detail/from_ll__type_support.h
[96.083s] -- Symlinking: /home/choi/marker_ws/install/robot_localization/include/robot_localization/srv/detail/get_state__functions.h
[96.086s] -- Symlinking: /home/choi/marker_ws/install/robot_localization/include/robot_localization/srv/detail/get_state__struct.h
[96.089s] -- Symlinking: /home/choi/marker_ws/install/robot_localization/include/robot_localization/srv/detail/get_state__type_support.h
[96.093s] -- Symlinking: /home/choi/marker_ws/install/robot_localization/include/robot_localization/srv/detail/set_datum__functions.h
[96.096s] -- Symlinking: /home/choi/marker_ws/install/robot_localization/include/robot_localization/srv/detail/set_datum__struct.h
[96.099s] -- Symlinking: /home/choi/marker_ws/install/robot_localization/include/robot_localization/srv/detail/set_datum__type_support.h
[96.103s] -- Symlinking: /home/choi/marker_ws/install/robot_localization/include/robot_localization/srv/detail/set_pose__functions.h
[96.106s] -- Symlinking: /home/choi/marker_ws/install/robot_localization/include/robot_localization/srv/detail/set_pose__struct.h
[96.109s] -- Symlinking: /home/choi/marker_ws/install/robot_localization/include/robot_localization/srv/detail/set_pose__type_support.h
[96.112s] -- Symlinking: /home/choi/marker_ws/install/robot_localization/include/robot_localization/srv/detail/to_ll__functions.h
[96.116s] -- Symlinking: /home/choi/marker_ws/install/robot_localization/include/robot_localization/srv/detail/to_ll__struct.h
[96.119s] -- Symlinking: /home/choi/marker_ws/install/robot_localization/include/robot_localization/srv/detail/to_ll__type_support.h
[96.122s] -- Symlinking: /home/choi/marker_ws/install/robot_localization/include/robot_localization/srv/detail/toggle_filter_processing__functions.h
[96.125s] -- Symlinking: /home/choi/marker_ws/install/robot_localization/include/robot_localization/srv/detail/toggle_filter_processing__struct.h
[96.128s] -- Symlinking: /home/choi/marker_ws/install/robot_localization/include/robot_localization/srv/detail/toggle_filter_processing__type_support.h
[96.131s] -- Symlinking: /home/choi/marker_ws/install/robot_localization/include/robot_localization/srv/from_ll.h
[96.134s] -- Symlinking: /home/choi/marker_ws/install/robot_localization/include/robot_localization/srv/get_state.h
[96.137s] -- Symlinking: /home/choi/marker_ws/install/robot_localization/include/robot_localization/srv/set_datum.h
[96.141s] -- Symlinking: /home/choi/marker_ws/install/robot_localization/include/robot_localization/srv/set_pose.h
[96.145s] -- Symlinking: /home/choi/marker_ws/install/robot_localization/include/robot_localization/srv/to_ll.h
[96.148s] -- Symlinking: /home/choi/marker_ws/install/robot_localization/include/robot_localization/srv/toggle_filter_processing.h
[96.152s] -- Symlinking: /home/choi/marker_ws/install/robot_localization/share/robot_localization/environment/library_path.sh
[96.155s] -- Symlinking: /home/choi/marker_ws/install/robot_localization/share/robot_localization/environment/library_path.dsv
[96.159s] -- Symlinking: /home/choi/marker_ws/install/robot_localization/include/robot_localization/msg/rosidl_typesupport_fastrtps_c__visibility_control.h
[96.162s] -- Symlinking: /home/choi/marker_ws/install/robot_localization/include/robot_localization/srv/detail/from_ll__rosidl_typesupport_fastrtps_c.h
[96.165s] -- Symlinking: /home/choi/marker_ws/install/robot_localization/include/robot_localization/srv/detail/get_state__rosidl_typesupport_fastrtps_c.h
[96.168s] -- Symlinking: /home/choi/marker_ws/install/robot_localization/include/robot_localization/srv/detail/set_datum__rosidl_typesupport_fastrtps_c.h
[96.171s] -- Symlinking: /home/choi/marker_ws/install/robot_localization/include/robot_localization/srv/detail/set_pose__rosidl_typesupport_fastrtps_c.h
[96.174s] -- Symlinking: /home/choi/marker_ws/install/robot_localization/include/robot_localization/srv/detail/to_ll__rosidl_typesupport_fastrtps_c.h
[96.177s] -- Symlinking: /home/choi/marker_ws/install/robot_localization/include/robot_localization/srv/detail/toggle_filter_processing__rosidl_typesupport_fastrtps_c.h
[96.181s] -- Symlinking: /home/choi/marker_ws/install/robot_localization/lib/librobot_localization__rosidl_typesupport_fastrtps_c.so
[96.185s] -- Symlinking: /home/choi/marker_ws/install/robot_localization/include/robot_localization/msg/rosidl_typesupport_fastrtps_cpp__visibility_control.h
[96.190s] -- Symlinking: /home/choi/marker_ws/install/robot_localization/include/robot_localization/srv/detail/from_ll__rosidl_typesupport_fastrtps_cpp.hpp
[96.193s] -- Symlinking: /home/choi/marker_ws/install/robot_localization/include/robot_localization/srv/detail/get_state__rosidl_typesupport_fastrtps_cpp.hpp
[96.197s] -- Symlinking: /home/choi/marker_ws/install/robot_localization/include/robot_localization/srv/detail/set_datum__rosidl_typesupport_fastrtps_cpp.hpp
[96.201s] -- Symlinking: /home/choi/marker_ws/install/robot_localization/include/robot_localization/srv/detail/set_pose__rosidl_typesupport_fastrtps_cpp.hpp
[96.204s] -- Symlinking: /home/choi/marker_ws/install/robot_localization/include/robot_localization/srv/detail/to_ll__rosidl_typesupport_fastrtps_cpp.hpp
[96.208s] -- Symlinking: /home/choi/marker_ws/install/robot_localization/include/robot_localization/srv/detail/toggle_filter_processing__rosidl_typesupport_fastrtps_cpp.hpp
[96.212s] -- Symlinking: /home/choi/marker_ws/install/robot_localization/lib/librobot_localization__rosidl_typesupport_fastrtps_cpp.so
[96.216s] -- Symlinking: /home/choi/marker_ws/install/robot_localization/include/robot_localization/msg/rosidl_typesupport_introspection_c__visibility_control.h
[96.219s] -- Symlinking: /home/choi/marker_ws/install/robot_localization/include/robot_localization/srv/detail/from_ll__rosidl_typesupport_introspection_c.h
[96.222s] -- Symlinking: /home/choi/marker_ws/install/robot_localization/include/robot_localization/srv/detail/get_state__rosidl_typesupport_introspection_c.h
[96.226s] -- Symlinking: /home/choi/marker_ws/install/robot_localization/include/robot_localization/srv/detail/set_datum__rosidl_typesupport_introspection_c.h
[96.229s] -- Symlinking: /home/choi/marker_ws/install/robot_localization/include/robot_localization/srv/detail/set_pose__rosidl_typesupport_introspection_c.h
[96.232s] -- Symlinking: /home/choi/marker_ws/install/robot_localization/include/robot_localization/srv/detail/to_ll__rosidl_typesupport_introspection_c.h
[96.235s] -- Symlinking: /home/choi/marker_ws/install/robot_localization/include/robot_localization/srv/detail/toggle_filter_processing__rosidl_typesupport_introspection_c.h
[96.239s] -- Symlinking: /home/choi/marker_ws/install/robot_localization/include/robot_localization/msg/rosidl_generator_cpp__visibility_control.hpp
[96.242s] -- Symlinking: /home/choi/marker_ws/install/robot_localization/include/robot_localization/srv/detail/from_ll__builder.hpp
[96.245s] -- Symlinking: /home/choi/marker_ws/install/robot_localization/include/robot_localization/srv/detail/from_ll__struct.hpp
[96.248s] -- Symlinking: /home/choi/marker_ws/install/robot_localization/include/robot_localization/srv/detail/from_ll__traits.hpp
[96.251s] -- Symlinking: /home/choi/marker_ws/install/robot_localization/include/robot_localization/srv/detail/from_ll__type_support.hpp
[96.254s] -- Symlinking: /home/choi/marker_ws/install/robot_localization/include/robot_localization/srv/detail/get_state__builder.hpp
[96.257s] -- Symlinking: /home/choi/marker_ws/install/robot_localization/include/robot_localization/srv/detail/get_state__struct.hpp
[96.263s] -- Symlinking: /home/choi/marker_ws/install/robot_localization/include/robot_localization/srv/detail/get_state__traits.hpp
[96.266s] -- Symlinking: /home/choi/marker_ws/install/robot_localization/include/robot_localization/srv/detail/get_state__type_support.hpp
[96.269s] -- Symlinking: /home/choi/marker_ws/install/robot_localization/include/robot_localization/srv/detail/set_datum__builder.hpp
[96.273s] -- Symlinking: /home/choi/marker_ws/install/robot_localization/include/robot_localization/srv/detail/set_datum__struct.hpp
[96.279s] -- Symlinking: /home/choi/marker_ws/install/robot_localization/include/robot_localization/srv/detail/set_datum__traits.hpp
[96.284s] -- Symlinking: /home/choi/marker_ws/install/robot_localization/include/robot_localization/srv/detail/set_datum__type_support.hpp
[96.289s] -- Symlinking: /home/choi/marker_ws/install/robot_localization/include/robot_localization/srv/detail/set_pose__builder.hpp
[96.292s] -- Symlinking: /home/choi/marker_ws/install/robot_localization/include/robot_localization/srv/detail/set_pose__struct.hpp
[96.297s] -- Symlinking: /home/choi/marker_ws/install/robot_localization/include/robot_localization/srv/detail/set_pose__traits.hpp
[96.301s] -- Symlinking: /home/choi/marker_ws/install/robot_localization/include/robot_localization/srv/detail/set_pose__type_support.hpp
[96.306s] -- Symlinking: /home/choi/marker_ws/install/robot_localization/include/robot_localization/srv/detail/to_ll__builder.hpp
[96.311s] -- Symlinking: /home/choi/marker_ws/install/robot_localization/include/robot_localization/srv/detail/to_ll__struct.hpp
[96.317s] -- Symlinking: /home/choi/marker_ws/install/robot_localization/include/robot_localization/srv/detail/to_ll__traits.hpp
[96.323s] -- Symlinking: /home/choi/marker_ws/install/robot_localization/include/robot_localization/srv/detail/to_ll__type_support.hpp
[96.327s] -- Symlinking: /home/choi/marker_ws/install/robot_localization/include/robot_localization/srv/detail/toggle_filter_processing__builder.hpp
[96.330s] -- Symlinking: /home/choi/marker_ws/install/robot_localization/include/robot_localization/srv/detail/toggle_filter_processing__struct.hpp
[96.335s] -- Symlinking: /home/choi/marker_ws/install/robot_localization/include/robot_localization/srv/detail/toggle_filter_processing__traits.hpp
[96.338s] -- Symlinking: /home/choi/marker_ws/install/robot_localization/include/robot_localization/srv/detail/toggle_filter_processing__type_support.hpp
[96.342s] -- Symlinking: /home/choi/marker_ws/install/robot_localization/include/robot_localization/srv/from_ll.hpp
[96.347s] -- Symlinking: /home/choi/marker_ws/install/robot_localization/include/robot_localization/srv/get_state.hpp
[96.351s] -- Symlinking: /home/choi/marker_ws/install/robot_localization/include/robot_localization/srv/set_datum.hpp
[96.355s] -- Symlinking: /home/choi/marker_ws/install/robot_localization/include/robot_localization/srv/set_pose.hpp
[96.359s] -- Symlinking: /home/choi/marker_ws/install/robot_localization/include/robot_localization/srv/to_ll.hpp
[96.362s] -- Symlinking: /home/choi/marker_ws/install/robot_localization/include/robot_localization/srv/toggle_filter_processing.hpp
[96.365s] -- Symlinking: /home/choi/marker_ws/install/robot_localization/include/robot_localization/srv/detail/from_ll__rosidl_typesupport_introspection_cpp.hpp
[96.369s] -- Symlinking: /home/choi/marker_ws/install/robot_localization/include/robot_localization/srv/detail/get_state__rosidl_typesupport_introspection_cpp.hpp
[96.372s] -- Symlinking: /home/choi/marker_ws/install/robot_localization/include/robot_localization/srv/detail/set_datum__rosidl_typesupport_introspection_cpp.hpp
[96.378s] -- Symlinking: /home/choi/marker_ws/install/robot_localization/include/robot_localization/srv/detail/set_pose__rosidl_typesupport_introspection_cpp.hpp
[96.382s] -- Symlinking: /home/choi/marker_ws/install/robot_localization/include/robot_localization/srv/detail/to_ll__rosidl_typesupport_introspection_cpp.hpp
[96.388s] -- Symlinking: /home/choi/marker_ws/install/robot_localization/include/robot_localization/srv/detail/toggle_filter_processing__rosidl_typesupport_introspection_cpp.hpp
[96.393s] -- Symlinking: /home/choi/marker_ws/install/robot_localization/share/robot_localization/environment/pythonpath.sh
[96.397s] -- Symlinking: /home/choi/marker_ws/install/robot_localization/share/robot_localization/environment/pythonpath.dsv
[96.401s] -- Symlinking: /home/choi/marker_ws/install/robot_localization/lib/python3.8/site-packages/robot_localization/__init__.py
[96.406s] -- Symlinking: /home/choi/marker_ws/install/robot_localization/lib/python3.8/site-packages/robot_localization/srv/__init__.py
[96.411s] -- Symlinking: /home/choi/marker_ws/install/robot_localization/lib/python3.8/site-packages/robot_localization/srv/_from_ll.py
[96.416s] -- Symlinking: /home/choi/marker_ws/install/robot_localization/lib/python3.8/site-packages/robot_localization/srv/_get_state.py
[96.420s] -- Symlinking: /home/choi/marker_ws/install/robot_localization/lib/python3.8/site-packages/robot_localization/srv/_set_datum.py
[96.423s] -- Symlinking: /home/choi/marker_ws/install/robot_localization/lib/python3.8/site-packages/robot_localization/srv/_set_pose.py
[96.427s] -- Symlinking: /home/choi/marker_ws/install/robot_localization/lib/python3.8/site-packages/robot_localization/srv/_to_ll.py
[96.430s] -- Symlinking: /home/choi/marker_ws/install/robot_localization/lib/python3.8/site-packages/robot_localization/srv/_toggle_filter_processing.py
[96.434s] -- Symlinking: /home/choi/marker_ws/install/robot_localization/lib/python3.8/site-packages/robot_localization/robot_localization_s__rosidl_typesupport_fastrtps_c.cpython-38-x86_64-linux-gnu.so
[96.437s] -- Symlinking: /home/choi/marker_ws/install/robot_localization/lib/python3.8/site-packages/robot_localization/robot_localization_s__rosidl_typesupport_introspection_c.cpython-38-x86_64-linux-gnu.so
[96.443s] -- Symlinking: /home/choi/marker_ws/install/robot_localization/lib/python3.8/site-packages/robot_localization/robot_localization_s__rosidl_typesupport_c.cpython-38-x86_64-linux-gnu.so
[96.448s] -- Symlinking: /home/choi/marker_ws/install/robot_localization/lib/librobot_localization__python.so
[96.453s] -- Symlinking: /home/choi/marker_ws/install/robot_localization/share/robot_localization/srv/FromLL.idl
[96.456s] -- Symlinking: /home/choi/marker_ws/install/robot_localization/share/robot_localization/srv/GetState.idl
[96.459s] -- Symlinking: /home/choi/marker_ws/install/robot_localization/share/robot_localization/srv/SetDatum.idl
[96.463s] -- Symlinking: /home/choi/marker_ws/install/robot_localization/share/robot_localization/srv/SetPose.idl
[96.468s] -- Symlinking: /home/choi/marker_ws/install/robot_localization/share/robot_localization/srv/ToggleFilterProcessing.idl
[96.472s] -- Symlinking: /home/choi/marker_ws/install/robot_localization/share/robot_localization/srv/ToLL.idl
[96.477s] -- Symlinking: /home/choi/marker_ws/install/robot_localization/share/robot_localization/srv/FromLL.srv
[96.481s] -- Symlinking: /home/choi/marker_ws/install/robot_localization/share/robot_localization/srv/FromLL_Request.msg
[96.485s] -- Symlinking: /home/choi/marker_ws/install/robot_localization/share/robot_localization/srv/FromLL_Response.msg
[96.489s] -- Symlinking: /home/choi/marker_ws/install/robot_localization/share/robot_localization/srv/GetState.srv
[96.494s] -- Symlinking: /home/choi/marker_ws/install/robot_localization/share/robot_localization/srv/GetState_Request.msg
[96.501s] -- Symlinking: /home/choi/marker_ws/install/robot_localization/share/robot_localization/srv/GetState_Response.msg
[96.506s] -- Symlinking: /home/choi/marker_ws/install/robot_localization/share/robot_localization/srv/SetDatum.srv
[96.512s] -- Symlinking: /home/choi/marker_ws/install/robot_localization/share/robot_localization/srv/SetDatum_Request.msg
[96.519s] -- Symlinking: /home/choi/marker_ws/install/robot_localization/share/robot_localization/srv/SetDatum_Response.msg
[96.523s] -- Symlinking: /home/choi/marker_ws/install/robot_localization/share/robot_localization/srv/SetPose.srv
[96.527s] -- Symlinking: /home/choi/marker_ws/install/robot_localization/share/robot_localization/srv/SetPose_Request.msg
[96.534s] -- Symlinking: /home/choi/marker_ws/install/robot_localization/share/robot_localization/srv/SetPose_Response.msg
[96.539s] -- Symlinking: /home/choi/marker_ws/install/robot_localization/share/robot_localization/srv/ToggleFilterProcessing.srv
[96.542s] -- Symlinking: /home/choi/marker_ws/install/robot_localization/share/robot_localization/srv/ToggleFilterProcessing_Request.msg
[96.547s] -- Symlinking: /home/choi/marker_ws/install/robot_localization/share/robot_localization/srv/ToggleFilterProcessing_Response.msg
[96.551s] -- Symlinking: /home/choi/marker_ws/install/robot_localization/share/robot_localization/srv/ToLL.srv
[96.555s] -- Symlinking: /home/choi/marker_ws/install/robot_localization/share/robot_localization/srv/ToLL_Request.msg
[96.558s] -- Symlinking: /home/choi/marker_ws/install/robot_localization/share/robot_localization/srv/ToLL_Response.msg
[96.562s] -- Symlinking: /home/choi/marker_ws/install/robot_localization/lib/robot_localization/filter_base-test
[96.567s] -- Symlinking: /home/choi/marker_ws/install/robot_localization/lib/robot_localization/test_filter_base_diagnostics_timestamps
[96.576s] -- Symlinking: /home/choi/marker_ws/install/robot_localization/lib/robot_localization/test_ekf
[96.583s] -- Symlinking: /home/choi/marker_ws/install/robot_localization/lib/robot_localization/test_ekf_localization_node_interfaces
[96.592s] -- Symlinking: /home/choi/marker_ws/install/robot_localization/lib/robot_localization/test_ukf
[96.600s] -- Symlinking: /home/choi/marker_ws/install/robot_localization/lib/robot_localization/test_ukf_localization_node_interfaces
[96.609s] -- Symlinking: /home/choi/marker_ws/install/robot_localization/lib/robot_localization/test_robot_localization_estimator
[96.615s] -- Symlinking: /home/choi/marker_ws/install/robot_localization/lib/robot_localization/test_navsat_conversions
[96.621s] -- Symlinking: /home/choi/marker_ws/install/robot_localization/lib/robot_localization/test_navsat_transform
[96.627s] -- Symlinking: /home/choi/marker_ws/install/robot_localization/lib/robot_localization/test_ros_robot_localization_listener
[96.634s] -- Symlinking: /home/choi/marker_ws/install/robot_localization/lib/robot_localization/test_ros_robot_localization_listener_publisher
[96.641s] -- Symlinking: /home/choi/marker_ws/install/robot_localization/lib/robot_localization/navsat_transform_node
[96.645s] -- Symlinking: /home/choi/marker_ws/install/robot_localization/lib/robot_localization/ekf_node
[96.651s] -- Symlinking: /home/choi/marker_ws/install/robot_localization/lib/robot_localization/ukf_node
[96.655s] -- Symlinking: /home/choi/marker_ws/install/robot_localization/lib/robot_localization/robot_localization_listener_node
[96.661s] -- Symlinking: /home/choi/marker_ws/install/robot_localization/lib/librl_lib.so
[96.683s] -- Symlinking: /home/choi/marker_ws/install/robot_localization/share/ament_index/resource_index/package_run_dependencies/robot_localization
[96.688s] -- Symlinking: /home/choi/marker_ws/install/robot_localization/share/ament_index/resource_index/parent_prefix_path/robot_localization
[96.694s] -- Symlinking: /home/choi/marker_ws/install/robot_localization/share/robot_localization/environment/ament_prefix_path.sh
[96.700s] -- Symlinking: /home/choi/marker_ws/install/robot_localization/share/robot_localization/environment/ament_prefix_path.dsv
[96.706s] -- Symlinking: /home/choi/marker_ws/install/robot_localization/share/robot_localization/environment/path.sh
[96.710s] -- Symlinking: /home/choi/marker_ws/install/robot_localization/share/robot_localization/environment/path.dsv
[96.714s] -- Symlinking: /home/choi/marker_ws/install/robot_localization/share/robot_localization/local_setup.bash
[96.719s] -- Symlinking: /home/choi/marker_ws/install/robot_localization/share/robot_localization/local_setup.sh
[96.726s] -- Symlinking: /home/choi/marker_ws/install/robot_localization/share/robot_localization/local_setup.zsh
[96.730s] -- Symlinking: /home/choi/marker_ws/install/robot_localization/share/robot_localization/local_setup.dsv
[96.735s] -- Symlinking: /home/choi/marker_ws/install/robot_localization/share/robot_localization/package.dsv
[96.739s] -- Symlinking: /home/choi/marker_ws/install/robot_localization/share/ament_index/resource_index/packages/robot_localization
[96.743s] -- Symlinking: /home/choi/marker_ws/install/robot_localization/share/robot_localization/cmake/rosidl_cmake-extras.cmake
[96.747s] -- Symlinking: /home/choi/marker_ws/install/robot_localization/share/robot_localization/cmake/ament_cmake_export_dependencies-extras.cmake
[96.751s] -- Symlinking: /home/choi/marker_ws/install/robot_localization/share/robot_localization/cmake/ament_cmake_export_libraries-extras.cmake
[96.756s] -- Symlinking: /home/choi/marker_ws/install/robot_localization/share/robot_localization/cmake/ament_cmake_export_targets-extras.cmake
[96.763s] -- Symlinking: /home/choi/marker_ws/install/robot_localization/share/robot_localization/cmake/ament_cmake_export_include_directories-extras.cmake
[96.766s] -- Symlinking: /home/choi/marker_ws/install/robot_localization/share/robot_localization/cmake/rosidl_cmake_export_typesupport_libraries-extras.cmake
[96.770s] -- Symlinking: /home/choi/marker_ws/install/robot_localization/share/robot_localization/cmake/rosidl_cmake_export_typesupport_targets-extras.cmake
[96.773s] -- Symlinking: /home/choi/marker_ws/install/robot_localization/share/robot_localization/cmake/robot_localizationConfig.cmake
[96.777s] -- Symlinking: /home/choi/marker_ws/install/robot_localization/share/robot_localization/cmake/robot_localizationConfig-version.cmake
[96.780s] -- Symlinking: /home/choi/marker_ws/install/robot_localization/share/robot_localization/package.xml
[96.784s] -- Up-to-date: /home/choi/marker_ws/install/robot_localization/lib/librobot_localization__rosidl_generator_c.so
[96.784s] -- Up-to-date: /home/choi/marker_ws/install/robot_localization/lib/librobot_localization__rosidl_typesupport_introspection_c.so
[96.785s] -- Up-to-date: /home/choi/marker_ws/install/robot_localization/lib/librobot_localization__rosidl_typesupport_c.so
[96.785s] -- Up-to-date: /home/choi/marker_ws/install/robot_localization/lib/librobot_localization__rosidl_typesupport_introspection_cpp.so
[96.786s] -- Up-to-date: /home/choi/marker_ws/install/robot_localization/lib/librobot_localization__rosidl_typesupport_cpp.so
[96.837s] Compiling '/home/choi/marker_ws/install/robot_localization/lib/python3.8/site-packages/robot_localization/__init__.py'...
[96.843s] -- Up-to-date: /home/choi/marker_ws/install/robot_localization/share/robot_localization/test
[96.844s] -- Up-to-date: /home/choi/marker_ws/install/robot_localization/share/robot_localization/test/test_filter_base.cpp
[96.844s] -- Up-to-date: /home/choi/marker_ws/install/robot_localization/share/robot_localization/test/test_ukf_localization_node_bag3.yaml
[96.844s] -- Up-to-date: /home/choi/marker_ws/install/robot_localization/share/robot_localization/test/test_ros_robot_localization_listener.launch.py
[96.844s] -- Up-to-date: /home/choi/marker_ws/install/robot_localization/share/robot_localization/test/test1.bag
[96.845s] -- Up-to-date: /home/choi/marker_ws/install/robot_localization/share/robot_localization/test/test_ukf_localization_node_bag2.yaml
[96.845s] -- Up-to-date: /home/choi/marker_ws/install/robot_localization/share/robot_localization/test/test_filter_base_diagnostics_timestamps.launch.py
[96.845s] -- Up-to-date: /home/choi/marker_ws/install/robot_localization/share/robot_localization/test/test_ekf_localization_node_bag2.sh
[96.845s] -- Up-to-date: /home/choi/marker_ws/install/robot_localization/share/robot_localization/test/test_ekf_localization_node_bag2.launch.py
[96.845s] -- Up-to-date: /home/choi/marker_ws/install/robot_localization/share/robot_localization/test/test_ukf_localization_node_interfaces.yaml
[96.846s] -- Up-to-date: /home/choi/marker_ws/install/robot_localization/share/robot_localization/test/test_ukf_localization_node_interfaces.cpp
[96.846s] -- Up-to-date: /home/choi/marker_ws/install/robot_localization/share/robot_localization/test/test_navsat_transform.cpp
[96.846s] -- Up-to-date: /home/choi/marker_ws/install/robot_localization/share/robot_localization/test/test_ekf_localization_node_interfaces.cpp
[96.846s] -- Up-to-date: /home/choi/marker_ws/install/robot_localization/share/robot_localization/test/test_ekf_localization_node_interfaces.launch.py
[96.846s] -- Up-to-date: /home/choi/marker_ws/install/robot_localization/share/robot_localization/test/test_navsat_conversions.cpp
[96.846s] -- Up-to-date: /home/choi/marker_ws/install/robot_localization/share/robot_localization/test/test_ukf.cpp
[96.846s] -- Up-to-date: /home/choi/marker_ws/install/robot_localization/share/robot_localization/test/test_ukf_localization_node_bag2.sh
[96.847s] -- Up-to-date: /home/choi/marker_ws/install/robot_localization/share/robot_localization/test/test_ekf_localization_node_bag1.yaml
[96.847s] -- Up-to-date: /home/choi/marker_ws/install/robot_localization/share/robot_localization/test/test_ukf_localization_node_bag1.launch.py
[96.847s] -- Up-to-date: /home/choi/marker_ws/install/robot_localization/share/robot_localization/test/test_filter_base_diagnostics_timestamps.cpp
[96.847s] -- Up-to-date: /home/choi/marker_ws/install/robot_localization/share/robot_localization/test/test_ukf_localization_node_bag1.sh
[96.847s] -- Up-to-date: /home/choi/marker_ws/install/robot_localization/share/robot_localization/test/test_ukf_localization_node_bag3.launch.py
[96.847s] -- Up-to-date: /home/choi/marker_ws/install/robot_localization/share/robot_localization/test/test_ukf_localization_node_bag1.yaml
[96.847s] -- Up-to-date: /home/choi/marker_ws/install/robot_localization/share/robot_localization/test/test_ekf.cpp
[96.847s] -- Up-to-date: /home/choi/marker_ws/install/robot_localization/share/robot_localization/test/test_ukf_localization_node_bag2.launch.py
[96.847s] -- Up-to-date: /home/choi/marker_ws/install/robot_localization/share/robot_localization/test/test_ros_robot_localization_listener.cpp
[96.847s] -- Up-to-date: /home/choi/marker_ws/install/robot_localization/share/robot_localization/test/test2.bag
[96.848s] -- Up-to-date: /home/choi/marker_ws/install/robot_localization/share/robot_localization/test/test_ros_robot_localization_listener.yaml
[96.848s] -- Up-to-date: /home/choi/marker_ws/install/robot_localization/share/robot_localization/test/test_ekf_localization_node_interfaces.yaml
[96.848s] -- Up-to-date: /home/choi/marker_ws/install/robot_localization/share/robot_localization/test/test_ekf_localization_node_bag2.yaml
[96.848s] -- Up-to-date: /home/choi/marker_ws/install/robot_localization/share/robot_localization/test/test_ukf_localization_node_interfaces.launch.py
[96.848s] -- Up-to-date: /home/choi/marker_ws/install/robot_localization/share/robot_localization/test/test_ekf_localization_node_bag3.launch.py
[96.848s] -- Up-to-date: /home/choi/marker_ws/install/robot_localization/share/robot_localization/test/test_navsat_transform.launch.py
[96.848s] -- Up-to-date: /home/choi/marker_ws/install/robot_localization/share/robot_localization/test/test_ekf_localization_node_bag3.sh
[96.848s] -- Up-to-date: /home/choi/marker_ws/install/robot_localization/share/robot_localization/test/test_filter_base_diagnostics_timestamps.yaml
[96.848s] -- Up-to-date: /home/choi/marker_ws/install/robot_localization/share/robot_localization/test/test_ros_robot_localization_listener_publisher.cpp
[96.849s] -- Up-to-date: /home/choi/marker_ws/install/robot_localization/share/robot_localization/test/test_ekf_localization_node_bag1.launch.py
[96.849s] -- Up-to-date: /home/choi/marker_ws/install/robot_localization/share/robot_localization/test/test_ekf_localization_node_bag3.yaml
[96.849s] -- Up-to-date: /home/choi/marker_ws/install/robot_localization/share/robot_localization/test/test_localization_node_bag_pose_tester.cpp
[96.849s] -- Up-to-date: /home/choi/marker_ws/install/robot_localization/share/robot_localization/test/test_robot_localization_estimator.launch.py
[96.849s] -- Up-to-date: /home/choi/marker_ws/install/robot_localization/share/robot_localization/test/test3.bag
[96.849s] -- Up-to-date: /home/choi/marker_ws/install/robot_localization/share/robot_localization/test/test_ekf_localization_node_bag1.sh
[96.849s] -- Up-to-date: /home/choi/marker_ws/install/robot_localization/share/robot_localization/test/test_robot_localization_estimator.cpp
[96.849s] -- Up-to-date: /home/choi/marker_ws/install/robot_localization/share/robot_localization/test/test_ukf_localization_node_bag3.sh
[96.849s] -- Up-to-date: /home/choi/marker_ws/install/robot_localization/include
[96.850s] -- Up-to-date: /home/choi/marker_ws/install/robot_localization/include/robot_localization
[96.850s] -- Up-to-date: /home/choi/marker_ws/install/robot_localization/include/robot_localization/ukf.hpp
[96.850s] -- Up-to-date: /home/choi/marker_ws/install/robot_localization/include/robot_localization/measurement.hpp
[96.850s] -- Up-to-date: /home/choi/marker_ws/install/robot_localization/include/robot_localization/navsat_conversions.hpp
[96.850s] -- Up-to-date: /home/choi/marker_ws/install/robot_localization/include/robot_localization/robot_localization_estimator.hpp
[96.850s] -- Up-to-date: /home/choi/marker_ws/install/robot_localization/include/robot_localization/ros_filter_utilities.hpp
[96.850s] -- Up-to-date: /home/choi/marker_ws/install/robot_localization/include/robot_localization/filter_base.hpp
[96.850s] -- Up-to-date: /home/choi/marker_ws/install/robot_localization/include/robot_localization/ros_filter.hpp
[96.851s] -- Up-to-date: /home/choi/marker_ws/install/robot_localization/include/robot_localization/ros_filter_types.hpp
[96.851s] -- Up-to-date: /home/choi/marker_ws/install/robot_localization/include/robot_localization/filter_state.hpp
[96.851s] -- Up-to-date: /home/choi/marker_ws/install/robot_localization/include/robot_localization/filter_utilities.hpp
[96.851s] -- Up-to-date: /home/choi/marker_ws/install/robot_localization/include/robot_localization/filter_common.hpp
[96.851s] -- Up-to-date: /home/choi/marker_ws/install/robot_localization/include/robot_localization/ekf.hpp
[96.851s] -- Up-to-date: /home/choi/marker_ws/install/robot_localization/include/robot_localization/ros_robot_localization_listener.hpp
[96.851s] -- Up-to-date: /home/choi/marker_ws/install/robot_localization/include/robot_localization/navsat_transform.hpp
[96.851s] -- Up-to-date: /home/choi/marker_ws/install/robot_localization/share/robot_localization/params
[96.851s] -- Up-to-date: /home/choi/marker_ws/install/robot_localization/share/robot_localization/params/ukf.yaml
[96.852s] -- Up-to-date: /home/choi/marker_ws/install/robot_localization/share/robot_localization/params/dual_ekf_navsat_example.yaml
[96.852s] -- Up-to-date: /home/choi/marker_ws/install/robot_localization/share/robot_localization/params/navsat_transform.yaml
[96.852s] -- Up-to-date: /home/choi/marker_ws/install/robot_localization/share/robot_localization/params/ekf.yaml
[96.852s] -- Up-to-date: /home/choi/marker_ws/install/robot_localization/share/robot_localization/launch
[96.852s] -- Up-to-date: /home/choi/marker_ws/install/robot_localization/share/robot_localization/launch/navsat_transform.launch.py
[96.852s] -- Up-to-date: /home/choi/marker_ws/install/robot_localization/share/robot_localization/launch/ukf.launch.py
[96.852s] -- Up-to-date: /home/choi/marker_ws/install/robot_localization/share/robot_localization/launch/ekf.launch.py
[96.852s] -- Up-to-date: /home/choi/marker_ws/install/robot_localization/share/robot_localization/launch/dual_ekf_navsat_example.launch.py
[96.852s] -- Up-to-date: /home/choi/marker_ws/install/robot_localization/share/robot_localization/cmake/robot_localization__rosidl_generator_cExport.cmake
[96.853s] -- Up-to-date: /home/choi/marker_ws/install/robot_localization/share/robot_localization/cmake/robot_localization__rosidl_generator_cExport-relwithdebinfo.cmake
[96.853s] -- Up-to-date: /home/choi/marker_ws/install/robot_localization/share/robot_localization/cmake/robot_localization__rosidl_typesupport_introspection_cExport.cmake
[96.854s] -- Up-to-date: /home/choi/marker_ws/install/robot_localization/share/robot_localization/cmake/robot_localization__rosidl_typesupport_introspection_cExport-relwithdebinfo.cmake
[96.860s] -- Up-to-date: /home/choi/marker_ws/install/robot_localization/share/robot_localization/cmake/robot_localization__rosidl_typesupport_cExport.cmake
[96.860s] -- Up-to-date: /home/choi/marker_ws/install/robot_localization/share/robot_localization/cmake/robot_localization__rosidl_typesupport_cExport-relwithdebinfo.cmake
[96.861s] -- Up-to-date: /home/choi/marker_ws/install/robot_localization/share/robot_localization/cmake/robot_localization__rosidl_generator_cppExport.cmake
[96.861s] -- Up-to-date: /home/choi/marker_ws/install/robot_localization/share/robot_localization/cmake/robot_localization__rosidl_typesupport_introspection_cppExport.cmake
[96.861s] -- Up-to-date: /home/choi/marker_ws/install/robot_localization/share/robot_localization/cmake/robot_localization__rosidl_typesupport_introspection_cppExport-relwithdebinfo.cmake
[96.861s] -- Up-to-date: /home/choi/marker_ws/install/robot_localization/share/robot_localization/cmake/robot_localization__rosidl_typesupport_cppExport.cmake
[96.862s] -- Up-to-date: /home/choi/marker_ws/install/robot_localization/share/robot_localization/cmake/robot_localization__rosidl_typesupport_cppExport-relwithdebinfo.cmake
[96.862s] Invoked command in '/home/choi/marker_ws/build/robot_localization' returned '0': CMAKE_PREFIX_PATH=${CMAKE_PREFIX_PATH}:/home/choi/marker_ws/install/ros2_aruco:/home/choi/marker_ws/install/omo_r1mini_teleop:/home/choi/marker_ws/install/omo_r1mini_navigation2:/home/choi/marker_ws/install/omo_r1mini_bringup:/home/choi/marker_ws/install/exp_logger:/home/choi/marker_ws/install/camera_calibration:/opt/ros/foxy /home/choi/.local/bin/cmake --install /home/choi/marker_ws/build/robot_localization
