[0.856s] Invoking command in '/home/choi/marker_ws/src/ros2_aruco-foxy/ros2_aruco': PYTHONPATH=/home/choi/marker_ws/build/ros2_aruco/prefix_override:/home/choi/marker_ws/install/ros2_aruco/lib/python3.8/site-packages:${PYTHONPATH} /usr/bin/python3 setup.py egg_info --egg-base ../../../build/ros2_aruco build --build-base /home/choi/marker_ws/build/ros2_aruco/build install --record /home/choi/marker_ws/build/ros2_aruco/install.log --single-version-externally-managed
[4.659s] running egg_info
[4.660s] creating ../../../build/ros2_aruco/ros2_aruco.egg-info
[4.660s] writing ../../../build/ros2_aruco/ros2_aruco.egg-info/PKG-INFO
[4.660s] writing dependency_links to ../../../build/ros2_aruco/ros2_aruco.egg-info/dependency_links.txt
[4.660s] writing entry points to ../../../build/ros2_aruco/ros2_aruco.egg-info/entry_points.txt
[4.663s] writing requirements to ../../../build/ros2_aruco/ros2_aruco.egg-info/requires.txt
[4.663s] writing top-level names to ../../../build/ros2_aruco/ros2_aruco.egg-info/top_level.txt
[4.664s] writing manifest file '../../../build/ros2_aruco/ros2_aruco.egg-info/SOURCES.txt'
[4.664s] reading manifest file '../../../build/ros2_aruco/ros2_aruco.egg-info/SOURCES.txt'
[4.664s] writing manifest file '../../../build/ros2_aruco/ros2_aruco.egg-info/SOURCES.txt'
[4.665s] running build
[4.665s] running build_py
[4.666s] creating /home/choi/marker_ws/build/ros2_aruco/build
[4.666s] creating /home/choi/marker_ws/build/ros2_aruco/build/lib
[4.666s] creating /home/choi/marker_ws/build/ros2_aruco/build/lib/ros2_aruco
[4.667s] copying ros2_aruco/transformations.py -> /home/choi/marker_ws/build/ros2_aruco/build/lib/ros2_aruco
[4.667s] copying ros2_aruco/aruco_node.py -> /home/choi/marker_ws/build/ros2_aruco/build/lib/ros2_aruco
[4.667s] copying ros2_aruco/aruco_generate_marker.py -> /home/choi/marker_ws/build/ros2_aruco/build/lib/ros2_aruco
[4.667s] copying ros2_aruco/__init__.py -> /home/choi/marker_ws/build/ros2_aruco/build/lib/ros2_aruco
[4.669s] running install
[4.670s] running install_lib
[4.676s] creating /home/choi/marker_ws/install/ros2_aruco/lib/python3.8/site-packages/ros2_aruco
[4.678s] copying /home/choi/marker_ws/build/ros2_aruco/build/lib/ros2_aruco/transformations.py -> /home/choi/marker_ws/install/ros2_aruco/lib/python3.8/site-packages/ros2_aruco
[4.678s] copying /home/choi/marker_ws/build/ros2_aruco/build/lib/ros2_aruco/aruco_node.py -> /home/choi/marker_ws/install/ros2_aruco/lib/python3.8/site-packages/ros2_aruco
[4.678s] copying /home/choi/marker_ws/build/ros2_aruco/build/lib/ros2_aruco/aruco_generate_marker.py -> /home/choi/marker_ws/install/ros2_aruco/lib/python3.8/site-packages/ros2_aruco
[4.678s] copying /home/choi/marker_ws/build/ros2_aruco/build/lib/ros2_aruco/__init__.py -> /home/choi/marker_ws/install/ros2_aruco/lib/python3.8/site-packages/ros2_aruco
[4.678s] byte-compiling /home/choi/marker_ws/install/ros2_aruco/lib/python3.8/site-packages/ros2_aruco/transformations.py to transformations.cpython-38.pyc
[4.678s] byte-compiling /home/choi/marker_ws/install/ros2_aruco/lib/python3.8/site-packages/ros2_aruco/aruco_node.py to aruco_node.cpython-38.pyc
[4.678s] byte-compiling /home/choi/marker_ws/install/ros2_aruco/lib/python3.8/site-packages/ros2_aruco/aruco_generate_marker.py to aruco_generate_marker.cpython-38.pyc
[4.678s] byte-compiling /home/choi/marker_ws/install/ros2_aruco/lib/python3.8/site-packages/ros2_aruco/__init__.py to __init__.cpython-38.pyc
[4.678s] running install_data
[4.678s] creating /home/choi/marker_ws/install/ros2_aruco/share/ament_index
[4.678s] creating /home/choi/marker_ws/install/ros2_aruco/share/ament_index/resource_index
[4.678s] creating /home/choi/marker_ws/install/ros2_aruco/share/ament_index/resource_index/packages
[4.678s] copying resource/ros2_aruco -> /home/choi/marker_ws/install/ros2_aruco/share/ament_index/resource_index/packages
[4.679s] copying package.xml -> /home/choi/marker_ws/install/ros2_aruco/share/ros2_aruco
[4.679s] running install_egg_info
[4.679s] Copying ../../../build/ros2_aruco/ros2_aruco.egg-info to /home/choi/marker_ws/install/ros2_aruco/lib/python3.8/site-packages/ros2_aruco-0.1.0-py3.8.egg-info
[4.679s] running install_scripts
[4.679s] Installing aruco_generate_marker script to /home/choi/marker_ws/install/ros2_aruco/lib/ros2_aruco
[4.679s] Installing aruco_node script to /home/choi/marker_ws/install/ros2_aruco/lib/ros2_aruco
[4.679s] writing list of installed files to '/home/choi/marker_ws/build/ros2_aruco/install.log'
[4.710s] Invoked command in '/home/choi/marker_ws/src/ros2_aruco-foxy/ros2_aruco' returned '0': PYTHONPATH=/home/choi/marker_ws/build/ros2_aruco/prefix_override:/home/choi/marker_ws/install/ros2_aruco/lib/python3.8/site-packages:${PYTHONPATH} /usr/bin/python3 setup.py egg_info --egg-base ../../../build/ros2_aruco build --build-base /home/choi/marker_ws/build/ros2_aruco/build install --record /home/choi/marker_ws/build/ros2_aruco/install.log --single-version-externally-managed
