-- Found ament_cmake: 0.9.12 (/opt/ros/foxy/share/ament_cmake/cmake)
-- Using PYTHON_EXECUTABLE: /usr/bin/python3
-- Override CMake install command with custom implementation using symlinks instead of copying resources
-- Configuring done (0.5s)
-- Generating done (0.0s)
-- Build files have been written to: /home/choi/marker_ws/build/omo_r1mini_cartographer
-- Install configuration: ""
-- Execute custom install script
-- Symlinking: /home/choi/marker_ws/install/omo_r1mini_cartographer/share/omo_r1mini_cartographer/config/omo_r1mini_lidar.lua
-- Symlinking: /home/choi/marker_ws/install/omo_r1mini_cartographer/share/omo_r1mini_cartographer/launch/cartographer.launch.py
-- Symlinking: /home/choi/marker_ws/install/omo_r1mini_cartographer/share/omo_r1mini_cartographer/launch/cartographer_rviz.launch.py
-- Symlinking: /home/choi/marker_ws/install/omo_r1mini_cartographer/share/omo_r1mini_cartographer/launch/occupancy_grid.launch.py
-- Symlinking: /home/choi/marker_ws/install/omo_r1mini_cartographer/share/omo_r1mini_cartographer/rviz/omo_r1mini_cartographer.rviz
-- Symlinking: /home/choi/marker_ws/install/omo_r1mini_cartographer/share/ament_index/resource_index/package_run_dependencies/omo_r1mini_cartographer
-- Symlinking: /home/choi/marker_ws/install/omo_r1mini_cartographer/share/ament_index/resource_index/parent_prefix_path/omo_r1mini_cartographer
-- Symlinking: /home/choi/marker_ws/install/omo_r1mini_cartographer/share/omo_r1mini_cartographer/environment/ament_prefix_path.sh
-- Symlinking: /home/choi/marker_ws/install/omo_r1mini_cartographer/share/omo_r1mini_cartographer/environment/ament_prefix_path.dsv
-- Symlinking: /home/choi/marker_ws/install/omo_r1mini_cartographer/share/omo_r1mini_cartographer/environment/path.sh
-- Symlinking: /home/choi/marker_ws/install/omo_r1mini_cartographer/share/omo_r1mini_cartographer/environment/path.dsv
-- Symlinking: /home/choi/marker_ws/install/omo_r1mini_cartographer/share/omo_r1mini_cartographer/local_setup.bash
-- Symlinking: /home/choi/marker_ws/install/omo_r1mini_cartographer/share/omo_r1mini_cartographer/local_setup.sh
-- Symlinking: /home/choi/marker_ws/install/omo_r1mini_cartographer/share/omo_r1mini_cartographer/local_setup.zsh
-- Symlinking: /home/choi/marker_ws/install/omo_r1mini_cartographer/share/omo_r1mini_cartographer/local_setup.dsv
-- Symlinking: /home/choi/marker_ws/install/omo_r1mini_cartographer/share/omo_r1mini_cartographer/package.dsv
-- Symlinking: /home/choi/marker_ws/install/omo_r1mini_cartographer/share/ament_index/resource_index/packages/omo_r1mini_cartographer
-- Symlinking: /home/choi/marker_ws/install/omo_r1mini_cartographer/share/omo_r1mini_cartographer/cmake/omo_r1mini_cartographerConfig.cmake
-- Symlinking: /home/choi/marker_ws/install/omo_r1mini_cartographer/share/omo_r1mini_cartographer/cmake/omo_r1mini_cartographerConfig-version.cmake
-- Symlinking: /home/choi/marker_ws/install/omo_r1mini_cartographer/share/omo_r1mini_cartographer/package.xml
