[2.855s] Invoking command in '/home/choi/marker_ws/src/image_pipeline-foxy/camera_calibration': PYTHONPATH=/home/choi/marker_ws/build/camera_calibration/prefix_override:/home/choi/marker_ws/install/camera_calibration/lib/python3.8/site-packages:${PYTHONPATH} /usr/bin/python3 setup.py egg_info --egg-base ../../../build/camera_calibration build --build-base /home/choi/marker_ws/build/camera_calibration/build install --record /home/choi/marker_ws/build/camera_calibration/install.log --single-version-externally-managed
[3.894s] running egg_info
[3.894s] creating ../../../build/camera_calibration/camera_calibration.egg-info
[3.894s] writing ../../../build/camera_calibration/camera_calibration.egg-info/PKG-INFO
[3.896s] writing dependency_links to ../../../build/camera_calibration/camera_calibration.egg-info/dependency_links.txt
[3.897s] writing entry points to ../../../build/camera_calibration/camera_calibration.egg-info/entry_points.txt
[3.897s] writing requirements to ../../../build/camera_calibration/camera_calibration.egg-info/requires.txt
[3.897s] writing top-level names to ../../../build/camera_calibration/camera_calibration.egg-info/top_level.txt
[3.897s] writing manifest file '../../../build/camera_calibration/camera_calibration.egg-info/SOURCES.txt'
[3.897s] reading manifest file '../../../build/camera_calibration/camera_calibration.egg-info/SOURCES.txt'
[3.897s] writing manifest file '../../../build/camera_calibration/camera_calibration.egg-info/SOURCES.txt'
[3.897s] running build
[3.897s] running build_py
[3.897s] creating /home/choi/marker_ws/build/camera_calibration/build
[3.897s] creating /home/choi/marker_ws/build/camera_calibration/build/lib
[3.897s] creating /home/choi/marker_ws/build/camera_calibration/build/lib/camera_calibration
[3.898s] copying src/camera_calibration/camera_checker.py -> /home/choi/marker_ws/build/camera_calibration/build/lib/camera_calibration
[3.900s] copying src/camera_calibration/calibrator.py -> /home/choi/marker_ws/build/camera_calibration/build/lib/camera_calibration
[3.900s] copying src/camera_calibration/camera_calibrator.py -> /home/choi/marker_ws/build/camera_calibration/build/lib/camera_calibration
[3.900s] copying src/camera_calibration/__init__.py -> /home/choi/marker_ws/build/camera_calibration/build/lib/camera_calibration
[3.900s] creating /home/choi/marker_ws/build/camera_calibration/build/lib/camera_calibration/nodes
[3.900s] copying src/camera_calibration/nodes/cameracheck.py -> /home/choi/marker_ws/build/camera_calibration/build/lib/camera_calibration/nodes
[3.900s] copying src/camera_calibration/nodes/cameracalibrator.py -> /home/choi/marker_ws/build/camera_calibration/build/lib/camera_calibration/nodes
[3.900s] copying src/camera_calibration/nodes/__init__.py -> /home/choi/marker_ws/build/camera_calibration/build/lib/camera_calibration/nodes
[3.901s] running install
[3.901s] running install_lib
[3.901s] creating /home/choi/marker_ws/install/camera_calibration/lib/python3.8/site-packages/camera_calibration
[3.901s] creating /home/choi/marker_ws/install/camera_calibration/lib/python3.8/site-packages/camera_calibration/nodes
[3.901s] copying /home/choi/marker_ws/build/camera_calibration/build/lib/camera_calibration/nodes/cameracheck.py -> /home/choi/marker_ws/install/camera_calibration/lib/python3.8/site-packages/camera_calibration/nodes
[3.901s] copying /home/choi/marker_ws/build/camera_calibration/build/lib/camera_calibration/nodes/cameracalibrator.py -> /home/choi/marker_ws/install/camera_calibration/lib/python3.8/site-packages/camera_calibration/nodes
[3.902s] copying /home/choi/marker_ws/build/camera_calibration/build/lib/camera_calibration/nodes/__init__.py -> /home/choi/marker_ws/install/camera_calibration/lib/python3.8/site-packages/camera_calibration/nodes
[3.902s] copying /home/choi/marker_ws/build/camera_calibration/build/lib/camera_calibration/camera_checker.py -> /home/choi/marker_ws/install/camera_calibration/lib/python3.8/site-packages/camera_calibration
[3.902s] copying /home/choi/marker_ws/build/camera_calibration/build/lib/camera_calibration/calibrator.py -> /home/choi/marker_ws/install/camera_calibration/lib/python3.8/site-packages/camera_calibration
[3.902s] copying /home/choi/marker_ws/build/camera_calibration/build/lib/camera_calibration/camera_calibrator.py -> /home/choi/marker_ws/install/camera_calibration/lib/python3.8/site-packages/camera_calibration
[3.902s] copying /home/choi/marker_ws/build/camera_calibration/build/lib/camera_calibration/__init__.py -> /home/choi/marker_ws/install/camera_calibration/lib/python3.8/site-packages/camera_calibration
[3.902s] byte-compiling /home/choi/marker_ws/install/camera_calibration/lib/python3.8/site-packages/camera_calibration/nodes/cameracheck.py to cameracheck.cpython-38.pyc
[3.902s] byte-compiling /home/choi/marker_ws/install/camera_calibration/lib/python3.8/site-packages/camera_calibration/nodes/cameracalibrator.py to cameracalibrator.cpython-38.pyc
[3.902s] byte-compiling /home/choi/marker_ws/install/camera_calibration/lib/python3.8/site-packages/camera_calibration/nodes/__init__.py to __init__.cpython-38.pyc
[3.902s] byte-compiling /home/choi/marker_ws/install/camera_calibration/lib/python3.8/site-packages/camera_calibration/camera_checker.py to camera_checker.cpython-38.pyc
[3.902s] byte-compiling /home/choi/marker_ws/install/camera_calibration/lib/python3.8/site-packages/camera_calibration/calibrator.py to calibrator.cpython-38.pyc
[3.902s] byte-compiling /home/choi/marker_ws/install/camera_calibration/lib/python3.8/site-packages/camera_calibration/camera_calibrator.py to camera_calibrator.cpython-38.pyc
[3.902s] byte-compiling /home/choi/marker_ws/install/camera_calibration/lib/python3.8/site-packages/camera_calibration/__init__.py to __init__.cpython-38.pyc
[3.902s] running install_data
[3.902s] creating /home/choi/marker_ws/install/camera_calibration/share/ament_index
[3.903s] creating /home/choi/marker_ws/install/camera_calibration/share/ament_index/resource_index
[3.903s] creating /home/choi/marker_ws/install/camera_calibration/share/ament_index/resource_index/packages
[3.903s] copying resource/camera_calibration -> /home/choi/marker_ws/install/camera_calibration/share/ament_index/resource_index/packages
[3.903s] copying package.xml -> /home/choi/marker_ws/install/camera_calibration/share/camera_calibration
[3.903s] running install_egg_info
[3.903s] Copying ../../../build/camera_calibration/camera_calibration.egg-info to /home/choi/marker_ws/install/camera_calibration/lib/python3.8/site-packages/camera_calibration-2.3.0-py3.8.egg-info
[3.903s] running install_scripts
[3.903s] Installing cameracalibrator script to /home/choi/marker_ws/install/camera_calibration/lib/camera_calibration
[3.903s] Installing cameracheck script to /home/choi/marker_ws/install/camera_calibration/lib/camera_calibration
[3.903s] writing list of installed files to '/home/choi/marker_ws/build/camera_calibration/install.log'
[4.194s] Invoked command in '/home/choi/marker_ws/src/image_pipeline-foxy/camera_calibration' returned '0': PYTHONPATH=/home/choi/marker_ws/build/camera_calibration/prefix_override:/home/choi/marker_ws/install/camera_calibration/lib/python3.8/site-packages:${PYTHONPATH} /usr/bin/python3 setup.py egg_info --egg-base ../../../build/camera_calibration build --build-base /home/choi/marker_ws/build/camera_calibration/build install --record /home/choi/marker_ws/build/camera_calibration/install.log --single-version-externally-managed
