-- Found ament_cmake: 0.9.12 (/opt/ros/foxy/share/ament_cmake/cmake)
-- Using PYTHON_EXECUTABLE: /usr/bin/python3
-- Override CMake install command with custom implementation using symlinks instead of copying resources
-- Found ament_lint_auto: 0.9.8 (/opt/ros/foxy/share/ament_lint_auto/cmake)
-- Added test 'lint_cmake' to check CMake code style
-- Added test 'xmllint' to check XML markup files
-- Configuring done (0.4s)
-- Generating done (0.0s)
-- Build files have been written to: /home/choi/marker_ws/build/image_pipeline
-- Install configuration: ""
-- Execute custom install script
-- Symlinking: /home/choi/marker_ws/install/image_pipeline/share/ament_index/resource_index/package_run_dependencies/image_pipeline
-- Symlinking: /home/choi/marker_ws/install/image_pipeline/share/ament_index/resource_index/parent_prefix_path/image_pipeline
-- Symlinking: /home/choi/marker_ws/install/image_pipeline/share/image_pipeline/environment/ament_prefix_path.sh
-- Symlinking: /home/choi/marker_ws/install/image_pipeline/share/image_pipeline/environment/ament_prefix_path.dsv
-- Symlinking: /home/choi/marker_ws/install/image_pipeline/share/image_pipeline/environment/path.sh
-- Symlinking: /home/choi/marker_ws/install/image_pipeline/share/image_pipeline/environment/path.dsv
-- Symlinking: /home/choi/marker_ws/install/image_pipeline/share/image_pipeline/local_setup.bash
-- Symlinking: /home/choi/marker_ws/install/image_pipeline/share/image_pipeline/local_setup.sh
-- Symlinking: /home/choi/marker_ws/install/image_pipeline/share/image_pipeline/local_setup.zsh
-- Symlinking: /home/choi/marker_ws/install/image_pipeline/share/image_pipeline/local_setup.dsv
-- Symlinking: /home/choi/marker_ws/install/image_pipeline/share/image_pipeline/package.dsv
-- Symlinking: /home/choi/marker_ws/install/image_pipeline/share/ament_index/resource_index/packages/image_pipeline
-- Symlinking: /home/choi/marker_ws/install/image_pipeline/share/image_pipeline/cmake/image_pipelineConfig.cmake
-- Symlinking: /home/choi/marker_ws/install/image_pipeline/share/image_pipeline/cmake/image_pipelineConfig-version.cmake
-- Symlinking: /home/choi/marker_ws/install/image_pipeline/share/image_pipeline/package.xml
