-- Found ament_cmake_auto: 0.9.12 (/opt/ros/foxy/share/ament_cmake_auto/cmake)
-- Using PYTHON_EXECUTABLE: /usr/bin/python3
-- Override CMake install command with custom implementation using symlinks instead of copying resources
-- Using all available rosidl_typesupport_c: rosidl_typesupport_fastrtps_c;rosidl_typesupport_introspection_c
-- Found rosidl_adapter: 1.3.1 (/opt/ros/foxy/share/rosidl_adapter/cmake)
-- Using all available rosidl_typesupport_cpp: rosidl_typesupport_fastrtps_cpp;rosidl_typesupport_introspection_cpp
-- Found rmw_implementation_cmake: 1.0.4 (/opt/ros/foxy/share/rmw_implementation_cmake/cmake)
-- Using RMW implementation 'rmw_fastrtps_cpp' as default
-- Setting yaml-cpp_DIR to: '/opt/ros/foxy/share/yaml_cpp_vendor/cmake/../../../opt/yaml_cpp_vendor/lib/cmake/yaml-cpp'
-- opencv version 4.6.0
-- Found ament_lint_auto: 0.9.8 (/opt/ros/foxy/share/ament_lint_auto/cmake)
-- Added test 'copyright' to check source files copyright and LICENSE
-- Added test 'cppcheck' to perform static code analysis on C / C++ code
-- Configured cppcheck include dirs: /home/choi/marker_ws/src/image_pipeline-foxy/image_publisher/include
-- Configured cppcheck exclude dirs and/or files: 
-- Added test 'cpplint' to check C / C++ code against the Google style
-- Configured cpplint exclude dirs and/or files: 
-- Added test 'flake8' to check Python code syntax and style conventions
-- Added test 'lint_cmake' to check CMake code style
-- Added test 'pep257' to check Python code against some of the style conventions in PEP 257
-- Added test 'uncrustify' to check C / C++ code style
-- Configured uncrustify additional arguments: 
-- Added test 'xmllint' to check XML markup files
-- Configuring done (1.8s)
-- Generating done (0.0s)
-- Build files have been written to: /home/choi/marker_ws/build/image_publisher
[ 25%] [32m[1mLinking CXX shared library libimage_publisher.so[0m
[ 50%] Built target image_publisher
[ 75%] [32m[1mLinking CXX executable image_publisher_node[0m
/usr/bin/ld: warning: libopencv_calib3d.so.4.2, needed by /opt/ros/foxy/lib/libimage_geometry.so, may conflict with libopencv_calib3d.so.406
[100%] Built target image_publisher_node
-- Install configuration: ""
-- Execute custom install script
-- Symlinking: /home/choi/marker_ws/install/image_publisher/include/image_publisher/image_publisher.hpp
-- Symlinking: /home/choi/marker_ws/install/image_publisher/include/image_publisher/visibility.h
-- Symlinking: /home/choi/marker_ws/install/image_publisher/share/image_publisher/environment/library_path.sh
-- Symlinking: /home/choi/marker_ws/install/image_publisher/share/image_publisher/environment/library_path.dsv
-- Symlinking: /home/choi/marker_ws/install/image_publisher/lib/libimage_publisher.so
-- Symlinking: /home/choi/marker_ws/install/image_publisher/lib/image_publisher/image_publisher_node
-- Symlinking: /home/choi/marker_ws/install/image_publisher/share/image_publisher/launch/image_publisher_file.launch.py
-- Symlinking: /home/choi/marker_ws/install/image_publisher/share/image_publisher/launch/image_publisher_mono.launch.py
-- Symlinking: /home/choi/marker_ws/install/image_publisher/share/image_publisher/launch/image_publisher_stereo.launch.py
-- Symlinking: /home/choi/marker_ws/install/image_publisher/share/image_publisher/launch/splash.png
-- Symlinking: /home/choi/marker_ws/install/image_publisher/share/ament_index/resource_index/package_run_dependencies/image_publisher
-- Symlinking: /home/choi/marker_ws/install/image_publisher/share/ament_index/resource_index/parent_prefix_path/image_publisher
-- Symlinking: /home/choi/marker_ws/install/image_publisher/share/image_publisher/environment/ament_prefix_path.sh
-- Symlinking: /home/choi/marker_ws/install/image_publisher/share/image_publisher/environment/ament_prefix_path.dsv
-- Symlinking: /home/choi/marker_ws/install/image_publisher/share/image_publisher/environment/path.sh
-- Symlinking: /home/choi/marker_ws/install/image_publisher/share/image_publisher/environment/path.dsv
-- Symlinking: /home/choi/marker_ws/install/image_publisher/share/image_publisher/local_setup.bash
-- Symlinking: /home/choi/marker_ws/install/image_publisher/share/image_publisher/local_setup.sh
-- Symlinking: /home/choi/marker_ws/install/image_publisher/share/image_publisher/local_setup.zsh
-- Symlinking: /home/choi/marker_ws/install/image_publisher/share/image_publisher/local_setup.dsv
-- Symlinking: /home/choi/marker_ws/install/image_publisher/share/image_publisher/package.dsv
-- Symlinking: /home/choi/marker_ws/install/image_publisher/share/ament_index/resource_index/packages/image_publisher
-- Symlinking: /home/choi/marker_ws/install/image_publisher/share/ament_index/resource_index/rclcpp_components/image_publisher
-- Symlinking: /home/choi/marker_ws/install/image_publisher/share/image_publisher/cmake/ament_cmake_export_dependencies-extras.cmake
-- Symlinking: /home/choi/marker_ws/install/image_publisher/share/image_publisher/cmake/ament_cmake_export_include_directories-extras.cmake
-- Symlinking: /home/choi/marker_ws/install/image_publisher/share/image_publisher/cmake/ament_cmake_export_libraries-extras.cmake
-- Symlinking: /home/choi/marker_ws/install/image_publisher/share/image_publisher/cmake/image_publisherConfig.cmake
-- Symlinking: /home/choi/marker_ws/install/image_publisher/share/image_publisher/cmake/image_publisherConfig-version.cmake
-- Symlinking: /home/choi/marker_ws/install/image_publisher/share/image_publisher/package.xml
