[0.456s] Invoking command in '/home/choi/marker_ws/build/image_publisher': CMAKE_PREFIX_PATH=${CMAKE_PREFIX_PATH}:/home/choi/marker_ws/install/ros2_aruco:/home/choi/marker_ws/install/omo_r1mini_teleop:/home/choi/marker_ws/install/omo_r1mini_navigation2:/home/choi/marker_ws/install/omo_r1mini_bringup:/home/choi/marker_ws/install/exp_logger:/home/choi/marker_ws/install/camera_calibration:/opt/ros/foxy /home/choi/.local/bin/cmake /home/choi/marker_ws/src/image_pipeline-foxy/image_publisher -DAMENT_CMAKE_SYMLINK_INSTALL=1 -DCMAKE_INSTALL_PREFIX=/home/choi/marker_ws/install/image_publisher
[0.874s] -- Found ament_cmake_auto: 0.9.12 (/opt/ros/foxy/share/ament_cmake_auto/cmake)
[0.875s] -- Using PYTHON_EXECUTABLE: /usr/bin/python3
[0.875s] -- Override CMake install command with custom implementation using symlinks instead of copying resources
[0.984s] -- Using all available rosidl_typesupport_c: rosidl_typesupport_fastrtps_c;rosidl_typesupport_introspection_c
[0.990s] -- Found rosidl_adapter: 1.3.1 (/opt/ros/foxy/share/rosidl_adapter/cmake)
[1.175s] -- Using all available rosidl_typesupport_cpp: rosidl_typesupport_fastrtps_cpp;rosidl_typesupport_introspection_cpp
[1.269s] -- Found rmw_implementation_cmake: 1.0.4 (/opt/ros/foxy/share/rmw_implementation_cmake/cmake)
[1.275s] -- Using RMW implementation 'rmw_fastrtps_cpp' as default
[1.750s] -- Setting yaml-cpp_DIR to: '/opt/ros/foxy/share/yaml_cpp_vendor/cmake/../../../opt/yaml_cpp_vendor/lib/cmake/yaml-cpp'
[2.007s] -- opencv version 4.6.0
[2.265s] -- Found ament_lint_auto: 0.9.8 (/opt/ros/foxy/share/ament_lint_auto/cmake)
[2.280s] -- Added test 'copyright' to check source files copyright and LICENSE
[2.281s] -- Added test 'cppcheck' to perform static code analysis on C / C++ code
[2.281s] -- Configured cppcheck include dirs: /home/choi/marker_ws/src/image_pipeline-foxy/image_publisher/include
[2.281s] -- Configured cppcheck exclude dirs and/or files: 
[2.281s] -- Added test 'cpplint' to check C / C++ code against the Google style
[2.281s] -- Configured cpplint exclude dirs and/or files: 
[2.281s] -- Added test 'flake8' to check Python code syntax and style conventions
[2.281s] -- Added test 'lint_cmake' to check CMake code style
[2.282s] -- Added test 'pep257' to check Python code against some of the style conventions in PEP 257
[2.282s] -- Added test 'uncrustify' to check C / C++ code style
[2.282s] -- Configured uncrustify additional arguments: 
[2.282s] -- Added test 'xmllint' to check XML markup files
[2.285s] -- Configuring done (1.8s)
[2.335s] -- Generating done (0.0s)
[2.339s] -- Build files have been written to: /home/choi/marker_ws/build/image_publisher
[2.372s] Invoked command in '/home/choi/marker_ws/build/image_publisher' returned '0': CMAKE_PREFIX_PATH=${CMAKE_PREFIX_PATH}:/home/choi/marker_ws/install/ros2_aruco:/home/choi/marker_ws/install/omo_r1mini_teleop:/home/choi/marker_ws/install/omo_r1mini_navigation2:/home/choi/marker_ws/install/omo_r1mini_bringup:/home/choi/marker_ws/install/exp_logger:/home/choi/marker_ws/install/camera_calibration:/opt/ros/foxy /home/choi/.local/bin/cmake /home/choi/marker_ws/src/image_pipeline-foxy/image_publisher -DAMENT_CMAKE_SYMLINK_INSTALL=1 -DCMAKE_INSTALL_PREFIX=/home/choi/marker_ws/install/image_publisher
[2.374s] Invoking command in '/home/choi/marker_ws/build/image_publisher': CMAKE_PREFIX_PATH=${CMAKE_PREFIX_PATH}:/home/choi/marker_ws/install/ros2_aruco:/home/choi/marker_ws/install/omo_r1mini_teleop:/home/choi/marker_ws/install/omo_r1mini_navigation2:/home/choi/marker_ws/install/omo_r1mini_bringup:/home/choi/marker_ws/install/exp_logger:/home/choi/marker_ws/install/camera_calibration:/opt/ros/foxy /home/choi/.local/bin/cmake --build /home/choi/marker_ws/build/image_publisher -- -j12 -l12
[2.479s] [ 25%] [32m[1mLinking CXX shared library libimage_publisher.so[0m
[2.823s] [ 50%] Built target image_publisher
[2.849s] [ 75%] [32m[1mLinking CXX executable image_publisher_node[0m
[3.701s] /usr/bin/ld: warning: libopencv_calib3d.so.4.2, needed by /opt/ros/foxy/lib/libimage_geometry.so, may conflict with libopencv_calib3d.so.406
[3.707s] [100%] Built target image_publisher_node
[3.720s] Invoked command in '/home/choi/marker_ws/build/image_publisher' returned '0': CMAKE_PREFIX_PATH=${CMAKE_PREFIX_PATH}:/home/choi/marker_ws/install/ros2_aruco:/home/choi/marker_ws/install/omo_r1mini_teleop:/home/choi/marker_ws/install/omo_r1mini_navigation2:/home/choi/marker_ws/install/omo_r1mini_bringup:/home/choi/marker_ws/install/exp_logger:/home/choi/marker_ws/install/camera_calibration:/opt/ros/foxy /home/choi/.local/bin/cmake --build /home/choi/marker_ws/build/image_publisher -- -j12 -l12
[3.825s] Invoking command in '/home/choi/marker_ws/build/image_publisher': CMAKE_PREFIX_PATH=${CMAKE_PREFIX_PATH}:/home/choi/marker_ws/install/ros2_aruco:/home/choi/marker_ws/install/omo_r1mini_teleop:/home/choi/marker_ws/install/omo_r1mini_navigation2:/home/choi/marker_ws/install/omo_r1mini_bringup:/home/choi/marker_ws/install/exp_logger:/home/choi/marker_ws/install/camera_calibration:/opt/ros/foxy /home/choi/.local/bin/cmake --install /home/choi/marker_ws/build/image_publisher
[4.339s] -- Install configuration: ""
[4.340s] -- Execute custom install script
[4.343s] -- Symlinking: /home/choi/marker_ws/install/image_publisher/include/image_publisher/image_publisher.hpp
[4.344s] -- Symlinking: /home/choi/marker_ws/install/image_publisher/include/image_publisher/visibility.h
[4.345s] -- Symlinking: /home/choi/marker_ws/install/image_publisher/share/image_publisher/environment/library_path.sh
[4.349s] -- Symlinking: /home/choi/marker_ws/install/image_publisher/share/image_publisher/environment/library_path.dsv
[4.350s] -- Symlinking: /home/choi/marker_ws/install/image_publisher/lib/libimage_publisher.so
[4.350s] -- Symlinking: /home/choi/marker_ws/install/image_publisher/lib/image_publisher/image_publisher_node
[4.351s] -- Symlinking: /home/choi/marker_ws/install/image_publisher/share/image_publisher/launch/image_publisher_file.launch.py
[4.351s] -- Symlinking: /home/choi/marker_ws/install/image_publisher/share/image_publisher/launch/image_publisher_mono.launch.py
[4.351s] -- Symlinking: /home/choi/marker_ws/install/image_publisher/share/image_publisher/launch/image_publisher_stereo.launch.py
[4.352s] -- Symlinking: /home/choi/marker_ws/install/image_publisher/share/image_publisher/launch/splash.png
[4.352s] -- Symlinking: /home/choi/marker_ws/install/image_publisher/share/ament_index/resource_index/package_run_dependencies/image_publisher
[4.352s] -- Symlinking: /home/choi/marker_ws/install/image_publisher/share/ament_index/resource_index/parent_prefix_path/image_publisher
[4.358s] -- Symlinking: /home/choi/marker_ws/install/image_publisher/share/image_publisher/environment/ament_prefix_path.sh
[4.359s] -- Symlinking: /home/choi/marker_ws/install/image_publisher/share/image_publisher/environment/ament_prefix_path.dsv
[4.359s] -- Symlinking: /home/choi/marker_ws/install/image_publisher/share/image_publisher/environment/path.sh
[4.359s] -- Symlinking: /home/choi/marker_ws/install/image_publisher/share/image_publisher/environment/path.dsv
[4.359s] -- Symlinking: /home/choi/marker_ws/install/image_publisher/share/image_publisher/local_setup.bash
[4.360s] -- Symlinking: /home/choi/marker_ws/install/image_publisher/share/image_publisher/local_setup.sh
[4.360s] -- Symlinking: /home/choi/marker_ws/install/image_publisher/share/image_publisher/local_setup.zsh
[4.360s] -- Symlinking: /home/choi/marker_ws/install/image_publisher/share/image_publisher/local_setup.dsv
[4.360s] -- Symlinking: /home/choi/marker_ws/install/image_publisher/share/image_publisher/package.dsv
[4.360s] -- Symlinking: /home/choi/marker_ws/install/image_publisher/share/ament_index/resource_index/packages/image_publisher
[4.361s] -- Symlinking: /home/choi/marker_ws/install/image_publisher/share/ament_index/resource_index/rclcpp_components/image_publisher
[4.361s] -- Symlinking: /home/choi/marker_ws/install/image_publisher/share/image_publisher/cmake/ament_cmake_export_dependencies-extras.cmake
[4.361s] -- Symlinking: /home/choi/marker_ws/install/image_publisher/share/image_publisher/cmake/ament_cmake_export_include_directories-extras.cmake
[4.361s] -- Symlinking: /home/choi/marker_ws/install/image_publisher/share/image_publisher/cmake/ament_cmake_export_libraries-extras.cmake
[4.361s] -- Symlinking: /home/choi/marker_ws/install/image_publisher/share/image_publisher/cmake/image_publisherConfig.cmake
[4.362s] -- Symlinking: /home/choi/marker_ws/install/image_publisher/share/image_publisher/cmake/image_publisherConfig-version.cmake
[4.362s] -- Symlinking: /home/choi/marker_ws/install/image_publisher/share/image_publisher/package.xml
[4.379s] Invoked command in '/home/choi/marker_ws/build/image_publisher' returned '0': CMAKE_PREFIX_PATH=${CMAKE_PREFIX_PATH}:/home/choi/marker_ws/install/ros2_aruco:/home/choi/marker_ws/install/omo_r1mini_teleop:/home/choi/marker_ws/install/omo_r1mini_navigation2:/home/choi/marker_ws/install/omo_r1mini_bringup:/home/choi/marker_ws/install/exp_logger:/home/choi/marker_ws/install/camera_calibration:/opt/ros/foxy /home/choi/.local/bin/cmake --install /home/choi/marker_ws/build/image_publisher
