running egg_info
creating ../../build/exp_logger/exp_logger.egg-info
writing ../../build/exp_logger/exp_logger.egg-info/PKG-INFO
writing dependency_links to ../../build/exp_logger/exp_logger.egg-info/dependency_links.txt
writing entry points to ../../build/exp_logger/exp_logger.egg-info/entry_points.txt
writing requirements to ../../build/exp_logger/exp_logger.egg-info/requires.txt
writing top-level names to ../../build/exp_logger/exp_logger.egg-info/top_level.txt
writing manifest file '../../build/exp_logger/exp_logger.egg-info/SOURCES.txt'
reading manifest file '../../build/exp_logger/exp_logger.egg-info/SOURCES.txt'
writing manifest file '../../build/exp_logger/exp_logger.egg-info/SOURCES.txt'
running build
running build_py
creating /home/choi/marker_ws/build/exp_logger/build
creating /home/choi/marker_ws/build/exp_logger/build/lib
creating /home/choi/marker_ws/build/exp_logger/build/lib/exp_logger
copying exp_logger/exp_logger.py -> /home/choi/marker_ws/build/exp_logger/build/lib/exp_logger
copying exp_logger/__init__.py -> /home/choi/marker_ws/build/exp_logger/build/lib/exp_logger
running install
running install_lib
creating /home/choi/marker_ws/install/exp_logger/lib/python3.8/site-packages/exp_logger
copying /home/choi/marker_ws/build/exp_logger/build/lib/exp_logger/exp_logger.py -> /home/choi/marker_ws/install/exp_logger/lib/python3.8/site-packages/exp_logger
copying /home/choi/marker_ws/build/exp_logger/build/lib/exp_logger/__init__.py -> /home/choi/marker_ws/install/exp_logger/lib/python3.8/site-packages/exp_logger
byte-compiling /home/choi/marker_ws/install/exp_logger/lib/python3.8/site-packages/exp_logger/exp_logger.py to exp_logger.cpython-38.pyc
byte-compiling /home/choi/marker_ws/install/exp_logger/lib/python3.8/site-packages/exp_logger/__init__.py to __init__.cpython-38.pyc
running install_data
creating /home/choi/marker_ws/install/exp_logger/share/ament_index
creating /home/choi/marker_ws/install/exp_logger/share/ament_index/resource_index
creating /home/choi/marker_ws/install/exp_logger/share/ament_index/resource_index/packages
copying resource/exp_logger -> /home/choi/marker_ws/install/exp_logger/share/ament_index/resource_index/packages
copying package.xml -> /home/choi/marker_ws/install/exp_logger/share/exp_logger
creating /home/choi/marker_ws/install/exp_logger/share/exp_logger/launch
copying launch/exp_logger.launch.py -> /home/choi/marker_ws/install/exp_logger/share/exp_logger/launch
creating /home/choi/marker_ws/install/exp_logger/share/exp_logger/params
copying params/exp_logger_params.yaml -> /home/choi/marker_ws/install/exp_logger/share/exp_logger/params
running install_egg_info
Copying ../../build/exp_logger/exp_logger.egg-info to /home/choi/marker_ws/install/exp_logger/lib/python3.8/site-packages/exp_logger-0.0.0-py3.8.egg-info
running install_scripts
Installing exp_logger script to /home/choi/marker_ws/install/exp_logger/lib/exp_logger
writing list of installed files to '/home/choi/marker_ws/build/exp_logger/install.log'
