[2.743s] Invoking command in '/home/choi/marker_ws/src/exp_logger': PYTHONPATH=/home/choi/marker_ws/build/exp_logger/prefix_override:/home/choi/marker_ws/install/exp_logger/lib/python3.8/site-packages:${PYTHONPATH} /usr/bin/python3 setup.py egg_info --egg-base ../../build/exp_logger build --build-base /home/choi/marker_ws/build/exp_logger/build install --record /home/choi/marker_ws/build/exp_logger/install.log --single-version-externally-managed
[3.784s] running egg_info
[3.785s] creating ../../build/exp_logger/exp_logger.egg-info
[3.785s] writing ../../build/exp_logger/exp_logger.egg-info/PKG-INFO
[3.785s] writing dependency_links to ../../build/exp_logger/exp_logger.egg-info/dependency_links.txt
[3.785s] writing entry points to ../../build/exp_logger/exp_logger.egg-info/entry_points.txt
[3.785s] writing requirements to ../../build/exp_logger/exp_logger.egg-info/requires.txt
[3.785s] writing top-level names to ../../build/exp_logger/exp_logger.egg-info/top_level.txt
[3.785s] writing manifest file '../../build/exp_logger/exp_logger.egg-info/SOURCES.txt'
[3.785s] reading manifest file '../../build/exp_logger/exp_logger.egg-info/SOURCES.txt'
[3.785s] writing manifest file '../../build/exp_logger/exp_logger.egg-info/SOURCES.txt'
[3.785s] running build
[3.785s] running build_py
[3.785s] creating /home/choi/marker_ws/build/exp_logger/build
[3.785s] creating /home/choi/marker_ws/build/exp_logger/build/lib
[3.785s] creating /home/choi/marker_ws/build/exp_logger/build/lib/exp_logger
[3.785s] copying exp_logger/exp_logger.py -> /home/choi/marker_ws/build/exp_logger/build/lib/exp_logger
[3.786s] copying exp_logger/__init__.py -> /home/choi/marker_ws/build/exp_logger/build/lib/exp_logger
[3.786s] running install
[3.786s] running install_lib
[3.786s] creating /home/choi/marker_ws/install/exp_logger/lib/python3.8/site-packages/exp_logger
[3.786s] copying /home/choi/marker_ws/build/exp_logger/build/lib/exp_logger/exp_logger.py -> /home/choi/marker_ws/install/exp_logger/lib/python3.8/site-packages/exp_logger
[3.786s] copying /home/choi/marker_ws/build/exp_logger/build/lib/exp_logger/__init__.py -> /home/choi/marker_ws/install/exp_logger/lib/python3.8/site-packages/exp_logger
[3.786s] byte-compiling /home/choi/marker_ws/install/exp_logger/lib/python3.8/site-packages/exp_logger/exp_logger.py to exp_logger.cpython-38.pyc
[3.786s] byte-compiling /home/choi/marker_ws/install/exp_logger/lib/python3.8/site-packages/exp_logger/__init__.py to __init__.cpython-38.pyc
[3.786s] running install_data
[3.786s] creating /home/choi/marker_ws/install/exp_logger/share/ament_index
[3.786s] creating /home/choi/marker_ws/install/exp_logger/share/ament_index/resource_index
[3.786s] creating /home/choi/marker_ws/install/exp_logger/share/ament_index/resource_index/packages
[3.786s] copying resource/exp_logger -> /home/choi/marker_ws/install/exp_logger/share/ament_index/resource_index/packages
[3.786s] copying package.xml -> /home/choi/marker_ws/install/exp_logger/share/exp_logger
[3.787s] creating /home/choi/marker_ws/install/exp_logger/share/exp_logger/launch
[3.787s] copying launch/exp_logger.launch.py -> /home/choi/marker_ws/install/exp_logger/share/exp_logger/launch
[3.787s] creating /home/choi/marker_ws/install/exp_logger/share/exp_logger/params
[3.787s] copying params/exp_logger_params.yaml -> /home/choi/marker_ws/install/exp_logger/share/exp_logger/params
[3.787s] running install_egg_info
[3.787s] Copying ../../build/exp_logger/exp_logger.egg-info to /home/choi/marker_ws/install/exp_logger/lib/python3.8/site-packages/exp_logger-0.0.0-py3.8.egg-info
[3.787s] running install_scripts
[3.787s] Installing exp_logger script to /home/choi/marker_ws/install/exp_logger/lib/exp_logger
[3.787s] writing list of installed files to '/home/choi/marker_ws/build/exp_logger/install.log'
[4.074s] Invoked command in '/home/choi/marker_ws/src/exp_logger' returned '0': PYTHONPATH=/home/choi/marker_ws/build/exp_logger/prefix_override:/home/choi/marker_ws/install/exp_logger/lib/python3.8/site-packages:${PYTHONPATH} /usr/bin/python3 setup.py egg_info --egg-base ../../build/exp_logger build --build-base /home/choi/marker_ws/build/exp_logger/build install --record /home/choi/marker_ws/build/exp_logger/install.log --single-version-externally-managed
