[0.168s] Invoking command in '/home/choi/marker_ws/build/omo_r1mini_interfaces': CMAKE_PREFIX_PATH=${CMAKE_PREFIX_PATH}:/home/choi/marker_ws/install/ros2_aruco:/home/choi/marker_ws/install/omo_r1mini_teleop:/home/choi/marker_ws/install/omo_r1mini_navigation2:/home/choi/marker_ws/install/omo_r1mini_bringup:/home/choi/marker_ws/install/exp_logger:/home/choi/marker_ws/install/camera_calibration:/opt/ros/foxy /home/choi/.local/bin/cmake /home/choi/marker_ws/src/omo_r1mini-foxy/omo_r1mini_interfaces -DAMENT_CMAKE_SYMLINK_INSTALL=1 -DCMAKE_INSTALL_PREFIX=/home/choi/marker_ws/install/omo_r1mini_interfaces
[0.938s] -- Found ament_cmake: 0.9.12 (/opt/ros/foxy/share/ament_cmake/cmake)
[0.939s] -- Found PythonInterp: /usr/bin/python3 (found suitable version "3.8.10", minimum required is "3") 
[0.940s] -- Using PYTHON_EXECUTABLE: /usr/bin/python3
[0.941s] -- Override CMake install command with custom implementation using symlinks instead of copying resources
[0.942s] -- Found rosidl_default_generators: 1.0.1 (/opt/ros/foxy/share/rosidl_default_generators/cmake)
[0.943s] -- Using all available rosidl_typesupport_c: rosidl_typesupport_fastrtps_c;rosidl_typesupport_introspection_c
[0.943s] -- Found rosidl_adapter: 1.3.1 (/opt/ros/foxy/share/rosidl_adapter/cmake)
[0.976s] -- Using all available rosidl_typesupport_cpp: rosidl_typesupport_fastrtps_cpp;rosidl_typesupport_introspection_cpp
[1.046s] -- Found PythonInterp: /usr/bin/python3 (found version "3.8.10") 
[1.275s] -- Found ament_cmake_ros: 0.9.2 (/opt/ros/foxy/share/ament_cmake_ros/cmake)
[1.447s] -- Using all available rosidl_typesupport_c: rosidl_typesupport_fastrtps_c;rosidl_typesupport_introspection_c
[1.467s] -- Using all available rosidl_typesupport_cpp: rosidl_typesupport_fastrtps_cpp;rosidl_typesupport_introspection_cpp
[1.515s] -- Found PythonInterp: /usr/bin/python3 (found suitable version "3.8.10", minimum required is "3.5") 
[1.515s] -- Found python_cmake_module: 0.8.1 (/opt/ros/foxy/share/python_cmake_module/cmake)
[1.560s] -- Using PYTHON_EXECUTABLE: /usr/bin/python3
[1.560s] -- Using PYTHON_INCLUDE_DIRS: /usr/include/python3.8
[1.560s] -- Using PYTHON_LIBRARIES: /usr/lib/x86_64-linux-gnu/libpython3.8.so
[1.603s] -- Found ament_lint_auto: 0.9.8 (/opt/ros/foxy/share/ament_lint_auto/cmake)
[1.623s] -- Added test 'copyright' to check source files copyright and LICENSE
[1.627s] -- Added test 'lint_cmake' to check CMake code style
[1.629s] -- Added test 'xmllint' to check XML markup files
[1.635s] -- Configuring done (1.4s)
[1.715s] -- Generating done (0.1s)
[1.721s] -- Build files have been written to: /home/choi/marker_ws/build/omo_r1mini_interfaces
[1.775s] Invoked command in '/home/choi/marker_ws/build/omo_r1mini_interfaces' returned '0': CMAKE_PREFIX_PATH=${CMAKE_PREFIX_PATH}:/home/choi/marker_ws/install/ros2_aruco:/home/choi/marker_ws/install/omo_r1mini_teleop:/home/choi/marker_ws/install/omo_r1mini_navigation2:/home/choi/marker_ws/install/omo_r1mini_bringup:/home/choi/marker_ws/install/exp_logger:/home/choi/marker_ws/install/camera_calibration:/opt/ros/foxy /home/choi/.local/bin/cmake /home/choi/marker_ws/src/omo_r1mini-foxy/omo_r1mini_interfaces -DAMENT_CMAKE_SYMLINK_INSTALL=1 -DCMAKE_INSTALL_PREFIX=/home/choi/marker_ws/install/omo_r1mini_interfaces
[1.776s] Invoking command in '/home/choi/marker_ws/build/omo_r1mini_interfaces': CMAKE_PREFIX_PATH=${CMAKE_PREFIX_PATH}:/home/choi/marker_ws/install/ros2_aruco:/home/choi/marker_ws/install/omo_r1mini_teleop:/home/choi/marker_ws/install/omo_r1mini_navigation2:/home/choi/marker_ws/install/omo_r1mini_bringup:/home/choi/marker_ws/install/exp_logger:/home/choi/marker_ws/install/camera_calibration:/opt/ros/foxy /home/choi/.local/bin/cmake --build /home/choi/marker_ws/build/omo_r1mini_interfaces -- -j12 -l12
[1.887s] [ 11%] Built target omo_r1mini_interfaces__rosidl_generator_c
[1.903s] [ 12%] Built target omo_r1mini_interfaces__cpp
[1.909s] [ 23%] Built target omo_r1mini_interfaces__rosidl_typesupport_introspection_c
[1.918s] [ 35%] Built target omo_r1mini_interfaces__rosidl_typesupport_c
[1.942s] [ 46%] Built target omo_r1mini_interfaces__rosidl_typesupport_introspection_cpp
[1.942s] [ 57%] Built target omo_r1mini_interfaces__rosidl_typesupport_cpp
[1.946s] [ 59%] [32m[1mLinking CXX shared library libomo_r1mini_interfaces__rosidl_typesupport_fastrtps_cpp.so[0m
[2.066s] [ 69%] Built target omo_r1mini_interfaces__rosidl_typesupport_fastrtps_cpp
[2.086s] [ 70%] [32m[1mLinking CXX shared library libomo_r1mini_interfaces__rosidl_typesupport_fastrtps_c.so[0m
[2.157s] [ 80%] Built target omo_r1mini_interfaces__rosidl_typesupport_fastrtps_c
[2.166s] [ 80%] Built target omo_r1mini_interfaces
[2.176s] [ 81%] Built target omo_r1mini_interfaces__py
[2.200s] [ 83%] [32m[1mLinking C shared library rosidl_generator_py/omo_r1mini_interfaces/libomo_r1mini_interfaces__python.so[0m
[2.239s] [ 91%] Built target omo_r1mini_interfaces__python
[2.255s] [ 95%] [32m[1mLinking C shared library rosidl_generator_py/omo_r1mini_interfaces/omo_r1mini_interfaces_s__rosidl_typesupport_c.cpython-38-x86_64-linux-gnu.so[0m
[2.255s] [ 95%] [32m[1mLinking C shared library rosidl_generator_py/omo_r1mini_interfaces/omo_r1mini_interfaces_s__rosidl_typesupport_introspection_c.cpython-38-x86_64-linux-gnu.so[0m
[2.256s] [ 95%] [32m[1mLinking CXX shared library rosidl_generator_py/omo_r1mini_interfaces/omo_r1mini_interfaces_s__rosidl_typesupport_fastrtps_c.cpython-38-x86_64-linux-gnu.so[0m
[2.287s] [ 97%] Built target omo_r1mini_interfaces__rosidl_typesupport_c__pyext
[2.288s] [ 98%] Built target omo_r1mini_interfaces__rosidl_typesupport_introspection_c__pyext
[2.337s] [100%] Built target omo_r1mini_interfaces__rosidl_typesupport_fastrtps_c__pyext
[2.437s] Invoked command in '/home/choi/marker_ws/build/omo_r1mini_interfaces' returned '0': CMAKE_PREFIX_PATH=${CMAKE_PREFIX_PATH}:/home/choi/marker_ws/install/ros2_aruco:/home/choi/marker_ws/install/omo_r1mini_teleop:/home/choi/marker_ws/install/omo_r1mini_navigation2:/home/choi/marker_ws/install/omo_r1mini_bringup:/home/choi/marker_ws/install/exp_logger:/home/choi/marker_ws/install/camera_calibration:/opt/ros/foxy /home/choi/.local/bin/cmake --build /home/choi/marker_ws/build/omo_r1mini_interfaces -- -j12 -l12
[2.789s] Invoking command in '/home/choi/marker_ws/build/omo_r1mini_interfaces': CMAKE_PREFIX_PATH=${CMAKE_PREFIX_PATH}:/home/choi/marker_ws/install/ros2_aruco:/home/choi/marker_ws/install/omo_r1mini_teleop:/home/choi/marker_ws/install/omo_r1mini_navigation2:/home/choi/marker_ws/install/omo_r1mini_bringup:/home/choi/marker_ws/install/exp_logger:/home/choi/marker_ws/install/camera_calibration:/opt/ros/foxy /home/choi/.local/bin/cmake --install /home/choi/marker_ws/build/omo_r1mini_interfaces
[3.417s] -- Install configuration: ""
[3.417s] -- Execute custom install script
[3.417s] -- Symlinking: /home/choi/marker_ws/install/omo_r1mini_interfaces/share/ament_index/resource_index/rosidl_interfaces/omo_r1mini_interfaces
[3.417s] -- Symlinking: /home/choi/marker_ws/install/omo_r1mini_interfaces/include/omo_r1mini_interfaces/msg/rosidl_generator_c__visibility_control.h
[3.418s] -- Symlinking: /home/choi/marker_ws/install/omo_r1mini_interfaces/include/omo_r1mini_interfaces/srv/battery.h
[3.418s] -- Symlinking: /home/choi/marker_ws/install/omo_r1mini_interfaces/include/omo_r1mini_interfaces/srv/calg.h
[3.418s] -- Symlinking: /home/choi/marker_ws/install/omo_r1mini_interfaces/include/omo_r1mini_interfaces/srv/color.h
[3.418s] -- Symlinking: /home/choi/marker_ws/install/omo_r1mini_interfaces/include/omo_r1mini_interfaces/srv/detail/battery__functions.h
[3.418s] -- Symlinking: /home/choi/marker_ws/install/omo_r1mini_interfaces/include/omo_r1mini_interfaces/srv/detail/battery__struct.h
[3.418s] -- Symlinking: /home/choi/marker_ws/install/omo_r1mini_interfaces/include/omo_r1mini_interfaces/srv/detail/battery__type_support.h
[3.419s] -- Symlinking: /home/choi/marker_ws/install/omo_r1mini_interfaces/include/omo_r1mini_interfaces/srv/detail/calg__functions.h
[3.419s] -- Symlinking: /home/choi/marker_ws/install/omo_r1mini_interfaces/include/omo_r1mini_interfaces/srv/detail/calg__struct.h
[3.419s] -- Symlinking: /home/choi/marker_ws/install/omo_r1mini_interfaces/include/omo_r1mini_interfaces/srv/detail/calg__type_support.h
[3.419s] -- Symlinking: /home/choi/marker_ws/install/omo_r1mini_interfaces/include/omo_r1mini_interfaces/srv/detail/color__functions.h
[3.427s] -- Symlinking: /home/choi/marker_ws/install/omo_r1mini_interfaces/include/omo_r1mini_interfaces/srv/detail/color__struct.h
[3.427s] -- Symlinking: /home/choi/marker_ws/install/omo_r1mini_interfaces/include/omo_r1mini_interfaces/srv/detail/color__type_support.h
[3.427s] -- Symlinking: /home/choi/marker_ws/install/omo_r1mini_interfaces/include/omo_r1mini_interfaces/srv/detail/onoff__functions.h
[3.428s] -- Symlinking: /home/choi/marker_ws/install/omo_r1mini_interfaces/include/omo_r1mini_interfaces/srv/detail/onoff__struct.h
[3.428s] -- Symlinking: /home/choi/marker_ws/install/omo_r1mini_interfaces/include/omo_r1mini_interfaces/srv/detail/onoff__type_support.h
[3.428s] -- Symlinking: /home/choi/marker_ws/install/omo_r1mini_interfaces/include/omo_r1mini_interfaces/srv/detail/reset_odom__functions.h
[3.428s] -- Symlinking: /home/choi/marker_ws/install/omo_r1mini_interfaces/include/omo_r1mini_interfaces/srv/detail/reset_odom__struct.h
[3.428s] -- Symlinking: /home/choi/marker_ws/install/omo_r1mini_interfaces/include/omo_r1mini_interfaces/srv/detail/reset_odom__type_support.h
[3.429s] -- Symlinking: /home/choi/marker_ws/install/omo_r1mini_interfaces/include/omo_r1mini_interfaces/srv/detail/save_color__functions.h
[3.429s] -- Symlinking: /home/choi/marker_ws/install/omo_r1mini_interfaces/include/omo_r1mini_interfaces/srv/detail/save_color__struct.h
[3.429s] -- Symlinking: /home/choi/marker_ws/install/omo_r1mini_interfaces/include/omo_r1mini_interfaces/srv/detail/save_color__type_support.h
[3.429s] -- Symlinking: /home/choi/marker_ws/install/omo_r1mini_interfaces/include/omo_r1mini_interfaces/srv/onoff.h
[3.429s] -- Symlinking: /home/choi/marker_ws/install/omo_r1mini_interfaces/include/omo_r1mini_interfaces/srv/reset_odom.h
[3.429s] -- Symlinking: /home/choi/marker_ws/install/omo_r1mini_interfaces/include/omo_r1mini_interfaces/srv/save_color.h
[3.430s] -- Symlinking: /home/choi/marker_ws/install/omo_r1mini_interfaces/share/omo_r1mini_interfaces/environment/library_path.sh
[3.430s] -- Symlinking: /home/choi/marker_ws/install/omo_r1mini_interfaces/share/omo_r1mini_interfaces/environment/library_path.dsv
[3.430s] -- Symlinking: /home/choi/marker_ws/install/omo_r1mini_interfaces/include/omo_r1mini_interfaces/msg/rosidl_typesupport_fastrtps_c__visibility_control.h
[3.430s] -- Symlinking: /home/choi/marker_ws/install/omo_r1mini_interfaces/include/omo_r1mini_interfaces/srv/detail/battery__rosidl_typesupport_fastrtps_c.h
[3.430s] -- Symlinking: /home/choi/marker_ws/install/omo_r1mini_interfaces/include/omo_r1mini_interfaces/srv/detail/calg__rosidl_typesupport_fastrtps_c.h
[3.430s] -- Symlinking: /home/choi/marker_ws/install/omo_r1mini_interfaces/include/omo_r1mini_interfaces/srv/detail/color__rosidl_typesupport_fastrtps_c.h
[3.430s] -- Symlinking: /home/choi/marker_ws/install/omo_r1mini_interfaces/include/omo_r1mini_interfaces/srv/detail/onoff__rosidl_typesupport_fastrtps_c.h
[3.431s] -- Symlinking: /home/choi/marker_ws/install/omo_r1mini_interfaces/include/omo_r1mini_interfaces/srv/detail/reset_odom__rosidl_typesupport_fastrtps_c.h
[3.431s] -- Symlinking: /home/choi/marker_ws/install/omo_r1mini_interfaces/include/omo_r1mini_interfaces/srv/detail/save_color__rosidl_typesupport_fastrtps_c.h
[3.431s] -- Symlinking: /home/choi/marker_ws/install/omo_r1mini_interfaces/lib/libomo_r1mini_interfaces__rosidl_typesupport_fastrtps_c.so
[3.431s] -- Symlinking: /home/choi/marker_ws/install/omo_r1mini_interfaces/include/omo_r1mini_interfaces/msg/rosidl_typesupport_fastrtps_cpp__visibility_control.h
[3.431s] -- Symlinking: /home/choi/marker_ws/install/omo_r1mini_interfaces/include/omo_r1mini_interfaces/srv/detail/battery__rosidl_typesupport_fastrtps_cpp.hpp
[3.431s] -- Symlinking: /home/choi/marker_ws/install/omo_r1mini_interfaces/include/omo_r1mini_interfaces/srv/detail/calg__rosidl_typesupport_fastrtps_cpp.hpp
[3.431s] -- Symlinking: /home/choi/marker_ws/install/omo_r1mini_interfaces/include/omo_r1mini_interfaces/srv/detail/color__rosidl_typesupport_fastrtps_cpp.hpp
[3.431s] -- Symlinking: /home/choi/marker_ws/install/omo_r1mini_interfaces/include/omo_r1mini_interfaces/srv/detail/onoff__rosidl_typesupport_fastrtps_cpp.hpp
[3.432s] -- Symlinking: /home/choi/marker_ws/install/omo_r1mini_interfaces/include/omo_r1mini_interfaces/srv/detail/reset_odom__rosidl_typesupport_fastrtps_cpp.hpp
[3.432s] -- Symlinking: /home/choi/marker_ws/install/omo_r1mini_interfaces/include/omo_r1mini_interfaces/srv/detail/save_color__rosidl_typesupport_fastrtps_cpp.hpp
[3.432s] -- Symlinking: /home/choi/marker_ws/install/omo_r1mini_interfaces/lib/libomo_r1mini_interfaces__rosidl_typesupport_fastrtps_cpp.so
[3.432s] -- Symlinking: /home/choi/marker_ws/install/omo_r1mini_interfaces/include/omo_r1mini_interfaces/msg/rosidl_typesupport_introspection_c__visibility_control.h
[3.432s] -- Symlinking: /home/choi/marker_ws/install/omo_r1mini_interfaces/include/omo_r1mini_interfaces/srv/detail/battery__rosidl_typesupport_introspection_c.h
[3.433s] -- Symlinking: /home/choi/marker_ws/install/omo_r1mini_interfaces/include/omo_r1mini_interfaces/srv/detail/calg__rosidl_typesupport_introspection_c.h
[3.433s] -- Symlinking: /home/choi/marker_ws/install/omo_r1mini_interfaces/include/omo_r1mini_interfaces/srv/detail/color__rosidl_typesupport_introspection_c.h
[3.433s] -- Symlinking: /home/choi/marker_ws/install/omo_r1mini_interfaces/include/omo_r1mini_interfaces/srv/detail/onoff__rosidl_typesupport_introspection_c.h
[3.433s] -- Symlinking: /home/choi/marker_ws/install/omo_r1mini_interfaces/include/omo_r1mini_interfaces/srv/detail/reset_odom__rosidl_typesupport_introspection_c.h
[3.433s] -- Symlinking: /home/choi/marker_ws/install/omo_r1mini_interfaces/include/omo_r1mini_interfaces/srv/detail/save_color__rosidl_typesupport_introspection_c.h
[3.433s] -- Symlinking: /home/choi/marker_ws/install/omo_r1mini_interfaces/include/omo_r1mini_interfaces/msg/rosidl_generator_cpp__visibility_control.hpp
[3.434s] -- Symlinking: /home/choi/marker_ws/install/omo_r1mini_interfaces/include/omo_r1mini_interfaces/srv/battery.hpp
[3.434s] -- Symlinking: /home/choi/marker_ws/install/omo_r1mini_interfaces/include/omo_r1mini_interfaces/srv/calg.hpp
[3.434s] -- Symlinking: /home/choi/marker_ws/install/omo_r1mini_interfaces/include/omo_r1mini_interfaces/srv/color.hpp
[3.434s] -- Symlinking: /home/choi/marker_ws/install/omo_r1mini_interfaces/include/omo_r1mini_interfaces/srv/detail/battery__builder.hpp
[3.435s] -- Symlinking: /home/choi/marker_ws/install/omo_r1mini_interfaces/include/omo_r1mini_interfaces/srv/detail/battery__struct.hpp
[3.435s] -- Symlinking: /home/choi/marker_ws/install/omo_r1mini_interfaces/include/omo_r1mini_interfaces/srv/detail/battery__traits.hpp
[3.435s] -- Symlinking: /home/choi/marker_ws/install/omo_r1mini_interfaces/include/omo_r1mini_interfaces/srv/detail/battery__type_support.hpp
[3.435s] -- Symlinking: /home/choi/marker_ws/install/omo_r1mini_interfaces/include/omo_r1mini_interfaces/srv/detail/calg__builder.hpp
[3.435s] -- Symlinking: /home/choi/marker_ws/install/omo_r1mini_interfaces/include/omo_r1mini_interfaces/srv/detail/calg__struct.hpp
[3.435s] -- Symlinking: /home/choi/marker_ws/install/omo_r1mini_interfaces/include/omo_r1mini_interfaces/srv/detail/calg__traits.hpp
[3.436s] -- Symlinking: /home/choi/marker_ws/install/omo_r1mini_interfaces/include/omo_r1mini_interfaces/srv/detail/calg__type_support.hpp
[3.436s] -- Symlinking: /home/choi/marker_ws/install/omo_r1mini_interfaces/include/omo_r1mini_interfaces/srv/detail/color__builder.hpp
[3.436s] -- Symlinking: /home/choi/marker_ws/install/omo_r1mini_interfaces/include/omo_r1mini_interfaces/srv/detail/color__struct.hpp
[3.436s] -- Symlinking: /home/choi/marker_ws/install/omo_r1mini_interfaces/include/omo_r1mini_interfaces/srv/detail/color__traits.hpp
[3.437s] -- Symlinking: /home/choi/marker_ws/install/omo_r1mini_interfaces/include/omo_r1mini_interfaces/srv/detail/color__type_support.hpp
[3.437s] -- Symlinking: /home/choi/marker_ws/install/omo_r1mini_interfaces/include/omo_r1mini_interfaces/srv/detail/onoff__builder.hpp
[3.437s] -- Symlinking: /home/choi/marker_ws/install/omo_r1mini_interfaces/include/omo_r1mini_interfaces/srv/detail/onoff__struct.hpp
[3.437s] -- Symlinking: /home/choi/marker_ws/install/omo_r1mini_interfaces/include/omo_r1mini_interfaces/srv/detail/onoff__traits.hpp
[3.437s] -- Symlinking: /home/choi/marker_ws/install/omo_r1mini_interfaces/include/omo_r1mini_interfaces/srv/detail/onoff__type_support.hpp
[3.438s] -- Symlinking: /home/choi/marker_ws/install/omo_r1mini_interfaces/include/omo_r1mini_interfaces/srv/detail/reset_odom__builder.hpp
[3.438s] -- Symlinking: /home/choi/marker_ws/install/omo_r1mini_interfaces/include/omo_r1mini_interfaces/srv/detail/reset_odom__struct.hpp
[3.438s] -- Symlinking: /home/choi/marker_ws/install/omo_r1mini_interfaces/include/omo_r1mini_interfaces/srv/detail/reset_odom__traits.hpp
[3.438s] -- Symlinking: /home/choi/marker_ws/install/omo_r1mini_interfaces/include/omo_r1mini_interfaces/srv/detail/reset_odom__type_support.hpp
[3.438s] -- Symlinking: /home/choi/marker_ws/install/omo_r1mini_interfaces/include/omo_r1mini_interfaces/srv/detail/save_color__builder.hpp
[3.439s] -- Symlinking: /home/choi/marker_ws/install/omo_r1mini_interfaces/include/omo_r1mini_interfaces/srv/detail/save_color__struct.hpp
[3.439s] -- Symlinking: /home/choi/marker_ws/install/omo_r1mini_interfaces/include/omo_r1mini_interfaces/srv/detail/save_color__traits.hpp
[3.439s] -- Symlinking: /home/choi/marker_ws/install/omo_r1mini_interfaces/include/omo_r1mini_interfaces/srv/detail/save_color__type_support.hpp
[3.439s] -- Symlinking: /home/choi/marker_ws/install/omo_r1mini_interfaces/include/omo_r1mini_interfaces/srv/onoff.hpp
[3.439s] -- Symlinking: /home/choi/marker_ws/install/omo_r1mini_interfaces/include/omo_r1mini_interfaces/srv/reset_odom.hpp
[3.440s] -- Symlinking: /home/choi/marker_ws/install/omo_r1mini_interfaces/include/omo_r1mini_interfaces/srv/save_color.hpp
[3.440s] -- Symlinking: /home/choi/marker_ws/install/omo_r1mini_interfaces/include/omo_r1mini_interfaces/srv/detail/battery__rosidl_typesupport_introspection_cpp.hpp
[3.440s] -- Symlinking: /home/choi/marker_ws/install/omo_r1mini_interfaces/include/omo_r1mini_interfaces/srv/detail/calg__rosidl_typesupport_introspection_cpp.hpp
[3.440s] -- Symlinking: /home/choi/marker_ws/install/omo_r1mini_interfaces/include/omo_r1mini_interfaces/srv/detail/color__rosidl_typesupport_introspection_cpp.hpp
[3.440s] -- Symlinking: /home/choi/marker_ws/install/omo_r1mini_interfaces/include/omo_r1mini_interfaces/srv/detail/onoff__rosidl_typesupport_introspection_cpp.hpp
[3.440s] -- Symlinking: /home/choi/marker_ws/install/omo_r1mini_interfaces/include/omo_r1mini_interfaces/srv/detail/reset_odom__rosidl_typesupport_introspection_cpp.hpp
[3.441s] -- Symlinking: /home/choi/marker_ws/install/omo_r1mini_interfaces/include/omo_r1mini_interfaces/srv/detail/save_color__rosidl_typesupport_introspection_cpp.hpp
[3.441s] -- Symlinking: /home/choi/marker_ws/install/omo_r1mini_interfaces/share/omo_r1mini_interfaces/environment/pythonpath.sh
[3.441s] -- Symlinking: /home/choi/marker_ws/install/omo_r1mini_interfaces/share/omo_r1mini_interfaces/environment/pythonpath.dsv
[3.441s] -- Symlinking: /home/choi/marker_ws/install/omo_r1mini_interfaces/lib/python3.8/site-packages/omo_r1mini_interfaces/__init__.py
[3.441s] -- Symlinking: /home/choi/marker_ws/install/omo_r1mini_interfaces/lib/python3.8/site-packages/omo_r1mini_interfaces/srv/__init__.py
[3.442s] -- Symlinking: /home/choi/marker_ws/install/omo_r1mini_interfaces/lib/python3.8/site-packages/omo_r1mini_interfaces/srv/_battery.py
[3.442s] -- Symlinking: /home/choi/marker_ws/install/omo_r1mini_interfaces/lib/python3.8/site-packages/omo_r1mini_interfaces/srv/_calg.py
[3.442s] -- Symlinking: /home/choi/marker_ws/install/omo_r1mini_interfaces/lib/python3.8/site-packages/omo_r1mini_interfaces/srv/_color.py
[3.442s] -- Symlinking: /home/choi/marker_ws/install/omo_r1mini_interfaces/lib/python3.8/site-packages/omo_r1mini_interfaces/srv/_onoff.py
[3.442s] -- Symlinking: /home/choi/marker_ws/install/omo_r1mini_interfaces/lib/python3.8/site-packages/omo_r1mini_interfaces/srv/_reset_odom.py
[3.448s] -- Symlinking: /home/choi/marker_ws/install/omo_r1mini_interfaces/lib/python3.8/site-packages/omo_r1mini_interfaces/srv/_save_color.py
[3.448s] -- Symlinking: /home/choi/marker_ws/install/omo_r1mini_interfaces/lib/python3.8/site-packages/omo_r1mini_interfaces/omo_r1mini_interfaces_s__rosidl_typesupport_fastrtps_c.cpython-38-x86_64-linux-gnu.so
[3.448s] -- Symlinking: /home/choi/marker_ws/install/omo_r1mini_interfaces/lib/python3.8/site-packages/omo_r1mini_interfaces/omo_r1mini_interfaces_s__rosidl_typesupport_introspection_c.cpython-38-x86_64-linux-gnu.so
[3.448s] -- Symlinking: /home/choi/marker_ws/install/omo_r1mini_interfaces/lib/python3.8/site-packages/omo_r1mini_interfaces/omo_r1mini_interfaces_s__rosidl_typesupport_c.cpython-38-x86_64-linux-gnu.so
[3.448s] -- Symlinking: /home/choi/marker_ws/install/omo_r1mini_interfaces/lib/libomo_r1mini_interfaces__python.so
[3.448s] -- Symlinking: /home/choi/marker_ws/install/omo_r1mini_interfaces/share/omo_r1mini_interfaces/srv/Battery.idl
[3.449s] -- Symlinking: /home/choi/marker_ws/install/omo_r1mini_interfaces/share/omo_r1mini_interfaces/srv/Calg.idl
[3.449s] -- Symlinking: /home/choi/marker_ws/install/omo_r1mini_interfaces/share/omo_r1mini_interfaces/srv/Color.idl
[3.449s] -- Symlinking: /home/choi/marker_ws/install/omo_r1mini_interfaces/share/omo_r1mini_interfaces/srv/Onoff.idl
[3.449s] -- Symlinking: /home/choi/marker_ws/install/omo_r1mini_interfaces/share/omo_r1mini_interfaces/srv/ResetOdom.idl
[3.449s] -- Symlinking: /home/choi/marker_ws/install/omo_r1mini_interfaces/share/omo_r1mini_interfaces/srv/SaveColor.idl
[3.449s] -- Symlinking: /home/choi/marker_ws/install/omo_r1mini_interfaces/share/omo_r1mini_interfaces/srv/Battery.srv
[3.450s] -- Symlinking: /home/choi/marker_ws/install/omo_r1mini_interfaces/share/omo_r1mini_interfaces/srv/Battery_Request.msg
[3.450s] -- Symlinking: /home/choi/marker_ws/install/omo_r1mini_interfaces/share/omo_r1mini_interfaces/srv/Battery_Response.msg
[3.451s] -- Symlinking: /home/choi/marker_ws/install/omo_r1mini_interfaces/share/omo_r1mini_interfaces/srv/Calg.srv
[3.452s] -- Symlinking: /home/choi/marker_ws/install/omo_r1mini_interfaces/share/omo_r1mini_interfaces/srv/Calg_Request.msg
[3.452s] -- Symlinking: /home/choi/marker_ws/install/omo_r1mini_interfaces/share/omo_r1mini_interfaces/srv/Calg_Response.msg
[3.453s] -- Symlinking: /home/choi/marker_ws/install/omo_r1mini_interfaces/share/omo_r1mini_interfaces/srv/Color.srv
[3.454s] -- Symlinking: /home/choi/marker_ws/install/omo_r1mini_interfaces/share/omo_r1mini_interfaces/srv/Color_Request.msg
[3.454s] -- Symlinking: /home/choi/marker_ws/install/omo_r1mini_interfaces/share/omo_r1mini_interfaces/srv/Color_Response.msg
[3.455s] -- Symlinking: /home/choi/marker_ws/install/omo_r1mini_interfaces/share/omo_r1mini_interfaces/srv/Onoff.srv
[3.455s] -- Symlinking: /home/choi/marker_ws/install/omo_r1mini_interfaces/share/omo_r1mini_interfaces/srv/Onoff_Request.msg
[3.455s] -- Symlinking: /home/choi/marker_ws/install/omo_r1mini_interfaces/share/omo_r1mini_interfaces/srv/Onoff_Response.msg
[3.456s] -- Symlinking: /home/choi/marker_ws/install/omo_r1mini_interfaces/share/omo_r1mini_interfaces/srv/ResetOdom.srv
[3.456s] -- Symlinking: /home/choi/marker_ws/install/omo_r1mini_interfaces/share/omo_r1mini_interfaces/srv/ResetOdom_Request.msg
[3.458s] -- Symlinking: /home/choi/marker_ws/install/omo_r1mini_interfaces/share/omo_r1mini_interfaces/srv/ResetOdom_Response.msg
[3.459s] -- Symlinking: /home/choi/marker_ws/install/omo_r1mini_interfaces/share/omo_r1mini_interfaces/srv/SaveColor.srv
[3.459s] -- Symlinking: /home/choi/marker_ws/install/omo_r1mini_interfaces/share/omo_r1mini_interfaces/srv/SaveColor_Request.msg
[3.459s] -- Symlinking: /home/choi/marker_ws/install/omo_r1mini_interfaces/share/omo_r1mini_interfaces/srv/SaveColor_Response.msg
[3.461s] -- Symlinking: /home/choi/marker_ws/install/omo_r1mini_interfaces/share/ament_index/resource_index/package_run_dependencies/omo_r1mini_interfaces
[3.461s] -- Symlinking: /home/choi/marker_ws/install/omo_r1mini_interfaces/share/ament_index/resource_index/parent_prefix_path/omo_r1mini_interfaces
[3.462s] -- Symlinking: /home/choi/marker_ws/install/omo_r1mini_interfaces/share/omo_r1mini_interfaces/environment/ament_prefix_path.sh
[3.468s] -- Symlinking: /home/choi/marker_ws/install/omo_r1mini_interfaces/share/omo_r1mini_interfaces/environment/ament_prefix_path.dsv
[3.468s] -- Symlinking: /home/choi/marker_ws/install/omo_r1mini_interfaces/share/omo_r1mini_interfaces/environment/path.sh
[3.469s] -- Symlinking: /home/choi/marker_ws/install/omo_r1mini_interfaces/share/omo_r1mini_interfaces/environment/path.dsv
[3.470s] -- Symlinking: /home/choi/marker_ws/install/omo_r1mini_interfaces/share/omo_r1mini_interfaces/local_setup.bash
[3.470s] -- Symlinking: /home/choi/marker_ws/install/omo_r1mini_interfaces/share/omo_r1mini_interfaces/local_setup.sh
[3.477s] -- Symlinking: /home/choi/marker_ws/install/omo_r1mini_interfaces/share/omo_r1mini_interfaces/local_setup.zsh
[3.478s] -- Symlinking: /home/choi/marker_ws/install/omo_r1mini_interfaces/share/omo_r1mini_interfaces/local_setup.dsv
[3.483s] -- Symlinking: /home/choi/marker_ws/install/omo_r1mini_interfaces/share/omo_r1mini_interfaces/package.dsv
[3.489s] -- Symlinking: /home/choi/marker_ws/install/omo_r1mini_interfaces/share/ament_index/resource_index/packages/omo_r1mini_interfaces
[3.490s] -- Symlinking: /home/choi/marker_ws/install/omo_r1mini_interfaces/share/omo_r1mini_interfaces/cmake/rosidl_cmake-extras.cmake
[3.492s] -- Symlinking: /home/choi/marker_ws/install/omo_r1mini_interfaces/share/omo_r1mini_interfaces/cmake/ament_cmake_export_dependencies-extras.cmake
[3.504s] -- Symlinking: /home/choi/marker_ws/install/omo_r1mini_interfaces/share/omo_r1mini_interfaces/cmake/ament_cmake_export_libraries-extras.cmake
[3.510s] -- Symlinking: /home/choi/marker_ws/install/omo_r1mini_interfaces/share/omo_r1mini_interfaces/cmake/ament_cmake_export_targets-extras.cmake
[3.510s] -- Symlinking: /home/choi/marker_ws/install/omo_r1mini_interfaces/share/omo_r1mini_interfaces/cmake/ament_cmake_export_include_directories-extras.cmake
[3.511s] -- Symlinking: /home/choi/marker_ws/install/omo_r1mini_interfaces/share/omo_r1mini_interfaces/cmake/rosidl_cmake_export_typesupport_libraries-extras.cmake
[3.511s] -- Symlinking: /home/choi/marker_ws/install/omo_r1mini_interfaces/share/omo_r1mini_interfaces/cmake/rosidl_cmake_export_typesupport_targets-extras.cmake
[3.512s] -- Symlinking: /home/choi/marker_ws/install/omo_r1mini_interfaces/share/omo_r1mini_interfaces/cmake/omo_r1mini_interfacesConfig.cmake
[3.519s] -- Symlinking: /home/choi/marker_ws/install/omo_r1mini_interfaces/share/omo_r1mini_interfaces/cmake/omo_r1mini_interfacesConfig-version.cmake
[3.520s] -- Symlinking: /home/choi/marker_ws/install/omo_r1mini_interfaces/share/omo_r1mini_interfaces/package.xml
[3.526s] -- Up-to-date: /home/choi/marker_ws/install/omo_r1mini_interfaces/lib/libomo_r1mini_interfaces__rosidl_generator_c.so
[3.527s] -- Up-to-date: /home/choi/marker_ws/install/omo_r1mini_interfaces/lib/libomo_r1mini_interfaces__rosidl_typesupport_introspection_c.so
[3.527s] -- Up-to-date: /home/choi/marker_ws/install/omo_r1mini_interfaces/lib/libomo_r1mini_interfaces__rosidl_typesupport_c.so
[3.527s] -- Up-to-date: /home/choi/marker_ws/install/omo_r1mini_interfaces/lib/libomo_r1mini_interfaces__rosidl_typesupport_introspection_cpp.so
[3.527s] -- Up-to-date: /home/choi/marker_ws/install/omo_r1mini_interfaces/lib/libomo_r1mini_interfaces__rosidl_typesupport_cpp.so
[3.591s] Compiling '/home/choi/marker_ws/install/omo_r1mini_interfaces/lib/python3.8/site-packages/omo_r1mini_interfaces/__init__.py'...
[3.600s] -- Up-to-date: /home/choi/marker_ws/install/omo_r1mini_interfaces/share/omo_r1mini_interfaces/cmake/omo_r1mini_interfaces__rosidl_generator_cExport.cmake
[3.600s] -- Up-to-date: /home/choi/marker_ws/install/omo_r1mini_interfaces/share/omo_r1mini_interfaces/cmake/omo_r1mini_interfaces__rosidl_generator_cExport-noconfig.cmake
[3.600s] -- Up-to-date: /home/choi/marker_ws/install/omo_r1mini_interfaces/share/omo_r1mini_interfaces/cmake/omo_r1mini_interfaces__rosidl_typesupport_introspection_cExport.cmake
[3.601s] -- Up-to-date: /home/choi/marker_ws/install/omo_r1mini_interfaces/share/omo_r1mini_interfaces/cmake/omo_r1mini_interfaces__rosidl_typesupport_introspection_cExport-noconfig.cmake
[3.601s] -- Up-to-date: /home/choi/marker_ws/install/omo_r1mini_interfaces/share/omo_r1mini_interfaces/cmake/omo_r1mini_interfaces__rosidl_typesupport_cExport.cmake
[3.601s] -- Up-to-date: /home/choi/marker_ws/install/omo_r1mini_interfaces/share/omo_r1mini_interfaces/cmake/omo_r1mini_interfaces__rosidl_typesupport_cExport-noconfig.cmake
[3.601s] -- Up-to-date: /home/choi/marker_ws/install/omo_r1mini_interfaces/share/omo_r1mini_interfaces/cmake/omo_r1mini_interfaces__rosidl_generator_cppExport.cmake
[3.602s] -- Up-to-date: /home/choi/marker_ws/install/omo_r1mini_interfaces/share/omo_r1mini_interfaces/cmake/omo_r1mini_interfaces__rosidl_typesupport_introspection_cppExport.cmake
[3.602s] -- Up-to-date: /home/choi/marker_ws/install/omo_r1mini_interfaces/share/omo_r1mini_interfaces/cmake/omo_r1mini_interfaces__rosidl_typesupport_introspection_cppExport-noconfig.cmake
[3.602s] -- Up-to-date: /home/choi/marker_ws/install/omo_r1mini_interfaces/share/omo_r1mini_interfaces/cmake/omo_r1mini_interfaces__rosidl_typesupport_cppExport.cmake
[3.602s] -- Up-to-date: /home/choi/marker_ws/install/omo_r1mini_interfaces/share/omo_r1mini_interfaces/cmake/omo_r1mini_interfaces__rosidl_typesupport_cppExport-noconfig.cmake
[3.616s] Invoked command in '/home/choi/marker_ws/build/omo_r1mini_interfaces' returned '0': CMAKE_PREFIX_PATH=${CMAKE_PREFIX_PATH}:/home/choi/marker_ws/install/ros2_aruco:/home/choi/marker_ws/install/omo_r1mini_teleop:/home/choi/marker_ws/install/omo_r1mini_navigation2:/home/choi/marker_ws/install/omo_r1mini_bringup:/home/choi/marker_ws/install/exp_logger:/home/choi/marker_ws/install/camera_calibration:/opt/ros/foxy /home/choi/.local/bin/cmake --install /home/choi/marker_ws/build/omo_r1mini_interfaces
