[2.767s] Invoking command in '/home/choi/marker_ws/src/omo_r1mini-foxy/omo_r1mini_navigation2': PYTHONPATH=/home/choi/marker_ws/build/omo_r1mini_navigation2/prefix_override:/home/choi/marker_ws/install/omo_r1mini_navigation2/lib/python3.8/site-packages:${PYTHONPATH} /usr/bin/python3 setup.py egg_info --egg-base ../../../build/omo_r1mini_navigation2 build --build-base /home/choi/marker_ws/build/omo_r1mini_navigation2/build install --record /home/choi/marker_ws/build/omo_r1mini_navigation2/install.log --single-version-externally-managed
[3.809s] running egg_info
[3.810s] creating ../../../build/omo_r1mini_navigation2/omo_r1mini_navigation2.egg-info
[3.810s] writing ../../../build/omo_r1mini_navigation2/omo_r1mini_navigation2.egg-info/PKG-INFO
[3.811s] writing dependency_links to ../../../build/omo_r1mini_navigation2/omo_r1mini_navigation2.egg-info/dependency_links.txt
[3.811s] writing entry points to ../../../build/omo_r1mini_navigation2/omo_r1mini_navigation2.egg-info/entry_points.txt
[3.811s] writing requirements to ../../../build/omo_r1mini_navigation2/omo_r1mini_navigation2.egg-info/requires.txt
[3.811s] writing top-level names to ../../../build/omo_r1mini_navigation2/omo_r1mini_navigation2.egg-info/top_level.txt
[3.811s] writing manifest file '../../../build/omo_r1mini_navigation2/omo_r1mini_navigation2.egg-info/SOURCES.txt'
[3.811s] reading manifest file '../../../build/omo_r1mini_navigation2/omo_r1mini_navigation2.egg-info/SOURCES.txt'
[3.811s] writing manifest file '../../../build/omo_r1mini_navigation2/omo_r1mini_navigation2.egg-info/SOURCES.txt'
[3.811s] running build
[3.811s] running build_py
[3.811s] creating /home/choi/marker_ws/build/omo_r1mini_navigation2/build
[3.812s] creating /home/choi/marker_ws/build/omo_r1mini_navigation2/build/lib
[3.812s] creating /home/choi/marker_ws/build/omo_r1mini_navigation2/build/lib/omo_r1mini_navigation2
[3.812s] copying omo_r1mini_navigation2/__init__.py -> /home/choi/marker_ws/build/omo_r1mini_navigation2/build/lib/omo_r1mini_navigation2
[3.812s] running install
[3.812s] running install_lib
[3.812s] creating /home/choi/marker_ws/install/omo_r1mini_navigation2/lib/python3.8/site-packages/omo_r1mini_navigation2
[3.812s] copying /home/choi/marker_ws/build/omo_r1mini_navigation2/build/lib/omo_r1mini_navigation2/__init__.py -> /home/choi/marker_ws/install/omo_r1mini_navigation2/lib/python3.8/site-packages/omo_r1mini_navigation2
[3.812s] byte-compiling /home/choi/marker_ws/install/omo_r1mini_navigation2/lib/python3.8/site-packages/omo_r1mini_navigation2/__init__.py to __init__.cpython-38.pyc
[3.812s] running install_data
[3.812s] creating /home/choi/marker_ws/install/omo_r1mini_navigation2/share/ament_index
[3.812s] creating /home/choi/marker_ws/install/omo_r1mini_navigation2/share/ament_index/resource_index
[3.812s] creating /home/choi/marker_ws/install/omo_r1mini_navigation2/share/ament_index/resource_index/packages
[3.812s] copying resource/omo_r1mini_navigation2 -> /home/choi/marker_ws/install/omo_r1mini_navigation2/share/ament_index/resource_index/packages
[3.813s] copying package.xml -> /home/choi/marker_ws/install/omo_r1mini_navigation2/share/omo_r1mini_navigation2
[3.813s] creating /home/choi/marker_ws/install/omo_r1mini_navigation2/share/omo_r1mini_navigation2/launch
[3.813s] copying launch/navigation2_rviz.launch.py -> /home/choi/marker_ws/install/omo_r1mini_navigation2/share/omo_r1mini_navigation2/launch
[3.813s] copying launch/omo_navi.launch.py -> /home/choi/marker_ws/install/omo_r1mini_navigation2/share/omo_r1mini_navigation2/launch
[3.813s] copying launch/omo_full.launch.py -> /home/choi/marker_ws/install/omo_r1mini_navigation2/share/omo_r1mini_navigation2/launch
[3.813s] copying launch/navigation2.launch.py -> /home/choi/marker_ws/install/omo_r1mini_navigation2/share/omo_r1mini_navigation2/launch
[3.813s] creating /home/choi/marker_ws/install/omo_r1mini_navigation2/share/omo_r1mini_navigation2/param
[3.813s] copying param/omo_r1mini.yaml -> /home/choi/marker_ws/install/omo_r1mini_navigation2/share/omo_r1mini_navigation2/param
[3.814s] copying param/my_omo_nav2_params.yaml -> /home/choi/marker_ws/install/omo_r1mini_navigation2/share/omo_r1mini_navigation2/param
[3.814s] creating /home/choi/marker_ws/install/omo_r1mini_navigation2/share/omo_r1mini_navigation2/bt
[3.814s] copying bt/pure_bt.xml -> /home/choi/marker_ws/install/omo_r1mini_navigation2/share/omo_r1mini_navigation2/bt
[3.814s] creating /home/choi/marker_ws/install/omo_r1mini_navigation2/share/omo_r1mini_navigation2/rviz
[3.814s] copying rviz/tb3_navigation2.rviz -> /home/choi/marker_ws/install/omo_r1mini_navigation2/share/omo_r1mini_navigation2/rviz
[3.814s] copying rviz/nav2_default_view.rviz -> /home/choi/marker_ws/install/omo_r1mini_navigation2/share/omo_r1mini_navigation2/rviz
[3.814s] running install_egg_info
[3.814s] Copying ../../../build/omo_r1mini_navigation2/omo_r1mini_navigation2.egg-info to /home/choi/marker_ws/install/omo_r1mini_navigation2/lib/python3.8/site-packages/omo_r1mini_navigation2-0.0.0-py3.8.egg-info
[3.814s] running install_scripts
[3.814s] writing list of installed files to '/home/choi/marker_ws/build/omo_r1mini_navigation2/install.log'
[3.828s] Invoked command in '/home/choi/marker_ws/src/omo_r1mini-foxy/omo_r1mini_navigation2' returned '0': PYTHONPATH=/home/choi/marker_ws/build/omo_r1mini_navigation2/prefix_override:/home/choi/marker_ws/install/omo_r1mini_navigation2/lib/python3.8/site-packages:${PYTHONPATH} /usr/bin/python3 setup.py egg_info --egg-base ../../../build/omo_r1mini_navigation2 build --build-base /home/choi/marker_ws/build/omo_r1mini_navigation2/build install --record /home/choi/marker_ws/build/omo_r1mini_navigation2/install.log --single-version-externally-managed
