[0.459s] Invoking command in '/home/choi/marker_ws/build/image_rotate': CMAKE_PREFIX_PATH=${CMAKE_PREFIX_PATH}:/home/choi/marker_ws/install/ros2_aruco:/home/choi/marker_ws/install/omo_r1mini_teleop:/home/choi/marker_ws/install/omo_r1mini_navigation2:/home/choi/marker_ws/install/omo_r1mini_bringup:/home/choi/marker_ws/install/exp_logger:/home/choi/marker_ws/install/camera_calibration:/opt/ros/foxy /home/choi/.local/bin/cmake --build /home/choi/marker_ws/build/image_rotate -- -j12 -l12
[0.850s] [ 50%] Built target image_rotate
[0.850s] [100%] Built target image_rotate_bin
[1.231s] Invoked command in '/home/choi/marker_ws/build/image_rotate' returned '0': CMAKE_PREFIX_PATH=${CMAKE_PREFIX_PATH}:/home/choi/marker_ws/install/ros2_aruco:/home/choi/marker_ws/install/omo_r1mini_teleop:/home/choi/marker_ws/install/omo_r1mini_navigation2:/home/choi/marker_ws/install/omo_r1mini_bringup:/home/choi/marker_ws/install/exp_logger:/home/choi/marker_ws/install/camera_calibration:/opt/ros/foxy /home/choi/.local/bin/cmake --build /home/choi/marker_ws/build/image_rotate -- -j12 -l12
[1.374s] Invoking command in '/home/choi/marker_ws/build/image_rotate': CMAKE_PREFIX_PATH=${CMAKE_PREFIX_PATH}:/home/choi/marker_ws/install/ros2_aruco:/home/choi/marker_ws/install/omo_r1mini_teleop:/home/choi/marker_ws/install/omo_r1mini_navigation2:/home/choi/marker_ws/install/omo_r1mini_bringup:/home/choi/marker_ws/install/exp_logger:/home/choi/marker_ws/install/camera_calibration:/opt/ros/foxy /home/choi/.local/bin/cmake --install /home/choi/marker_ws/build/image_rotate
[1.440s] -- Install configuration: ""
[1.440s] -- Execute custom install script
[1.440s] -- Up-to-date symlink: /home/choi/marker_ws/install/image_rotate/include/image_rotate/image_rotate_node.hpp
[1.441s] -- Up-to-date symlink: /home/choi/marker_ws/install/image_rotate/include/image_rotate/visibility.h
[1.445s] -- Up-to-date symlink: /home/choi/marker_ws/install/image_rotate/share/image_rotate/environment/library_path.sh
[1.445s] -- Up-to-date symlink: /home/choi/marker_ws/install/image_rotate/share/image_rotate/environment/library_path.dsv
[1.445s] -- Up-to-date symlink: /home/choi/marker_ws/install/image_rotate/lib/libimage_rotate.so
[1.446s] -- Up-to-date symlink: /home/choi/marker_ws/install/image_rotate/lib/image_rotate/image_rotate
[1.452s] -- Up-to-date symlink: /home/choi/marker_ws/install/image_rotate/share/image_rotate/launch/image_rotate.launch.py
[1.453s] -- Up-to-date symlink: /home/choi/marker_ws/install/image_rotate/share/ament_index/resource_index/package_run_dependencies/image_rotate
[1.453s] -- Up-to-date symlink: /home/choi/marker_ws/install/image_rotate/share/ament_index/resource_index/parent_prefix_path/image_rotate
[1.453s] -- Up-to-date symlink: /home/choi/marker_ws/install/image_rotate/share/image_rotate/environment/ament_prefix_path.sh
[1.453s] -- Up-to-date symlink: /home/choi/marker_ws/install/image_rotate/share/image_rotate/environment/ament_prefix_path.dsv
[1.454s] -- Up-to-date symlink: /home/choi/marker_ws/install/image_rotate/share/image_rotate/environment/path.sh
[1.475s] -- Up-to-date symlink: /home/choi/marker_ws/install/image_rotate/share/image_rotate/environment/path.dsv
[1.476s] -- Up-to-date symlink: /home/choi/marker_ws/install/image_rotate/share/image_rotate/local_setup.bash
[1.476s] -- Up-to-date symlink: /home/choi/marker_ws/install/image_rotate/share/image_rotate/local_setup.sh
[1.476s] -- Up-to-date symlink: /home/choi/marker_ws/install/image_rotate/share/image_rotate/local_setup.zsh
[1.482s] -- Up-to-date symlink: /home/choi/marker_ws/install/image_rotate/share/image_rotate/local_setup.dsv
[1.482s] -- Symlinking: /home/choi/marker_ws/install/image_rotate/share/image_rotate/package.dsv
[1.483s] -- Up-to-date symlink: /home/choi/marker_ws/install/image_rotate/share/ament_index/resource_index/packages/image_rotate
[1.483s] -- Up-to-date symlink: /home/choi/marker_ws/install/image_rotate/share/ament_index/resource_index/rclcpp_components/image_rotate
[1.485s] -- Up-to-date symlink: /home/choi/marker_ws/install/image_rotate/share/image_rotate/cmake/ament_cmake_export_dependencies-extras.cmake
[1.486s] -- Up-to-date symlink: /home/choi/marker_ws/install/image_rotate/share/image_rotate/cmake/ament_cmake_export_include_directories-extras.cmake
[1.489s] -- Up-to-date symlink: /home/choi/marker_ws/install/image_rotate/share/image_rotate/cmake/ament_cmake_export_libraries-extras.cmake
[1.500s] -- Up-to-date symlink: /home/choi/marker_ws/install/image_rotate/share/image_rotate/cmake/image_rotateConfig.cmake
[1.501s] -- Up-to-date symlink: /home/choi/marker_ws/install/image_rotate/share/image_rotate/cmake/image_rotateConfig-version.cmake
[1.501s] -- Up-to-date symlink: /home/choi/marker_ws/install/image_rotate/share/image_rotate/package.xml
[1.553s] Invoked command in '/home/choi/marker_ws/build/image_rotate' returned '0': CMAKE_PREFIX_PATH=${CMAKE_PREFIX_PATH}:/home/choi/marker_ws/install/ros2_aruco:/home/choi/marker_ws/install/omo_r1mini_teleop:/home/choi/marker_ws/install/omo_r1mini_navigation2:/home/choi/marker_ws/install/omo_r1mini_bringup:/home/choi/marker_ws/install/exp_logger:/home/choi/marker_ws/install/camera_calibration:/opt/ros/foxy /home/choi/.local/bin/cmake --install /home/choi/marker_ws/build/image_rotate
