[0.361s] Invoking command in '/home/choi/marker_ws/build/ros2_aruco_interfaces': CMAKE_PREFIX_PATH=${CMAKE_PREFIX_PATH}:/home/choi/marker_ws/install/ros2_aruco:/home/choi/marker_ws/install/omo_r1mini_teleop:/home/choi/marker_ws/install/omo_r1mini_navigation2:/home/choi/marker_ws/install/omo_r1mini_bringup:/home/choi/marker_ws/install/exp_logger:/home/choi/marker_ws/install/camera_calibration:/opt/ros/foxy /home/choi/.local/bin/cmake /home/choi/marker_ws/src/ros2_aruco-foxy/ros2_aruco_interfaces -DCMAKE_INSTALL_PREFIX=/home/choi/marker_ws/install/ros2_aruco_interfaces
[0.446s] -- The C compiler identification is GNU 9.4.0
[0.502s] -- The CXX compiler identification is GNU 9.4.0
[0.512s] -- Detecting C compiler ABI info
[0.568s] -- Detecting C compiler ABI info - done
[0.580s] -- Check for working C compiler: /usr/bin/cc - skipped
[0.580s] -- Detecting C compile features
[0.580s] -- Detecting C compile features - done
[0.584s] -- Detecting CXX compiler ABI info
[0.649s] -- Detecting CXX compiler ABI info - done
[0.671s] -- Check for working CXX compiler: /usr/bin/c++ - skipped
[0.671s] -- Detecting CXX compile features
[0.672s] -- Detecting CXX compile features - done
[0.677s] -- Found ament_cmake: 0.9.12 (/opt/ros/foxy/share/ament_cmake/cmake)
[0.712s] -- Found PythonInterp: /usr/bin/python3 (found suitable version "3.8.10", minimum required is "3") 
[0.713s] -- Using PYTHON_EXECUTABLE: /usr/bin/python3
[0.972s] -- Found geometry_msgs: 2.0.5 (/opt/ros/foxy/share/geometry_msgs/cmake)
[1.026s] -- Using all available rosidl_typesupport_c: rosidl_typesupport_fastrtps_c;rosidl_typesupport_introspection_c
[1.039s] -- Found rosidl_adapter: 1.3.1 (/opt/ros/foxy/share/rosidl_adapter/cmake)
[1.128s] -- Found OpenSSL: /usr/lib/x86_64-linux-gnu/libcrypto.so (found version "1.1.1f")  
[1.165s] -- Found FastRTPS: /opt/ros/foxy/include  
[1.255s] -- Using all available rosidl_typesupport_cpp: rosidl_typesupport_fastrtps_cpp;rosidl_typesupport_introspection_cpp
[1.342s] -- Found rosidl_default_generators: 1.0.1 (/opt/ros/foxy/share/rosidl_default_generators/cmake)
[1.382s] -- Found PythonInterp: /usr/bin/python3 (found version "3.8.10") 
[3.396s] -- Found ament_cmake_ros: 0.9.2 (/opt/ros/foxy/share/ament_cmake_ros/cmake)
[3.702s] -- Using all available rosidl_typesupport_c: rosidl_typesupport_fastrtps_c;rosidl_typesupport_introspection_c
[3.816s] -- Using all available rosidl_typesupport_cpp: rosidl_typesupport_fastrtps_cpp;rosidl_typesupport_introspection_cpp
[3.853s] -- Found PythonInterp: /usr/bin/python3 (found suitable version "3.8.10", minimum required is "3.5") 
[3.855s] -- Found python_cmake_module: 0.8.1 (/opt/ros/foxy/share/python_cmake_module/cmake)
[3.905s] -- Found PythonLibs: /usr/lib/x86_64-linux-gnu/libpython3.8.so (found suitable version "3.8.10", minimum required is "3.5") 
[3.905s] -- Using PYTHON_EXECUTABLE: /usr/bin/python3
[3.906s] -- Using PYTHON_INCLUDE_DIRS: /usr/include/python3.8
[3.906s] -- Using PYTHON_LIBRARIES: /usr/lib/x86_64-linux-gnu/libpython3.8.so
[3.938s] -- Found PythonExtra: .so  
[4.045s] -- Found ament_lint_auto: 0.9.8 (/opt/ros/foxy/share/ament_lint_auto/cmake)
[4.105s] -- Added test 'copyright' to check source files copyright and LICENSE
[4.107s] -- Added test 'lint_cmake' to check CMake code style
[4.108s] -- Added test 'xmllint' to check XML markup files
[4.112s] -- Configuring done (3.7s)
[4.608s] -- Generating done (0.5s)
[4.610s] -- Build files have been written to: /home/choi/marker_ws/build/ros2_aruco_interfaces
[4.647s] Invoked command in '/home/choi/marker_ws/build/ros2_aruco_interfaces' returned '0': CMAKE_PREFIX_PATH=${CMAKE_PREFIX_PATH}:/home/choi/marker_ws/install/ros2_aruco:/home/choi/marker_ws/install/omo_r1mini_teleop:/home/choi/marker_ws/install/omo_r1mini_navigation2:/home/choi/marker_ws/install/omo_r1mini_bringup:/home/choi/marker_ws/install/exp_logger:/home/choi/marker_ws/install/camera_calibration:/opt/ros/foxy /home/choi/.local/bin/cmake /home/choi/marker_ws/src/ros2_aruco-foxy/ros2_aruco_interfaces -DCMAKE_INSTALL_PREFIX=/home/choi/marker_ws/install/ros2_aruco_interfaces
[4.667s] Invoking command in '/home/choi/marker_ws/build/ros2_aruco_interfaces': CMAKE_PREFIX_PATH=${CMAKE_PREFIX_PATH}:/home/choi/marker_ws/install/ros2_aruco:/home/choi/marker_ws/install/omo_r1mini_teleop:/home/choi/marker_ws/install/omo_r1mini_navigation2:/home/choi/marker_ws/install/omo_r1mini_bringup:/home/choi/marker_ws/install/exp_logger:/home/choi/marker_ws/install/camera_calibration:/opt/ros/foxy /home/choi/.local/bin/cmake --build /home/choi/marker_ws/build/ros2_aruco_interfaces -- -j12 -l12
[5.783s] [  3%] [34m[1mGenerating C code for ROS interfaces[0m
[5.784s] [  6%] [34m[1mGenerating C++ code for ROS interfaces[0m
[5.784s] [  9%] [32mBuilding C object CMakeFiles/ros2_aruco_interfaces__rosidl_generator_c.dir/rosidl_generator_c/ros2_aruco_interfaces/msg/detail/aruco_markers__functions.c.o[0m
[5.784s] [  9%] Built target ros2_aruco_interfaces__cpp
[5.786s] [ 16%] [34m[1mGenerating C++ type support dispatch for ROS interfaces[0m
[5.788s] [ 16%] [34m[1mGenerating C++ type support for eProsima Fast-RTPS[0m
[5.788s] [ 19%] [34m[1mGenerating C++ introspection for ROS interfaces[0m
[6.043s] [ 22%] [32mBuilding CXX object CMakeFiles/ros2_aruco_interfaces__rosidl_typesupport_cpp.dir/rosidl_typesupport_cpp/ros2_aruco_interfaces/msg/aruco_markers__type_support.cpp.o[0m
[6.151s] [ 25%] [32mBuilding CXX object CMakeFiles/ros2_aruco_interfaces__rosidl_typesupport_introspection_cpp.dir/rosidl_typesupport_introspection_cpp/ros2_aruco_interfaces/msg/detail/aruco_markers__type_support.cpp.o[0m
[6.326s] [ 29%] [32mBuilding CXX object CMakeFiles/ros2_aruco_interfaces__rosidl_typesupport_fastrtps_cpp.dir/rosidl_typesupport_fastrtps_cpp/ros2_aruco_interfaces/msg/detail/dds_fastrtps/aruco_markers__type_support.cpp.o[0m
[6.630s] [ 32%] [32m[1mLinking C shared library libros2_aruco_interfaces__rosidl_generator_c.so[0m
[7.507s] [ 32%] Built target ros2_aruco_interfaces__rosidl_generator_c
[7.556s] [ 35%] [34m[1mGenerating C introspection for ROS interfaces[0m
[7.591s] [ 38%] [34m[1mGenerating C type support dispatch for ROS interfaces[0m
[7.863s] [ 41%] [32mBuilding C object CMakeFiles/ros2_aruco_interfaces__rosidl_typesupport_introspection_c.dir/rosidl_typesupport_introspection_c/ros2_aruco_interfaces/msg/detail/aruco_markers__type_support.c.o[0m
[7.871s] [ 45%] [32mBuilding CXX object CMakeFiles/ros2_aruco_interfaces__rosidl_typesupport_c.dir/rosidl_typesupport_c/ros2_aruco_interfaces/msg/aruco_markers__type_support.cpp.o[0m
[7.921s] [ 51%] [32m[1mLinking CXX shared library libros2_aruco_interfaces__rosidl_typesupport_c.so[0m
[7.921s] [ 51%] [32m[1mLinking CXX shared library libros2_aruco_interfaces__rosidl_typesupport_cpp.so[0m
[7.950s] [ 51%] Built target ros2_aruco_interfaces__rosidl_typesupport_cpp
[7.951s] [ 51%] Built target ros2_aruco_interfaces__rosidl_typesupport_c
[8.244s] [ 54%] [32m[1mLinking CXX shared library libros2_aruco_interfaces__rosidl_typesupport_introspection_cpp.so[0m
[8.248s] [ 58%] [32m[1mLinking C shared library libros2_aruco_interfaces__rosidl_typesupport_introspection_c.so[0m
[8.271s] [ 58%] Built target ros2_aruco_interfaces__rosidl_typesupport_introspection_c
[8.302s] [ 58%] Built target ros2_aruco_interfaces__rosidl_typesupport_introspection_cpp
[8.873s] [ 61%] [32m[1mLinking CXX shared library libros2_aruco_interfaces__rosidl_typesupport_fastrtps_cpp.so[0m
[9.924s] [ 61%] Built target ros2_aruco_interfaces__rosidl_typesupport_fastrtps_cpp
[9.929s] [ 64%] [34m[1mGenerating C type support for eProsima Fast-RTPS[0m
[10.638s] [ 67%] [32mBuilding CXX object CMakeFiles/ros2_aruco_interfaces__rosidl_typesupport_fastrtps_c.dir/rosidl_typesupport_fastrtps_c/ros2_aruco_interfaces/msg/detail/aruco_markers__type_support_c.cpp.o[0m
[11.050s] [ 70%] [32m[1mLinking CXX shared library libros2_aruco_interfaces__rosidl_typesupport_fastrtps_c.so[0m
[11.203s] [ 70%] Built target ros2_aruco_interfaces__rosidl_typesupport_fastrtps_c
[11.216s] [ 70%] Built target ros2_aruco_interfaces
[11.230s] [ 74%] [34m[1mGenerating Python code for ROS interfaces[0m
[19.136s] [ 74%] Built target ros2_aruco_interfaces__py
[19.231s] [ 77%] [32mBuilding C object CMakeFiles/ros2_aruco_interfaces__python.dir/rosidl_generator_py/ros2_aruco_interfaces/msg/_aruco_markers_s.c.o[0m
[20.300s] [ 80%] [32m[1mLinking C shared library rosidl_generator_py/ros2_aruco_interfaces/libros2_aruco_interfaces__python.so[0m
[20.524s] [ 80%] Built target ros2_aruco_interfaces__python
[20.659s] [ 83%] [32mBuilding C object CMakeFiles/ros2_aruco_interfaces__rosidl_typesupport_fastrtps_c__pyext.dir/rosidl_generator_py/ros2_aruco_interfaces/_ros2_aruco_interfaces_s.ep.rosidl_typesupport_fastrtps_c.c.o[0m
[20.687s] [ 87%] [32mBuilding C object CMakeFiles/ros2_aruco_interfaces__rosidl_typesupport_introspection_c__pyext.dir/rosidl_generator_py/ros2_aruco_interfaces/_ros2_aruco_interfaces_s.ep.rosidl_typesupport_introspection_c.c.o[0m
[20.703s] [ 90%] [32mBuilding C object CMakeFiles/ros2_aruco_interfaces__rosidl_typesupport_c__pyext.dir/rosidl_generator_py/ros2_aruco_interfaces/_ros2_aruco_interfaces_s.ep.rosidl_typesupport_c.c.o[0m
[21.131s] [ 93%] [32m[1mLinking CXX shared library rosidl_generator_py/ros2_aruco_interfaces/ros2_aruco_interfaces_s__rosidl_typesupport_fastrtps_c.cpython-38-x86_64-linux-gnu.so[0m
[21.172s] [ 96%] [32m[1mLinking C shared library rosidl_generator_py/ros2_aruco_interfaces/ros2_aruco_interfaces_s__rosidl_typesupport_c.cpython-38-x86_64-linux-gnu.so[0m
[21.173s] [100%] [32m[1mLinking C shared library rosidl_generator_py/ros2_aruco_interfaces/ros2_aruco_interfaces_s__rosidl_typesupport_introspection_c.cpython-38-x86_64-linux-gnu.so[0m
[21.372s] [100%] Built target ros2_aruco_interfaces__rosidl_typesupport_introspection_c__pyext
[21.407s] [100%] Built target ros2_aruco_interfaces__rosidl_typesupport_c__pyext
[21.443s] [100%] Built target ros2_aruco_interfaces__rosidl_typesupport_fastrtps_c__pyext
[21.485s] Invoked command in '/home/choi/marker_ws/build/ros2_aruco_interfaces' returned '0': CMAKE_PREFIX_PATH=${CMAKE_PREFIX_PATH}:/home/choi/marker_ws/install/ros2_aruco:/home/choi/marker_ws/install/omo_r1mini_teleop:/home/choi/marker_ws/install/omo_r1mini_navigation2:/home/choi/marker_ws/install/omo_r1mini_bringup:/home/choi/marker_ws/install/exp_logger:/home/choi/marker_ws/install/camera_calibration:/opt/ros/foxy /home/choi/.local/bin/cmake --build /home/choi/marker_ws/build/ros2_aruco_interfaces -- -j12 -l12
[22.912s] Invoking command in '/home/choi/marker_ws/build/ros2_aruco_interfaces': CMAKE_PREFIX_PATH=${CMAKE_PREFIX_PATH}:/home/choi/marker_ws/install/ros2_aruco:/home/choi/marker_ws/install/omo_r1mini_teleop:/home/choi/marker_ws/install/omo_r1mini_navigation2:/home/choi/marker_ws/install/omo_r1mini_bringup:/home/choi/marker_ws/install/exp_logger:/home/choi/marker_ws/install/camera_calibration:/opt/ros/foxy /home/choi/.local/bin/cmake --install /home/choi/marker_ws/build/ros2_aruco_interfaces
[26.085s] -- Install configuration: ""
[26.085s] -- Installing: /home/choi/marker_ws/install/ros2_aruco_interfaces/share/ament_index/resource_index/rosidl_interfaces/ros2_aruco_interfaces
[26.085s] -- Installing: /home/choi/marker_ws/install/ros2_aruco_interfaces/include/ros2_aruco_interfaces
[26.088s] -- Installing: /home/choi/marker_ws/install/ros2_aruco_interfaces/include/ros2_aruco_interfaces/msg
[26.089s] -- Installing: /home/choi/marker_ws/install/ros2_aruco_interfaces/include/ros2_aruco_interfaces/msg/aruco_markers.h
[26.089s] -- Installing: /home/choi/marker_ws/install/ros2_aruco_interfaces/include/ros2_aruco_interfaces/msg/rosidl_generator_c__visibility_control.h
[26.090s] -- Installing: /home/choi/marker_ws/install/ros2_aruco_interfaces/include/ros2_aruco_interfaces/msg/detail
[26.090s] -- Installing: /home/choi/marker_ws/install/ros2_aruco_interfaces/include/ros2_aruco_interfaces/msg/detail/aruco_markers__functions.h
[26.090s] -- Installing: /home/choi/marker_ws/install/ros2_aruco_interfaces/include/ros2_aruco_interfaces/msg/detail/aruco_markers__functions.c
[26.090s] -- Installing: /home/choi/marker_ws/install/ros2_aruco_interfaces/include/ros2_aruco_interfaces/msg/detail/aruco_markers__struct.h
[26.090s] -- Installing: /home/choi/marker_ws/install/ros2_aruco_interfaces/include/ros2_aruco_interfaces/msg/detail/aruco_markers__type_support.h
[26.090s] -- Installing: /home/choi/marker_ws/install/ros2_aruco_interfaces/share/ros2_aruco_interfaces/environment/library_path.sh
[26.090s] -- Installing: /home/choi/marker_ws/install/ros2_aruco_interfaces/share/ros2_aruco_interfaces/environment/library_path.dsv
[26.090s] -- Installing: /home/choi/marker_ws/install/ros2_aruco_interfaces/lib/libros2_aruco_interfaces__rosidl_generator_c.so
[26.091s] -- Set runtime path of "/home/choi/marker_ws/install/ros2_aruco_interfaces/lib/libros2_aruco_interfaces__rosidl_generator_c.so" to ""
[26.091s] -- Up-to-date: /home/choi/marker_ws/install/ros2_aruco_interfaces/include/ros2_aruco_interfaces
[26.091s] -- Up-to-date: /home/choi/marker_ws/install/ros2_aruco_interfaces/include/ros2_aruco_interfaces/msg
[26.091s] -- Installing: /home/choi/marker_ws/install/ros2_aruco_interfaces/include/ros2_aruco_interfaces/msg/rosidl_typesupport_fastrtps_c__visibility_control.h
[26.091s] -- Up-to-date: /home/choi/marker_ws/install/ros2_aruco_interfaces/include/ros2_aruco_interfaces/msg/detail
[26.091s] -- Installing: /home/choi/marker_ws/install/ros2_aruco_interfaces/include/ros2_aruco_interfaces/msg/detail/aruco_markers__rosidl_typesupport_fastrtps_c.h
[26.091s] -- Installing: /home/choi/marker_ws/install/ros2_aruco_interfaces/lib/libros2_aruco_interfaces__rosidl_typesupport_fastrtps_c.so
[26.092s] -- Set runtime path of "/home/choi/marker_ws/install/ros2_aruco_interfaces/lib/libros2_aruco_interfaces__rosidl_typesupport_fastrtps_c.so" to ""
[26.092s] -- Up-to-date: /home/choi/marker_ws/install/ros2_aruco_interfaces/include/ros2_aruco_interfaces
[26.092s] -- Up-to-date: /home/choi/marker_ws/install/ros2_aruco_interfaces/include/ros2_aruco_interfaces/msg
[26.092s] -- Installing: /home/choi/marker_ws/install/ros2_aruco_interfaces/include/ros2_aruco_interfaces/msg/rosidl_typesupport_fastrtps_cpp__visibility_control.h
[26.092s] -- Up-to-date: /home/choi/marker_ws/install/ros2_aruco_interfaces/include/ros2_aruco_interfaces/msg/detail
[26.092s] -- Installing: /home/choi/marker_ws/install/ros2_aruco_interfaces/include/ros2_aruco_interfaces/msg/detail/aruco_markers__rosidl_typesupport_fastrtps_cpp.hpp
[26.092s] -- Installing: /home/choi/marker_ws/install/ros2_aruco_interfaces/include/ros2_aruco_interfaces/msg/detail/dds_fastrtps
[26.093s] -- Installing: /home/choi/marker_ws/install/ros2_aruco_interfaces/lib/libros2_aruco_interfaces__rosidl_typesupport_fastrtps_cpp.so
[26.093s] -- Set runtime path of "/home/choi/marker_ws/install/ros2_aruco_interfaces/lib/libros2_aruco_interfaces__rosidl_typesupport_fastrtps_cpp.so" to ""
[26.093s] -- Up-to-date: /home/choi/marker_ws/install/ros2_aruco_interfaces/include/ros2_aruco_interfaces
[26.093s] -- Up-to-date: /home/choi/marker_ws/install/ros2_aruco_interfaces/include/ros2_aruco_interfaces/msg
[26.093s] -- Installing: /home/choi/marker_ws/install/ros2_aruco_interfaces/include/ros2_aruco_interfaces/msg/rosidl_typesupport_introspection_c__visibility_control.h
[26.093s] -- Up-to-date: /home/choi/marker_ws/install/ros2_aruco_interfaces/include/ros2_aruco_interfaces/msg/detail
[26.093s] -- Installing: /home/choi/marker_ws/install/ros2_aruco_interfaces/include/ros2_aruco_interfaces/msg/detail/aruco_markers__type_support.c
[26.094s] -- Installing: /home/choi/marker_ws/install/ros2_aruco_interfaces/include/ros2_aruco_interfaces/msg/detail/aruco_markers__rosidl_typesupport_introspection_c.h
[26.094s] -- Installing: /home/choi/marker_ws/install/ros2_aruco_interfaces/lib/libros2_aruco_interfaces__rosidl_typesupport_introspection_c.so
[26.094s] -- Set runtime path of "/home/choi/marker_ws/install/ros2_aruco_interfaces/lib/libros2_aruco_interfaces__rosidl_typesupport_introspection_c.so" to ""
[26.094s] -- Installing: /home/choi/marker_ws/install/ros2_aruco_interfaces/lib/libros2_aruco_interfaces__rosidl_typesupport_c.so
[26.094s] -- Set runtime path of "/home/choi/marker_ws/install/ros2_aruco_interfaces/lib/libros2_aruco_interfaces__rosidl_typesupport_c.so" to ""
[26.094s] -- Up-to-date: /home/choi/marker_ws/install/ros2_aruco_interfaces/include/ros2_aruco_interfaces
[26.094s] -- Up-to-date: /home/choi/marker_ws/install/ros2_aruco_interfaces/include/ros2_aruco_interfaces/msg
[26.094s] -- Installing: /home/choi/marker_ws/install/ros2_aruco_interfaces/include/ros2_aruco_interfaces/msg/rosidl_generator_cpp__visibility_control.hpp
[26.095s] -- Installing: /home/choi/marker_ws/install/ros2_aruco_interfaces/include/ros2_aruco_interfaces/msg/aruco_markers.hpp
[26.095s] -- Up-to-date: /home/choi/marker_ws/install/ros2_aruco_interfaces/include/ros2_aruco_interfaces/msg/detail
[26.095s] -- Installing: /home/choi/marker_ws/install/ros2_aruco_interfaces/include/ros2_aruco_interfaces/msg/detail/aruco_markers__struct.hpp
[26.095s] -- Installing: /home/choi/marker_ws/install/ros2_aruco_interfaces/include/ros2_aruco_interfaces/msg/detail/aruco_markers__type_support.hpp
[26.095s] -- Installing: /home/choi/marker_ws/install/ros2_aruco_interfaces/include/ros2_aruco_interfaces/msg/detail/aruco_markers__builder.hpp
[26.095s] -- Installing: /home/choi/marker_ws/install/ros2_aruco_interfaces/include/ros2_aruco_interfaces/msg/detail/aruco_markers__traits.hpp
[26.095s] -- Up-to-date: /home/choi/marker_ws/install/ros2_aruco_interfaces/include/ros2_aruco_interfaces
[26.096s] -- Up-to-date: /home/choi/marker_ws/install/ros2_aruco_interfaces/include/ros2_aruco_interfaces/msg
[26.096s] -- Up-to-date: /home/choi/marker_ws/install/ros2_aruco_interfaces/include/ros2_aruco_interfaces/msg/detail
[26.096s] -- Installing: /home/choi/marker_ws/install/ros2_aruco_interfaces/include/ros2_aruco_interfaces/msg/detail/aruco_markers__rosidl_typesupport_introspection_cpp.hpp
[26.096s] -- Installing: /home/choi/marker_ws/install/ros2_aruco_interfaces/include/ros2_aruco_interfaces/msg/detail/aruco_markers__type_support.cpp
[26.096s] -- Installing: /home/choi/marker_ws/install/ros2_aruco_interfaces/lib/libros2_aruco_interfaces__rosidl_typesupport_introspection_cpp.so
[26.096s] -- Set runtime path of "/home/choi/marker_ws/install/ros2_aruco_interfaces/lib/libros2_aruco_interfaces__rosidl_typesupport_introspection_cpp.so" to ""
[26.097s] -- Installing: /home/choi/marker_ws/install/ros2_aruco_interfaces/lib/libros2_aruco_interfaces__rosidl_typesupport_cpp.so
[26.097s] -- Set runtime path of "/home/choi/marker_ws/install/ros2_aruco_interfaces/lib/libros2_aruco_interfaces__rosidl_typesupport_cpp.so" to ""
[26.097s] -- Installing: /home/choi/marker_ws/install/ros2_aruco_interfaces/share/ros2_aruco_interfaces/environment/pythonpath.sh
[26.097s] -- Installing: /home/choi/marker_ws/install/ros2_aruco_interfaces/share/ros2_aruco_interfaces/environment/pythonpath.dsv
[26.097s] -- Installing: /home/choi/marker_ws/install/ros2_aruco_interfaces/lib/python3.8/site-packages/ros2_aruco_interfaces/__init__.py
[26.097s] Compiling '/home/choi/marker_ws/install/ros2_aruco_interfaces/lib/python3.8/site-packages/ros2_aruco_interfaces/__init__.py'...
[26.097s] -- Installing: /home/choi/marker_ws/install/ros2_aruco_interfaces/lib/python3.8/site-packages/ros2_aruco_interfaces/msg
[26.097s] -- Installing: /home/choi/marker_ws/install/ros2_aruco_interfaces/lib/python3.8/site-packages/ros2_aruco_interfaces/msg/_aruco_markers.py
[26.098s] -- Installing: /home/choi/marker_ws/install/ros2_aruco_interfaces/lib/python3.8/site-packages/ros2_aruco_interfaces/msg/_aruco_markers_s.c
[26.099s] -- Installing: /home/choi/marker_ws/install/ros2_aruco_interfaces/lib/python3.8/site-packages/ros2_aruco_interfaces/msg/__init__.py
[26.099s] -- Installing: /home/choi/marker_ws/install/ros2_aruco_interfaces/lib/python3.8/site-packages/ros2_aruco_interfaces/ros2_aruco_interfaces_s__rosidl_typesupport_fastrtps_c.cpython-38-x86_64-linux-gnu.so
[26.099s] -- Set runtime path of "/home/choi/marker_ws/install/ros2_aruco_interfaces/lib/python3.8/site-packages/ros2_aruco_interfaces/ros2_aruco_interfaces_s__rosidl_typesupport_fastrtps_c.cpython-38-x86_64-linux-gnu.so" to ""
[26.099s] -- Installing: /home/choi/marker_ws/install/ros2_aruco_interfaces/lib/python3.8/site-packages/ros2_aruco_interfaces/ros2_aruco_interfaces_s__rosidl_typesupport_introspection_c.cpython-38-x86_64-linux-gnu.so
[26.099s] -- Set runtime path of "/home/choi/marker_ws/install/ros2_aruco_interfaces/lib/python3.8/site-packages/ros2_aruco_interfaces/ros2_aruco_interfaces_s__rosidl_typesupport_introspection_c.cpython-38-x86_64-linux-gnu.so" to ""
[26.100s] -- Installing: /home/choi/marker_ws/install/ros2_aruco_interfaces/lib/python3.8/site-packages/ros2_aruco_interfaces/ros2_aruco_interfaces_s__rosidl_typesupport_c.cpython-38-x86_64-linux-gnu.so
[26.100s] -- Set runtime path of "/home/choi/marker_ws/install/ros2_aruco_interfaces/lib/python3.8/site-packages/ros2_aruco_interfaces/ros2_aruco_interfaces_s__rosidl_typesupport_c.cpython-38-x86_64-linux-gnu.so" to ""
[26.100s] -- Installing: /home/choi/marker_ws/install/ros2_aruco_interfaces/lib/libros2_aruco_interfaces__python.so
[26.100s] -- Set runtime path of "/home/choi/marker_ws/install/ros2_aruco_interfaces/lib/libros2_aruco_interfaces__python.so" to ""
[26.100s] -- Installing: /home/choi/marker_ws/install/ros2_aruco_interfaces/share/ros2_aruco_interfaces/msg/ArucoMarkers.idl
[26.100s] -- Installing: /home/choi/marker_ws/install/ros2_aruco_interfaces/share/ros2_aruco_interfaces/msg/ArucoMarkers.msg
[26.100s] -- Installing: /home/choi/marker_ws/install/ros2_aruco_interfaces/share/ament_index/resource_index/package_run_dependencies/ros2_aruco_interfaces
[26.101s] -- Installing: /home/choi/marker_ws/install/ros2_aruco_interfaces/share/ament_index/resource_index/parent_prefix_path/ros2_aruco_interfaces
[26.101s] -- Installing: /home/choi/marker_ws/install/ros2_aruco_interfaces/share/ros2_aruco_interfaces/environment/ament_prefix_path.sh
[26.101s] -- Installing: /home/choi/marker_ws/install/ros2_aruco_interfaces/share/ros2_aruco_interfaces/environment/ament_prefix_path.dsv
[26.101s] -- Installing: /home/choi/marker_ws/install/ros2_aruco_interfaces/share/ros2_aruco_interfaces/environment/path.sh
[26.101s] -- Installing: /home/choi/marker_ws/install/ros2_aruco_interfaces/share/ros2_aruco_interfaces/environment/path.dsv
[26.101s] -- Installing: /home/choi/marker_ws/install/ros2_aruco_interfaces/share/ros2_aruco_interfaces/local_setup.bash
[26.101s] -- Installing: /home/choi/marker_ws/install/ros2_aruco_interfaces/share/ros2_aruco_interfaces/local_setup.sh
[26.102s] -- Installing: /home/choi/marker_ws/install/ros2_aruco_interfaces/share/ros2_aruco_interfaces/local_setup.zsh
[26.102s] -- Installing: /home/choi/marker_ws/install/ros2_aruco_interfaces/share/ros2_aruco_interfaces/local_setup.dsv
[26.102s] -- Installing: /home/choi/marker_ws/install/ros2_aruco_interfaces/share/ros2_aruco_interfaces/package.dsv
[26.102s] -- Installing: /home/choi/marker_ws/install/ros2_aruco_interfaces/share/ament_index/resource_index/packages/ros2_aruco_interfaces
[26.102s] -- Installing: /home/choi/marker_ws/install/ros2_aruco_interfaces/share/ros2_aruco_interfaces/cmake/ros2_aruco_interfaces__rosidl_generator_cExport.cmake
[26.102s] -- Installing: /home/choi/marker_ws/install/ros2_aruco_interfaces/share/ros2_aruco_interfaces/cmake/ros2_aruco_interfaces__rosidl_generator_cExport-noconfig.cmake
[26.102s] -- Installing: /home/choi/marker_ws/install/ros2_aruco_interfaces/share/ros2_aruco_interfaces/cmake/ros2_aruco_interfaces__rosidl_typesupport_introspection_cExport.cmake
[26.102s] -- Installing: /home/choi/marker_ws/install/ros2_aruco_interfaces/share/ros2_aruco_interfaces/cmake/ros2_aruco_interfaces__rosidl_typesupport_introspection_cExport-noconfig.cmake
[26.103s] -- Installing: /home/choi/marker_ws/install/ros2_aruco_interfaces/share/ros2_aruco_interfaces/cmake/ros2_aruco_interfaces__rosidl_typesupport_cExport.cmake
[26.103s] -- Installing: /home/choi/marker_ws/install/ros2_aruco_interfaces/share/ros2_aruco_interfaces/cmake/ros2_aruco_interfaces__rosidl_typesupport_cExport-noconfig.cmake
[26.103s] -- Installing: /home/choi/marker_ws/install/ros2_aruco_interfaces/share/ros2_aruco_interfaces/cmake/ros2_aruco_interfaces__rosidl_generator_cppExport.cmake
[26.103s] -- Installing: /home/choi/marker_ws/install/ros2_aruco_interfaces/share/ros2_aruco_interfaces/cmake/ros2_aruco_interfaces__rosidl_typesupport_introspection_cppExport.cmake
[26.103s] -- Installing: /home/choi/marker_ws/install/ros2_aruco_interfaces/share/ros2_aruco_interfaces/cmake/ros2_aruco_interfaces__rosidl_typesupport_introspection_cppExport-noconfig.cmake
[26.103s] -- Installing: /home/choi/marker_ws/install/ros2_aruco_interfaces/share/ros2_aruco_interfaces/cmake/ros2_aruco_interfaces__rosidl_typesupport_cppExport.cmake
[26.103s] -- Installing: /home/choi/marker_ws/install/ros2_aruco_interfaces/share/ros2_aruco_interfaces/cmake/ros2_aruco_interfaces__rosidl_typesupport_cppExport-noconfig.cmake
[26.111s] -- Installing: /home/choi/marker_ws/install/ros2_aruco_interfaces/share/ros2_aruco_interfaces/cmake/rosidl_cmake-extras.cmake
[26.111s] -- Installing: /home/choi/marker_ws/install/ros2_aruco_interfaces/share/ros2_aruco_interfaces/cmake/ament_cmake_export_dependencies-extras.cmake
[26.111s] -- Installing: /home/choi/marker_ws/install/ros2_aruco_interfaces/share/ros2_aruco_interfaces/cmake/ament_cmake_export_libraries-extras.cmake
[26.112s] -- Installing: /home/choi/marker_ws/install/ros2_aruco_interfaces/share/ros2_aruco_interfaces/cmake/ament_cmake_export_targets-extras.cmake
[26.112s] -- Installing: /home/choi/marker_ws/install/ros2_aruco_interfaces/share/ros2_aruco_interfaces/cmake/ament_cmake_export_include_directories-extras.cmake
[26.112s] -- Installing: /home/choi/marker_ws/install/ros2_aruco_interfaces/share/ros2_aruco_interfaces/cmake/rosidl_cmake_export_typesupport_libraries-extras.cmake
[26.112s] -- Installing: /home/choi/marker_ws/install/ros2_aruco_interfaces/share/ros2_aruco_interfaces/cmake/rosidl_cmake_export_typesupport_targets-extras.cmake
[26.112s] -- Installing: /home/choi/marker_ws/install/ros2_aruco_interfaces/share/ros2_aruco_interfaces/cmake/ros2_aruco_interfacesConfig.cmake
[26.112s] -- Installing: /home/choi/marker_ws/install/ros2_aruco_interfaces/share/ros2_aruco_interfaces/cmake/ros2_aruco_interfacesConfig-version.cmake
[26.112s] -- Installing: /home/choi/marker_ws/install/ros2_aruco_interfaces/share/ros2_aruco_interfaces/package.xml
[26.132s] Invoked command in '/home/choi/marker_ws/build/ros2_aruco_interfaces' returned '0': CMAKE_PREFIX_PATH=${CMAKE_PREFIX_PATH}:/home/choi/marker_ws/install/ros2_aruco:/home/choi/marker_ws/install/omo_r1mini_teleop:/home/choi/marker_ws/install/omo_r1mini_navigation2:/home/choi/marker_ws/install/omo_r1mini_bringup:/home/choi/marker_ws/install/exp_logger:/home/choi/marker_ws/install/camera_calibration:/opt/ros/foxy /home/choi/.local/bin/cmake --install /home/choi/marker_ws/build/ros2_aruco_interfaces
