[0.737s] Invoking command in '/home/choi/marker_ws/build/robot_localization': CMAKE_PREFIX_PATH=${CMAKE_PREFIX_PATH}:/home/choi/marker_ws/install/ros2_aruco:/home/choi/marker_ws/install/omo_r1mini_teleop:/home/choi/marker_ws/install/omo_r1mini_navigation2:/home/choi/marker_ws/install/omo_r1mini_bringup:/home/choi/marker_ws/install/exp_logger:/home/choi/marker_ws/install/camera_calibration:/opt/ros/foxy /home/choi/.local/bin/cmake /home/choi/marker_ws/src/robot_localization-foxy-devel -DCMAKE_INSTALL_PREFIX=/home/choi/marker_ws/install/robot_localization
[3.277s] -- The C compiler identification is GNU 9.4.0
[3.277s] -- The CXX compiler identification is GNU 9.4.0
[3.277s] -- Detecting C compiler ABI info
[3.277s] -- Detecting C compiler ABI info - done
[3.278s] -- Check for working C compiler: /usr/bin/cc - skipped
[3.278s] -- Detecting C compile features
[3.278s] -- Detecting C compile features - done
[3.278s] -- Detecting CXX compiler ABI info
[3.278s] -- Detecting CXX compiler ABI info - done
[3.278s] -- Check for working CXX compiler: /usr/bin/c++ - skipped
[3.278s] -- Detecting CXX compile features
[3.278s] -- Detecting CXX compile features - done
[3.278s] -- robot_localization: You did not request a specific build type: selecting 'RelWithDebInfo'.
[3.278s] -- Found ament_cmake: 0.9.12 (/opt/ros/foxy/share/ament_cmake/cmake)
[3.278s] -- Found PythonInterp: /usr/bin/python3 (found suitable version "3.8.10", minimum required is "3") 
[3.278s] -- Using PYTHON_EXECUTABLE: /usr/bin/python3
[3.278s] -- Found rclcpp: 2.4.3 (/opt/ros/foxy/share/rclcpp/cmake)
[3.747s] -- Using all available rosidl_typesupport_c: rosidl_typesupport_fastrtps_c;rosidl_typesupport_introspection_c
[3.755s] -- Found rosidl_adapter: 1.3.1 (/opt/ros/foxy/share/rosidl_adapter/cmake)
[4.115s] -- Found OpenSSL: /usr/lib/x86_64-linux-gnu/libcrypto.so (found version "1.1.1f")  
[4.211s] -- Found FastRTPS: /opt/ros/foxy/include  
[4.373s] -- Using all available rosidl_typesupport_cpp: rosidl_typesupport_fastrtps_cpp;rosidl_typesupport_introspection_cpp
[5.756s] -- Found rmw_implementation_cmake: 1.0.4 (/opt/ros/foxy/share/rmw_implementation_cmake/cmake)
[5.760s] -- Using RMW implementation 'rmw_fastrtps_cpp' as default
[6.327s] -- Performing Test CMAKE_HAVE_LIBC_PTHREAD
[7.616s] -- Performing Test CMAKE_HAVE_LIBC_PTHREAD - Failed
[7.617s] -- Looking for pthread_create in pthreads
[7.727s] -- Looking for pthread_create in pthreads - not found
[7.727s] -- Looking for pthread_create in pthread
[7.797s] -- Looking for pthread_create in pthread - found
[7.798s] -- Found Threads: TRUE  
[9.711s] -- Found diagnostic_msgs: 2.0.5 (/opt/ros/foxy/share/diagnostic_msgs/cmake)
[9.871s] -- Found diagnostic_updater: 3.1.2 (/opt/ros/foxy/share/diagnostic_updater/cmake)
[10.101s] -- Found geographic_msgs: 1.0.4 (/opt/ros/foxy/share/geographic_msgs/cmake)
[10.828s] -- Found nav_msgs: 2.0.5 (/opt/ros/foxy/share/nav_msgs/cmake)
[11.263s] -- Found rosidl_default_generators: 1.0.1 (/opt/ros/foxy/share/rosidl_default_generators/cmake)
[11.280s] -- Found sensor_msgs: 2.0.5 (/opt/ros/foxy/share/sensor_msgs/cmake)
[11.371s] -- Found std_srvs: 2.0.5 (/opt/ros/foxy/share/std_srvs/cmake)
[11.391s] -- Found tf2: 0.13.14 (/opt/ros/foxy/share/tf2/cmake)
[11.413s] -- Found tf2_eigen: 0.13.14 (/opt/ros/foxy/share/tf2_eigen/cmake)
[13.087s] -- Found tf2_geometry_msgs: 0.13.14 (/opt/ros/foxy/share/tf2_geometry_msgs/cmake)
[13.104s] -- Found Eigen3: TRUE (found version "3.3.7") 
[13.237s] -- Found Boost: /usr/lib/x86_64-linux-gnu/cmake/Boost-1.71.0/BoostConfig.cmake (found version "1.71.0")  
[13.240s] -- Found yaml_cpp_vendor: 7.0.3 (/opt/ros/foxy/share/yaml_cpp_vendor/cmake)
[13.240s] -- Setting yaml-cpp_DIR to: '/opt/ros/foxy/share/yaml_cpp_vendor/cmake/../../../opt/yaml_cpp_vendor/lib/cmake/yaml-cpp'
[13.556s] -- Found GeographicLib: /usr/lib/x86_64-linux-gnu  
[13.586s] -- Found PythonInterp: /usr/bin/python3 (found version "3.8.10") 
[14.167s] -- Found ament_cmake_cppcheck: 0.9.8 (/opt/ros/foxy/share/ament_cmake_cppcheck/cmake)
[14.170s] -- Found ament_cmake_cpplint: 0.9.8 (/opt/ros/foxy/share/ament_cmake_cpplint/cmake)
[14.173s] -- Found ament_cmake_uncrustify: 0.9.8 (/opt/ros/foxy/share/ament_cmake_uncrustify/cmake)
[14.176s] -- Found ament_cmake_ros: 0.9.2 (/opt/ros/foxy/share/ament_cmake_ros/cmake)
[14.528s] -- Using all available rosidl_typesupport_c: rosidl_typesupport_fastrtps_c;rosidl_typesupport_introspection_c
[14.694s] -- Using all available rosidl_typesupport_cpp: rosidl_typesupport_fastrtps_cpp;rosidl_typesupport_introspection_cpp
[14.731s] -- Found PythonInterp: /usr/bin/python3 (found suitable version "3.8.10", minimum required is "3.5") 
[14.733s] -- Found python_cmake_module: 0.8.1 (/opt/ros/foxy/share/python_cmake_module/cmake)
[14.767s] -- Found PythonLibs: /usr/lib/x86_64-linux-gnu/libpython3.8.so (found suitable version "3.8.10", minimum required is "3.5") 
[14.767s] -- Using PYTHON_EXECUTABLE: /usr/bin/python3
[14.767s] -- Using PYTHON_INCLUDE_DIRS: /usr/include/python3.8
[14.767s] -- Using PYTHON_LIBRARIES: /usr/lib/x86_64-linux-gnu/libpython3.8.so
[14.794s] -- Found PythonExtra: .so  
[14.922s] -- Found ament_cmake_flake8: 0.9.8 (/opt/ros/foxy/share/ament_cmake_flake8/cmake)
[14.925s] -- Found ament_cmake_pep257: 0.9.8 (/opt/ros/foxy/share/ament_cmake_pep257/cmake)
[14.946s] -- Found ament_cmake_lint_cmake: 0.9.8 (/opt/ros/foxy/share/ament_cmake_lint_cmake/cmake)
[14.948s] -- Found launch_testing_ament_cmake: 0.10.10 (/opt/ros/foxy/share/launch_testing_ament_cmake/cmake)
[14.975s] -- Using PYTHON_EXECUTABLE: /usr/bin/python3
[14.975s] -- Using PYTHON_INCLUDE_DIRS: /usr/include/python3.8
[14.975s] -- Using PYTHON_LIBRARIES: /usr/lib/x86_64-linux-gnu/libpython3.8.so
[15.206s] -- Found gtest sources under '/opt/ros/foxy/src/gtest_vendor': C++ tests using 'Google Test' will be built
[15.213s] -- Check if compiler accepts -pthread
[15.390s] -- Check if compiler accepts -pthread - yes
[15.441s] -- Configuring done (14.7s)
[16.673s] -- Generating done (1.2s)
[16.678s] -- Build files have been written to: /home/choi/marker_ws/build/robot_localization
[16.698s] Invoked command in '/home/choi/marker_ws/build/robot_localization' returned '0': CMAKE_PREFIX_PATH=${CMAKE_PREFIX_PATH}:/home/choi/marker_ws/install/ros2_aruco:/home/choi/marker_ws/install/omo_r1mini_teleop:/home/choi/marker_ws/install/omo_r1mini_navigation2:/home/choi/marker_ws/install/omo_r1mini_bringup:/home/choi/marker_ws/install/exp_logger:/home/choi/marker_ws/install/camera_calibration:/opt/ros/foxy /home/choi/.local/bin/cmake /home/choi/marker_ws/src/robot_localization-foxy-devel -DCMAKE_INSTALL_PREFIX=/home/choi/marker_ws/install/robot_localization
[16.699s] Invoking command in '/home/choi/marker_ws/build/robot_localization': CMAKE_PREFIX_PATH=${CMAKE_PREFIX_PATH}:/home/choi/marker_ws/install/ros2_aruco:/home/choi/marker_ws/install/omo_r1mini_teleop:/home/choi/marker_ws/install/omo_r1mini_navigation2:/home/choi/marker_ws/install/omo_r1mini_bringup:/home/choi/marker_ws/install/exp_logger:/home/choi/marker_ws/install/camera_calibration:/opt/ros/foxy /home/choi/.local/bin/cmake --build /home/choi/marker_ws/build/robot_localization -- -j12 -l12
[25.595s] [  1%] [34m[1mGenerating C code for ROS interfaces[0m
[25.595s] [  3%] [32mBuilding CXX object gtest/CMakeFiles/gtest.dir/src/gtest-all.cc.o[0m
[25.596s] [  3%] [32mBuilding CXX object gtest/CMakeFiles/gtest_main.dir/src/gtest_main.cc.o[0m
[25.596s] [  4%] [34m[1mGenerating C++ code for ROS interfaces[0m
[25.596s] [  4%] Built target robot_localization__cpp
[25.596s] [  5%] [34m[1mGenerating C++ type support dispatch for ROS interfaces[0m
[25.596s] [  6%] [34m[1mGenerating C++ type support for eProsima Fast-RTPS[0m
[25.596s] [  7%] [34m[1mGenerating C++ introspection for ROS interfaces[0m
[25.596s] [  8%] [32mBuilding C object CMakeFiles/robot_localization__rosidl_generator_c.dir/rosidl_generator_c/robot_localization/srv/detail/set_datum__functions.c.o[0m
[25.597s] [  8%] [32mBuilding C object CMakeFiles/robot_localization__rosidl_generator_c.dir/rosidl_generator_c/robot_localization/srv/detail/from_ll__functions.c.o[0m
[25.597s] [  9%] [32mBuilding C object CMakeFiles/robot_localization__rosidl_generator_c.dir/rosidl_generator_c/robot_localization/srv/detail/get_state__functions.c.o[0m
[25.597s] [ 10%] [32mBuilding C object CMakeFiles/robot_localization__rosidl_generator_c.dir/rosidl_generator_c/robot_localization/srv/detail/set_pose__functions.c.o[0m
[25.597s] [ 11%] [32mBuilding C object CMakeFiles/robot_localization__rosidl_generator_c.dir/rosidl_generator_c/robot_localization/srv/detail/toggle_filter_processing__functions.c.o[0m
[25.597s] [ 12%] [32mBuilding C object CMakeFiles/robot_localization__rosidl_generator_c.dir/rosidl_generator_c/robot_localization/srv/detail/to_ll__functions.c.o[0m
[25.597s] [ 13%] [32mBuilding CXX object CMakeFiles/robot_localization__rosidl_typesupport_cpp.dir/rosidl_typesupport_cpp/robot_localization/srv/from_ll__type_support.cpp.o[0m
[25.597s] [ 14%] [32mBuilding CXX object CMakeFiles/robot_localization__rosidl_typesupport_cpp.dir/rosidl_typesupport_cpp/robot_localization/srv/get_state__type_support.cpp.o[0m
[25.598s] [ 14%] [32mBuilding CXX object CMakeFiles/robot_localization__rosidl_typesupport_introspection_cpp.dir/rosidl_typesupport_introspection_cpp/robot_localization/srv/detail/from_ll__type_support.cpp.o[0m
[25.598s] [ 15%] [32mBuilding CXX object CMakeFiles/robot_localization__rosidl_typesupport_fastrtps_cpp.dir/rosidl_typesupport_fastrtps_cpp/robot_localization/srv/detail/dds_fastrtps/from_ll__type_support.cpp.o[0m
[25.598s] [ 16%] [32mBuilding CXX object CMakeFiles/robot_localization__rosidl_typesupport_introspection_cpp.dir/rosidl_typesupport_introspection_cpp/robot_localization/srv/detail/get_state__type_support.cpp.o[0m
[25.598s] [ 17%] [32mBuilding CXX object CMakeFiles/robot_localization__rosidl_typesupport_fastrtps_cpp.dir/rosidl_typesupport_fastrtps_cpp/robot_localization/srv/detail/dds_fastrtps/get_state__type_support.cpp.o[0m
[25.598s] [ 18%] [32mBuilding CXX object CMakeFiles/robot_localization__rosidl_typesupport_introspection_cpp.dir/rosidl_typesupport_introspection_cpp/robot_localization/srv/detail/set_datum__type_support.cpp.o[0m
[25.598s] [ 19%] [32mBuilding CXX object CMakeFiles/robot_localization__rosidl_typesupport_fastrtps_cpp.dir/rosidl_typesupport_fastrtps_cpp/robot_localization/srv/detail/dds_fastrtps/set_datum__type_support.cpp.o[0m
[25.599s] [ 20%] [32mBuilding CXX object CMakeFiles/robot_localization__rosidl_typesupport_introspection_cpp.dir/rosidl_typesupport_introspection_cpp/robot_localization/srv/detail/set_pose__type_support.cpp.o[0m
[25.599s] [ 21%] [32m[1mLinking C shared library librobot_localization__rosidl_generator_c.so[0m
[25.599s] [ 22%] [32mBuilding CXX object CMakeFiles/robot_localization__rosidl_typesupport_cpp.dir/rosidl_typesupport_cpp/robot_localization/srv/set_datum__type_support.cpp.o[0m
[25.599s] [ 23%] [32mBuilding CXX object CMakeFiles/robot_localization__rosidl_typesupport_cpp.dir/rosidl_typesupport_cpp/robot_localization/srv/set_pose__type_support.cpp.o[0m
[25.599s] [ 23%] [32mBuilding CXX object CMakeFiles/robot_localization__rosidl_typesupport_fastrtps_cpp.dir/rosidl_typesupport_fastrtps_cpp/robot_localization/srv/detail/dds_fastrtps/set_pose__type_support.cpp.o[0m
[25.599s] [ 24%] [32mBuilding CXX object CMakeFiles/robot_localization__rosidl_typesupport_fastrtps_cpp.dir/rosidl_typesupport_fastrtps_cpp/robot_localization/srv/detail/dds_fastrtps/toggle_filter_processing__type_support.cpp.o[0m
[25.599s] [ 25%] [32mBuilding CXX object CMakeFiles/robot_localization__rosidl_typesupport_introspection_cpp.dir/rosidl_typesupport_introspection_cpp/robot_localization/srv/detail/toggle_filter_processing__type_support.cpp.o[0m
[25.600s] [ 26%] [32mBuilding CXX object CMakeFiles/robot_localization__rosidl_typesupport_cpp.dir/rosidl_typesupport_cpp/robot_localization/srv/toggle_filter_processing__type_support.cpp.o[0m
[25.600s] [ 26%] [32mBuilding CXX object CMakeFiles/robot_localization__rosidl_typesupport_cpp.dir/rosidl_typesupport_cpp/robot_localization/srv/to_ll__type_support.cpp.o[0m
[25.600s] [ 27%] [32mBuilding CXX object CMakeFiles/robot_localization__rosidl_typesupport_introspection_cpp.dir/rosidl_typesupport_introspection_cpp/robot_localization/srv/detail/to_ll__type_support.cpp.o[0m
[25.600s] [ 28%] [32mBuilding CXX object CMakeFiles/robot_localization__rosidl_typesupport_fastrtps_cpp.dir/rosidl_typesupport_fastrtps_cpp/robot_localization/srv/detail/dds_fastrtps/to_ll__type_support.cpp.o[0m
[25.600s] [ 29%] [32m[1mLinking CXX shared library librobot_localization__rosidl_typesupport_introspection_cpp.so[0m
[25.600s] [ 30%] [32m[1mLinking CXX shared library librobot_localization__rosidl_typesupport_cpp.so[0m
[25.600s] [ 30%] Built target robot_localization__rosidl_generator_c
[25.601s] [ 30%] Built target robot_localization__rosidl_typesupport_cpp
[25.601s] [ 31%] [34m[1mGenerating C type support dispatch for ROS interfaces[0m
[25.601s] [ 32%] [34m[1mGenerating C introspection for ROS interfaces[0m
[25.601s] [ 32%] Built target robot_localization__rosidl_typesupport_introspection_cpp
[25.601s] [ 33%] [32m[1mLinking CXX shared library librobot_localization__rosidl_typesupport_fastrtps_cpp.so[0m
[25.601s] [ 33%] Built target robot_localization__rosidl_typesupport_fastrtps_cpp
[25.601s] [ 34%] [34m[1mGenerating C type support for eProsima Fast-RTPS[0m
[25.601s] [ 35%] [32mBuilding CXX object CMakeFiles/robot_localization__rosidl_typesupport_c.dir/rosidl_typesupport_c/robot_localization/srv/get_state__type_support.cpp.o[0m
[25.602s] [ 36%] [32mBuilding CXX object CMakeFiles/robot_localization__rosidl_typesupport_c.dir/rosidl_typesupport_c/robot_localization/srv/set_pose__type_support.cpp.o[0m
[25.605s] [ 36%] [32mBuilding CXX object CMakeFiles/robot_localization__rosidl_typesupport_c.dir/rosidl_typesupport_c/robot_localization/srv/from_ll__type_support.cpp.o[0m
[25.606s] [ 37%] [32mBuilding CXX object CMakeFiles/robot_localization__rosidl_typesupport_c.dir/rosidl_typesupport_c/robot_localization/srv/to_ll__type_support.cpp.o[0m
[25.606s] [ 38%] [32mBuilding CXX object CMakeFiles/robot_localization__rosidl_typesupport_c.dir/rosidl_typesupport_c/robot_localization/srv/set_datum__type_support.cpp.o[0m
[25.606s] [ 39%] [32mBuilding CXX object CMakeFiles/robot_localization__rosidl_typesupport_c.dir/rosidl_typesupport_c/robot_localization/srv/toggle_filter_processing__type_support.cpp.o[0m
[25.606s] [ 39%] [32m[1mLinking CXX static library libgtest_main.a[0m
[25.606s] [ 40%] [32m[1mLinking CXX shared library librobot_localization__rosidl_typesupport_c.so[0m
[25.606s] [ 40%] Built target robot_localization__rosidl_typesupport_c
[25.606s] [ 41%] [32mBuilding C object CMakeFiles/robot_localization__rosidl_typesupport_introspection_c.dir/rosidl_typesupport_introspection_c/robot_localization/srv/detail/from_ll__type_support.c.o[0m
[25.607s] [ 41%] [32mBuilding C object CMakeFiles/robot_localization__rosidl_typesupport_introspection_c.dir/rosidl_typesupport_introspection_c/robot_localization/srv/detail/set_datum__type_support.c.o[0m
[25.607s] [ 42%] [32mBuilding C object CMakeFiles/robot_localization__rosidl_typesupport_introspection_c.dir/rosidl_typesupport_introspection_c/robot_localization/srv/detail/set_pose__type_support.c.o[0m
[25.607s] [ 43%] [32mBuilding C object CMakeFiles/robot_localization__rosidl_typesupport_introspection_c.dir/rosidl_typesupport_introspection_c/robot_localization/srv/detail/get_state__type_support.c.o[0m
[25.607s] [ 44%] [32mBuilding C object CMakeFiles/robot_localization__rosidl_typesupport_introspection_c.dir/rosidl_typesupport_introspection_c/robot_localization/srv/detail/to_ll__type_support.c.o[0m
[25.607s] [ 45%] [32mBuilding C object CMakeFiles/robot_localization__rosidl_typesupport_introspection_c.dir/rosidl_typesupport_introspection_c/robot_localization/srv/detail/toggle_filter_processing__type_support.c.o[0m
[25.607s] [ 46%] [32m[1mLinking C shared library librobot_localization__rosidl_typesupport_introspection_c.so[0m
[25.608s] [ 46%] Built target robot_localization__rosidl_typesupport_introspection_c
[25.608s] [ 47%] [32mBuilding CXX object CMakeFiles/robot_localization__rosidl_typesupport_fastrtps_c.dir/rosidl_typesupport_fastrtps_c/robot_localization/srv/detail/set_datum__type_support_c.cpp.o[0m
[25.608s] [ 48%] [32mBuilding CXX object CMakeFiles/robot_localization__rosidl_typesupport_fastrtps_c.dir/rosidl_typesupport_fastrtps_c/robot_localization/srv/detail/get_state__type_support_c.cpp.o[0m
[25.608s] [ 50%] [32mBuilding CXX object CMakeFiles/robot_localization__rosidl_typesupport_fastrtps_c.dir/rosidl_typesupport_fastrtps_c/robot_localization/srv/detail/set_pose__type_support_c.cpp.o[0m
[25.608s] [ 50%] [32mBuilding CXX object CMakeFiles/robot_localization__rosidl_typesupport_fastrtps_c.dir/rosidl_typesupport_fastrtps_c/robot_localization/srv/detail/from_ll__type_support_c.cpp.o[0m
[25.608s] [ 50%] [32mBuilding CXX object CMakeFiles/robot_localization__rosidl_typesupport_fastrtps_c.dir/rosidl_typesupport_fastrtps_c/robot_localization/srv/detail/to_ll__type_support_c.cpp.o[0m
[25.608s] [ 51%] [32mBuilding CXX object CMakeFiles/robot_localization__rosidl_typesupport_fastrtps_c.dir/rosidl_typesupport_fastrtps_c/robot_localization/srv/detail/toggle_filter_processing__type_support_c.cpp.o[0m
[25.609s] [ 51%] Built target gtest_main
[25.609s] [ 52%] [32m[1mLinking CXX shared library librobot_localization__rosidl_typesupport_fastrtps_c.so[0m
[25.609s] [ 52%] Built target robot_localization__rosidl_typesupport_fastrtps_c
[25.609s] [ 52%] Built target robot_localization
[25.609s] [ 53%] [34m[1mGenerating Python code for ROS interfaces[0m
[25.609s] [ 54%] [32mBuilding CXX object CMakeFiles/rl_lib.dir/src/ekf.cpp.o[0m
[25.609s] [ 55%] [32mBuilding CXX object CMakeFiles/rl_lib.dir/src/ukf.cpp.o[0m
[25.610s] [ 56%] [32mBuilding CXX object CMakeFiles/rl_lib.dir/src/filter_base.cpp.o[0m
[25.610s] [ 57%] [32mBuilding CXX object CMakeFiles/rl_lib.dir/src/filter_utilities.cpp.o[0m
[25.610s] [ 58%] [32mBuilding CXX object CMakeFiles/rl_lib.dir/src/navsat_transform.cpp.o[0m
[25.610s] [ 58%] [32mBuilding CXX object CMakeFiles/rl_lib.dir/src/robot_localization_estimator.cpp.o[0m
[25.610s] [ 59%] [32mBuilding CXX object CMakeFiles/rl_lib.dir/src/ros_filter.cpp.o[0m
[25.610s] [ 60%] [32mBuilding CXX object CMakeFiles/rl_lib.dir/src/ros_filter_utilities.cpp.o[0m
[25.610s] [ 61%] [32mBuilding CXX object CMakeFiles/rl_lib.dir/src/ros_robot_localization_listener.cpp.o[0m
[29.429s] [ 61%] Built target robot_localization__py
[29.541s] [ 62%] [32mBuilding C object CMakeFiles/robot_localization__python.dir/rosidl_generator_py/robot_localization/srv/_from_ll_s.c.o[0m
[29.578s] [ 62%] [32mBuilding C object CMakeFiles/robot_localization__python.dir/rosidl_generator_py/robot_localization/srv/_get_state_s.c.o[0m
[29.621s] [ 63%] [32mBuilding C object CMakeFiles/robot_localization__python.dir/rosidl_generator_py/robot_localization/srv/_set_datum_s.c.o[0m
[29.995s] [ 64%] [32mBuilding C object CMakeFiles/robot_localization__python.dir/rosidl_generator_py/robot_localization/srv/_set_pose_s.c.o[0m
[30.277s] [ 65%] [32mBuilding C object CMakeFiles/robot_localization__python.dir/rosidl_generator_py/robot_localization/srv/_toggle_filter_processing_s.c.o[0m
[30.433s] [ 66%] [32mBuilding C object CMakeFiles/robot_localization__python.dir/rosidl_generator_py/robot_localization/srv/_to_ll_s.c.o[0m
[30.862s] [ 67%] [32m[1mLinking C shared library rosidl_generator_py/robot_localization/librobot_localization__python.so[0m
[31.097s] [ 67%] Built target robot_localization__python
[31.225s] [ 68%] [32mBuilding C object CMakeFiles/robot_localization__rosidl_typesupport_fastrtps_c__pyext.dir/rosidl_generator_py/robot_localization/_robot_localization_s.ep.rosidl_typesupport_fastrtps_c.c.o[0m
[31.234s] [ 69%] [32mBuilding C object CMakeFiles/robot_localization__rosidl_typesupport_introspection_c__pyext.dir/rosidl_generator_py/robot_localization/_robot_localization_s.ep.rosidl_typesupport_introspection_c.c.o[0m
[31.286s] [ 70%] [32mBuilding C object CMakeFiles/robot_localization__rosidl_typesupport_c__pyext.dir/rosidl_generator_py/robot_localization/_robot_localization_s.ep.rosidl_typesupport_c.c.o[0m
[32.603s] [ 71%] [32m[1mLinking C shared library rosidl_generator_py/robot_localization/robot_localization_s__rosidl_typesupport_introspection_c.cpython-38-x86_64-linux-gnu.so[0m
[32.685s] [ 71%] [32m[1mLinking C shared library rosidl_generator_py/robot_localization/robot_localization_s__rosidl_typesupport_c.cpython-38-x86_64-linux-gnu.so[0m
[32.730s] [ 72%] [32m[1mLinking CXX shared library rosidl_generator_py/robot_localization/robot_localization_s__rosidl_typesupport_fastrtps_c.cpython-38-x86_64-linux-gnu.so[0m
[32.800s] [ 72%] Built target robot_localization__rosidl_typesupport_introspection_c__pyext
[32.889s] [ 72%] Built target robot_localization__rosidl_typesupport_c__pyext
[33.017s] [ 72%] Built target robot_localization__rosidl_typesupport_fastrtps_c__pyext
[49.973s] [ 73%] [32m[1mLinking CXX static library libgtest.a[0m
[50.130s] [ 73%] Built target gtest
[100.707s] [ 74%] [32m[1mLinking CXX shared library librl_lib.so[0m
[101.992s] [ 74%] Built target rl_lib
[102.007s] [ 74%] [32mBuilding CXX object CMakeFiles/ekf_node.dir/src/ekf_node.cpp.o[0m
[102.010s] [ 76%] [32mBuilding CXX object CMakeFiles/navsat_transform_node.dir/src/navsat_transform_node.cpp.o[0m
[102.010s] [ 76%] [32mBuilding CXX object CMakeFiles/robot_localization_listener_node.dir/src/robot_localization_listener_node.cpp.o[0m
[102.010s] [ 77%] [32mBuilding CXX object CMakeFiles/filter_base-test.dir/test/test_filter_base.cpp.o[0m
[102.011s] [ 78%] [32mBuilding CXX object CMakeFiles/test_ekf.dir/test/test_ekf.cpp.o[0m
[102.011s] [ 79%] [32mBuilding CXX object CMakeFiles/test_ukf.dir/test/test_ukf.cpp.o[0m
[102.011s] [ 80%] [32mBuilding CXX object CMakeFiles/test_robot_localization_estimator.dir/test/test_robot_localization_estimator.cpp.o[0m
[102.012s] [ 80%] [32mBuilding CXX object CMakeFiles/test_ros_robot_localization_listener_publisher.dir/test/test_ros_robot_localization_listener_publisher.cpp.o[0m
[102.012s] [ 81%] [32mBuilding CXX object CMakeFiles/ukf_node.dir/src/ukf_node.cpp.o[0m
[102.013s] [ 82%] [32mBuilding CXX object CMakeFiles/test_navsat_transform.dir/test/test_navsat_transform.cpp.o[0m
[102.013s] [ 82%] [32mBuilding CXX object CMakeFiles/test_navsat_conversions.dir/test/test_navsat_conversions.cpp.o[0m
[102.014s] [ 83%] [32mBuilding CXX object CMakeFiles/test_ros_robot_localization_listener.dir/test/test_ros_robot_localization_listener.cpp.o[0m
[103.750s] [ 84%] [32m[1mLinking CXX executable test_navsat_conversions[0m
[104.061s] [ 84%] Built target test_navsat_conversions
[106.570s] [ 85%] [32m[1mLinking CXX executable filter_base-test[0m
[106.997s] [ 85%] Built target filter_base-test
[107.348s] [ 86%] [32m[1mLinking CXX executable navsat_transform_node[0m
[107.634s] [ 86%] Built target navsat_transform_node
[108.832s] [ 87%] [32m[1mLinking CXX executable test_navsat_transform[0m
[109.217s] [ 87%] Built target test_navsat_transform
[109.389s] [ 88%] [32m[1mLinking CXX executable ukf_node[0m
[109.545s] [ 89%] [32m[1mLinking CXX executable test_robot_localization_estimator[0m
[109.605s] [ 90%] [32m[1mLinking CXX executable ekf_node[0m
[109.608s] [ 90%] Built target ukf_node
[109.622s] [ 91%] [32mBuilding CXX object CMakeFiles/test_ukf_localization_node_interfaces.dir/test/test_ukf_localization_node_interfaces.cpp.o[0m
[109.821s] [ 91%] Built target ekf_node
[109.831s] [ 91%] [32m[1mLinking CXX executable robot_localization_listener_node[0m
[109.835s] [ 92%] [32mBuilding CXX object CMakeFiles/test_filter_base_diagnostics_timestamps.dir/test/test_filter_base_diagnostics_timestamps.cpp.o[0m
[109.836s] [ 93%] [32mBuilding CXX object CMakeFiles/test_ekf_localization_node_interfaces.dir/test/test_ekf_localization_node_interfaces.cpp.o[0m
[109.995s] [ 93%] Built target test_robot_localization_estimator
[110.059s] [ 94%] [32m[1mLinking CXX executable test_ros_robot_localization_listener[0m
[110.152s] [ 94%] Built target robot_localization_listener_node
[110.449s] [ 94%] Built target test_ros_robot_localization_listener
[110.584s] [ 95%] [32m[1mLinking CXX executable test_ekf[0m
[110.881s] [ 95%] Built target test_ekf
[111.506s] [ 96%] [32m[1mLinking CXX executable test_ukf[0m
[111.799s] [ 96%] Built target test_ukf
[112.048s] [ 97%] [32m[1mLinking CXX executable test_ros_robot_localization_listener_publisher[0m
[112.239s] [ 97%] Built target test_ros_robot_localization_listener_publisher
[127.244s] [ 98%] [32m[1mLinking CXX executable test_filter_base_diagnostics_timestamps[0m
[127.612s] [ 98%] Built target test_filter_base_diagnostics_timestamps
[129.996s] [ 99%] [32m[1mLinking CXX executable test_ukf_localization_node_interfaces[0m
[130.354s] [100%] [32m[1mLinking CXX executable test_ekf_localization_node_interfaces[0m
[130.364s] [100%] Built target test_ukf_localization_node_interfaces
[130.685s] [100%] Built target test_ekf_localization_node_interfaces
[130.702s] Invoked command in '/home/choi/marker_ws/build/robot_localization' returned '0': CMAKE_PREFIX_PATH=${CMAKE_PREFIX_PATH}:/home/choi/marker_ws/install/ros2_aruco:/home/choi/marker_ws/install/omo_r1mini_teleop:/home/choi/marker_ws/install/omo_r1mini_navigation2:/home/choi/marker_ws/install/omo_r1mini_bringup:/home/choi/marker_ws/install/exp_logger:/home/choi/marker_ws/install/camera_calibration:/opt/ros/foxy /home/choi/.local/bin/cmake --build /home/choi/marker_ws/build/robot_localization -- -j12 -l12
[130.991s] Invoking command in '/home/choi/marker_ws/build/robot_localization': CMAKE_PREFIX_PATH=${CMAKE_PREFIX_PATH}:/home/choi/marker_ws/install/ros2_aruco:/home/choi/marker_ws/install/omo_r1mini_teleop:/home/choi/marker_ws/install/omo_r1mini_navigation2:/home/choi/marker_ws/install/omo_r1mini_bringup:/home/choi/marker_ws/install/exp_logger:/home/choi/marker_ws/install/camera_calibration:/opt/ros/foxy /home/choi/.local/bin/cmake --install /home/choi/marker_ws/build/robot_localization
[131.038s] -- Install configuration: "RelWithDebInfo"
[131.038s] -- Installing: /home/choi/marker_ws/install/robot_localization/share/ament_index/resource_index/rosidl_interfaces/robot_localization
[131.038s] -- Installing: /home/choi/marker_ws/install/robot_localization/include/robot_localization
[131.038s] -- Installing: /home/choi/marker_ws/install/robot_localization/include/robot_localization/msg
[131.038s] -- Installing: /home/choi/marker_ws/install/robot_localization/include/robot_localization/msg/rosidl_generator_c__visibility_control.h
[131.038s] -- Installing: /home/choi/marker_ws/install/robot_localization/include/robot_localization/srv
[131.039s] -- Installing: /home/choi/marker_ws/install/robot_localization/include/robot_localization/srv/set_pose.h
[131.039s] -- Installing: /home/choi/marker_ws/install/robot_localization/include/robot_localization/srv/to_ll.h
[131.039s] -- Installing: /home/choi/marker_ws/install/robot_localization/include/robot_localization/srv/toggle_filter_processing.h
[131.039s] -- Installing: /home/choi/marker_ws/install/robot_localization/include/robot_localization/srv/from_ll.h
[131.039s] -- Installing: /home/choi/marker_ws/install/robot_localization/include/robot_localization/srv/set_datum.h
[131.039s] -- Installing: /home/choi/marker_ws/install/robot_localization/include/robot_localization/srv/get_state.h
[131.040s] -- Installing: /home/choi/marker_ws/install/robot_localization/include/robot_localization/srv/detail
[131.040s] -- Installing: /home/choi/marker_ws/install/robot_localization/include/robot_localization/srv/detail/from_ll__type_support.h
[131.040s] -- Installing: /home/choi/marker_ws/install/robot_localization/include/robot_localization/srv/detail/toggle_filter_processing__functions.c
[131.040s] -- Installing: /home/choi/marker_ws/install/robot_localization/include/robot_localization/srv/detail/to_ll__functions.h
[131.040s] -- Installing: /home/choi/marker_ws/install/robot_localization/include/robot_localization/srv/detail/from_ll__struct.h
[131.040s] -- Installing: /home/choi/marker_ws/install/robot_localization/include/robot_localization/srv/detail/set_datum__functions.c
[131.040s] -- Installing: /home/choi/marker_ws/install/robot_localization/include/robot_localization/srv/detail/from_ll__functions.h
[131.041s] -- Installing: /home/choi/marker_ws/install/robot_localization/include/robot_localization/srv/detail/get_state__type_support.h
[131.041s] -- Installing: /home/choi/marker_ws/install/robot_localization/include/robot_localization/srv/detail/get_state__struct.h
[131.041s] -- Installing: /home/choi/marker_ws/install/robot_localization/include/robot_localization/srv/detail/set_datum__struct.h
[131.041s] -- Installing: /home/choi/marker_ws/install/robot_localization/include/robot_localization/srv/detail/set_pose__functions.c
[131.041s] -- Installing: /home/choi/marker_ws/install/robot_localization/include/robot_localization/srv/detail/set_datum__functions.h
[131.041s] -- Installing: /home/choi/marker_ws/install/robot_localization/include/robot_localization/srv/detail/get_state__functions.h
[131.042s] -- Installing: /home/choi/marker_ws/install/robot_localization/include/robot_localization/srv/detail/to_ll__struct.h
[131.042s] -- Installing: /home/choi/marker_ws/install/robot_localization/include/robot_localization/srv/detail/toggle_filter_processing__struct.h
[131.042s] -- Installing: /home/choi/marker_ws/install/robot_localization/include/robot_localization/srv/detail/set_pose__functions.h
[131.042s] -- Installing: /home/choi/marker_ws/install/robot_localization/include/robot_localization/srv/detail/to_ll__type_support.h
[131.042s] -- Installing: /home/choi/marker_ws/install/robot_localization/include/robot_localization/srv/detail/toggle_filter_processing__functions.h
[131.042s] -- Installing: /home/choi/marker_ws/install/robot_localization/include/robot_localization/srv/detail/from_ll__functions.c
[131.043s] -- Installing: /home/choi/marker_ws/install/robot_localization/include/robot_localization/srv/detail/set_pose__struct.h
[131.043s] -- Installing: /home/choi/marker_ws/install/robot_localization/include/robot_localization/srv/detail/to_ll__functions.c
[131.043s] -- Installing: /home/choi/marker_ws/install/robot_localization/include/robot_localization/srv/detail/toggle_filter_processing__type_support.h
[131.043s] -- Installing: /home/choi/marker_ws/install/robot_localization/include/robot_localization/srv/detail/get_state__functions.c
[131.043s] -- Installing: /home/choi/marker_ws/install/robot_localization/include/robot_localization/srv/detail/set_datum__type_support.h
[131.043s] -- Installing: /home/choi/marker_ws/install/robot_localization/include/robot_localization/srv/detail/set_pose__type_support.h
[131.043s] -- Installing: /home/choi/marker_ws/install/robot_localization/share/robot_localization/environment/library_path.sh
[131.043s] -- Installing: /home/choi/marker_ws/install/robot_localization/share/robot_localization/environment/library_path.dsv
[131.044s] -- Installing: /home/choi/marker_ws/install/robot_localization/lib/librobot_localization__rosidl_generator_c.so
[131.044s] -- Set runtime path of "/home/choi/marker_ws/install/robot_localization/lib/librobot_localization__rosidl_generator_c.so" to ""
[131.045s] -- Up-to-date: /home/choi/marker_ws/install/robot_localization/include/robot_localization
[131.045s] -- Up-to-date: /home/choi/marker_ws/install/robot_localization/include/robot_localization/msg
[131.045s] -- Installing: /home/choi/marker_ws/install/robot_localization/include/robot_localization/msg/rosidl_typesupport_fastrtps_c__visibility_control.h
[131.045s] -- Up-to-date: /home/choi/marker_ws/install/robot_localization/include/robot_localization/srv
[131.045s] -- Up-to-date: /home/choi/marker_ws/install/robot_localization/include/robot_localization/srv/detail
[131.045s] -- Installing: /home/choi/marker_ws/install/robot_localization/include/robot_localization/srv/detail/to_ll__rosidl_typesupport_fastrtps_c.h
[131.045s] -- Installing: /home/choi/marker_ws/install/robot_localization/include/robot_localization/srv/detail/get_state__rosidl_typesupport_fastrtps_c.h
[131.046s] -- Installing: /home/choi/marker_ws/install/robot_localization/include/robot_localization/srv/detail/from_ll__rosidl_typesupport_fastrtps_c.h
[131.046s] -- Installing: /home/choi/marker_ws/install/robot_localization/include/robot_localization/srv/detail/toggle_filter_processing__rosidl_typesupport_fastrtps_c.h
[131.046s] -- Installing: /home/choi/marker_ws/install/robot_localization/include/robot_localization/srv/detail/set_datum__rosidl_typesupport_fastrtps_c.h
[131.046s] -- Installing: /home/choi/marker_ws/install/robot_localization/include/robot_localization/srv/detail/set_pose__rosidl_typesupport_fastrtps_c.h
[131.046s] -- Installing: /home/choi/marker_ws/install/robot_localization/lib/librobot_localization__rosidl_typesupport_fastrtps_c.so
[131.047s] -- Set runtime path of "/home/choi/marker_ws/install/robot_localization/lib/librobot_localization__rosidl_typesupport_fastrtps_c.so" to ""
[131.047s] -- Up-to-date: /home/choi/marker_ws/install/robot_localization/include/robot_localization
[131.047s] -- Up-to-date: /home/choi/marker_ws/install/robot_localization/include/robot_localization/msg
[131.047s] -- Installing: /home/choi/marker_ws/install/robot_localization/include/robot_localization/msg/rosidl_typesupport_fastrtps_cpp__visibility_control.h
[131.047s] -- Up-to-date: /home/choi/marker_ws/install/robot_localization/include/robot_localization/srv
[131.047s] -- Up-to-date: /home/choi/marker_ws/install/robot_localization/include/robot_localization/srv/detail
[131.047s] -- Installing: /home/choi/marker_ws/install/robot_localization/include/robot_localization/srv/detail/get_state__rosidl_typesupport_fastrtps_cpp.hpp
[131.047s] -- Installing: /home/choi/marker_ws/install/robot_localization/include/robot_localization/srv/detail/toggle_filter_processing__rosidl_typesupport_fastrtps_cpp.hpp
[131.048s] -- Installing: /home/choi/marker_ws/install/robot_localization/include/robot_localization/srv/detail/set_datum__rosidl_typesupport_fastrtps_cpp.hpp
[131.048s] -- Installing: /home/choi/marker_ws/install/robot_localization/include/robot_localization/srv/detail/from_ll__rosidl_typesupport_fastrtps_cpp.hpp
[131.048s] -- Installing: /home/choi/marker_ws/install/robot_localization/include/robot_localization/srv/detail/dds_fastrtps
[131.048s] -- Installing: /home/choi/marker_ws/install/robot_localization/include/robot_localization/srv/detail/to_ll__rosidl_typesupport_fastrtps_cpp.hpp
[131.048s] -- Installing: /home/choi/marker_ws/install/robot_localization/include/robot_localization/srv/detail/set_pose__rosidl_typesupport_fastrtps_cpp.hpp
[131.048s] -- Installing: /home/choi/marker_ws/install/robot_localization/lib/librobot_localization__rosidl_typesupport_fastrtps_cpp.so
[131.049s] -- Set runtime path of "/home/choi/marker_ws/install/robot_localization/lib/librobot_localization__rosidl_typesupport_fastrtps_cpp.so" to ""
[131.049s] -- Up-to-date: /home/choi/marker_ws/install/robot_localization/include/robot_localization
[131.049s] -- Up-to-date: /home/choi/marker_ws/install/robot_localization/include/robot_localization/msg
[131.049s] -- Installing: /home/choi/marker_ws/install/robot_localization/include/robot_localization/msg/rosidl_typesupport_introspection_c__visibility_control.h
[131.050s] -- Up-to-date: /home/choi/marker_ws/install/robot_localization/include/robot_localization/srv
[131.050s] -- Up-to-date: /home/choi/marker_ws/install/robot_localization/include/robot_localization/srv/detail
[131.050s] -- Installing: /home/choi/marker_ws/install/robot_localization/include/robot_localization/srv/detail/to_ll__rosidl_typesupport_introspection_c.h
[131.050s] -- Installing: /home/choi/marker_ws/install/robot_localization/include/robot_localization/srv/detail/from_ll__rosidl_typesupport_introspection_c.h
[131.050s] -- Installing: /home/choi/marker_ws/install/robot_localization/include/robot_localization/srv/detail/toggle_filter_processing__type_support.c
[131.050s] -- Installing: /home/choi/marker_ws/install/robot_localization/include/robot_localization/srv/detail/to_ll__type_support.c
[131.050s] -- Installing: /home/choi/marker_ws/install/robot_localization/include/robot_localization/srv/detail/from_ll__type_support.c
[131.050s] -- Installing: /home/choi/marker_ws/install/robot_localization/include/robot_localization/srv/detail/set_datum__rosidl_typesupport_introspection_c.h
[131.050s] -- Installing: /home/choi/marker_ws/install/robot_localization/include/robot_localization/srv/detail/set_pose__rosidl_typesupport_introspection_c.h
[131.050s] -- Installing: /home/choi/marker_ws/install/robot_localization/include/robot_localization/srv/detail/toggle_filter_processing__rosidl_typesupport_introspection_c.h
[131.051s] -- Installing: /home/choi/marker_ws/install/robot_localization/include/robot_localization/srv/detail/get_state__rosidl_typesupport_introspection_c.h
[131.051s] -- Installing: /home/choi/marker_ws/install/robot_localization/include/robot_localization/srv/detail/get_state__type_support.c
[131.051s] -- Installing: /home/choi/marker_ws/install/robot_localization/include/robot_localization/srv/detail/set_datum__type_support.c
[131.051s] -- Installing: /home/choi/marker_ws/install/robot_localization/include/robot_localization/srv/detail/set_pose__type_support.c
[131.051s] -- Installing: /home/choi/marker_ws/install/robot_localization/lib/librobot_localization__rosidl_typesupport_introspection_c.so
[131.052s] -- Set runtime path of "/home/choi/marker_ws/install/robot_localization/lib/librobot_localization__rosidl_typesupport_introspection_c.so" to ""
[131.052s] -- Installing: /home/choi/marker_ws/install/robot_localization/lib/librobot_localization__rosidl_typesupport_c.so
[131.052s] -- Set runtime path of "/home/choi/marker_ws/install/robot_localization/lib/librobot_localization__rosidl_typesupport_c.so" to ""
[131.052s] -- Up-to-date: /home/choi/marker_ws/install/robot_localization/include/robot_localization
[131.052s] -- Up-to-date: /home/choi/marker_ws/install/robot_localization/include/robot_localization/msg
[131.053s] -- Installing: /home/choi/marker_ws/install/robot_localization/include/robot_localization/msg/rosidl_generator_cpp__visibility_control.hpp
[131.053s] -- Up-to-date: /home/choi/marker_ws/install/robot_localization/include/robot_localization/srv
[131.053s] -- Installing: /home/choi/marker_ws/install/robot_localization/include/robot_localization/srv/get_state.hpp
[131.053s] -- Installing: /home/choi/marker_ws/install/robot_localization/include/robot_localization/srv/set_pose.hpp
[131.053s] -- Installing: /home/choi/marker_ws/install/robot_localization/include/robot_localization/srv/to_ll.hpp
[131.053s] -- Installing: /home/choi/marker_ws/install/robot_localization/include/robot_localization/srv/set_datum.hpp
[131.053s] -- Installing: /home/choi/marker_ws/install/robot_localization/include/robot_localization/srv/from_ll.hpp
[131.053s] -- Installing: /home/choi/marker_ws/install/robot_localization/include/robot_localization/srv/toggle_filter_processing.hpp
[131.053s] -- Up-to-date: /home/choi/marker_ws/install/robot_localization/include/robot_localization/srv/detail
[131.053s] -- Installing: /home/choi/marker_ws/install/robot_localization/include/robot_localization/srv/detail/set_datum__struct.hpp
[131.053s] -- Installing: /home/choi/marker_ws/install/robot_localization/include/robot_localization/srv/detail/toggle_filter_processing__type_support.hpp
[131.054s] -- Installing: /home/choi/marker_ws/install/robot_localization/include/robot_localization/srv/detail/get_state__type_support.hpp
[131.054s] -- Installing: /home/choi/marker_ws/install/robot_localization/include/robot_localization/srv/detail/toggle_filter_processing__builder.hpp
[131.054s] -- Installing: /home/choi/marker_ws/install/robot_localization/include/robot_localization/srv/detail/to_ll__type_support.hpp
[131.054s] -- Installing: /home/choi/marker_ws/install/robot_localization/include/robot_localization/srv/detail/from_ll__struct.hpp
[131.054s] -- Installing: /home/choi/marker_ws/install/robot_localization/include/robot_localization/srv/detail/to_ll__builder.hpp
[131.054s] -- Installing: /home/choi/marker_ws/install/robot_localization/include/robot_localization/srv/detail/get_state__struct.hpp
[131.055s] -- Installing: /home/choi/marker_ws/install/robot_localization/include/robot_localization/srv/detail/to_ll__struct.hpp
[131.055s] -- Installing: /home/choi/marker_ws/install/robot_localization/include/robot_localization/srv/detail/set_pose__type_support.hpp
[131.055s] -- Installing: /home/choi/marker_ws/install/robot_localization/include/robot_localization/srv/detail/from_ll__traits.hpp
[131.055s] -- Installing: /home/choi/marker_ws/install/robot_localization/include/robot_localization/srv/detail/from_ll__builder.hpp
[131.056s] -- Installing: /home/choi/marker_ws/install/robot_localization/include/robot_localization/srv/detail/get_state__traits.hpp
[131.056s] -- Installing: /home/choi/marker_ws/install/robot_localization/include/robot_localization/srv/detail/from_ll__type_support.hpp
[131.056s] -- Installing: /home/choi/marker_ws/install/robot_localization/include/robot_localization/srv/detail/toggle_filter_processing__traits.hpp
[131.056s] -- Installing: /home/choi/marker_ws/install/robot_localization/include/robot_localization/srv/detail/toggle_filter_processing__struct.hpp
[131.057s] -- Installing: /home/choi/marker_ws/install/robot_localization/include/robot_localization/srv/detail/get_state__builder.hpp
[131.057s] -- Installing: /home/choi/marker_ws/install/robot_localization/include/robot_localization/srv/detail/set_pose__struct.hpp
[131.057s] -- Installing: /home/choi/marker_ws/install/robot_localization/include/robot_localization/srv/detail/set_datum__type_support.hpp
[131.057s] -- Installing: /home/choi/marker_ws/install/robot_localization/include/robot_localization/srv/detail/to_ll__traits.hpp
[131.057s] -- Installing: /home/choi/marker_ws/install/robot_localization/include/robot_localization/srv/detail/set_pose__builder.hpp
[131.058s] -- Installing: /home/choi/marker_ws/install/robot_localization/include/robot_localization/srv/detail/set_datum__builder.hpp
[131.058s] -- Installing: /home/choi/marker_ws/install/robot_localization/include/robot_localization/srv/detail/set_pose__traits.hpp
[131.058s] -- Installing: /home/choi/marker_ws/install/robot_localization/include/robot_localization/srv/detail/set_datum__traits.hpp
[131.058s] -- Up-to-date: /home/choi/marker_ws/install/robot_localization/include/robot_localization
[131.058s] -- Up-to-date: /home/choi/marker_ws/install/robot_localization/include/robot_localization/srv
[131.059s] -- Up-to-date: /home/choi/marker_ws/install/robot_localization/include/robot_localization/srv/detail
[131.059s] -- Installing: /home/choi/marker_ws/install/robot_localization/include/robot_localization/srv/detail/from_ll__rosidl_typesupport_introspection_cpp.hpp
[131.059s] -- Installing: /home/choi/marker_ws/install/robot_localization/include/robot_localization/srv/detail/from_ll__type_support.cpp
[131.059s] -- Installing: /home/choi/marker_ws/install/robot_localization/include/robot_localization/srv/detail/to_ll__rosidl_typesupport_introspection_cpp.hpp
[131.059s] -- Installing: /home/choi/marker_ws/install/robot_localization/include/robot_localization/srv/detail/set_datum__rosidl_typesupport_introspection_cpp.hpp
[131.059s] -- Installing: /home/choi/marker_ws/install/robot_localization/include/robot_localization/srv/detail/set_pose__rosidl_typesupport_introspection_cpp.hpp
[131.059s] -- Installing: /home/choi/marker_ws/install/robot_localization/include/robot_localization/srv/detail/set_pose__type_support.cpp
[131.059s] -- Installing: /home/choi/marker_ws/install/robot_localization/include/robot_localization/srv/detail/get_state__type_support.cpp
[131.060s] -- Installing: /home/choi/marker_ws/install/robot_localization/include/robot_localization/srv/detail/toggle_filter_processing__type_support.cpp
[131.060s] -- Installing: /home/choi/marker_ws/install/robot_localization/include/robot_localization/srv/detail/toggle_filter_processing__rosidl_typesupport_introspection_cpp.hpp
[131.060s] -- Installing: /home/choi/marker_ws/install/robot_localization/include/robot_localization/srv/detail/get_state__rosidl_typesupport_introspection_cpp.hpp
[131.060s] -- Installing: /home/choi/marker_ws/install/robot_localization/include/robot_localization/srv/detail/set_datum__type_support.cpp
[131.060s] -- Installing: /home/choi/marker_ws/install/robot_localization/include/robot_localization/srv/detail/to_ll__type_support.cpp
[131.060s] -- Installing: /home/choi/marker_ws/install/robot_localization/lib/librobot_localization__rosidl_typesupport_introspection_cpp.so
[131.061s] -- Set runtime path of "/home/choi/marker_ws/install/robot_localization/lib/librobot_localization__rosidl_typesupport_introspection_cpp.so" to ""
[131.061s] -- Installing: /home/choi/marker_ws/install/robot_localization/lib/librobot_localization__rosidl_typesupport_cpp.so
[131.062s] -- Set runtime path of "/home/choi/marker_ws/install/robot_localization/lib/librobot_localization__rosidl_typesupport_cpp.so" to ""
[131.062s] -- Installing: /home/choi/marker_ws/install/robot_localization/share/robot_localization/environment/pythonpath.sh
[131.063s] -- Installing: /home/choi/marker_ws/install/robot_localization/share/robot_localization/environment/pythonpath.dsv
[131.063s] -- Installing: /home/choi/marker_ws/install/robot_localization/lib/python3.8/site-packages/robot_localization/__init__.py
[131.109s] Compiling '/home/choi/marker_ws/install/robot_localization/lib/python3.8/site-packages/robot_localization/__init__.py'...
[131.112s] -- Installing: /home/choi/marker_ws/install/robot_localization/lib/python3.8/site-packages/robot_localization/srv
[131.113s] -- Installing: /home/choi/marker_ws/install/robot_localization/lib/python3.8/site-packages/robot_localization/srv/_set_pose_s.c
[131.113s] -- Installing: /home/choi/marker_ws/install/robot_localization/lib/python3.8/site-packages/robot_localization/srv/_get_state_s.c
[131.113s] -- Installing: /home/choi/marker_ws/install/robot_localization/lib/python3.8/site-packages/robot_localization/srv/_toggle_filter_processing.py
[131.113s] -- Installing: /home/choi/marker_ws/install/robot_localization/lib/python3.8/site-packages/robot_localization/srv/_set_datum.py
[131.114s] -- Installing: /home/choi/marker_ws/install/robot_localization/lib/python3.8/site-packages/robot_localization/srv/_toggle_filter_processing_s.c
[131.114s] -- Installing: /home/choi/marker_ws/install/robot_localization/lib/python3.8/site-packages/robot_localization/srv/_set_datum_s.c
[131.114s] -- Installing: /home/choi/marker_ws/install/robot_localization/lib/python3.8/site-packages/robot_localization/srv/_get_state.py
[131.114s] -- Installing: /home/choi/marker_ws/install/robot_localization/lib/python3.8/site-packages/robot_localization/srv/_set_pose.py
[131.115s] -- Installing: /home/choi/marker_ws/install/robot_localization/lib/python3.8/site-packages/robot_localization/srv/_from_ll.py
[131.115s] -- Installing: /home/choi/marker_ws/install/robot_localization/lib/python3.8/site-packages/robot_localization/srv/_from_ll_s.c
[131.115s] -- Installing: /home/choi/marker_ws/install/robot_localization/lib/python3.8/site-packages/robot_localization/srv/_to_ll_s.c
[131.115s] -- Installing: /home/choi/marker_ws/install/robot_localization/lib/python3.8/site-packages/robot_localization/srv/_to_ll.py
[131.115s] -- Installing: /home/choi/marker_ws/install/robot_localization/lib/python3.8/site-packages/robot_localization/srv/__init__.py
[131.116s] -- Installing: /home/choi/marker_ws/install/robot_localization/lib/python3.8/site-packages/robot_localization/robot_localization_s__rosidl_typesupport_fastrtps_c.cpython-38-x86_64-linux-gnu.so
[131.117s] -- Set runtime path of "/home/choi/marker_ws/install/robot_localization/lib/python3.8/site-packages/robot_localization/robot_localization_s__rosidl_typesupport_fastrtps_c.cpython-38-x86_64-linux-gnu.so" to ""
[131.117s] -- Installing: /home/choi/marker_ws/install/robot_localization/lib/python3.8/site-packages/robot_localization/robot_localization_s__rosidl_typesupport_introspection_c.cpython-38-x86_64-linux-gnu.so
[131.119s] -- Set runtime path of "/home/choi/marker_ws/install/robot_localization/lib/python3.8/site-packages/robot_localization/robot_localization_s__rosidl_typesupport_introspection_c.cpython-38-x86_64-linux-gnu.so" to ""
[131.119s] -- Installing: /home/choi/marker_ws/install/robot_localization/lib/python3.8/site-packages/robot_localization/robot_localization_s__rosidl_typesupport_c.cpython-38-x86_64-linux-gnu.so
[131.119s] -- Set runtime path of "/home/choi/marker_ws/install/robot_localization/lib/python3.8/site-packages/robot_localization/robot_localization_s__rosidl_typesupport_c.cpython-38-x86_64-linux-gnu.so" to ""
[131.119s] -- Installing: /home/choi/marker_ws/install/robot_localization/lib/librobot_localization__python.so
[131.120s] -- Set runtime path of "/home/choi/marker_ws/install/robot_localization/lib/librobot_localization__python.so" to ""
[131.120s] -- Installing: /home/choi/marker_ws/install/robot_localization/share/robot_localization/srv/FromLL.idl
[131.120s] -- Installing: /home/choi/marker_ws/install/robot_localization/share/robot_localization/srv/GetState.idl
[131.121s] -- Installing: /home/choi/marker_ws/install/robot_localization/share/robot_localization/srv/SetDatum.idl
[131.121s] -- Installing: /home/choi/marker_ws/install/robot_localization/share/robot_localization/srv/SetPose.idl
[131.121s] -- Installing: /home/choi/marker_ws/install/robot_localization/share/robot_localization/srv/ToggleFilterProcessing.idl
[131.121s] -- Installing: /home/choi/marker_ws/install/robot_localization/share/robot_localization/srv/ToLL.idl
[131.121s] -- Installing: /home/choi/marker_ws/install/robot_localization/share/robot_localization/srv/FromLL.srv
[131.121s] -- Installing: /home/choi/marker_ws/install/robot_localization/share/robot_localization/srv/FromLL_Request.msg
[131.122s] -- Installing: /home/choi/marker_ws/install/robot_localization/share/robot_localization/srv/FromLL_Response.msg
[131.122s] -- Installing: /home/choi/marker_ws/install/robot_localization/share/robot_localization/srv/GetState.srv
[131.122s] -- Installing: /home/choi/marker_ws/install/robot_localization/share/robot_localization/srv/GetState_Request.msg
[131.122s] -- Installing: /home/choi/marker_ws/install/robot_localization/share/robot_localization/srv/GetState_Response.msg
[131.122s] -- Installing: /home/choi/marker_ws/install/robot_localization/share/robot_localization/srv/SetDatum.srv
[131.122s] -- Installing: /home/choi/marker_ws/install/robot_localization/share/robot_localization/srv/SetDatum_Request.msg
[131.122s] -- Installing: /home/choi/marker_ws/install/robot_localization/share/robot_localization/srv/SetDatum_Response.msg
[131.122s] -- Installing: /home/choi/marker_ws/install/robot_localization/share/robot_localization/srv/SetPose.srv
[131.123s] -- Installing: /home/choi/marker_ws/install/robot_localization/share/robot_localization/srv/SetPose_Request.msg
[131.123s] -- Installing: /home/choi/marker_ws/install/robot_localization/share/robot_localization/srv/SetPose_Response.msg
[131.123s] -- Installing: /home/choi/marker_ws/install/robot_localization/share/robot_localization/srv/ToggleFilterProcessing.srv
[131.123s] -- Installing: /home/choi/marker_ws/install/robot_localization/share/robot_localization/srv/ToggleFilterProcessing_Request.msg
[131.123s] -- Installing: /home/choi/marker_ws/install/robot_localization/share/robot_localization/srv/ToggleFilterProcessing_Response.msg
[131.123s] -- Installing: /home/choi/marker_ws/install/robot_localization/share/robot_localization/srv/ToLL.srv
[131.123s] -- Installing: /home/choi/marker_ws/install/robot_localization/share/robot_localization/srv/ToLL_Request.msg
[131.123s] -- Installing: /home/choi/marker_ws/install/robot_localization/share/robot_localization/srv/ToLL_Response.msg
[131.123s] -- Installing: /home/choi/marker_ws/install/robot_localization/lib/robot_localization/filter_base-test
[131.132s] -- Set runtime path of "/home/choi/marker_ws/install/robot_localization/lib/robot_localization/filter_base-test" to ""
[131.132s] -- Installing: /home/choi/marker_ws/install/robot_localization/lib/robot_localization/test_filter_base_diagnostics_timestamps
[131.149s] -- Set runtime path of "/home/choi/marker_ws/install/robot_localization/lib/robot_localization/test_filter_base_diagnostics_timestamps" to ""
[131.149s] -- Installing: /home/choi/marker_ws/install/robot_localization/lib/robot_localization/test_ekf
[131.158s] -- Set runtime path of "/home/choi/marker_ws/install/robot_localization/lib/robot_localization/test_ekf" to ""
[131.158s] -- Installing: /home/choi/marker_ws/install/robot_localization/lib/robot_localization/test_ekf_localization_node_interfaces
[131.175s] -- Set runtime path of "/home/choi/marker_ws/install/robot_localization/lib/robot_localization/test_ekf_localization_node_interfaces" to ""
[131.175s] -- Installing: /home/choi/marker_ws/install/robot_localization/lib/robot_localization/test_ukf
[131.184s] -- Set runtime path of "/home/choi/marker_ws/install/robot_localization/lib/robot_localization/test_ukf" to ""
[131.184s] -- Installing: /home/choi/marker_ws/install/robot_localization/lib/robot_localization/test_ukf_localization_node_interfaces
[131.200s] -- Set runtime path of "/home/choi/marker_ws/install/robot_localization/lib/robot_localization/test_ukf_localization_node_interfaces" to ""
[131.201s] -- Installing: /home/choi/marker_ws/install/robot_localization/lib/robot_localization/test_robot_localization_estimator
[131.208s] -- Set runtime path of "/home/choi/marker_ws/install/robot_localization/lib/robot_localization/test_robot_localization_estimator" to ""
[131.209s] -- Installing: /home/choi/marker_ws/install/robot_localization/lib/robot_localization/test_navsat_conversions
[131.215s] -- Set runtime path of "/home/choi/marker_ws/install/robot_localization/lib/robot_localization/test_navsat_conversions" to ""
[131.215s] -- Installing: /home/choi/marker_ws/install/robot_localization/lib/robot_localization/test_navsat_transform
[131.223s] -- Set runtime path of "/home/choi/marker_ws/install/robot_localization/lib/robot_localization/test_navsat_transform" to ""
[131.223s] -- Installing: /home/choi/marker_ws/install/robot_localization/lib/robot_localization/test_ros_robot_localization_listener
[131.231s] -- Set runtime path of "/home/choi/marker_ws/install/robot_localization/lib/robot_localization/test_ros_robot_localization_listener" to ""
[131.231s] -- Installing: /home/choi/marker_ws/install/robot_localization/lib/robot_localization/test_ros_robot_localization_listener_publisher
[131.235s] -- Set runtime path of "/home/choi/marker_ws/install/robot_localization/lib/robot_localization/test_ros_robot_localization_listener_publisher" to ""
[131.235s] -- Installing: /home/choi/marker_ws/install/robot_localization/share/robot_localization/test
[131.235s] -- Installing: /home/choi/marker_ws/install/robot_localization/share/robot_localization/test/test_filter_base.cpp
[131.236s] -- Installing: /home/choi/marker_ws/install/robot_localization/share/robot_localization/test/test_ukf_localization_node_bag3.yaml
[131.236s] -- Installing: /home/choi/marker_ws/install/robot_localization/share/robot_localization/test/test_ros_robot_localization_listener.launch.py
[131.236s] -- Installing: /home/choi/marker_ws/install/robot_localization/share/robot_localization/test/test1.bag
[131.237s] -- Installing: /home/choi/marker_ws/install/robot_localization/share/robot_localization/test/test_ukf_localization_node_bag2.yaml
[131.237s] -- Installing: /home/choi/marker_ws/install/robot_localization/share/robot_localization/test/test_filter_base_diagnostics_timestamps.launch.py
[131.237s] -- Installing: /home/choi/marker_ws/install/robot_localization/share/robot_localization/test/test_ekf_localization_node_bag2.sh
[131.237s] -- Installing: /home/choi/marker_ws/install/robot_localization/share/robot_localization/test/test_ekf_localization_node_bag2.launch.py
[131.238s] -- Installing: /home/choi/marker_ws/install/robot_localization/share/robot_localization/test/test_ukf_localization_node_interfaces.yaml
[131.238s] -- Installing: /home/choi/marker_ws/install/robot_localization/share/robot_localization/test/test_ukf_localization_node_interfaces.cpp
[131.238s] -- Installing: /home/choi/marker_ws/install/robot_localization/share/robot_localization/test/test_navsat_transform.cpp
[131.238s] -- Installing: /home/choi/marker_ws/install/robot_localization/share/robot_localization/test/test_ekf_localization_node_interfaces.cpp
[131.238s] -- Installing: /home/choi/marker_ws/install/robot_localization/share/robot_localization/test/test_ekf_localization_node_interfaces.launch.py
[131.239s] -- Installing: /home/choi/marker_ws/install/robot_localization/share/robot_localization/test/test_navsat_conversions.cpp
[131.239s] -- Installing: /home/choi/marker_ws/install/robot_localization/share/robot_localization/test/test_ukf.cpp
[131.239s] -- Installing: /home/choi/marker_ws/install/robot_localization/share/robot_localization/test/test_ukf_localization_node_bag2.sh
[131.239s] -- Installing: /home/choi/marker_ws/install/robot_localization/share/robot_localization/test/test_ekf_localization_node_bag1.yaml
[131.239s] -- Installing: /home/choi/marker_ws/install/robot_localization/share/robot_localization/test/test_ukf_localization_node_bag1.launch.py
[131.240s] -- Installing: /home/choi/marker_ws/install/robot_localization/share/robot_localization/test/test_filter_base_diagnostics_timestamps.cpp
[131.240s] -- Installing: /home/choi/marker_ws/install/robot_localization/share/robot_localization/test/test_ukf_localization_node_bag1.sh
[131.240s] -- Installing: /home/choi/marker_ws/install/robot_localization/share/robot_localization/test/test_ukf_localization_node_bag3.launch.py
[131.240s] -- Installing: /home/choi/marker_ws/install/robot_localization/share/robot_localization/test/test_ukf_localization_node_bag1.yaml
[131.240s] -- Installing: /home/choi/marker_ws/install/robot_localization/share/robot_localization/test/test_ekf.cpp
[131.240s] -- Installing: /home/choi/marker_ws/install/robot_localization/share/robot_localization/test/test_ukf_localization_node_bag2.launch.py
[131.241s] -- Installing: /home/choi/marker_ws/install/robot_localization/share/robot_localization/test/test_ros_robot_localization_listener.cpp
[131.241s] -- Installing: /home/choi/marker_ws/install/robot_localization/share/robot_localization/test/test2.bag
[131.241s] -- Installing: /home/choi/marker_ws/install/robot_localization/share/robot_localization/test/test_ros_robot_localization_listener.yaml
[131.241s] -- Installing: /home/choi/marker_ws/install/robot_localization/share/robot_localization/test/test_ekf_localization_node_interfaces.yaml
[131.241s] -- Installing: /home/choi/marker_ws/install/robot_localization/share/robot_localization/test/test_ekf_localization_node_bag2.yaml
[131.241s] -- Installing: /home/choi/marker_ws/install/robot_localization/share/robot_localization/test/test_ukf_localization_node_interfaces.launch.py
[131.241s] -- Installing: /home/choi/marker_ws/install/robot_localization/share/robot_localization/test/test_ekf_localization_node_bag3.launch.py
[131.241s] -- Installing: /home/choi/marker_ws/install/robot_localization/share/robot_localization/test/test_navsat_transform.launch.py
[131.242s] -- Installing: /home/choi/marker_ws/install/robot_localization/share/robot_localization/test/test_ekf_localization_node_bag3.sh
[131.242s] -- Installing: /home/choi/marker_ws/install/robot_localization/share/robot_localization/test/test_filter_base_diagnostics_timestamps.yaml
[131.242s] -- Installing: /home/choi/marker_ws/install/robot_localization/share/robot_localization/test/test_ros_robot_localization_listener_publisher.cpp
[131.242s] -- Installing: /home/choi/marker_ws/install/robot_localization/share/robot_localization/test/test_ekf_localization_node_bag1.launch.py
[131.242s] -- Installing: /home/choi/marker_ws/install/robot_localization/share/robot_localization/test/test_ekf_localization_node_bag3.yaml
[131.242s] -- Installing: /home/choi/marker_ws/install/robot_localization/share/robot_localization/test/test_localization_node_bag_pose_tester.cpp
[131.243s] -- Installing: /home/choi/marker_ws/install/robot_localization/share/robot_localization/test/test_robot_localization_estimator.launch.py
[131.243s] -- Installing: /home/choi/marker_ws/install/robot_localization/share/robot_localization/test/test3.bag
[131.262s] -- Installing: /home/choi/marker_ws/install/robot_localization/share/robot_localization/test/test_ekf_localization_node_bag1.sh
[131.262s] -- Installing: /home/choi/marker_ws/install/robot_localization/share/robot_localization/test/test_robot_localization_estimator.cpp
[131.262s] -- Installing: /home/choi/marker_ws/install/robot_localization/share/robot_localization/test/test_ukf_localization_node_bag3.sh
[131.262s] -- Installing: /home/choi/marker_ws/install/robot_localization/lib/robot_localization/navsat_transform_node
[131.263s] -- Set runtime path of "/home/choi/marker_ws/install/robot_localization/lib/robot_localization/navsat_transform_node" to ""
[131.264s] -- Installing: /home/choi/marker_ws/install/robot_localization/lib/robot_localization/ekf_node
[131.265s] -- Set runtime path of "/home/choi/marker_ws/install/robot_localization/lib/robot_localization/ekf_node" to ""
[131.265s] -- Installing: /home/choi/marker_ws/install/robot_localization/lib/robot_localization/ukf_node
[131.267s] -- Set runtime path of "/home/choi/marker_ws/install/robot_localization/lib/robot_localization/ukf_node" to ""
[131.267s] -- Installing: /home/choi/marker_ws/install/robot_localization/lib/robot_localization/robot_localization_listener_node
[131.270s] -- Set runtime path of "/home/choi/marker_ws/install/robot_localization/lib/robot_localization/robot_localization_listener_node" to ""
[131.270s] -- Installing: /home/choi/marker_ws/install/robot_localization/lib/librl_lib.so
[131.342s] -- Set runtime path of "/home/choi/marker_ws/install/robot_localization/lib/librl_lib.so" to ""
[131.342s] -- Up-to-date: /home/choi/marker_ws/install/robot_localization/include
[131.343s] -- Up-to-date: /home/choi/marker_ws/install/robot_localization/include/robot_localization
[131.343s] -- Installing: /home/choi/marker_ws/install/robot_localization/include/robot_localization/ukf.hpp
[131.343s] -- Installing: /home/choi/marker_ws/install/robot_localization/include/robot_localization/measurement.hpp
[131.343s] -- Installing: /home/choi/marker_ws/install/robot_localization/include/robot_localization/navsat_conversions.hpp
[131.344s] -- Installing: /home/choi/marker_ws/install/robot_localization/include/robot_localization/robot_localization_estimator.hpp
[131.344s] -- Installing: /home/choi/marker_ws/install/robot_localization/include/robot_localization/ros_filter_utilities.hpp
[131.344s] -- Installing: /home/choi/marker_ws/install/robot_localization/include/robot_localization/filter_base.hpp
[131.344s] -- Installing: /home/choi/marker_ws/install/robot_localization/include/robot_localization/ros_filter.hpp
[131.344s] -- Installing: /home/choi/marker_ws/install/robot_localization/include/robot_localization/ros_filter_types.hpp
[131.345s] -- Installing: /home/choi/marker_ws/install/robot_localization/include/robot_localization/filter_state.hpp
[131.345s] -- Installing: /home/choi/marker_ws/install/robot_localization/include/robot_localization/filter_utilities.hpp
[131.345s] -- Installing: /home/choi/marker_ws/install/robot_localization/include/robot_localization/filter_common.hpp
[131.345s] -- Installing: /home/choi/marker_ws/install/robot_localization/include/robot_localization/ekf.hpp
[131.346s] -- Installing: /home/choi/marker_ws/install/robot_localization/include/robot_localization/ros_robot_localization_listener.hpp
[131.346s] -- Installing: /home/choi/marker_ws/install/robot_localization/include/robot_localization/navsat_transform.hpp
[131.346s] -- Installing: /home/choi/marker_ws/install/robot_localization/share/robot_localization/params
[131.346s] -- Installing: /home/choi/marker_ws/install/robot_localization/share/robot_localization/params/ukf.yaml
[131.346s] -- Installing: /home/choi/marker_ws/install/robot_localization/share/robot_localization/params/dual_ekf_navsat_example.yaml
[131.347s] -- Installing: /home/choi/marker_ws/install/robot_localization/share/robot_localization/params/navsat_transform.yaml
[131.347s] -- Installing: /home/choi/marker_ws/install/robot_localization/share/robot_localization/params/ekf.yaml
[131.347s] -- Installing: /home/choi/marker_ws/install/robot_localization/share/robot_localization/launch
[131.347s] -- Installing: /home/choi/marker_ws/install/robot_localization/share/robot_localization/launch/navsat_transform.launch.py
[131.348s] -- Installing: /home/choi/marker_ws/install/robot_localization/share/robot_localization/launch/ukf.launch.py
[131.348s] -- Installing: /home/choi/marker_ws/install/robot_localization/share/robot_localization/launch/ekf.launch.py
[131.348s] -- Installing: /home/choi/marker_ws/install/robot_localization/share/robot_localization/launch/dual_ekf_navsat_example.launch.py
[131.348s] -- Installing: /home/choi/marker_ws/install/robot_localization/share/ament_index/resource_index/package_run_dependencies/robot_localization
[131.348s] -- Installing: /home/choi/marker_ws/install/robot_localization/share/ament_index/resource_index/parent_prefix_path/robot_localization
[131.349s] -- Installing: /home/choi/marker_ws/install/robot_localization/share/robot_localization/environment/ament_prefix_path.sh
[131.349s] -- Installing: /home/choi/marker_ws/install/robot_localization/share/robot_localization/environment/ament_prefix_path.dsv
[131.349s] -- Installing: /home/choi/marker_ws/install/robot_localization/share/robot_localization/environment/path.sh
[131.349s] -- Installing: /home/choi/marker_ws/install/robot_localization/share/robot_localization/environment/path.dsv
[131.349s] -- Installing: /home/choi/marker_ws/install/robot_localization/share/robot_localization/local_setup.bash
[131.349s] -- Installing: /home/choi/marker_ws/install/robot_localization/share/robot_localization/local_setup.sh
[131.349s] -- Installing: /home/choi/marker_ws/install/robot_localization/share/robot_localization/local_setup.zsh
[131.350s] -- Installing: /home/choi/marker_ws/install/robot_localization/share/robot_localization/local_setup.dsv
[131.350s] -- Installing: /home/choi/marker_ws/install/robot_localization/share/robot_localization/package.dsv
[131.350s] -- Installing: /home/choi/marker_ws/install/robot_localization/share/ament_index/resource_index/packages/robot_localization
[131.350s] -- Installing: /home/choi/marker_ws/install/robot_localization/share/robot_localization/cmake/robot_localization__rosidl_generator_cExport.cmake
[131.350s] -- Installing: /home/choi/marker_ws/install/robot_localization/share/robot_localization/cmake/robot_localization__rosidl_generator_cExport-relwithdebinfo.cmake
[131.350s] -- Installing: /home/choi/marker_ws/install/robot_localization/share/robot_localization/cmake/robot_localization__rosidl_typesupport_introspection_cExport.cmake
[131.350s] -- Installing: /home/choi/marker_ws/install/robot_localization/share/robot_localization/cmake/robot_localization__rosidl_typesupport_introspection_cExport-relwithdebinfo.cmake
[131.350s] -- Installing: /home/choi/marker_ws/install/robot_localization/share/robot_localization/cmake/robot_localization__rosidl_typesupport_cExport.cmake
[131.350s] -- Installing: /home/choi/marker_ws/install/robot_localization/share/robot_localization/cmake/robot_localization__rosidl_typesupport_cExport-relwithdebinfo.cmake
[131.350s] -- Installing: /home/choi/marker_ws/install/robot_localization/share/robot_localization/cmake/robot_localization__rosidl_generator_cppExport.cmake
[131.350s] -- Installing: /home/choi/marker_ws/install/robot_localization/share/robot_localization/cmake/robot_localization__rosidl_typesupport_introspection_cppExport.cmake
[131.350s] -- Installing: /home/choi/marker_ws/install/robot_localization/share/robot_localization/cmake/robot_localization__rosidl_typesupport_introspection_cppExport-relwithdebinfo.cmake
[131.351s] -- Installing: /home/choi/marker_ws/install/robot_localization/share/robot_localization/cmake/robot_localization__rosidl_typesupport_cppExport.cmake
[131.351s] -- Installing: /home/choi/marker_ws/install/robot_localization/share/robot_localization/cmake/robot_localization__rosidl_typesupport_cppExport-relwithdebinfo.cmake
[131.351s] -- Installing: /home/choi/marker_ws/install/robot_localization/share/robot_localization/cmake/rosidl_cmake-extras.cmake
[131.351s] -- Installing: /home/choi/marker_ws/install/robot_localization/share/robot_localization/cmake/ament_cmake_export_dependencies-extras.cmake
[131.351s] -- Installing: /home/choi/marker_ws/install/robot_localization/share/robot_localization/cmake/ament_cmake_export_libraries-extras.cmake
[131.351s] -- Installing: /home/choi/marker_ws/install/robot_localization/share/robot_localization/cmake/ament_cmake_export_targets-extras.cmake
[131.351s] -- Installing: /home/choi/marker_ws/install/robot_localization/share/robot_localization/cmake/ament_cmake_export_include_directories-extras.cmake
[131.351s] -- Installing: /home/choi/marker_ws/install/robot_localization/share/robot_localization/cmake/rosidl_cmake_export_typesupport_libraries-extras.cmake
[131.351s] -- Installing: /home/choi/marker_ws/install/robot_localization/share/robot_localization/cmake/rosidl_cmake_export_typesupport_targets-extras.cmake
[131.351s] -- Installing: /home/choi/marker_ws/install/robot_localization/share/robot_localization/cmake/robot_localizationConfig.cmake
[131.351s] -- Installing: /home/choi/marker_ws/install/robot_localization/share/robot_localization/cmake/robot_localizationConfig-version.cmake
[131.351s] -- Installing: /home/choi/marker_ws/install/robot_localization/share/robot_localization/package.xml
[131.361s] Invoked command in '/home/choi/marker_ws/build/robot_localization' returned '0': CMAKE_PREFIX_PATH=${CMAKE_PREFIX_PATH}:/home/choi/marker_ws/install/ros2_aruco:/home/choi/marker_ws/install/omo_r1mini_teleop:/home/choi/marker_ws/install/omo_r1mini_navigation2:/home/choi/marker_ws/install/omo_r1mini_bringup:/home/choi/marker_ws/install/exp_logger:/home/choi/marker_ws/install/camera_calibration:/opt/ros/foxy /home/choi/.local/bin/cmake --install /home/choi/marker_ws/build/robot_localization
