[0.712s] Invoking command in '/home/choi/marker_ws/build/omo_r1mini_cartographer': CMAKE_PREFIX_PATH=${CMAKE_PREFIX_PATH}:/home/choi/marker_ws/install/ros2_aruco:/home/choi/marker_ws/install/omo_r1mini_teleop:/home/choi/marker_ws/install/omo_r1mini_navigation2:/home/choi/marker_ws/install/omo_r1mini_bringup:/home/choi/marker_ws/install/exp_logger:/home/choi/marker_ws/install/camera_calibration:/opt/ros/foxy /home/choi/.local/bin/cmake --build /home/choi/marker_ws/build/omo_r1mini_cartographer -- -j12 -l12
[1.498s] Invoked command in '/home/choi/marker_ws/build/omo_r1mini_cartographer' returned '0': CMAKE_PREFIX_PATH=${CMAKE_PREFIX_PATH}:/home/choi/marker_ws/install/ros2_aruco:/home/choi/marker_ws/install/omo_r1mini_teleop:/home/choi/marker_ws/install/omo_r1mini_navigation2:/home/choi/marker_ws/install/omo_r1mini_bringup:/home/choi/marker_ws/install/exp_logger:/home/choi/marker_ws/install/camera_calibration:/opt/ros/foxy /home/choi/.local/bin/cmake --build /home/choi/marker_ws/build/omo_r1mini_cartographer -- -j12 -l12
[1.654s] Invoking command in '/home/choi/marker_ws/build/omo_r1mini_cartographer': CMAKE_PREFIX_PATH=${CMAKE_PREFIX_PATH}:/home/choi/marker_ws/install/ros2_aruco:/home/choi/marker_ws/install/omo_r1mini_teleop:/home/choi/marker_ws/install/omo_r1mini_navigation2:/home/choi/marker_ws/install/omo_r1mini_bringup:/home/choi/marker_ws/install/exp_logger:/home/choi/marker_ws/install/camera_calibration:/opt/ros/foxy /home/choi/.local/bin/cmake --install /home/choi/marker_ws/build/omo_r1mini_cartographer
[1.844s] -- Install configuration: ""
[1.995s] -- Execute custom install script
[2.058s] -- Up-to-date symlink: /home/choi/marker_ws/install/omo_r1mini_cartographer/share/omo_r1mini_cartographer/config/omo_r1mini_lidar.lua
[2.058s] -- Up-to-date symlink: /home/choi/marker_ws/install/omo_r1mini_cartographer/share/omo_r1mini_cartographer/launch/cartographer.launch.py
[2.061s] -- Up-to-date symlink: /home/choi/marker_ws/install/omo_r1mini_cartographer/share/omo_r1mini_cartographer/launch/cartographer_rviz.launch.py
[2.062s] -- Up-to-date symlink: /home/choi/marker_ws/install/omo_r1mini_cartographer/share/omo_r1mini_cartographer/launch/occupancy_grid.launch.py
[2.062s] -- Up-to-date symlink: /home/choi/marker_ws/install/omo_r1mini_cartographer/share/omo_r1mini_cartographer/rviz/omo_r1mini_cartographer.rviz
[2.063s] -- Up-to-date symlink: /home/choi/marker_ws/install/omo_r1mini_cartographer/share/ament_index/resource_index/package_run_dependencies/omo_r1mini_cartographer
[2.063s] -- Up-to-date symlink: /home/choi/marker_ws/install/omo_r1mini_cartographer/share/ament_index/resource_index/parent_prefix_path/omo_r1mini_cartographer
[2.063s] -- Up-to-date symlink: /home/choi/marker_ws/install/omo_r1mini_cartographer/share/omo_r1mini_cartographer/environment/ament_prefix_path.sh
[2.063s] -- Up-to-date symlink: /home/choi/marker_ws/install/omo_r1mini_cartographer/share/omo_r1mini_cartographer/environment/ament_prefix_path.dsv
[2.064s] -- Up-to-date symlink: /home/choi/marker_ws/install/omo_r1mini_cartographer/share/omo_r1mini_cartographer/environment/path.sh
[2.064s] -- Up-to-date symlink: /home/choi/marker_ws/install/omo_r1mini_cartographer/share/omo_r1mini_cartographer/environment/path.dsv
[2.064s] -- Up-to-date symlink: /home/choi/marker_ws/install/omo_r1mini_cartographer/share/omo_r1mini_cartographer/local_setup.bash
[2.064s] -- Up-to-date symlink: /home/choi/marker_ws/install/omo_r1mini_cartographer/share/omo_r1mini_cartographer/local_setup.sh
[2.065s] -- Up-to-date symlink: /home/choi/marker_ws/install/omo_r1mini_cartographer/share/omo_r1mini_cartographer/local_setup.zsh
[2.065s] -- Up-to-date symlink: /home/choi/marker_ws/install/omo_r1mini_cartographer/share/omo_r1mini_cartographer/local_setup.dsv
[2.065s] -- Symlinking: /home/choi/marker_ws/install/omo_r1mini_cartographer/share/omo_r1mini_cartographer/package.dsv
[2.067s] -- Up-to-date symlink: /home/choi/marker_ws/install/omo_r1mini_cartographer/share/ament_index/resource_index/packages/omo_r1mini_cartographer
[2.067s] -- Up-to-date symlink: /home/choi/marker_ws/install/omo_r1mini_cartographer/share/omo_r1mini_cartographer/cmake/omo_r1mini_cartographerConfig.cmake
[2.067s] -- Up-to-date symlink: /home/choi/marker_ws/install/omo_r1mini_cartographer/share/omo_r1mini_cartographer/cmake/omo_r1mini_cartographerConfig-version.cmake
[2.067s] -- Up-to-date symlink: /home/choi/marker_ws/install/omo_r1mini_cartographer/share/omo_r1mini_cartographer/package.xml
[2.070s] Invoked command in '/home/choi/marker_ws/build/omo_r1mini_cartographer' returned '0': CMAKE_PREFIX_PATH=${CMAKE_PREFIX_PATH}:/home/choi/marker_ws/install/ros2_aruco:/home/choi/marker_ws/install/omo_r1mini_teleop:/home/choi/marker_ws/install/omo_r1mini_navigation2:/home/choi/marker_ws/install/omo_r1mini_bringup:/home/choi/marker_ws/install/exp_logger:/home/choi/marker_ws/install/camera_calibration:/opt/ros/foxy /home/choi/.local/bin/cmake --install /home/choi/marker_ws/build/omo_r1mini_cartographer
