-- Found ament_cmake_auto: 0.9.12 (/opt/ros/foxy/share/ament_cmake_auto/cmake)
-- Using PYTHON_EXECUTABLE: /usr/bin/python3
-- Override CMake install command with custom implementation using symlinks instead of copying resources
-- Using all available rosidl_typesupport_c: rosidl_typesupport_fastrtps_c;rosidl_typesupport_introspection_c
-- Found rosidl_adapter: 1.3.1 (/opt/ros/foxy/share/rosidl_adapter/cmake)
-- Using all available rosidl_typesupport_cpp: rosidl_typesupport_fastrtps_cpp;rosidl_typesupport_introspection_cpp
-- Found rmw_implementation_cmake: 1.0.4 (/opt/ros/foxy/share/rmw_implementation_cmake/cmake)
-- Using RMW implementation 'rmw_fastrtps_cpp' as default
-- Found ament_lint_auto: 0.9.8 (/opt/ros/foxy/share/ament_lint_auto/cmake)
-- Added test 'copyright' to check source files copyright and LICENSE
-- Added test 'cppcheck' to perform static code analysis on C / C++ code
-- Configured cppcheck include dirs: /home/choi/marker_ws/src/image_pipeline-foxy/depth_image_proc/include
-- Configured cppcheck exclude dirs and/or files: 
-- Added test 'cpplint' to check C / C++ code against the Google style
-- Configured cpplint exclude dirs and/or files: 
-- Added test 'flake8' to check Python code syntax and style conventions
-- Added test 'lint_cmake' to check CMake code style
-- Added test 'pep257' to check Python code against some of the style conventions in PEP 257
-- Added test 'uncrustify' to check C / C++ code style
-- Configured uncrustify additional arguments: 
-- Added test 'xmllint' to check XML markup files
-- Configuring done (2.1s)
-- Generating done (0.0s)
-- Build files have been written to: /home/choi/marker_ws/build/depth_image_proc
[  8%] [32m[1mLinking CXX shared library libdepth_image_proc.so[0m
[100%] Built target depth_image_proc
-- Install configuration: ""
-- Execute custom install script
-- Symlinking: /home/choi/marker_ws/install/depth_image_proc/include/depth_image_proc/conversions.hpp
-- Symlinking: /home/choi/marker_ws/install/depth_image_proc/include/depth_image_proc/depth_traits.hpp
-- Symlinking: /home/choi/marker_ws/install/depth_image_proc/include/depth_image_proc/point_cloud_xyz.hpp
-- Symlinking: /home/choi/marker_ws/install/depth_image_proc/include/depth_image_proc/point_cloud_xyz_radial.hpp
-- Symlinking: /home/choi/marker_ws/install/depth_image_proc/include/depth_image_proc/point_cloud_xyzi.hpp
-- Symlinking: /home/choi/marker_ws/install/depth_image_proc/include/depth_image_proc/point_cloud_xyzi_radial.hpp
-- Symlinking: /home/choi/marker_ws/install/depth_image_proc/include/depth_image_proc/point_cloud_xyzrgb.hpp
-- Symlinking: /home/choi/marker_ws/install/depth_image_proc/include/depth_image_proc/point_cloud_xyzrgb_radial.hpp
-- Symlinking: /home/choi/marker_ws/install/depth_image_proc/include/depth_image_proc/visibility.h
-- Symlinking: /home/choi/marker_ws/install/depth_image_proc/share/depth_image_proc/environment/library_path.sh
-- Symlinking: /home/choi/marker_ws/install/depth_image_proc/share/depth_image_proc/environment/library_path.dsv
-- Symlinking: /home/choi/marker_ws/install/depth_image_proc/lib/libdepth_image_proc.so
-- Symlinking: /home/choi/marker_ws/install/depth_image_proc/share/depth_image_proc/launch/convert_metric.launch.py
-- Symlinking: /home/choi/marker_ws/install/depth_image_proc/share/depth_image_proc/launch/crop_foremost.launch.py
-- Symlinking: /home/choi/marker_ws/install/depth_image_proc/share/depth_image_proc/launch/disparity.launch.py
-- Symlinking: /home/choi/marker_ws/install/depth_image_proc/share/depth_image_proc/launch/point_cloud_xyz.launch.py
-- Symlinking: /home/choi/marker_ws/install/depth_image_proc/share/depth_image_proc/launch/point_cloud_xyz_radial.launch.py
-- Symlinking: /home/choi/marker_ws/install/depth_image_proc/share/depth_image_proc/launch/point_cloud_xyzi.launch.py
-- Symlinking: /home/choi/marker_ws/install/depth_image_proc/share/depth_image_proc/launch/point_cloud_xyzi_radial.launch.py
-- Symlinking: /home/choi/marker_ws/install/depth_image_proc/share/depth_image_proc/launch/point_cloud_xyzrgb.launch.py
-- Symlinking: /home/choi/marker_ws/install/depth_image_proc/share/depth_image_proc/launch/point_cloud_xyzrgb_radial.launch.py
-- Symlinking: /home/choi/marker_ws/install/depth_image_proc/share/depth_image_proc/launch/register.launch.py
-- Symlinking: /home/choi/marker_ws/install/depth_image_proc/share/depth_image_proc/launch/rviz/convert_metric.rviz
-- Symlinking: /home/choi/marker_ws/install/depth_image_proc/share/depth_image_proc/launch/rviz/crop_formost.rviz
-- Symlinking: /home/choi/marker_ws/install/depth_image_proc/share/depth_image_proc/launch/rviz/disparity.rviz
-- Symlinking: /home/choi/marker_ws/install/depth_image_proc/share/depth_image_proc/launch/rviz/point_cloud_xyz.rviz
-- Symlinking: /home/choi/marker_ws/install/depth_image_proc/share/depth_image_proc/launch/rviz/point_cloud_xyz_radial.rviz
-- Symlinking: /home/choi/marker_ws/install/depth_image_proc/share/depth_image_proc/launch/rviz/point_cloud_xyzi.rviz
-- Symlinking: /home/choi/marker_ws/install/depth_image_proc/share/depth_image_proc/launch/rviz/point_cloud_xyzrgb.rviz
-- Symlinking: /home/choi/marker_ws/install/depth_image_proc/share/depth_image_proc/launch/rviz/register.rviz
-- Symlinking: /home/choi/marker_ws/install/depth_image_proc/share/ament_index/resource_index/package_run_dependencies/depth_image_proc
-- Symlinking: /home/choi/marker_ws/install/depth_image_proc/share/ament_index/resource_index/parent_prefix_path/depth_image_proc
-- Symlinking: /home/choi/marker_ws/install/depth_image_proc/share/depth_image_proc/environment/ament_prefix_path.sh
-- Symlinking: /home/choi/marker_ws/install/depth_image_proc/share/depth_image_proc/environment/ament_prefix_path.dsv
-- Symlinking: /home/choi/marker_ws/install/depth_image_proc/share/depth_image_proc/environment/path.sh
-- Symlinking: /home/choi/marker_ws/install/depth_image_proc/share/depth_image_proc/environment/path.dsv
-- Symlinking: /home/choi/marker_ws/install/depth_image_proc/share/depth_image_proc/local_setup.bash
-- Symlinking: /home/choi/marker_ws/install/depth_image_proc/share/depth_image_proc/local_setup.sh
-- Symlinking: /home/choi/marker_ws/install/depth_image_proc/share/depth_image_proc/local_setup.zsh
-- Symlinking: /home/choi/marker_ws/install/depth_image_proc/share/depth_image_proc/local_setup.dsv
-- Symlinking: /home/choi/marker_ws/install/depth_image_proc/share/depth_image_proc/package.dsv
-- Symlinking: /home/choi/marker_ws/install/depth_image_proc/share/ament_index/resource_index/packages/depth_image_proc
-- Symlinking: /home/choi/marker_ws/install/depth_image_proc/share/ament_index/resource_index/rclcpp_components/depth_image_proc
-- Symlinking: /home/choi/marker_ws/install/depth_image_proc/share/depth_image_proc/cmake/ament_cmake_export_dependencies-extras.cmake
-- Symlinking: /home/choi/marker_ws/install/depth_image_proc/share/depth_image_proc/cmake/ament_cmake_export_include_directories-extras.cmake
-- Symlinking: /home/choi/marker_ws/install/depth_image_proc/share/depth_image_proc/cmake/ament_cmake_export_libraries-extras.cmake
-- Symlinking: /home/choi/marker_ws/install/depth_image_proc/share/depth_image_proc/cmake/depth_image_procConfig.cmake
-- Symlinking: /home/choi/marker_ws/install/depth_image_proc/share/depth_image_proc/cmake/depth_image_procConfig-version.cmake
-- Symlinking: /home/choi/marker_ws/install/depth_image_proc/share/depth_image_proc/package.xml
