[0.028s] Invoking command in '/home/choi/marker_ws/build/stereo_image_proc': CMAKE_PREFIX_PATH=/home/choi/marker_ws/install/image_proc:/home/choi/marker_ws/install/tracetools_image_pipeline:/home/choi/marker_ws/install/image_pipeline:/home/choi/marker_ws/install/stereo_image_proc:/home/choi/marker_ws/install/teleop_twist_joy:/home/choi/marker_ws/install/ros2_aruco_interfaces:/home/choi/marker_ws/install/marker_arm:/home/choi/marker_ws/install/robot_localization:/home/choi/marker_ws/install/omo_r1mini:/home/choi/marker_ws/install/omo_r1mini_interfaces:/home/choi/marker_ws/install/omo_r1mini_description:/home/choi/marker_ws/install/omo_r1mini_cartographer:/home/choi/marker_ws/install/image_view:/home/choi/marker_ws/install/image_rotate:/home/choi/marker_ws/install/image_publisher:/home/choi/marker_ws/install/depth_image_proc:/home/choi/marker_ws/install/ros2_aruco:/home/choi/marker_ws/install/omo_r1mini_teleop:/home/choi/marker_ws/install/omo_r1mini_navigation2:/home/choi/marker_ws/install/omo_r1mini_bringup:/home/choi/marker_ws/install/exp_logger:/home/choi/marker_ws/install/camera_calibration:/opt/ros/foxy LD_LIBRARY_PATH=/home/choi/marker_ws/install/image_proc/lib:/home/choi/marker_ws/install/tracetools_image_pipeline/lib:/home/choi/marker_ws/install/stereo_image_proc/lib:/home/choi/marker_ws/install/teleop_twist_joy/lib:/home/choi/marker_ws/install/ros2_aruco_interfaces/lib:/home/choi/marker_ws/install/robot_localization/lib:/home/choi/marker_ws/install/omo_r1mini_interfaces/lib:/home/choi/marker_ws/install/image_view/lib:/home/choi/marker_ws/install/image_rotate/lib:/home/choi/marker_ws/install/image_publisher/lib:/home/choi/marker_ws/install/depth_image_proc/lib:/opt/ros/foxy/opt/yaml_cpp_vendor/lib:/opt/ros/foxy/opt/rviz_ogre_vendor/lib:/opt/ros/foxy/lib/x86_64-linux-gnu:/opt/ros/foxy/lib /home/choi/.local/bin/cmake /home/choi/marker_ws/src/image_pipeline-foxy/stereo_image_proc -DAMENT_CMAKE_SYMLINK_INSTALL=1 -DCMAKE_INSTALL_PREFIX=/home/choi/marker_ws/install/stereo_image_proc
[0.095s] -- Found ament_cmake_auto: 0.9.12 (/opt/ros/foxy/share/ament_cmake_auto/cmake)
[0.140s] -- Found PythonInterp: /usr/bin/python3 (found suitable version "3.8.10", minimum required is "3") 
[0.140s] -- Using PYTHON_EXECUTABLE: /usr/bin/python3
[0.483s] -- Override CMake install command with custom implementation using symlinks instead of copying resources
[0.652s] -- Using all available rosidl_typesupport_c: rosidl_typesupport_fastrtps_c;rosidl_typesupport_introspection_c
[0.658s] -- Found rosidl_adapter: 1.3.1 (/opt/ros/foxy/share/rosidl_adapter/cmake)
[0.887s] -- Using all available rosidl_typesupport_cpp: rosidl_typesupport_fastrtps_cpp;rosidl_typesupport_introspection_cpp
[1.317s] -- Found rmw_implementation_cmake: 1.0.4 (/opt/ros/foxy/share/rmw_implementation_cmake/cmake)
[1.321s] -- Using RMW implementation 'rmw_fastrtps_cpp' as default
[2.063s] -- Found ament_lint_auto: 0.9.8 (/opt/ros/foxy/share/ament_lint_auto/cmake)
[2.109s] -- Found python_cmake_module: 0.8.1 (/opt/ros/foxy/share/python_cmake_module/cmake)
[2.135s] -- Found PythonInterp: /usr/bin/python3 (found suitable version "3.8.10", minimum required is "3.5") 
[2.137s] -- Using PYTHON_EXECUTABLE: /usr/bin/python3
[2.137s] -- Using PYTHON_INCLUDE_DIRS: /usr/include/python3.8
[2.137s] -- Using PYTHON_LIBRARIES: /usr/lib/x86_64-linux-gnu/libpython3.8.so
[2.174s] -- Added test 'copyright' to check source files copyright and LICENSE
[2.176s] -- Added test 'cppcheck' to perform static code analysis on C / C++ code
[2.176s] -- Configured cppcheck include dirs: /home/choi/marker_ws/src/image_pipeline-foxy/stereo_image_proc/include
[2.176s] -- Configured cppcheck exclude dirs and/or files: 
[2.177s] -- Added test 'cpplint' to check C / C++ code against the Google style
[2.178s] -- Configured cpplint exclude dirs and/or files: 
[2.178s] -- Added test 'flake8' to check Python code syntax and style conventions
[2.178s] -- Added test 'lint_cmake' to check CMake code style
[2.179s] -- Added test 'pep257' to check Python code against some of the style conventions in PEP 257
[2.180s] -- Added test 'uncrustify' to check C / C++ code style
[2.180s] -- Configured uncrustify additional arguments: 
[2.181s] -- Added test 'xmllint' to check XML markup files
[2.183s] -- Configuring done (2.1s)
[2.224s] -- Generating done (0.0s)
[2.234s] -- Build files have been written to: /home/choi/marker_ws/build/stereo_image_proc
[2.249s] Invoked command in '/home/choi/marker_ws/build/stereo_image_proc' returned '0': CMAKE_PREFIX_PATH=/home/choi/marker_ws/install/image_proc:/home/choi/marker_ws/install/tracetools_image_pipeline:/home/choi/marker_ws/install/image_pipeline:/home/choi/marker_ws/install/stereo_image_proc:/home/choi/marker_ws/install/teleop_twist_joy:/home/choi/marker_ws/install/ros2_aruco_interfaces:/home/choi/marker_ws/install/marker_arm:/home/choi/marker_ws/install/robot_localization:/home/choi/marker_ws/install/omo_r1mini:/home/choi/marker_ws/install/omo_r1mini_interfaces:/home/choi/marker_ws/install/omo_r1mini_description:/home/choi/marker_ws/install/omo_r1mini_cartographer:/home/choi/marker_ws/install/image_view:/home/choi/marker_ws/install/image_rotate:/home/choi/marker_ws/install/image_publisher:/home/choi/marker_ws/install/depth_image_proc:/home/choi/marker_ws/install/ros2_aruco:/home/choi/marker_ws/install/omo_r1mini_teleop:/home/choi/marker_ws/install/omo_r1mini_navigation2:/home/choi/marker_ws/install/omo_r1mini_bringup:/home/choi/marker_ws/install/exp_logger:/home/choi/marker_ws/install/camera_calibration:/opt/ros/foxy LD_LIBRARY_PATH=/home/choi/marker_ws/install/image_proc/lib:/home/choi/marker_ws/install/tracetools_image_pipeline/lib:/home/choi/marker_ws/install/stereo_image_proc/lib:/home/choi/marker_ws/install/teleop_twist_joy/lib:/home/choi/marker_ws/install/ros2_aruco_interfaces/lib:/home/choi/marker_ws/install/robot_localization/lib:/home/choi/marker_ws/install/omo_r1mini_interfaces/lib:/home/choi/marker_ws/install/image_view/lib:/home/choi/marker_ws/install/image_rotate/lib:/home/choi/marker_ws/install/image_publisher/lib:/home/choi/marker_ws/install/depth_image_proc/lib:/opt/ros/foxy/opt/yaml_cpp_vendor/lib:/opt/ros/foxy/opt/rviz_ogre_vendor/lib:/opt/ros/foxy/lib/x86_64-linux-gnu:/opt/ros/foxy/lib /home/choi/.local/bin/cmake /home/choi/marker_ws/src/image_pipeline-foxy/stereo_image_proc -DAMENT_CMAKE_SYMLINK_INSTALL=1 -DCMAKE_INSTALL_PREFIX=/home/choi/marker_ws/install/stereo_image_proc
[2.254s] Invoking command in '/home/choi/marker_ws/build/stereo_image_proc': CMAKE_PREFIX_PATH=/home/choi/marker_ws/install/image_proc:/home/choi/marker_ws/install/tracetools_image_pipeline:/home/choi/marker_ws/install/image_pipeline:/home/choi/marker_ws/install/stereo_image_proc:/home/choi/marker_ws/install/teleop_twist_joy:/home/choi/marker_ws/install/ros2_aruco_interfaces:/home/choi/marker_ws/install/marker_arm:/home/choi/marker_ws/install/robot_localization:/home/choi/marker_ws/install/omo_r1mini:/home/choi/marker_ws/install/omo_r1mini_interfaces:/home/choi/marker_ws/install/omo_r1mini_description:/home/choi/marker_ws/install/omo_r1mini_cartographer:/home/choi/marker_ws/install/image_view:/home/choi/marker_ws/install/image_rotate:/home/choi/marker_ws/install/image_publisher:/home/choi/marker_ws/install/depth_image_proc:/home/choi/marker_ws/install/ros2_aruco:/home/choi/marker_ws/install/omo_r1mini_teleop:/home/choi/marker_ws/install/omo_r1mini_navigation2:/home/choi/marker_ws/install/omo_r1mini_bringup:/home/choi/marker_ws/install/exp_logger:/home/choi/marker_ws/install/camera_calibration:/opt/ros/foxy LD_LIBRARY_PATH=/home/choi/marker_ws/install/image_proc/lib:/home/choi/marker_ws/install/tracetools_image_pipeline/lib:/home/choi/marker_ws/install/stereo_image_proc/lib:/home/choi/marker_ws/install/teleop_twist_joy/lib:/home/choi/marker_ws/install/ros2_aruco_interfaces/lib:/home/choi/marker_ws/install/robot_localization/lib:/home/choi/marker_ws/install/omo_r1mini_interfaces/lib:/home/choi/marker_ws/install/image_view/lib:/home/choi/marker_ws/install/image_rotate/lib:/home/choi/marker_ws/install/image_publisher/lib:/home/choi/marker_ws/install/depth_image_proc/lib:/opt/ros/foxy/opt/yaml_cpp_vendor/lib:/opt/ros/foxy/opt/rviz_ogre_vendor/lib:/opt/ros/foxy/lib/x86_64-linux-gnu:/opt/ros/foxy/lib /home/choi/.local/bin/cmake --build /home/choi/marker_ws/build/stereo_image_proc -- -j12 -l12
[2.327s] [ 25%] [32m[1mLinking CXX executable point_cloud_node[0m
[2.327s] [ 25%] [32m[1mLinking CXX executable disparity_node[0m
[2.327s] [ 37%] [32m[1mLinking CXX shared library libstereo_image_proc.so[0m
[2.519s] [ 50%] Built target disparity_node
[2.532s] [ 62%] Built target point_cloud_node
[3.507s] [100%] Built target stereo_image_proc
[3.517s] Invoked command in '/home/choi/marker_ws/build/stereo_image_proc' returned '0': CMAKE_PREFIX_PATH=/home/choi/marker_ws/install/image_proc:/home/choi/marker_ws/install/tracetools_image_pipeline:/home/choi/marker_ws/install/image_pipeline:/home/choi/marker_ws/install/stereo_image_proc:/home/choi/marker_ws/install/teleop_twist_joy:/home/choi/marker_ws/install/ros2_aruco_interfaces:/home/choi/marker_ws/install/marker_arm:/home/choi/marker_ws/install/robot_localization:/home/choi/marker_ws/install/omo_r1mini:/home/choi/marker_ws/install/omo_r1mini_interfaces:/home/choi/marker_ws/install/omo_r1mini_description:/home/choi/marker_ws/install/omo_r1mini_cartographer:/home/choi/marker_ws/install/image_view:/home/choi/marker_ws/install/image_rotate:/home/choi/marker_ws/install/image_publisher:/home/choi/marker_ws/install/depth_image_proc:/home/choi/marker_ws/install/ros2_aruco:/home/choi/marker_ws/install/omo_r1mini_teleop:/home/choi/marker_ws/install/omo_r1mini_navigation2:/home/choi/marker_ws/install/omo_r1mini_bringup:/home/choi/marker_ws/install/exp_logger:/home/choi/marker_ws/install/camera_calibration:/opt/ros/foxy LD_LIBRARY_PATH=/home/choi/marker_ws/install/image_proc/lib:/home/choi/marker_ws/install/tracetools_image_pipeline/lib:/home/choi/marker_ws/install/stereo_image_proc/lib:/home/choi/marker_ws/install/teleop_twist_joy/lib:/home/choi/marker_ws/install/ros2_aruco_interfaces/lib:/home/choi/marker_ws/install/robot_localization/lib:/home/choi/marker_ws/install/omo_r1mini_interfaces/lib:/home/choi/marker_ws/install/image_view/lib:/home/choi/marker_ws/install/image_rotate/lib:/home/choi/marker_ws/install/image_publisher/lib:/home/choi/marker_ws/install/depth_image_proc/lib:/opt/ros/foxy/opt/yaml_cpp_vendor/lib:/opt/ros/foxy/opt/rviz_ogre_vendor/lib:/opt/ros/foxy/lib/x86_64-linux-gnu:/opt/ros/foxy/lib /home/choi/.local/bin/cmake --build /home/choi/marker_ws/build/stereo_image_proc -- -j12 -l12
[3.593s] Invoking command in '/home/choi/marker_ws/build/stereo_image_proc': CMAKE_PREFIX_PATH=/home/choi/marker_ws/install/image_proc:/home/choi/marker_ws/install/tracetools_image_pipeline:/home/choi/marker_ws/install/image_pipeline:/home/choi/marker_ws/install/stereo_image_proc:/home/choi/marker_ws/install/teleop_twist_joy:/home/choi/marker_ws/install/ros2_aruco_interfaces:/home/choi/marker_ws/install/marker_arm:/home/choi/marker_ws/install/robot_localization:/home/choi/marker_ws/install/omo_r1mini:/home/choi/marker_ws/install/omo_r1mini_interfaces:/home/choi/marker_ws/install/omo_r1mini_description:/home/choi/marker_ws/install/omo_r1mini_cartographer:/home/choi/marker_ws/install/image_view:/home/choi/marker_ws/install/image_rotate:/home/choi/marker_ws/install/image_publisher:/home/choi/marker_ws/install/depth_image_proc:/home/choi/marker_ws/install/ros2_aruco:/home/choi/marker_ws/install/omo_r1mini_teleop:/home/choi/marker_ws/install/omo_r1mini_navigation2:/home/choi/marker_ws/install/omo_r1mini_bringup:/home/choi/marker_ws/install/exp_logger:/home/choi/marker_ws/install/camera_calibration:/opt/ros/foxy LD_LIBRARY_PATH=/home/choi/marker_ws/install/image_proc/lib:/home/choi/marker_ws/install/tracetools_image_pipeline/lib:/home/choi/marker_ws/install/stereo_image_proc/lib:/home/choi/marker_ws/install/teleop_twist_joy/lib:/home/choi/marker_ws/install/ros2_aruco_interfaces/lib:/home/choi/marker_ws/install/robot_localization/lib:/home/choi/marker_ws/install/omo_r1mini_interfaces/lib:/home/choi/marker_ws/install/image_view/lib:/home/choi/marker_ws/install/image_rotate/lib:/home/choi/marker_ws/install/image_publisher/lib:/home/choi/marker_ws/install/depth_image_proc/lib:/opt/ros/foxy/opt/yaml_cpp_vendor/lib:/opt/ros/foxy/opt/rviz_ogre_vendor/lib:/opt/ros/foxy/lib/x86_64-linux-gnu:/opt/ros/foxy/lib /home/choi/.local/bin/cmake --install /home/choi/marker_ws/build/stereo_image_proc
[3.632s] -- Install configuration: ""
[3.632s] -- Execute custom install script
[3.632s] -- Symlinking: /home/choi/marker_ws/install/stereo_image_proc/lib/stereo_image_proc/disparity_node
[3.635s] -- Symlinking: /home/choi/marker_ws/install/stereo_image_proc/lib/stereo_image_proc/point_cloud_node
[3.639s] -- Symlinking: /home/choi/marker_ws/install/stereo_image_proc/include/stereo_image_proc/stereo_processor.hpp
[3.642s] -- Symlinking: /home/choi/marker_ws/install/stereo_image_proc/share/stereo_image_proc/environment/library_path.sh
[3.646s] -- Symlinking: /home/choi/marker_ws/install/stereo_image_proc/share/stereo_image_proc/environment/library_path.dsv
[3.649s] -- Symlinking: /home/choi/marker_ws/install/stereo_image_proc/lib/libstereo_image_proc.so
[3.654s] -- Symlinking: /home/choi/marker_ws/install/stereo_image_proc/share/stereo_image_proc/launch/stereo_image_proc.launch.py
[3.657s] -- Symlinking: /home/choi/marker_ws/install/stereo_image_proc/share/ament_index/resource_index/package_run_dependencies/stereo_image_proc
[3.661s] -- Symlinking: /home/choi/marker_ws/install/stereo_image_proc/share/ament_index/resource_index/parent_prefix_path/stereo_image_proc
[3.664s] -- Symlinking: /home/choi/marker_ws/install/stereo_image_proc/share/stereo_image_proc/environment/ament_prefix_path.sh
[3.667s] -- Symlinking: /home/choi/marker_ws/install/stereo_image_proc/share/stereo_image_proc/environment/ament_prefix_path.dsv
[3.669s] -- Symlinking: /home/choi/marker_ws/install/stereo_image_proc/share/stereo_image_proc/environment/path.sh
[3.673s] -- Symlinking: /home/choi/marker_ws/install/stereo_image_proc/share/stereo_image_proc/environment/path.dsv
[3.676s] -- Symlinking: /home/choi/marker_ws/install/stereo_image_proc/share/stereo_image_proc/local_setup.bash
[3.679s] -- Symlinking: /home/choi/marker_ws/install/stereo_image_proc/share/stereo_image_proc/local_setup.sh
[3.683s] -- Symlinking: /home/choi/marker_ws/install/stereo_image_proc/share/stereo_image_proc/local_setup.zsh
[3.686s] -- Symlinking: /home/choi/marker_ws/install/stereo_image_proc/share/stereo_image_proc/local_setup.dsv
[3.690s] -- Symlinking: /home/choi/marker_ws/install/stereo_image_proc/share/stereo_image_proc/package.dsv
[3.693s] -- Symlinking: /home/choi/marker_ws/install/stereo_image_proc/share/ament_index/resource_index/packages/stereo_image_proc
[3.697s] -- Symlinking: /home/choi/marker_ws/install/stereo_image_proc/share/ament_index/resource_index/rclcpp_components/stereo_image_proc
[3.699s] -- Symlinking: /home/choi/marker_ws/install/stereo_image_proc/share/stereo_image_proc/cmake/ament_cmake_export_dependencies-extras.cmake
[3.702s] -- Symlinking: /home/choi/marker_ws/install/stereo_image_proc/share/stereo_image_proc/cmake/ament_cmake_export_include_directories-extras.cmake
[3.705s] -- Symlinking: /home/choi/marker_ws/install/stereo_image_proc/share/stereo_image_proc/cmake/ament_cmake_export_libraries-extras.cmake
[3.708s] -- Symlinking: /home/choi/marker_ws/install/stereo_image_proc/share/stereo_image_proc/cmake/stereo_image_procConfig.cmake
[3.711s] -- Symlinking: /home/choi/marker_ws/install/stereo_image_proc/share/stereo_image_proc/cmake/stereo_image_procConfig-version.cmake
[3.713s] -- Symlinking: /home/choi/marker_ws/install/stereo_image_proc/share/stereo_image_proc/package.xml
[3.728s] Invoked command in '/home/choi/marker_ws/build/stereo_image_proc' returned '0': CMAKE_PREFIX_PATH=/home/choi/marker_ws/install/image_proc:/home/choi/marker_ws/install/tracetools_image_pipeline:/home/choi/marker_ws/install/image_pipeline:/home/choi/marker_ws/install/stereo_image_proc:/home/choi/marker_ws/install/teleop_twist_joy:/home/choi/marker_ws/install/ros2_aruco_interfaces:/home/choi/marker_ws/install/marker_arm:/home/choi/marker_ws/install/robot_localization:/home/choi/marker_ws/install/omo_r1mini:/home/choi/marker_ws/install/omo_r1mini_interfaces:/home/choi/marker_ws/install/omo_r1mini_description:/home/choi/marker_ws/install/omo_r1mini_cartographer:/home/choi/marker_ws/install/image_view:/home/choi/marker_ws/install/image_rotate:/home/choi/marker_ws/install/image_publisher:/home/choi/marker_ws/install/depth_image_proc:/home/choi/marker_ws/install/ros2_aruco:/home/choi/marker_ws/install/omo_r1mini_teleop:/home/choi/marker_ws/install/omo_r1mini_navigation2:/home/choi/marker_ws/install/omo_r1mini_bringup:/home/choi/marker_ws/install/exp_logger:/home/choi/marker_ws/install/camera_calibration:/opt/ros/foxy LD_LIBRARY_PATH=/home/choi/marker_ws/install/image_proc/lib:/home/choi/marker_ws/install/tracetools_image_pipeline/lib:/home/choi/marker_ws/install/stereo_image_proc/lib:/home/choi/marker_ws/install/teleop_twist_joy/lib:/home/choi/marker_ws/install/ros2_aruco_interfaces/lib:/home/choi/marker_ws/install/robot_localization/lib:/home/choi/marker_ws/install/omo_r1mini_interfaces/lib:/home/choi/marker_ws/install/image_view/lib:/home/choi/marker_ws/install/image_rotate/lib:/home/choi/marker_ws/install/image_publisher/lib:/home/choi/marker_ws/install/depth_image_proc/lib:/opt/ros/foxy/opt/yaml_cpp_vendor/lib:/opt/ros/foxy/opt/rviz_ogre_vendor/lib:/opt/ros/foxy/lib/x86_64-linux-gnu:/opt/ros/foxy/lib /home/choi/.local/bin/cmake --install /home/choi/marker_ws/build/stereo_image_proc
