[3.057s] Invoking command in '/home/choi/marker_ws/src/omo_r1mini-foxy/omo_r1mini_teleop': CMAKE_PREFIX_PATH=/home/choi/marker_ws/install/omo_r1mini_interfaces:/home/choi/marker_ws/install/image_pipeline:/home/choi/marker_ws/install/stereo_image_proc:/home/choi/marker_ws/install/image_proc:/home/choi/marker_ws/install/tracetools_image_pipeline:/home/choi/marker_ws/install/teleop_twist_joy:/home/choi/marker_ws/install/ros2_aruco_interfaces:/home/choi/marker_ws/install/marker_arm:/home/choi/marker_ws/install/robot_localization:/home/choi/marker_ws/install/omo_r1mini:/home/choi/marker_ws/install/omo_r1mini_description:/home/choi/marker_ws/install/omo_r1mini_cartographer:/home/choi/marker_ws/install/image_view:/home/choi/marker_ws/install/image_rotate:/home/choi/marker_ws/install/image_publisher:/home/choi/marker_ws/install/depth_image_proc LD_LIBRARY_PATH=/home/choi/marker_ws/install/omo_r1mini_interfaces/lib:/home/choi/marker_ws/install/stereo_image_proc/lib:/home/choi/marker_ws/install/image_proc/lib:/home/choi/marker_ws/install/tracetools_image_pipeline/lib:/home/choi/marker_ws/install/teleop_twist_joy/lib:/home/choi/marker_ws/install/ros2_aruco_interfaces/lib:/home/choi/marker_ws/install/robot_localization/lib:/home/choi/marker_ws/install/image_view/lib:/home/choi/marker_ws/install/image_rotate/lib:/home/choi/marker_ws/install/image_publisher/lib:/home/choi/marker_ws/install/depth_image_proc/lib:/opt/ros/foxy/opt/yaml_cpp_vendor/lib:/opt/ros/foxy/opt/rviz_ogre_vendor/lib:/opt/ros/foxy/lib/x86_64-linux-gnu:/opt/ros/foxy/lib PYTHONPATH=/home/choi/marker_ws/build/omo_r1mini_teleop/prefix_override:/home/choi/marker_ws/install/omo_r1mini_teleop/lib/python3.8/site-packages:/home/choi/marker_ws/install/omo_r1mini_interfaces/lib/python3.8/site-packages:/home/choi/marker_ws/install/ros2_aruco_interfaces/lib/python3.8/site-packages:/home/choi/marker_ws/build/ros2_aruco:/home/choi/marker_ws/install/ros2_aruco/lib/python3.8/site-packages:/home/choi/marker_ws/install/robot_localization/lib/python3.8/site-packages:/home/choi/marker_ws/build/omo_r1mini_teleop:/home/choi/marker_ws/install/omo_r1mini_teleop/lib/python3.8/site-packages:/home/choi/marker_ws/build/omo_r1mini_navigation2:/home/choi/marker_ws/install/omo_r1mini_navigation2/lib/python3.8/site-packages:/home/choi/marker_ws/build/omo_r1mini_bringup:/home/choi/marker_ws/install/omo_r1mini_bringup/lib/python3.8/site-packages:/home/choi/marker_ws/build/exp_logger:/home/choi/marker_ws/install/exp_logger/lib/python3.8/site-packages:/home/choi/marker_ws/build/camera_calibration/src:/home/choi/marker_ws/install/camera_calibration/lib/python3.8/site-packages:/opt/ros/foxy/lib/python3.8/site-packages /usr/bin/python3 setup.py egg_info --egg-base ../../../build/omo_r1mini_teleop build --build-base /home/choi/marker_ws/build/omo_r1mini_teleop/build install --record /home/choi/marker_ws/build/omo_r1mini_teleop/install.log --single-version-externally-managed
[3.617s] running egg_info
[3.618s] creating ../../../build/omo_r1mini_teleop/omo_r1mini_teleop.egg-info
[3.618s] writing ../../../build/omo_r1mini_teleop/omo_r1mini_teleop.egg-info/PKG-INFO
[3.619s] writing dependency_links to ../../../build/omo_r1mini_teleop/omo_r1mini_teleop.egg-info/dependency_links.txt
[3.619s] writing entry points to ../../../build/omo_r1mini_teleop/omo_r1mini_teleop.egg-info/entry_points.txt
[3.619s] writing requirements to ../../../build/omo_r1mini_teleop/omo_r1mini_teleop.egg-info/requires.txt
[3.619s] writing top-level names to ../../../build/omo_r1mini_teleop/omo_r1mini_teleop.egg-info/top_level.txt
[3.621s] writing manifest file '../../../build/omo_r1mini_teleop/omo_r1mini_teleop.egg-info/SOURCES.txt'
[3.627s] reading manifest file '../../../build/omo_r1mini_teleop/omo_r1mini_teleop.egg-info/SOURCES.txt'
[3.629s] writing manifest file '../../../build/omo_r1mini_teleop/omo_r1mini_teleop.egg-info/SOURCES.txt'
[3.657s] running build
[3.657s] running build_py
[3.657s] creating /home/choi/marker_ws/build/omo_r1mini_teleop/build
[3.657s] creating /home/choi/marker_ws/build/omo_r1mini_teleop/build/lib
[3.657s] creating /home/choi/marker_ws/build/omo_r1mini_teleop/build/lib/omo_r1mini_teleop
[3.658s] copying omo_r1mini_teleop/__init__.py -> /home/choi/marker_ws/build/omo_r1mini_teleop/build/lib/omo_r1mini_teleop
[3.658s] creating /home/choi/marker_ws/build/omo_r1mini_teleop/build/lib/omo_r1mini_teleop/script
[3.658s] copying omo_r1mini_teleop/script/teleop_keyboard.py -> /home/choi/marker_ws/build/omo_r1mini_teleop/build/lib/omo_r1mini_teleop/script
[3.658s] copying omo_r1mini_teleop/script/teleop_joy.py -> /home/choi/marker_ws/build/omo_r1mini_teleop/build/lib/omo_r1mini_teleop/script
[3.658s] copying omo_r1mini_teleop/script/__init__.py -> /home/choi/marker_ws/build/omo_r1mini_teleop/build/lib/omo_r1mini_teleop/script
[3.658s] running install
[3.660s] running install_lib
[3.661s] creating /home/choi/marker_ws/install/omo_r1mini_teleop/lib/python3.8/site-packages/omo_r1mini_teleop
[3.662s] creating /home/choi/marker_ws/install/omo_r1mini_teleop/lib/python3.8/site-packages/omo_r1mini_teleop/script
[3.662s] copying /home/choi/marker_ws/build/omo_r1mini_teleop/build/lib/omo_r1mini_teleop/script/teleop_keyboard.py -> /home/choi/marker_ws/install/omo_r1mini_teleop/lib/python3.8/site-packages/omo_r1mini_teleop/script
[3.662s] copying /home/choi/marker_ws/build/omo_r1mini_teleop/build/lib/omo_r1mini_teleop/script/teleop_joy.py -> /home/choi/marker_ws/install/omo_r1mini_teleop/lib/python3.8/site-packages/omo_r1mini_teleop/script
[3.662s] copying /home/choi/marker_ws/build/omo_r1mini_teleop/build/lib/omo_r1mini_teleop/script/__init__.py -> /home/choi/marker_ws/install/omo_r1mini_teleop/lib/python3.8/site-packages/omo_r1mini_teleop/script
[3.662s] copying /home/choi/marker_ws/build/omo_r1mini_teleop/build/lib/omo_r1mini_teleop/__init__.py -> /home/choi/marker_ws/install/omo_r1mini_teleop/lib/python3.8/site-packages/omo_r1mini_teleop
[3.663s] byte-compiling /home/choi/marker_ws/install/omo_r1mini_teleop/lib/python3.8/site-packages/omo_r1mini_teleop/script/teleop_keyboard.py to teleop_keyboard.cpython-38.pyc
[3.665s] byte-compiling /home/choi/marker_ws/install/omo_r1mini_teleop/lib/python3.8/site-packages/omo_r1mini_teleop/script/teleop_joy.py to teleop_joy.cpython-38.pyc
[3.666s] byte-compiling /home/choi/marker_ws/install/omo_r1mini_teleop/lib/python3.8/site-packages/omo_r1mini_teleop/script/__init__.py to __init__.cpython-38.pyc
[3.666s] byte-compiling /home/choi/marker_ws/install/omo_r1mini_teleop/lib/python3.8/site-packages/omo_r1mini_teleop/__init__.py to __init__.cpython-38.pyc
[3.666s] running install_data
[3.667s] creating /home/choi/marker_ws/install/omo_r1mini_teleop/share/ament_index
[3.668s] creating /home/choi/marker_ws/install/omo_r1mini_teleop/share/ament_index/resource_index
[3.668s] creating /home/choi/marker_ws/install/omo_r1mini_teleop/share/ament_index/resource_index/packages
[3.668s] copying resource/omo_r1mini_teleop -> /home/choi/marker_ws/install/omo_r1mini_teleop/share/ament_index/resource_index/packages
[3.668s] copying package.xml -> /home/choi/marker_ws/install/omo_r1mini_teleop/share/omo_r1mini_teleop
[3.668s] creating /home/choi/marker_ws/install/omo_r1mini_teleop/share/omo_r1mini_teleop/launch
[3.668s] copying launch/teleop_joy.launch.py -> /home/choi/marker_ws/install/omo_r1mini_teleop/share/omo_r1mini_teleop/launch
[3.669s] creating /home/choi/marker_ws/install/omo_r1mini_teleop/share/omo_r1mini_teleop/param
[3.675s] copying param/teleop_joy.param.yaml -> /home/choi/marker_ws/install/omo_r1mini_teleop/share/omo_r1mini_teleop/param
[3.675s] running install_egg_info
[3.679s] Copying ../../../build/omo_r1mini_teleop/omo_r1mini_teleop.egg-info to /home/choi/marker_ws/install/omo_r1mini_teleop/lib/python3.8/site-packages/omo_r1mini_teleop-2.1.2-py3.8.egg-info
[3.690s] running install_scripts
[3.759s] Installing teleop_joy script to /home/choi/marker_ws/install/omo_r1mini_teleop/lib/omo_r1mini_teleop
[3.759s] Installing teleop_keyboard script to /home/choi/marker_ws/install/omo_r1mini_teleop/lib/omo_r1mini_teleop
[3.769s] writing list of installed files to '/home/choi/marker_ws/build/omo_r1mini_teleop/install.log'
[3.839s] Invoked command in '/home/choi/marker_ws/src/omo_r1mini-foxy/omo_r1mini_teleop' returned '0': CMAKE_PREFIX_PATH=/home/choi/marker_ws/install/omo_r1mini_interfaces:/home/choi/marker_ws/install/image_pipeline:/home/choi/marker_ws/install/stereo_image_proc:/home/choi/marker_ws/install/image_proc:/home/choi/marker_ws/install/tracetools_image_pipeline:/home/choi/marker_ws/install/teleop_twist_joy:/home/choi/marker_ws/install/ros2_aruco_interfaces:/home/choi/marker_ws/install/marker_arm:/home/choi/marker_ws/install/robot_localization:/home/choi/marker_ws/install/omo_r1mini:/home/choi/marker_ws/install/omo_r1mini_description:/home/choi/marker_ws/install/omo_r1mini_cartographer:/home/choi/marker_ws/install/image_view:/home/choi/marker_ws/install/image_rotate:/home/choi/marker_ws/install/image_publisher:/home/choi/marker_ws/install/depth_image_proc LD_LIBRARY_PATH=/home/choi/marker_ws/install/omo_r1mini_interfaces/lib:/home/choi/marker_ws/install/stereo_image_proc/lib:/home/choi/marker_ws/install/image_proc/lib:/home/choi/marker_ws/install/tracetools_image_pipeline/lib:/home/choi/marker_ws/install/teleop_twist_joy/lib:/home/choi/marker_ws/install/ros2_aruco_interfaces/lib:/home/choi/marker_ws/install/robot_localization/lib:/home/choi/marker_ws/install/image_view/lib:/home/choi/marker_ws/install/image_rotate/lib:/home/choi/marker_ws/install/image_publisher/lib:/home/choi/marker_ws/install/depth_image_proc/lib:/opt/ros/foxy/opt/yaml_cpp_vendor/lib:/opt/ros/foxy/opt/rviz_ogre_vendor/lib:/opt/ros/foxy/lib/x86_64-linux-gnu:/opt/ros/foxy/lib PYTHONPATH=/home/choi/marker_ws/build/omo_r1mini_teleop/prefix_override:/home/choi/marker_ws/install/omo_r1mini_teleop/lib/python3.8/site-packages:/home/choi/marker_ws/install/omo_r1mini_interfaces/lib/python3.8/site-packages:/home/choi/marker_ws/install/ros2_aruco_interfaces/lib/python3.8/site-packages:/home/choi/marker_ws/build/ros2_aruco:/home/choi/marker_ws/install/ros2_aruco/lib/python3.8/site-packages:/home/choi/marker_ws/install/robot_localization/lib/python3.8/site-packages:/home/choi/marker_ws/build/omo_r1mini_teleop:/home/choi/marker_ws/install/omo_r1mini_teleop/lib/python3.8/site-packages:/home/choi/marker_ws/build/omo_r1mini_navigation2:/home/choi/marker_ws/install/omo_r1mini_navigation2/lib/python3.8/site-packages:/home/choi/marker_ws/build/omo_r1mini_bringup:/home/choi/marker_ws/install/omo_r1mini_bringup/lib/python3.8/site-packages:/home/choi/marker_ws/build/exp_logger:/home/choi/marker_ws/install/exp_logger/lib/python3.8/site-packages:/home/choi/marker_ws/build/camera_calibration/src:/home/choi/marker_ws/install/camera_calibration/lib/python3.8/site-packages:/opt/ros/foxy/lib/python3.8/site-packages /usr/bin/python3 setup.py egg_info --egg-base ../../../build/omo_r1mini_teleop build --build-base /home/choi/marker_ws/build/omo_r1mini_teleop/build install --record /home/choi/marker_ws/build/omo_r1mini_teleop/install.log --single-version-externally-managed
