[0.533s] Invoking command in '/home/choi/marker_ws/build/image_proc': CMAKE_PREFIX_PATH=/home/choi/marker_ws/install/tracetools_image_pipeline:/home/choi/marker_ws/install/image_pipeline:/home/choi/marker_ws/install/stereo_image_proc:/home/choi/marker_ws/install/image_proc:/home/choi/marker_ws/install/teleop_twist_joy:/home/choi/marker_ws/install/ros2_aruco_interfaces:/home/choi/marker_ws/install/marker_arm:/home/choi/marker_ws/install/robot_localization:/home/choi/marker_ws/install/omo_r1mini:/home/choi/marker_ws/install/omo_r1mini_interfaces:/home/choi/marker_ws/install/omo_r1mini_description:/home/choi/marker_ws/install/omo_r1mini_cartographer:/home/choi/marker_ws/install/image_view:/home/choi/marker_ws/install/image_rotate:/home/choi/marker_ws/install/image_publisher:/home/choi/marker_ws/install/depth_image_proc:/home/choi/marker_ws/install/ros2_aruco:/home/choi/marker_ws/install/omo_r1mini_teleop:/home/choi/marker_ws/install/omo_r1mini_navigation2:/home/choi/marker_ws/install/omo_r1mini_bringup:/home/choi/marker_ws/install/exp_logger:/home/choi/marker_ws/install/camera_calibration:/opt/ros/foxy LD_LIBRARY_PATH=/home/choi/marker_ws/install/tracetools_image_pipeline/lib:/home/choi/marker_ws/install/stereo_image_proc/lib:/home/choi/marker_ws/install/image_proc/lib:/home/choi/marker_ws/install/teleop_twist_joy/lib:/home/choi/marker_ws/install/ros2_aruco_interfaces/lib:/home/choi/marker_ws/install/robot_localization/lib:/home/choi/marker_ws/install/omo_r1mini_interfaces/lib:/home/choi/marker_ws/install/image_view/lib:/home/choi/marker_ws/install/image_rotate/lib:/home/choi/marker_ws/install/image_publisher/lib:/home/choi/marker_ws/install/depth_image_proc/lib:/opt/ros/foxy/opt/yaml_cpp_vendor/lib:/opt/ros/foxy/opt/rviz_ogre_vendor/lib:/opt/ros/foxy/lib/x86_64-linux-gnu:/opt/ros/foxy/lib /home/choi/.local/bin/cmake --build /home/choi/marker_ws/build/image_proc -- -j12 -l12
[0.843s] [ 13%] Built target image_proc
[1.047s] [ 26%] Built target rectify
[1.162s] [ 46%] Built target debayer
[1.254s] [ 60%] Built target resize
[1.378s] [ 73%] Built target crop_decimate
[1.451s] [ 86%] Built target crop_non_zero
[1.587s] [100%] Built target image_proc_exe
[1.598s] Invoked command in '/home/choi/marker_ws/build/image_proc' returned '0': CMAKE_PREFIX_PATH=/home/choi/marker_ws/install/tracetools_image_pipeline:/home/choi/marker_ws/install/image_pipeline:/home/choi/marker_ws/install/stereo_image_proc:/home/choi/marker_ws/install/image_proc:/home/choi/marker_ws/install/teleop_twist_joy:/home/choi/marker_ws/install/ros2_aruco_interfaces:/home/choi/marker_ws/install/marker_arm:/home/choi/marker_ws/install/robot_localization:/home/choi/marker_ws/install/omo_r1mini:/home/choi/marker_ws/install/omo_r1mini_interfaces:/home/choi/marker_ws/install/omo_r1mini_description:/home/choi/marker_ws/install/omo_r1mini_cartographer:/home/choi/marker_ws/install/image_view:/home/choi/marker_ws/install/image_rotate:/home/choi/marker_ws/install/image_publisher:/home/choi/marker_ws/install/depth_image_proc:/home/choi/marker_ws/install/ros2_aruco:/home/choi/marker_ws/install/omo_r1mini_teleop:/home/choi/marker_ws/install/omo_r1mini_navigation2:/home/choi/marker_ws/install/omo_r1mini_bringup:/home/choi/marker_ws/install/exp_logger:/home/choi/marker_ws/install/camera_calibration:/opt/ros/foxy LD_LIBRARY_PATH=/home/choi/marker_ws/install/tracetools_image_pipeline/lib:/home/choi/marker_ws/install/stereo_image_proc/lib:/home/choi/marker_ws/install/image_proc/lib:/home/choi/marker_ws/install/teleop_twist_joy/lib:/home/choi/marker_ws/install/ros2_aruco_interfaces/lib:/home/choi/marker_ws/install/robot_localization/lib:/home/choi/marker_ws/install/omo_r1mini_interfaces/lib:/home/choi/marker_ws/install/image_view/lib:/home/choi/marker_ws/install/image_rotate/lib:/home/choi/marker_ws/install/image_publisher/lib:/home/choi/marker_ws/install/depth_image_proc/lib:/opt/ros/foxy/opt/yaml_cpp_vendor/lib:/opt/ros/foxy/opt/rviz_ogre_vendor/lib:/opt/ros/foxy/lib/x86_64-linux-gnu:/opt/ros/foxy/lib /home/choi/.local/bin/cmake --build /home/choi/marker_ws/build/image_proc -- -j12 -l12
[1.671s] Invoking command in '/home/choi/marker_ws/build/image_proc': CMAKE_PREFIX_PATH=/home/choi/marker_ws/install/tracetools_image_pipeline:/home/choi/marker_ws/install/image_pipeline:/home/choi/marker_ws/install/stereo_image_proc:/home/choi/marker_ws/install/image_proc:/home/choi/marker_ws/install/teleop_twist_joy:/home/choi/marker_ws/install/ros2_aruco_interfaces:/home/choi/marker_ws/install/marker_arm:/home/choi/marker_ws/install/robot_localization:/home/choi/marker_ws/install/omo_r1mini:/home/choi/marker_ws/install/omo_r1mini_interfaces:/home/choi/marker_ws/install/omo_r1mini_description:/home/choi/marker_ws/install/omo_r1mini_cartographer:/home/choi/marker_ws/install/image_view:/home/choi/marker_ws/install/image_rotate:/home/choi/marker_ws/install/image_publisher:/home/choi/marker_ws/install/depth_image_proc:/home/choi/marker_ws/install/ros2_aruco:/home/choi/marker_ws/install/omo_r1mini_teleop:/home/choi/marker_ws/install/omo_r1mini_navigation2:/home/choi/marker_ws/install/omo_r1mini_bringup:/home/choi/marker_ws/install/exp_logger:/home/choi/marker_ws/install/camera_calibration:/opt/ros/foxy LD_LIBRARY_PATH=/home/choi/marker_ws/install/tracetools_image_pipeline/lib:/home/choi/marker_ws/install/stereo_image_proc/lib:/home/choi/marker_ws/install/image_proc/lib:/home/choi/marker_ws/install/teleop_twist_joy/lib:/home/choi/marker_ws/install/ros2_aruco_interfaces/lib:/home/choi/marker_ws/install/robot_localization/lib:/home/choi/marker_ws/install/omo_r1mini_interfaces/lib:/home/choi/marker_ws/install/image_view/lib:/home/choi/marker_ws/install/image_rotate/lib:/home/choi/marker_ws/install/image_publisher/lib:/home/choi/marker_ws/install/depth_image_proc/lib:/opt/ros/foxy/opt/yaml_cpp_vendor/lib:/opt/ros/foxy/opt/rviz_ogre_vendor/lib:/opt/ros/foxy/lib/x86_64-linux-gnu:/opt/ros/foxy/lib /home/choi/.local/bin/cmake --install /home/choi/marker_ws/build/image_proc
[1.706s] -- Install configuration: ""
[1.807s] -- Execute custom install script
[1.807s] -- Up-to-date symlink: /home/choi/marker_ws/install/image_proc/bin/image_proc
[1.808s] -- Up-to-date symlink: /home/choi/marker_ws/install/image_proc/include/image_proc/crop_decimate.hpp
[1.808s] -- Up-to-date symlink: /home/choi/marker_ws/install/image_proc/include/image_proc/crop_non_zero.hpp
[1.809s] -- Up-to-date symlink: /home/choi/marker_ws/install/image_proc/include/image_proc/debayer.hpp
[1.809s] -- Up-to-date symlink: /home/choi/marker_ws/install/image_proc/include/image_proc/edge_aware.hpp
[1.809s] -- Up-to-date symlink: /home/choi/marker_ws/install/image_proc/include/image_proc/processor.hpp
[1.809s] -- Up-to-date symlink: /home/choi/marker_ws/install/image_proc/include/image_proc/rectify.hpp
[1.809s] -- Up-to-date symlink: /home/choi/marker_ws/install/image_proc/include/image_proc/resize.hpp
[1.810s] -- Up-to-date symlink: /home/choi/marker_ws/install/image_proc/share/image_proc/environment/library_path.sh
[1.810s] -- Up-to-date symlink: /home/choi/marker_ws/install/image_proc/share/image_proc/environment/library_path.dsv
[1.810s] -- Up-to-date symlink: /home/choi/marker_ws/install/image_proc/lib/libimage_proc.so
[1.811s] -- Up-to-date symlink: /home/choi/marker_ws/install/image_proc/lib/librectify.so
[1.811s] -- Up-to-date symlink: /home/choi/marker_ws/install/image_proc/lib/libdebayer.so
[1.811s] -- Up-to-date symlink: /home/choi/marker_ws/install/image_proc/lib/libresize.so
[1.812s] -- Up-to-date symlink: /home/choi/marker_ws/install/image_proc/lib/libcrop_decimate.so
[1.812s] -- Up-to-date symlink: /home/choi/marker_ws/install/image_proc/lib/libcrop_non_zero.so
[1.812s] -- Up-to-date symlink: /home/choi/marker_ws/install/image_proc/lib/image_proc/image_proc
[1.813s] -- Up-to-date symlink: /home/choi/marker_ws/install/image_proc/share/image_proc/launch/image_proc.launch.py
[1.813s] -- Up-to-date symlink: /home/choi/marker_ws/install/image_proc/share/ament_index/resource_index/package_run_dependencies/image_proc
[1.814s] -- Up-to-date symlink: /home/choi/marker_ws/install/image_proc/share/ament_index/resource_index/parent_prefix_path/image_proc
[1.814s] -- Up-to-date symlink: /home/choi/marker_ws/install/image_proc/share/image_proc/environment/ament_prefix_path.sh
[1.814s] -- Up-to-date symlink: /home/choi/marker_ws/install/image_proc/share/image_proc/environment/ament_prefix_path.dsv
[1.815s] -- Up-to-date symlink: /home/choi/marker_ws/install/image_proc/share/image_proc/environment/path.sh
[1.815s] -- Up-to-date symlink: /home/choi/marker_ws/install/image_proc/share/image_proc/environment/path.dsv
[1.815s] -- Up-to-date symlink: /home/choi/marker_ws/install/image_proc/share/image_proc/local_setup.bash
[1.815s] -- Up-to-date symlink: /home/choi/marker_ws/install/image_proc/share/image_proc/local_setup.sh
[1.815s] -- Up-to-date symlink: /home/choi/marker_ws/install/image_proc/share/image_proc/local_setup.zsh
[1.816s] -- Up-to-date symlink: /home/choi/marker_ws/install/image_proc/share/image_proc/local_setup.dsv
[1.816s] -- Symlinking: /home/choi/marker_ws/install/image_proc/share/image_proc/package.dsv
[1.819s] -- Up-to-date symlink: /home/choi/marker_ws/install/image_proc/share/ament_index/resource_index/packages/image_proc
[1.819s] -- Up-to-date symlink: /home/choi/marker_ws/install/image_proc/share/ament_index/resource_index/rclcpp_components/image_proc
[1.819s] -- Up-to-date symlink: /home/choi/marker_ws/install/image_proc/share/image_proc/cmake/ament_cmake_export_dependencies-extras.cmake
[1.819s] -- Up-to-date symlink: /home/choi/marker_ws/install/image_proc/share/image_proc/cmake/ament_cmake_export_include_directories-extras.cmake
[1.819s] -- Up-to-date symlink: /home/choi/marker_ws/install/image_proc/share/image_proc/cmake/ament_cmake_export_libraries-extras.cmake
[1.820s] -- Up-to-date symlink: /home/choi/marker_ws/install/image_proc/share/image_proc/cmake/image_procConfig.cmake
[1.820s] -- Up-to-date symlink: /home/choi/marker_ws/install/image_proc/share/image_proc/cmake/image_procConfig-version.cmake
[1.820s] -- Up-to-date symlink: /home/choi/marker_ws/install/image_proc/share/image_proc/package.xml
[1.828s] Invoked command in '/home/choi/marker_ws/build/image_proc' returned '0': CMAKE_PREFIX_PATH=/home/choi/marker_ws/install/tracetools_image_pipeline:/home/choi/marker_ws/install/image_pipeline:/home/choi/marker_ws/install/stereo_image_proc:/home/choi/marker_ws/install/image_proc:/home/choi/marker_ws/install/teleop_twist_joy:/home/choi/marker_ws/install/ros2_aruco_interfaces:/home/choi/marker_ws/install/marker_arm:/home/choi/marker_ws/install/robot_localization:/home/choi/marker_ws/install/omo_r1mini:/home/choi/marker_ws/install/omo_r1mini_interfaces:/home/choi/marker_ws/install/omo_r1mini_description:/home/choi/marker_ws/install/omo_r1mini_cartographer:/home/choi/marker_ws/install/image_view:/home/choi/marker_ws/install/image_rotate:/home/choi/marker_ws/install/image_publisher:/home/choi/marker_ws/install/depth_image_proc:/home/choi/marker_ws/install/ros2_aruco:/home/choi/marker_ws/install/omo_r1mini_teleop:/home/choi/marker_ws/install/omo_r1mini_navigation2:/home/choi/marker_ws/install/omo_r1mini_bringup:/home/choi/marker_ws/install/exp_logger:/home/choi/marker_ws/install/camera_calibration:/opt/ros/foxy LD_LIBRARY_PATH=/home/choi/marker_ws/install/tracetools_image_pipeline/lib:/home/choi/marker_ws/install/stereo_image_proc/lib:/home/choi/marker_ws/install/image_proc/lib:/home/choi/marker_ws/install/teleop_twist_joy/lib:/home/choi/marker_ws/install/ros2_aruco_interfaces/lib:/home/choi/marker_ws/install/robot_localization/lib:/home/choi/marker_ws/install/omo_r1mini_interfaces/lib:/home/choi/marker_ws/install/image_view/lib:/home/choi/marker_ws/install/image_rotate/lib:/home/choi/marker_ws/install/image_publisher/lib:/home/choi/marker_ws/install/depth_image_proc/lib:/opt/ros/foxy/opt/yaml_cpp_vendor/lib:/opt/ros/foxy/opt/rviz_ogre_vendor/lib:/opt/ros/foxy/lib/x86_64-linux-gnu:/opt/ros/foxy/lib /home/choi/.local/bin/cmake --install /home/choi/marker_ws/build/image_proc
