[2.338s] Invoking command in '/home/choi/marker_ws/build/camera_calibration': PYTHONPATH=/home/choi/marker_ws/build/camera_calibration/prefix_override:/home/choi/marker_ws/install/camera_calibration/lib/python3.8/site-packages:${PYTHONPATH} /usr/bin/python3 setup.py develop --editable --build-directory /home/choi/marker_ws/build/camera_calibration/build --no-deps install_data
[2.864s] running develop
[3.239s] running egg_info
[3.239s] creating src/camera_calibration.egg-info
[3.239s] writing src/camera_calibration.egg-info/PKG-INFO
[3.240s] writing dependency_links to src/camera_calibration.egg-info/dependency_links.txt
[3.240s] writing entry points to src/camera_calibration.egg-info/entry_points.txt
[3.240s] writing requirements to src/camera_calibration.egg-info/requires.txt
[3.240s] writing top-level names to src/camera_calibration.egg-info/top_level.txt
[3.243s] writing manifest file 'src/camera_calibration.egg-info/SOURCES.txt'
[3.246s] reading manifest file 'src/camera_calibration.egg-info/SOURCES.txt'
[3.247s] writing manifest file 'src/camera_calibration.egg-info/SOURCES.txt'
[3.312s] running build_ext
[3.313s] Creating /home/choi/marker_ws/install/camera_calibration/lib/python3.8/site-packages/camera-calibration.egg-link (link to src)
[3.314s] Installing cameracalibrator script to /home/choi/marker_ws/install/camera_calibration/lib/camera_calibration
[3.315s] Installing cameracheck script to /home/choi/marker_ws/install/camera_calibration/lib/camera_calibration
[3.315s] 
[3.315s] Installed /home/choi/marker_ws/build/camera_calibration/src
[3.315s] running install_data
[3.470s] Invoked command in '/home/choi/marker_ws/build/camera_calibration' returned '0': PYTHONPATH=/home/choi/marker_ws/build/camera_calibration/prefix_override:/home/choi/marker_ws/install/camera_calibration/lib/python3.8/site-packages:${PYTHONPATH} /usr/bin/python3 setup.py develop --editable --build-directory /home/choi/marker_ws/build/camera_calibration/build --no-deps install_data
