[0.192s] Invoking command in '/home/choi/marker_ws/build/tracetools_image_pipeline': CMAKE_PREFIX_PATH=${CMAKE_PREFIX_PATH}:/home/choi/marker_ws/install/ros2_aruco:/home/choi/marker_ws/install/omo_r1mini_teleop:/home/choi/marker_ws/install/omo_r1mini_navigation2:/home/choi/marker_ws/install/omo_r1mini_bringup:/home/choi/marker_ws/install/exp_logger:/home/choi/marker_ws/install/camera_calibration:/opt/ros/foxy /home/choi/.local/bin/cmake /home/choi/marker_ws/src/image_pipeline-foxy/tracetools_image_pipeline -DCMAKE_INSTALL_PREFIX=/home/choi/marker_ws/install/tracetools_image_pipeline
[0.912s] -- The C compiler identification is GNU 9.4.0
[1.409s] -- The CXX compiler identification is GNU 9.4.0
[1.597s] -- Detecting C compiler ABI info
[1.857s] -- Detecting C compiler ABI info - done
[1.875s] -- Check for working C compiler: /usr/bin/cc - skipped
[1.893s] -- Detecting C compile features
[1.894s] -- Detecting C compile features - done
[1.943s] -- Detecting CXX compiler ABI info
[2.057s] -- Detecting CXX compiler ABI info - done
[2.075s] -- Check for working CXX compiler: /usr/bin/c++ - skipped
[2.075s] -- Detecting CXX compile features
[2.076s] -- Detecting CXX compile features - done
[2.164s] -- Found ament_cmake_ros: 0.9.2 (/opt/ros/foxy/share/ament_cmake_ros/cmake)
[2.561s] -- Found PythonInterp: /usr/bin/python3 (found suitable version "3.8.10", minimum required is "3") 
[2.561s] -- Using PYTHON_EXECUTABLE: /usr/bin/python3
[3.391s] -- Found PkgConfig: /usr/bin/pkg-config (found version "0.29.1") 
[3.396s] -- Checking for module 'lttng-ust'
[3.566s] --   No package 'lttng-ust' found
[3.616s] -- Found ament_lint_auto: 0.9.8 (/opt/ros/foxy/share/ament_lint_auto/cmake)
[4.333s] -- Added test 'copyright' to check source files copyright and LICENSE
[4.335s] -- Added test 'cppcheck' to perform static code analysis on C / C++ code
[4.335s] -- Configured cppcheck include dirs: 
[4.335s] -- Configured cppcheck exclude dirs and/or files: 
[4.337s] -- Added test 'cpplint' to check C / C++ code against the Google style
[4.337s] -- Configured cpplint exclude dirs and/or files: 
[4.339s] -- Added test 'lint_cmake' to check CMake code style
[4.341s] -- Added test 'uncrustify' to check C / C++ code style
[4.341s] -- Configured uncrustify additional arguments: 
[4.342s] -- Added test 'xmllint' to check XML markup files
[4.345s] -- Configuring done (4.1s)
[4.362s] -- Generating done (0.0s)
[4.363s] -- Build files have been written to: /home/choi/marker_ws/build/tracetools_image_pipeline
[4.610s] Invoked command in '/home/choi/marker_ws/build/tracetools_image_pipeline' returned '0': CMAKE_PREFIX_PATH=${CMAKE_PREFIX_PATH}:/home/choi/marker_ws/install/ros2_aruco:/home/choi/marker_ws/install/omo_r1mini_teleop:/home/choi/marker_ws/install/omo_r1mini_navigation2:/home/choi/marker_ws/install/omo_r1mini_bringup:/home/choi/marker_ws/install/exp_logger:/home/choi/marker_ws/install/camera_calibration:/opt/ros/foxy /home/choi/.local/bin/cmake /home/choi/marker_ws/src/image_pipeline-foxy/tracetools_image_pipeline -DCMAKE_INSTALL_PREFIX=/home/choi/marker_ws/install/tracetools_image_pipeline
[4.612s] Invoking command in '/home/choi/marker_ws/build/tracetools_image_pipeline': CMAKE_PREFIX_PATH=${CMAKE_PREFIX_PATH}:/home/choi/marker_ws/install/ros2_aruco:/home/choi/marker_ws/install/omo_r1mini_teleop:/home/choi/marker_ws/install/omo_r1mini_navigation2:/home/choi/marker_ws/install/omo_r1mini_bringup:/home/choi/marker_ws/install/exp_logger:/home/choi/marker_ws/install/camera_calibration:/opt/ros/foxy /home/choi/.local/bin/cmake --build /home/choi/marker_ws/build/tracetools_image_pipeline -- -j12 -l12
[8.799s] [ 20%] [32mBuilding C object CMakeFiles/tracetools_image_pipeline.dir/src/tracetools.c.o[0m
[8.800s] [ 40%] [32mBuilding CXX object CMakeFiles/tracetools_image_pipeline.dir/src/utils.cpp.o[0m
[9.714s] [ 60%] [32m[1mLinking CXX shared library libtracetools_image_pipeline.so[0m
[9.744s] [ 60%] Built target tracetools_image_pipeline
[9.756s] [ 80%] [32mBuilding C object CMakeFiles/status.dir/src/status.c.o[0m
[9.992s] [100%] [32m[1mLinking C executable status[0m
[10.013s] [100%] Built target status
[10.032s] Invoked command in '/home/choi/marker_ws/build/tracetools_image_pipeline' returned '0': CMAKE_PREFIX_PATH=${CMAKE_PREFIX_PATH}:/home/choi/marker_ws/install/ros2_aruco:/home/choi/marker_ws/install/omo_r1mini_teleop:/home/choi/marker_ws/install/omo_r1mini_navigation2:/home/choi/marker_ws/install/omo_r1mini_bringup:/home/choi/marker_ws/install/exp_logger:/home/choi/marker_ws/install/camera_calibration:/opt/ros/foxy /home/choi/.local/bin/cmake --build /home/choi/marker_ws/build/tracetools_image_pipeline -- -j12 -l12
[10.090s] Invoking command in '/home/choi/marker_ws/build/tracetools_image_pipeline': CMAKE_PREFIX_PATH=${CMAKE_PREFIX_PATH}:/home/choi/marker_ws/install/ros2_aruco:/home/choi/marker_ws/install/omo_r1mini_teleop:/home/choi/marker_ws/install/omo_r1mini_navigation2:/home/choi/marker_ws/install/omo_r1mini_bringup:/home/choi/marker_ws/install/exp_logger:/home/choi/marker_ws/install/camera_calibration:/opt/ros/foxy /home/choi/.local/bin/cmake --install /home/choi/marker_ws/build/tracetools_image_pipeline
[11.243s] -- Install configuration: ""
[11.244s] -- Installing: /home/choi/marker_ws/install/tracetools_image_pipeline/share/tracetools_image_pipeline/environment/library_path.sh
[11.246s] -- Installing: /home/choi/marker_ws/install/tracetools_image_pipeline/share/tracetools_image_pipeline/environment/library_path.dsv
[11.246s] -- Installing: /home/choi/marker_ws/install/tracetools_image_pipeline/lib/tracetools_image_pipeline/status
[11.251s] -- Set runtime path of "/home/choi/marker_ws/install/tracetools_image_pipeline/lib/tracetools_image_pipeline/status" to ""
[11.251s] -- Installing: /home/choi/marker_ws/install/tracetools_image_pipeline/include
[11.251s] -- Installing: /home/choi/marker_ws/install/tracetools_image_pipeline/include/tracetools_image_pipeline
[11.251s] -- Installing: /home/choi/marker_ws/install/tracetools_image_pipeline/include/tracetools_image_pipeline/tracetools.h
[11.251s] -- Installing: /home/choi/marker_ws/install/tracetools_image_pipeline/include/tracetools_image_pipeline/utils.hpp
[11.251s] -- Installing: /home/choi/marker_ws/install/tracetools_image_pipeline/include/tracetools_image_pipeline/visibility_control.hpp
[11.252s] -- Installing: /home/choi/marker_ws/install/tracetools_image_pipeline/include/tracetools_image_pipeline/config.h
[11.252s] -- Installing: /home/choi/marker_ws/install/tracetools_image_pipeline/lib/libtracetools_image_pipeline.so
[11.252s] -- Installing: /home/choi/marker_ws/install/tracetools_image_pipeline/share/ament_index/resource_index/package_run_dependencies/tracetools_image_pipeline
[11.252s] -- Installing: /home/choi/marker_ws/install/tracetools_image_pipeline/share/ament_index/resource_index/parent_prefix_path/tracetools_image_pipeline
[11.252s] -- Installing: /home/choi/marker_ws/install/tracetools_image_pipeline/share/tracetools_image_pipeline/environment/ament_prefix_path.sh
[11.252s] -- Installing: /home/choi/marker_ws/install/tracetools_image_pipeline/share/tracetools_image_pipeline/environment/ament_prefix_path.dsv
[11.253s] -- Installing: /home/choi/marker_ws/install/tracetools_image_pipeline/share/tracetools_image_pipeline/environment/path.sh
[11.253s] -- Installing: /home/choi/marker_ws/install/tracetools_image_pipeline/share/tracetools_image_pipeline/environment/path.dsv
[11.253s] -- Installing: /home/choi/marker_ws/install/tracetools_image_pipeline/share/tracetools_image_pipeline/local_setup.bash
[11.253s] -- Installing: /home/choi/marker_ws/install/tracetools_image_pipeline/share/tracetools_image_pipeline/local_setup.sh
[11.253s] -- Installing: /home/choi/marker_ws/install/tracetools_image_pipeline/share/tracetools_image_pipeline/local_setup.zsh
[11.253s] -- Installing: /home/choi/marker_ws/install/tracetools_image_pipeline/share/tracetools_image_pipeline/local_setup.dsv
[11.253s] -- Installing: /home/choi/marker_ws/install/tracetools_image_pipeline/share/tracetools_image_pipeline/package.dsv
[11.253s] -- Installing: /home/choi/marker_ws/install/tracetools_image_pipeline/share/ament_index/resource_index/packages/tracetools_image_pipeline
[11.253s] -- Installing: /home/choi/marker_ws/install/tracetools_image_pipeline/share/tracetools_image_pipeline/cmake/tracetools_image_pipeline_exportExport.cmake
[11.255s] -- Installing: /home/choi/marker_ws/install/tracetools_image_pipeline/share/tracetools_image_pipeline/cmake/tracetools_image_pipeline_exportExport-noconfig.cmake
[11.256s] -- Installing: /home/choi/marker_ws/install/tracetools_image_pipeline/share/tracetools_image_pipeline/cmake/ament_cmake_export_targets-extras.cmake
[11.256s] -- Installing: /home/choi/marker_ws/install/tracetools_image_pipeline/share/tracetools_image_pipeline/cmake/ament_cmake_export_include_directories-extras.cmake
[11.256s] -- Installing: /home/choi/marker_ws/install/tracetools_image_pipeline/share/tracetools_image_pipeline/cmake/ament_cmake_export_libraries-extras.cmake
[11.256s] -- Installing: /home/choi/marker_ws/install/tracetools_image_pipeline/share/tracetools_image_pipeline/cmake/tracetools_image_pipelineConfig.cmake
[11.257s] -- Installing: /home/choi/marker_ws/install/tracetools_image_pipeline/share/tracetools_image_pipeline/cmake/tracetools_image_pipelineConfig-version.cmake
[11.257s] -- Installing: /home/choi/marker_ws/install/tracetools_image_pipeline/share/tracetools_image_pipeline/package.xml
[11.261s] Invoked command in '/home/choi/marker_ws/build/tracetools_image_pipeline' returned '0': CMAKE_PREFIX_PATH=${CMAKE_PREFIX_PATH}:/home/choi/marker_ws/install/ros2_aruco:/home/choi/marker_ws/install/omo_r1mini_teleop:/home/choi/marker_ws/install/omo_r1mini_navigation2:/home/choi/marker_ws/install/omo_r1mini_bringup:/home/choi/marker_ws/install/exp_logger:/home/choi/marker_ws/install/camera_calibration:/opt/ros/foxy /home/choi/.local/bin/cmake --install /home/choi/marker_ws/build/tracetools_image_pipeline
