[0.459s] Invoking command in '/home/choi/marker_ws/build/image_view': CMAKE_PREFIX_PATH=${CMAKE_PREFIX_PATH}:/home/choi/marker_ws/install/ros2_aruco:/home/choi/marker_ws/install/omo_r1mini_teleop:/home/choi/marker_ws/install/omo_r1mini_navigation2:/home/choi/marker_ws/install/omo_r1mini_bringup:/home/choi/marker_ws/install/exp_logger:/home/choi/marker_ws/install/camera_calibration:/opt/ros/foxy /home/choi/.local/bin/cmake --build /home/choi/marker_ws/build/image_view -- -j12 -l12
[0.843s] [ 36%] Built target image_view_nodes
[0.843s] [ 47%] Built target disparity_view
[0.843s] [ 57%] Built target video_recorder
[0.843s] [ 68%] Built target extract_images
[0.843s] [ 84%] Built target image_saver
[0.844s] [ 89%] Built target image_view
[0.844s] [100%] Built target stereo_view
[1.233s] Invoked command in '/home/choi/marker_ws/build/image_view' returned '0': CMAKE_PREFIX_PATH=${CMAKE_PREFIX_PATH}:/home/choi/marker_ws/install/ros2_aruco:/home/choi/marker_ws/install/omo_r1mini_teleop:/home/choi/marker_ws/install/omo_r1mini_navigation2:/home/choi/marker_ws/install/omo_r1mini_bringup:/home/choi/marker_ws/install/exp_logger:/home/choi/marker_ws/install/camera_calibration:/opt/ros/foxy /home/choi/.local/bin/cmake --build /home/choi/marker_ws/build/image_view -- -j12 -l12
[1.432s] Invoking command in '/home/choi/marker_ws/build/image_view': CMAKE_PREFIX_PATH=${CMAKE_PREFIX_PATH}:/home/choi/marker_ws/install/ros2_aruco:/home/choi/marker_ws/install/omo_r1mini_teleop:/home/choi/marker_ws/install/omo_r1mini_navigation2:/home/choi/marker_ws/install/omo_r1mini_bringup:/home/choi/marker_ws/install/exp_logger:/home/choi/marker_ws/install/camera_calibration:/opt/ros/foxy /home/choi/.local/bin/cmake --install /home/choi/marker_ws/build/image_view
[1.521s] -- Install configuration: ""
[1.521s] -- Execute custom install script
[1.522s] -- Up-to-date symlink: /home/choi/marker_ws/install/image_view/include/image_view/disparity_view_node.hpp
[1.522s] -- Up-to-date symlink: /home/choi/marker_ws/install/image_view/include/image_view/extract_images_node.hpp
[1.522s] -- Up-to-date symlink: /home/choi/marker_ws/install/image_view/include/image_view/image_saver_node.hpp
[1.522s] -- Up-to-date symlink: /home/choi/marker_ws/install/image_view/include/image_view/image_view_node.hpp
[1.523s] -- Up-to-date symlink: /home/choi/marker_ws/install/image_view/include/image_view/stereo_view_node.hpp
[1.523s] -- Up-to-date symlink: /home/choi/marker_ws/install/image_view/include/image_view/video_recorder_node.hpp
[1.526s] -- Up-to-date symlink: /home/choi/marker_ws/install/image_view/share/image_view/environment/library_path.sh
[1.527s] -- Up-to-date symlink: /home/choi/marker_ws/install/image_view/share/image_view/environment/library_path.dsv
[1.528s] -- Up-to-date symlink: /home/choi/marker_ws/install/image_view/lib/libimage_view_nodes.so
[1.528s] -- Up-to-date symlink: /home/choi/marker_ws/install/image_view/lib/image_view/disparity_view
[1.528s] -- Up-to-date symlink: /home/choi/marker_ws/install/image_view/lib/image_view/image_view
[1.529s] -- Up-to-date symlink: /home/choi/marker_ws/install/image_view/lib/image_view/stereo_view
[1.529s] -- Up-to-date symlink: /home/choi/marker_ws/install/image_view/lib/image_view/extract_images
[1.529s] -- Up-to-date symlink: /home/choi/marker_ws/install/image_view/lib/image_view/image_saver
[1.530s] -- Up-to-date symlink: /home/choi/marker_ws/install/image_view/lib/image_view/video_recorder
[1.530s] -- Up-to-date symlink: /home/choi/marker_ws/install/image_view/share/ament_index/resource_index/package_run_dependencies/image_view
[1.530s] -- Up-to-date symlink: /home/choi/marker_ws/install/image_view/share/ament_index/resource_index/parent_prefix_path/image_view
[1.530s] -- Up-to-date symlink: /home/choi/marker_ws/install/image_view/share/image_view/environment/ament_prefix_path.sh
[1.531s] -- Up-to-date symlink: /home/choi/marker_ws/install/image_view/share/image_view/environment/ament_prefix_path.dsv
[1.531s] -- Up-to-date symlink: /home/choi/marker_ws/install/image_view/share/image_view/environment/path.sh
[1.531s] -- Up-to-date symlink: /home/choi/marker_ws/install/image_view/share/image_view/environment/path.dsv
[1.533s] -- Up-to-date symlink: /home/choi/marker_ws/install/image_view/share/image_view/local_setup.bash
[1.535s] -- Up-to-date symlink: /home/choi/marker_ws/install/image_view/share/image_view/local_setup.sh
[1.542s] -- Up-to-date symlink: /home/choi/marker_ws/install/image_view/share/image_view/local_setup.zsh
[1.542s] -- Up-to-date symlink: /home/choi/marker_ws/install/image_view/share/image_view/local_setup.dsv
[1.543s] -- Symlinking: /home/choi/marker_ws/install/image_view/share/image_view/package.dsv
[1.543s] -- Up-to-date symlink: /home/choi/marker_ws/install/image_view/share/ament_index/resource_index/packages/image_view
[1.543s] -- Up-to-date symlink: /home/choi/marker_ws/install/image_view/share/ament_index/resource_index/rclcpp_components/image_view
[1.543s] -- Up-to-date symlink: /home/choi/marker_ws/install/image_view/share/image_view/cmake/ament_cmake_export_dependencies-extras.cmake
[1.544s] -- Up-to-date symlink: /home/choi/marker_ws/install/image_view/share/image_view/cmake/ament_cmake_export_include_directories-extras.cmake
[1.544s] -- Up-to-date symlink: /home/choi/marker_ws/install/image_view/share/image_view/cmake/ament_cmake_export_libraries-extras.cmake
[1.544s] -- Up-to-date symlink: /home/choi/marker_ws/install/image_view/share/image_view/cmake/image_viewConfig.cmake
[1.545s] -- Up-to-date symlink: /home/choi/marker_ws/install/image_view/share/image_view/cmake/image_viewConfig-version.cmake
[1.545s] -- Up-to-date symlink: /home/choi/marker_ws/install/image_view/share/image_view/package.xml
[1.659s] Invoked command in '/home/choi/marker_ws/build/image_view' returned '0': CMAKE_PREFIX_PATH=${CMAKE_PREFIX_PATH}:/home/choi/marker_ws/install/ros2_aruco:/home/choi/marker_ws/install/omo_r1mini_teleop:/home/choi/marker_ws/install/omo_r1mini_navigation2:/home/choi/marker_ws/install/omo_r1mini_bringup:/home/choi/marker_ws/install/exp_logger:/home/choi/marker_ws/install/camera_calibration:/opt/ros/foxy /home/choi/.local/bin/cmake --install /home/choi/marker_ws/build/image_view
