-- Found ament_cmake_auto: 0.9.12 (/opt/ros/foxy/share/ament_cmake_auto/cmake)
-- Using PYTHON_EXECUTABLE: /usr/bin/python3
-- Override CMake install command with custom implementation using symlinks instead of copying resources
-- Using all available rosidl_typesupport_c: rosidl_typesupport_fastrtps_c;rosidl_typesupport_introspection_c
-- Found rosidl_adapter: 1.3.1 (/opt/ros/foxy/share/rosidl_adapter/cmake)
-- Using all available rosidl_typesupport_cpp: rosidl_typesupport_fastrtps_cpp;rosidl_typesupport_introspection_cpp
-- Found rmw_implementation_cmake: 1.0.4 (/opt/ros/foxy/share/rmw_implementation_cmake/cmake)
-- Using RMW implementation 'rmw_fastrtps_cpp' as default
-- Found eigen3_cmake_module: 0.1.1 (/opt/ros/foxy/share/eigen3_cmake_module/cmake)
-- Found ament_lint_auto: 0.9.8 (/opt/ros/foxy/share/ament_lint_auto/cmake)
-- Added test 'copyright' to check source files copyright and LICENSE
-- Added test 'cppcheck' to perform static code analysis on C / C++ code
-- Configured cppcheck include dirs: /home/choi/marker_ws/src/image_pipeline-foxy/image_rotate/include
-- Configured cppcheck exclude dirs and/or files: 
-- Added test 'cpplint' to check C / C++ code against the Google style
-- Configured cpplint exclude dirs and/or files: 
-- Added test 'flake8' to check Python code syntax and style conventions
-- Added test 'lint_cmake' to check CMake code style
-- Added test 'pep257' to check Python code against some of the style conventions in PEP 257
-- Added test 'uncrustify' to check C / C++ code style
-- Configured uncrustify additional arguments: 
-- Added test 'xmllint' to check XML markup files
-- Configuring done (2.0s)
-- Generating done (0.1s)
-- Build files have been written to: /home/choi/marker_ws/build/image_rotate
[ 25%] [32m[1mLinking CXX shared library libimage_rotate.so[0m
[ 50%] Built target image_rotate
[ 75%] [32m[1mLinking CXX executable image_rotate[0m
[100%] Built target image_rotate_bin
-- Install configuration: ""
-- Execute custom install script
-- Symlinking: /home/choi/marker_ws/install/image_rotate/include/image_rotate/image_rotate_node.hpp
-- Symlinking: /home/choi/marker_ws/install/image_rotate/include/image_rotate/visibility.h
-- Symlinking: /home/choi/marker_ws/install/image_rotate/share/image_rotate/environment/library_path.sh
-- Symlinking: /home/choi/marker_ws/install/image_rotate/share/image_rotate/environment/library_path.dsv
-- Symlinking: /home/choi/marker_ws/install/image_rotate/lib/libimage_rotate.so
-- Symlinking: /home/choi/marker_ws/install/image_rotate/lib/image_rotate/image_rotate
-- Symlinking: /home/choi/marker_ws/install/image_rotate/share/image_rotate/launch/image_rotate.launch.py
-- Symlinking: /home/choi/marker_ws/install/image_rotate/share/ament_index/resource_index/package_run_dependencies/image_rotate
-- Symlinking: /home/choi/marker_ws/install/image_rotate/share/ament_index/resource_index/parent_prefix_path/image_rotate
-- Symlinking: /home/choi/marker_ws/install/image_rotate/share/image_rotate/environment/ament_prefix_path.sh
-- Symlinking: /home/choi/marker_ws/install/image_rotate/share/image_rotate/environment/ament_prefix_path.dsv
-- Symlinking: /home/choi/marker_ws/install/image_rotate/share/image_rotate/environment/path.sh
-- Symlinking: /home/choi/marker_ws/install/image_rotate/share/image_rotate/environment/path.dsv
-- Symlinking: /home/choi/marker_ws/install/image_rotate/share/image_rotate/local_setup.bash
-- Symlinking: /home/choi/marker_ws/install/image_rotate/share/image_rotate/local_setup.sh
-- Symlinking: /home/choi/marker_ws/install/image_rotate/share/image_rotate/local_setup.zsh
-- Symlinking: /home/choi/marker_ws/install/image_rotate/share/image_rotate/local_setup.dsv
-- Symlinking: /home/choi/marker_ws/install/image_rotate/share/image_rotate/package.dsv
-- Symlinking: /home/choi/marker_ws/install/image_rotate/share/ament_index/resource_index/packages/image_rotate
-- Symlinking: /home/choi/marker_ws/install/image_rotate/share/ament_index/resource_index/rclcpp_components/image_rotate
-- Symlinking: /home/choi/marker_ws/install/image_rotate/share/image_rotate/cmake/ament_cmake_export_dependencies-extras.cmake
-- Symlinking: /home/choi/marker_ws/install/image_rotate/share/image_rotate/cmake/ament_cmake_export_include_directories-extras.cmake
-- Symlinking: /home/choi/marker_ws/install/image_rotate/share/image_rotate/cmake/ament_cmake_export_libraries-extras.cmake
-- Symlinking: /home/choi/marker_ws/install/image_rotate/share/image_rotate/cmake/image_rotateConfig.cmake
-- Symlinking: /home/choi/marker_ws/install/image_rotate/share/image_rotate/cmake/image_rotateConfig-version.cmake
-- Symlinking: /home/choi/marker_ws/install/image_rotate/share/image_rotate/package.xml
