-- Found ament_cmake: 0.9.12 (/opt/ros/foxy/share/ament_cmake/cmake)
-- Found PythonInterp: /usr/bin/python3 (found suitable version "3.8.10", minimum required is "3") 
-- Using PYTHON_EXECUTABLE: /usr/bin/python3
-- Override CMake install command with custom implementation using symlinks instead of copying resources
-- Found geometry_msgs: 2.0.5 (/opt/ros/foxy/share/geometry_msgs/cmake)
-- Using all available rosidl_typesupport_c: rosidl_typesupport_fastrtps_c;rosidl_typesupport_introspection_c
-- Found rosidl_adapter: 1.3.1 (/opt/ros/foxy/share/rosidl_adapter/cmake)
-- Using all available rosidl_typesupport_cpp: rosidl_typesupport_fastrtps_cpp;rosidl_typesupport_introspection_cpp
-- Found rclcpp: 2.4.3 (/opt/ros/foxy/share/rclcpp/cmake)
-- Found rmw_implementation_cmake: 1.0.4 (/opt/ros/foxy/share/rmw_implementation_cmake/cmake)
-- Using RMW implementation 'rmw_fastrtps_cpp' as default
-- Found rclcpp_components: 2.4.3 (/opt/ros/foxy/share/rclcpp_components/cmake)
-- Found sensor_msgs: 2.0.5 (/opt/ros/foxy/share/sensor_msgs/cmake)
-- Found ament_lint_auto: 0.9.8 (/opt/ros/foxy/share/ament_lint_auto/cmake)
-- Found python_cmake_module: 0.8.1 (/opt/ros/foxy/share/python_cmake_module/cmake)
-- Found PythonInterp: /usr/bin/python3 (found suitable version "3.8.10", minimum required is "3.5") 
-- Using PYTHON_EXECUTABLE: /usr/bin/python3
-- Using PYTHON_INCLUDE_DIRS: /usr/include/python3.8
-- Using PYTHON_LIBRARIES: /usr/lib/x86_64-linux-gnu/libpython3.8.so
-- Added test 'cppcheck' to perform static code analysis on C / C++ code
-- Configured cppcheck include dirs: /home/choi/marker_ws/src/teleop_twist_joy-foxy/include
-- Configured cppcheck exclude dirs and/or files: 
-- Added test 'flake8' to check Python code syntax and style conventions
-- Added test 'lint_cmake' to check CMake code style
-- Added test 'pep257' to check Python code against some of the style conventions in PEP 257
-- Added test 'xmllint' to check XML markup files
-- Configuring done (1.4s)
[33mCMake Warning (dev) at CMakeLists.txt:22 (add_library):
  Policy CMP0115 is not set: Source file extensions must be explicit.  Run
  "cmake --help-policy CMP0115" for policy details.  Use the cmake_policy
  command to set the policy and suppress this warning.

  File:

    /home/choi/marker_ws/src/teleop_twist_joy-foxy/src/teleop_twist_joy.cpp
This warning is for project developers.  Use -Wno-dev to suppress it.
[0m
-- Generating done (0.0s)
-- Build files have been written to: /home/choi/marker_ws/build/teleop_twist_joy
[ 25%] [32m[1mLinking CXX shared library libteleop_twist_joy.so[0m
[ 50%] Built target teleop_twist_joy
[ 75%] [32m[1mLinking CXX executable teleop_node[0m
[100%] Built target teleop_twist_joy_node
-- Install configuration: ""
-- Execute custom install script
-- Symlinking: /home/choi/marker_ws/install/teleop_twist_joy/lib/libteleop_twist_joy.so
-- Symlinking: /home/choi/marker_ws/install/teleop_twist_joy/lib/teleop_twist_joy/teleop_node
-- Symlinking: /home/choi/marker_ws/install/teleop_twist_joy/include/teleop_twist_joy/teleop_twist_joy.hpp
-- Symlinking: /home/choi/marker_ws/install/teleop_twist_joy/include/teleop_twist_joy/teleop_twist_joy_export.h
-- Symlinking: /home/choi/marker_ws/install/teleop_twist_joy/share/teleop_twist_joy/launch/teleop-launch.py
-- Symlinking: /home/choi/marker_ws/install/teleop_twist_joy/share/teleop_twist_joy/config/atk3.config.yaml
-- Symlinking: /home/choi/marker_ws/install/teleop_twist_joy/share/teleop_twist_joy/config/ps3-holonomic.config.yaml
-- Symlinking: /home/choi/marker_ws/install/teleop_twist_joy/share/teleop_twist_joy/config/ps3.config.yaml
-- Symlinking: /home/choi/marker_ws/install/teleop_twist_joy/share/teleop_twist_joy/config/xbox.config.yaml
-- Symlinking: /home/choi/marker_ws/install/teleop_twist_joy/share/teleop_twist_joy/config/xd3.config.yaml
-- Symlinking: /home/choi/marker_ws/install/teleop_twist_joy/share/teleop_twist_joy/environment/library_path.sh
-- Symlinking: /home/choi/marker_ws/install/teleop_twist_joy/share/teleop_twist_joy/environment/library_path.dsv
-- Symlinking: /home/choi/marker_ws/install/teleop_twist_joy/share/ament_index/resource_index/package_run_dependencies/teleop_twist_joy
-- Symlinking: /home/choi/marker_ws/install/teleop_twist_joy/share/ament_index/resource_index/parent_prefix_path/teleop_twist_joy
-- Symlinking: /home/choi/marker_ws/install/teleop_twist_joy/share/teleop_twist_joy/environment/ament_prefix_path.sh
-- Symlinking: /home/choi/marker_ws/install/teleop_twist_joy/share/teleop_twist_joy/environment/ament_prefix_path.dsv
-- Symlinking: /home/choi/marker_ws/install/teleop_twist_joy/share/teleop_twist_joy/environment/path.sh
-- Symlinking: /home/choi/marker_ws/install/teleop_twist_joy/share/teleop_twist_joy/environment/path.dsv
-- Symlinking: /home/choi/marker_ws/install/teleop_twist_joy/share/teleop_twist_joy/local_setup.bash
-- Symlinking: /home/choi/marker_ws/install/teleop_twist_joy/share/teleop_twist_joy/local_setup.sh
-- Symlinking: /home/choi/marker_ws/install/teleop_twist_joy/share/teleop_twist_joy/local_setup.zsh
-- Symlinking: /home/choi/marker_ws/install/teleop_twist_joy/share/teleop_twist_joy/local_setup.dsv
-- Symlinking: /home/choi/marker_ws/install/teleop_twist_joy/share/teleop_twist_joy/package.dsv
-- Symlinking: /home/choi/marker_ws/install/teleop_twist_joy/share/ament_index/resource_index/packages/teleop_twist_joy
-- Symlinking: /home/choi/marker_ws/install/teleop_twist_joy/share/ament_index/resource_index/rclcpp_components/teleop_twist_joy
-- Symlinking: /home/choi/marker_ws/install/teleop_twist_joy/share/teleop_twist_joy/cmake/ament_cmake_export_include_directories-extras.cmake
-- Symlinking: /home/choi/marker_ws/install/teleop_twist_joy/share/teleop_twist_joy/cmake/ament_cmake_export_libraries-extras.cmake
-- Symlinking: /home/choi/marker_ws/install/teleop_twist_joy/share/teleop_twist_joy/cmake/teleop_twist_joyConfig.cmake
-- Symlinking: /home/choi/marker_ws/install/teleop_twist_joy/share/teleop_twist_joy/cmake/teleop_twist_joyConfig-version.cmake
-- Symlinking: /home/choi/marker_ws/install/teleop_twist_joy/share/teleop_twist_joy/package.xml
