[0.467s] Invoking command in '/home/choi/marker_ws/build/image_publisher': CMAKE_PREFIX_PATH=${CMAKE_PREFIX_PATH}:/home/choi/marker_ws/install/ros2_aruco:/home/choi/marker_ws/install/omo_r1mini_teleop:/home/choi/marker_ws/install/omo_r1mini_navigation2:/home/choi/marker_ws/install/omo_r1mini_bringup:/home/choi/marker_ws/install/exp_logger:/home/choi/marker_ws/install/camera_calibration:/opt/ros/foxy /home/choi/.local/bin/cmake --build /home/choi/marker_ws/build/image_publisher -- -j12 -l12
[0.864s] [ 50%] Built target image_publisher
[0.864s] [100%] Built target image_publisher_node
[1.253s] Invoked command in '/home/choi/marker_ws/build/image_publisher' returned '0': CMAKE_PREFIX_PATH=${CMAKE_PREFIX_PATH}:/home/choi/marker_ws/install/ros2_aruco:/home/choi/marker_ws/install/omo_r1mini_teleop:/home/choi/marker_ws/install/omo_r1mini_navigation2:/home/choi/marker_ws/install/omo_r1mini_bringup:/home/choi/marker_ws/install/exp_logger:/home/choi/marker_ws/install/camera_calibration:/opt/ros/foxy /home/choi/.local/bin/cmake --build /home/choi/marker_ws/build/image_publisher -- -j12 -l12
[1.399s] Invoking command in '/home/choi/marker_ws/build/image_publisher': CMAKE_PREFIX_PATH=${CMAKE_PREFIX_PATH}:/home/choi/marker_ws/install/ros2_aruco:/home/choi/marker_ws/install/omo_r1mini_teleop:/home/choi/marker_ws/install/omo_r1mini_navigation2:/home/choi/marker_ws/install/omo_r1mini_bringup:/home/choi/marker_ws/install/exp_logger:/home/choi/marker_ws/install/camera_calibration:/opt/ros/foxy /home/choi/.local/bin/cmake --install /home/choi/marker_ws/build/image_publisher
[1.518s] -- Install configuration: ""
[1.518s] -- Execute custom install script
[1.522s] -- Up-to-date symlink: /home/choi/marker_ws/install/image_publisher/include/image_publisher/image_publisher.hpp
[1.522s] -- Up-to-date symlink: /home/choi/marker_ws/install/image_publisher/include/image_publisher/visibility.h
[1.522s] -- Up-to-date symlink: /home/choi/marker_ws/install/image_publisher/share/image_publisher/environment/library_path.sh
[1.523s] -- Up-to-date symlink: /home/choi/marker_ws/install/image_publisher/share/image_publisher/environment/library_path.dsv
[1.523s] -- Up-to-date symlink: /home/choi/marker_ws/install/image_publisher/lib/libimage_publisher.so
[1.523s] -- Up-to-date symlink: /home/choi/marker_ws/install/image_publisher/lib/image_publisher/image_publisher_node
[1.524s] -- Up-to-date symlink: /home/choi/marker_ws/install/image_publisher/share/image_publisher/launch/image_publisher_file.launch.py
[1.524s] -- Up-to-date symlink: /home/choi/marker_ws/install/image_publisher/share/image_publisher/launch/image_publisher_mono.launch.py
[1.524s] -- Up-to-date symlink: /home/choi/marker_ws/install/image_publisher/share/image_publisher/launch/image_publisher_stereo.launch.py
[1.524s] -- Up-to-date symlink: /home/choi/marker_ws/install/image_publisher/share/image_publisher/launch/splash.png
[1.524s] -- Up-to-date symlink: /home/choi/marker_ws/install/image_publisher/share/ament_index/resource_index/package_run_dependencies/image_publisher
[1.524s] -- Up-to-date symlink: /home/choi/marker_ws/install/image_publisher/share/ament_index/resource_index/parent_prefix_path/image_publisher
[1.524s] -- Up-to-date symlink: /home/choi/marker_ws/install/image_publisher/share/image_publisher/environment/ament_prefix_path.sh
[1.525s] -- Up-to-date symlink: /home/choi/marker_ws/install/image_publisher/share/image_publisher/environment/ament_prefix_path.dsv
[1.525s] -- Up-to-date symlink: /home/choi/marker_ws/install/image_publisher/share/image_publisher/environment/path.sh
[1.527s] -- Up-to-date symlink: /home/choi/marker_ws/install/image_publisher/share/image_publisher/environment/path.dsv
[1.531s] -- Up-to-date symlink: /home/choi/marker_ws/install/image_publisher/share/image_publisher/local_setup.bash
[1.531s] -- Up-to-date symlink: /home/choi/marker_ws/install/image_publisher/share/image_publisher/local_setup.sh
[1.531s] -- Up-to-date symlink: /home/choi/marker_ws/install/image_publisher/share/image_publisher/local_setup.zsh
[1.531s] -- Up-to-date symlink: /home/choi/marker_ws/install/image_publisher/share/image_publisher/local_setup.dsv
[1.531s] -- Symlinking: /home/choi/marker_ws/install/image_publisher/share/image_publisher/package.dsv
[1.532s] -- Up-to-date symlink: /home/choi/marker_ws/install/image_publisher/share/ament_index/resource_index/packages/image_publisher
[1.532s] -- Up-to-date symlink: /home/choi/marker_ws/install/image_publisher/share/ament_index/resource_index/rclcpp_components/image_publisher
[1.532s] -- Up-to-date symlink: /home/choi/marker_ws/install/image_publisher/share/image_publisher/cmake/ament_cmake_export_dependencies-extras.cmake
[1.532s] -- Up-to-date symlink: /home/choi/marker_ws/install/image_publisher/share/image_publisher/cmake/ament_cmake_export_include_directories-extras.cmake
[1.533s] -- Up-to-date symlink: /home/choi/marker_ws/install/image_publisher/share/image_publisher/cmake/ament_cmake_export_libraries-extras.cmake
[1.533s] -- Up-to-date symlink: /home/choi/marker_ws/install/image_publisher/share/image_publisher/cmake/image_publisherConfig.cmake
[1.533s] -- Up-to-date symlink: /home/choi/marker_ws/install/image_publisher/share/image_publisher/cmake/image_publisherConfig-version.cmake
[1.533s] -- Up-to-date symlink: /home/choi/marker_ws/install/image_publisher/share/image_publisher/package.xml
[1.617s] Invoked command in '/home/choi/marker_ws/build/image_publisher' returned '0': CMAKE_PREFIX_PATH=${CMAKE_PREFIX_PATH}:/home/choi/marker_ws/install/ros2_aruco:/home/choi/marker_ws/install/omo_r1mini_teleop:/home/choi/marker_ws/install/omo_r1mini_navigation2:/home/choi/marker_ws/install/omo_r1mini_bringup:/home/choi/marker_ws/install/exp_logger:/home/choi/marker_ws/install/camera_calibration:/opt/ros/foxy /home/choi/.local/bin/cmake --install /home/choi/marker_ws/build/image_publisher
