[0.454s] Invoking command in '/home/choi/marker_ws/build/omo_r1mini_cartographer': CMAKE_PREFIX_PATH=${CMAKE_PREFIX_PATH}:/home/choi/marker_ws/install/ros2_aruco:/home/choi/marker_ws/install/omo_r1mini_teleop:/home/choi/marker_ws/install/omo_r1mini_navigation2:/home/choi/marker_ws/install/omo_r1mini_bringup:/home/choi/marker_ws/install/exp_logger:/home/choi/marker_ws/install/camera_calibration:/opt/ros/foxy /home/choi/.local/bin/cmake /home/choi/marker_ws/src/omo_r1mini-foxy/omo_r1mini_cartographer -DCMAKE_INSTALL_PREFIX=/home/choi/marker_ws/install/omo_r1mini_cartographer
[0.819s] -- The C compiler identification is GNU 9.4.0
[1.314s] -- The CXX compiler identification is GNU 9.4.0
[1.505s] -- Detecting C compiler ABI info
[1.761s] -- Detecting C compiler ABI info - done
[1.782s] -- Check for working C compiler: /usr/bin/cc - skipped
[1.801s] -- Detecting C compile features
[1.803s] -- Detecting C compile features - done
[1.852s] -- Detecting CXX compiler ABI info
[1.960s] -- Detecting CXX compiler ABI info - done
[1.975s] -- Check for working CXX compiler: /usr/bin/c++ - skipped
[1.976s] -- Detecting CXX compile features
[1.977s] -- Detecting CXX compile features - done
[2.100s] -- Found ament_cmake: 0.9.12 (/opt/ros/foxy/share/ament_cmake/cmake)
[2.356s] -- Found PythonInterp: /usr/bin/python3 (found suitable version "3.8.10", minimum required is "3") 
[2.356s] -- Using PYTHON_EXECUTABLE: /usr/bin/python3
[3.290s] -- Configuring done (2.8s)
[3.293s] -- Generating done (0.0s)
[3.294s] -- Build files have been written to: /home/choi/marker_ws/build/omo_r1mini_cartographer
[3.306s] Invoked command in '/home/choi/marker_ws/build/omo_r1mini_cartographer' returned '0': CMAKE_PREFIX_PATH=${CMAKE_PREFIX_PATH}:/home/choi/marker_ws/install/ros2_aruco:/home/choi/marker_ws/install/omo_r1mini_teleop:/home/choi/marker_ws/install/omo_r1mini_navigation2:/home/choi/marker_ws/install/omo_r1mini_bringup:/home/choi/marker_ws/install/exp_logger:/home/choi/marker_ws/install/camera_calibration:/opt/ros/foxy /home/choi/.local/bin/cmake /home/choi/marker_ws/src/omo_r1mini-foxy/omo_r1mini_cartographer -DCMAKE_INSTALL_PREFIX=/home/choi/marker_ws/install/omo_r1mini_cartographer
[3.307s] Invoking command in '/home/choi/marker_ws/build/omo_r1mini_cartographer': CMAKE_PREFIX_PATH=${CMAKE_PREFIX_PATH}:/home/choi/marker_ws/install/ros2_aruco:/home/choi/marker_ws/install/omo_r1mini_teleop:/home/choi/marker_ws/install/omo_r1mini_navigation2:/home/choi/marker_ws/install/omo_r1mini_bringup:/home/choi/marker_ws/install/exp_logger:/home/choi/marker_ws/install/camera_calibration:/opt/ros/foxy /home/choi/.local/bin/cmake --build /home/choi/marker_ws/build/omo_r1mini_cartographer -- -j12 -l12
[4.137s] Invoked command in '/home/choi/marker_ws/build/omo_r1mini_cartographer' returned '0': CMAKE_PREFIX_PATH=${CMAKE_PREFIX_PATH}:/home/choi/marker_ws/install/ros2_aruco:/home/choi/marker_ws/install/omo_r1mini_teleop:/home/choi/marker_ws/install/omo_r1mini_navigation2:/home/choi/marker_ws/install/omo_r1mini_bringup:/home/choi/marker_ws/install/exp_logger:/home/choi/marker_ws/install/camera_calibration:/opt/ros/foxy /home/choi/.local/bin/cmake --build /home/choi/marker_ws/build/omo_r1mini_cartographer -- -j12 -l12
[4.565s] Invoking command in '/home/choi/marker_ws/build/omo_r1mini_cartographer': CMAKE_PREFIX_PATH=${CMAKE_PREFIX_PATH}:/home/choi/marker_ws/install/ros2_aruco:/home/choi/marker_ws/install/omo_r1mini_teleop:/home/choi/marker_ws/install/omo_r1mini_navigation2:/home/choi/marker_ws/install/omo_r1mini_bringup:/home/choi/marker_ws/install/exp_logger:/home/choi/marker_ws/install/camera_calibration:/opt/ros/foxy /home/choi/.local/bin/cmake --install /home/choi/marker_ws/build/omo_r1mini_cartographer
[8.779s] -- Install configuration: ""
[8.780s] -- Installing: /home/choi/marker_ws/install/omo_r1mini_cartographer/share/omo_r1mini_cartographer/config
[8.780s] -- Installing: /home/choi/marker_ws/install/omo_r1mini_cartographer/share/omo_r1mini_cartographer/config/omo_r1mini_lidar.lua
[8.780s] -- Installing: /home/choi/marker_ws/install/omo_r1mini_cartographer/share/omo_r1mini_cartographer/launch
[8.781s] -- Installing: /home/choi/marker_ws/install/omo_r1mini_cartographer/share/omo_r1mini_cartographer/launch/cartographer_rviz.launch.py
[8.781s] -- Installing: /home/choi/marker_ws/install/omo_r1mini_cartographer/share/omo_r1mini_cartographer/launch/cartographer.launch.py
[8.781s] -- Installing: /home/choi/marker_ws/install/omo_r1mini_cartographer/share/omo_r1mini_cartographer/launch/occupancy_grid.launch.py
[8.781s] -- Installing: /home/choi/marker_ws/install/omo_r1mini_cartographer/share/omo_r1mini_cartographer/rviz
[8.781s] -- Installing: /home/choi/marker_ws/install/omo_r1mini_cartographer/share/omo_r1mini_cartographer/rviz/omo_r1mini_cartographer.rviz
[8.781s] -- Installing: /home/choi/marker_ws/install/omo_r1mini_cartographer/share/ament_index/resource_index/package_run_dependencies/omo_r1mini_cartographer
[8.781s] -- Installing: /home/choi/marker_ws/install/omo_r1mini_cartographer/share/ament_index/resource_index/parent_prefix_path/omo_r1mini_cartographer
[8.781s] -- Installing: /home/choi/marker_ws/install/omo_r1mini_cartographer/share/omo_r1mini_cartographer/environment/ament_prefix_path.sh
[8.781s] -- Installing: /home/choi/marker_ws/install/omo_r1mini_cartographer/share/omo_r1mini_cartographer/environment/ament_prefix_path.dsv
[8.781s] -- Installing: /home/choi/marker_ws/install/omo_r1mini_cartographer/share/omo_r1mini_cartographer/environment/path.sh
[8.782s] -- Installing: /home/choi/marker_ws/install/omo_r1mini_cartographer/share/omo_r1mini_cartographer/environment/path.dsv
[8.782s] -- Installing: /home/choi/marker_ws/install/omo_r1mini_cartographer/share/omo_r1mini_cartographer/local_setup.bash
[8.782s] -- Installing: /home/choi/marker_ws/install/omo_r1mini_cartographer/share/omo_r1mini_cartographer/local_setup.sh
[8.782s] -- Installing: /home/choi/marker_ws/install/omo_r1mini_cartographer/share/omo_r1mini_cartographer/local_setup.zsh
[8.782s] -- Installing: /home/choi/marker_ws/install/omo_r1mini_cartographer/share/omo_r1mini_cartographer/local_setup.dsv
[8.782s] -- Installing: /home/choi/marker_ws/install/omo_r1mini_cartographer/share/omo_r1mini_cartographer/package.dsv
[8.782s] -- Installing: /home/choi/marker_ws/install/omo_r1mini_cartographer/share/ament_index/resource_index/packages/omo_r1mini_cartographer
[8.782s] -- Installing: /home/choi/marker_ws/install/omo_r1mini_cartographer/share/omo_r1mini_cartographer/cmake/omo_r1mini_cartographerConfig.cmake
[8.782s] -- Installing: /home/choi/marker_ws/install/omo_r1mini_cartographer/share/omo_r1mini_cartographer/cmake/omo_r1mini_cartographerConfig-version.cmake
[8.782s] -- Installing: /home/choi/marker_ws/install/omo_r1mini_cartographer/share/omo_r1mini_cartographer/package.xml
[8.821s] Invoked command in '/home/choi/marker_ws/build/omo_r1mini_cartographer' returned '0': CMAKE_PREFIX_PATH=${CMAKE_PREFIX_PATH}:/home/choi/marker_ws/install/ros2_aruco:/home/choi/marker_ws/install/omo_r1mini_teleop:/home/choi/marker_ws/install/omo_r1mini_navigation2:/home/choi/marker_ws/install/omo_r1mini_bringup:/home/choi/marker_ws/install/exp_logger:/home/choi/marker_ws/install/camera_calibration:/opt/ros/foxy /home/choi/.local/bin/cmake --install /home/choi/marker_ws/build/omo_r1mini_cartographer
