[0.153s] Invoking command in '/home/choi/marker_ws/build/tracetools_image_pipeline': CMAKE_PREFIX_PATH=${CMAKE_PREFIX_PATH}:/home/choi/marker_ws/install/ros2_aruco:/home/choi/marker_ws/install/omo_r1mini_teleop:/home/choi/marker_ws/install/omo_r1mini_navigation2:/home/choi/marker_ws/install/omo_r1mini_bringup:/home/choi/marker_ws/install/exp_logger:/home/choi/marker_ws/install/camera_calibration:/opt/ros/foxy /home/choi/.local/bin/cmake --build /home/choi/marker_ws/build/tracetools_image_pipeline -- -j12 -l12
[0.916s] [ 60%] Built target tracetools_image_pipeline
[0.916s] [100%] Built target status
[1.289s] Invoked command in '/home/choi/marker_ws/build/tracetools_image_pipeline' returned '0': CMAKE_PREFIX_PATH=${CMAKE_PREFIX_PATH}:/home/choi/marker_ws/install/ros2_aruco:/home/choi/marker_ws/install/omo_r1mini_teleop:/home/choi/marker_ws/install/omo_r1mini_navigation2:/home/choi/marker_ws/install/omo_r1mini_bringup:/home/choi/marker_ws/install/exp_logger:/home/choi/marker_ws/install/camera_calibration:/opt/ros/foxy /home/choi/.local/bin/cmake --build /home/choi/marker_ws/build/tracetools_image_pipeline -- -j12 -l12
[1.435s] Invoking command in '/home/choi/marker_ws/build/tracetools_image_pipeline': CMAKE_PREFIX_PATH=${CMAKE_PREFIX_PATH}:/home/choi/marker_ws/install/ros2_aruco:/home/choi/marker_ws/install/omo_r1mini_teleop:/home/choi/marker_ws/install/omo_r1mini_navigation2:/home/choi/marker_ws/install/omo_r1mini_bringup:/home/choi/marker_ws/install/exp_logger:/home/choi/marker_ws/install/camera_calibration:/opt/ros/foxy /home/choi/.local/bin/cmake --install /home/choi/marker_ws/build/tracetools_image_pipeline
[1.500s] -- Install configuration: ""
[1.500s] -- Execute custom install script
[1.501s] -- Up-to-date symlink: /home/choi/marker_ws/install/tracetools_image_pipeline/share/tracetools_image_pipeline/environment/library_path.sh
[1.501s] -- Up-to-date symlink: /home/choi/marker_ws/install/tracetools_image_pipeline/share/tracetools_image_pipeline/environment/library_path.dsv
[1.501s] -- Up-to-date symlink: /home/choi/marker_ws/install/tracetools_image_pipeline/lib/tracetools_image_pipeline/status
[1.502s] -- Up-to-date symlink: /home/choi/marker_ws/install/tracetools_image_pipeline/include/tracetools_image_pipeline/config.h
[1.503s] -- Up-to-date symlink: /home/choi/marker_ws/install/tracetools_image_pipeline/include/tracetools_image_pipeline/tracetools.h
[1.504s] -- Up-to-date symlink: /home/choi/marker_ws/install/tracetools_image_pipeline/include/tracetools_image_pipeline/utils.hpp
[1.505s] -- Up-to-date symlink: /home/choi/marker_ws/install/tracetools_image_pipeline/include/tracetools_image_pipeline/visibility_control.hpp
[1.505s] -- Up-to-date symlink: /home/choi/marker_ws/install/tracetools_image_pipeline/share/ament_index/resource_index/package_run_dependencies/tracetools_image_pipeline
[1.508s] -- Up-to-date symlink: /home/choi/marker_ws/install/tracetools_image_pipeline/share/ament_index/resource_index/parent_prefix_path/tracetools_image_pipeline
[1.508s] -- Up-to-date symlink: /home/choi/marker_ws/install/tracetools_image_pipeline/share/tracetools_image_pipeline/environment/ament_prefix_path.sh
[1.508s] -- Up-to-date symlink: /home/choi/marker_ws/install/tracetools_image_pipeline/share/tracetools_image_pipeline/environment/ament_prefix_path.dsv
[1.508s] -- Up-to-date symlink: /home/choi/marker_ws/install/tracetools_image_pipeline/share/tracetools_image_pipeline/environment/path.sh
[1.508s] -- Up-to-date symlink: /home/choi/marker_ws/install/tracetools_image_pipeline/share/tracetools_image_pipeline/environment/path.dsv
[1.509s] -- Up-to-date symlink: /home/choi/marker_ws/install/tracetools_image_pipeline/share/tracetools_image_pipeline/local_setup.bash
[1.509s] -- Up-to-date symlink: /home/choi/marker_ws/install/tracetools_image_pipeline/share/tracetools_image_pipeline/local_setup.sh
[1.509s] -- Up-to-date symlink: /home/choi/marker_ws/install/tracetools_image_pipeline/share/tracetools_image_pipeline/local_setup.zsh
[1.509s] -- Up-to-date symlink: /home/choi/marker_ws/install/tracetools_image_pipeline/share/tracetools_image_pipeline/local_setup.dsv
[1.509s] -- Symlinking: /home/choi/marker_ws/install/tracetools_image_pipeline/share/tracetools_image_pipeline/package.dsv
[1.555s] -- Up-to-date symlink: /home/choi/marker_ws/install/tracetools_image_pipeline/share/ament_index/resource_index/packages/tracetools_image_pipeline
[1.556s] -- Up-to-date symlink: /home/choi/marker_ws/install/tracetools_image_pipeline/share/tracetools_image_pipeline/cmake/ament_cmake_export_targets-extras.cmake
[1.556s] -- Up-to-date symlink: /home/choi/marker_ws/install/tracetools_image_pipeline/share/tracetools_image_pipeline/cmake/ament_cmake_export_include_directories-extras.cmake
[1.556s] -- Up-to-date symlink: /home/choi/marker_ws/install/tracetools_image_pipeline/share/tracetools_image_pipeline/cmake/ament_cmake_export_libraries-extras.cmake
[1.557s] -- Up-to-date symlink: /home/choi/marker_ws/install/tracetools_image_pipeline/share/tracetools_image_pipeline/cmake/tracetools_image_pipelineConfig.cmake
[1.557s] -- Up-to-date symlink: /home/choi/marker_ws/install/tracetools_image_pipeline/share/tracetools_image_pipeline/cmake/tracetools_image_pipelineConfig-version.cmake
[1.558s] -- Up-to-date symlink: /home/choi/marker_ws/install/tracetools_image_pipeline/share/tracetools_image_pipeline/package.xml
[1.560s] -- Up-to-date: /home/choi/marker_ws/install/tracetools_image_pipeline/lib/libtracetools_image_pipeline.so
[1.561s] -- Up-to-date: /home/choi/marker_ws/install/tracetools_image_pipeline/share/tracetools_image_pipeline/cmake/tracetools_image_pipeline_exportExport.cmake
[1.561s] -- Up-to-date: /home/choi/marker_ws/install/tracetools_image_pipeline/share/tracetools_image_pipeline/cmake/tracetools_image_pipeline_exportExport-noconfig.cmake
[1.620s] Invoked command in '/home/choi/marker_ws/build/tracetools_image_pipeline' returned '0': CMAKE_PREFIX_PATH=${CMAKE_PREFIX_PATH}:/home/choi/marker_ws/install/ros2_aruco:/home/choi/marker_ws/install/omo_r1mini_teleop:/home/choi/marker_ws/install/omo_r1mini_navigation2:/home/choi/marker_ws/install/omo_r1mini_bringup:/home/choi/marker_ws/install/exp_logger:/home/choi/marker_ws/install/camera_calibration:/opt/ros/foxy /home/choi/.local/bin/cmake --install /home/choi/marker_ws/build/tracetools_image_pipeline
